<?xml version="1.0" encoding="utf-8"?><testsuite errors="0" failures="0" name="pytest" skips="40" tests="247" time="1.675"><testcase classname="decopatch.tests.test_doc" file="decopatch/tests/test_doc.py" line="14" name="test_doc_add_tag_function[flat_mode=False]" time="0.007032871246337891"><system-out>Help on function add_tag in module decopatch.tests.test_doc:

add_tag(tag=&apos;hi!&apos;)
    Example decorator to add a &apos;tag&apos; attribute to a function.
    :param tag: the &apos;tag&apos; value to set on the decorated function (default &apos;hi!).

None
</system-out></testcase><testcase classname="decopatch.tests.test_doc" file="decopatch/tests/test_doc.py" line="14" name="test_doc_add_tag_function[flat_mode=True]" time="0.0025403499603271484"><system-out>Help on function add_tag in module decopatch.tests.test_doc:

add_tag(tag=&apos;hi!&apos;)
    Example decorator to add a &apos;tag&apos; attribute to a function.
    :param tag: the &apos;tag&apos; value to set on the decorated function (default &apos;hi!).

None
</system-out></testcase><testcase classname="decopatch.tests.test_doc" file="decopatch/tests/test_doc.py" line="78" name="test_doc_say_hello[nested]" time="0.004719257354736328"></testcase><testcase classname="decopatch.tests.test_doc" file="decopatch/tests/test_doc.py" line="78" name="test_doc_say_hello[flat]" time="0.004596710205078125"></testcase><testcase classname="decopatch.tests.test_doc" file="decopatch/tests/test_doc.py" line="78" name="test_doc_say_hello[double-flat]" time="0.00491786003112793"></testcase><testcase classname="decopatch.tests.test_doc" file="decopatch/tests/test_doc.py" line="207" name="test_doc_add_tag_class_and_function[flat_mode=False]" time="0.0021507740020751953"><system-out>Help on function add_tag in module decopatch.tests.test_doc:

add_tag(tag=&apos;hi!&apos;)
    Example decorator to add a &apos;tag&apos; attribute to a function or class. It can be
    used with and without parenthesis, with and without arguments.
    
    :param tag: the &apos;tag&apos; value to set on the decorated item (default &apos;hi!).

None
</system-out></testcase><testcase classname="decopatch.tests.test_doc" file="decopatch/tests/test_doc.py" line="207" name="test_doc_add_tag_class_and_function[flat_mode=True]" time="0.002443075180053711"><system-out>Help on function add_tag in module decopatch.tests.test_doc:

add_tag(tag=&apos;hi!&apos;)
    Example decorator to add a &apos;tag&apos; attribute to a function or class. It can be
    used with and without parenthesis, with and without arguments.
    
    :param tag: the &apos;tag&apos; value to set on the decorated item (default &apos;hi!).

None
</system-out></testcase><testcase classname="decopatch.tests.test_doc_advanced" file="decopatch/tests/test_doc_advanced.py" line="17" name="test_doc_impl_first_tag_mandatory[uses_introspection=True-nested_mode=True]" time="0.018824338912963867"></testcase><testcase classname="decopatch.tests.test_doc_advanced" file="decopatch/tests/test_doc_advanced.py" line="17" name="test_doc_impl_first_tag_mandatory[uses_introspection=True-nested_mode=False]" time="0.009220123291015625"></testcase><testcase classname="decopatch.tests.test_doc_advanced" file="decopatch/tests/test_doc_advanced.py" line="17" name="test_doc_impl_first_tag_mandatory[uses_introspection=False-nested_mode=True]" time="0.0024220943450927734"></testcase><testcase classname="decopatch.tests.test_doc_advanced" file="decopatch/tests/test_doc_advanced.py" line="17" name="test_doc_impl_first_tag_mandatory[uses_introspection=False-nested_mode=False]" time="0.0023889541625976562"></testcase><testcase classname="decopatch.tests.test_doc_advanced" file="decopatch/tests/test_doc_advanced.py" line="82" name="test_doc_impl_first_tag_optional" time="0.0019125938415527344"></testcase><testcase classname="decopatch.tests.test_doc_advanced" file="decopatch/tests/test_doc_advanced.py" line="143" name="test_doc_impl_first_say_hello" time="0.004208087921142578"></testcase><testcase classname="decopatch.tests.test_doc_advanced" file="decopatch/tests/test_doc_advanced.py" line="217" name="test_doc_impl_first_class_tag_mandatory[uses_introspection=True]" time="0.0020983219146728516"></testcase><testcase classname="decopatch.tests.test_doc_advanced" file="decopatch/tests/test_doc_advanced.py" line="217" name="test_doc_impl_first_class_tag_mandatory[uses_introspection=False]" time="0.0018839836120605469"></testcase><testcase classname="decopatch.tests.test_doc_advanced" file="decopatch/tests/test_doc_advanced.py" line="267" name="test_doc_nested_mode_tag_mandatory" time="0.0012881755828857422"></testcase><testcase classname="decopatch.tests.test_doc_advanced" file="decopatch/tests/test_doc_advanced.py" line="288" name="test_doc_impl_first_tag_mandatory_protected[uses_introspection=True-kwonly=True]" time="0.005120515823364258"></testcase><testcase classname="decopatch.tests.test_doc_advanced" file="decopatch/tests/test_doc_advanced.py" line="288" name="test_doc_impl_first_tag_mandatory_protected[uses_introspection=False-kwonly=True]" time="0.002518892288208008"></testcase><testcase classname="decopatch.tests.test_doc_advanced" file="decopatch/tests/test_doc_advanced.py" line="319" name="test_doc_impl_first_tag_optional_nonprotected[kwonly=False]" time="0.0019731521606445312"></testcase><testcase classname="decopatch.tests.test_doc_advanced" file="decopatch/tests/test_doc_advanced.py" line="319" name="test_doc_impl_first_tag_optional_nonprotected[kwonly=True]" time="0.001421213150024414"></testcase><testcase classname="decopatch.tests.test_doc_advanced" file="decopatch/tests/test_doc_advanced.py" line="356" name="test_doc_impl_first_tag_optional_protected[introspection=True-kwonly=False]" time="0.009172916412353516"></testcase><testcase classname="decopatch.tests.test_doc_advanced" file="decopatch/tests/test_doc_advanced.py" line="356" name="test_doc_impl_first_tag_optional_protected[introspection=True-kwonly=True]" time="0.009950876235961914"></testcase><testcase classname="decopatch.tests.test_doc_advanced" file="decopatch/tests/test_doc_advanced.py" line="356" name="test_doc_impl_first_tag_optional_protected[introspection=False-kwonly=False]" time="0.0020537376403808594"></testcase><testcase classname="decopatch.tests.test_doc_advanced" file="decopatch/tests/test_doc_advanced.py" line="356" name="test_doc_impl_first_tag_optional_protected[introspection=False-kwonly=True]" time="0.002148866653442383"></testcase><testcase classname="decopatch.tests.test_doc_advanced" file="decopatch/tests/test_doc_advanced.py" line="427" name="test_varpos_and_decorated_before_in_flat_mode" time="0.002086639404296875"></testcase><testcase classname="decopatch.tests.test_doc_advanced" file="decopatch/tests/test_doc_advanced.py" line="450" name="test_kwargs" time="0.001619100570678711"></testcase><testcase classname="decopatch.tests.test_doc_disambiguation" file="decopatch/tests/test_doc_disambiguation.py" line="9" name="test_no_args[flat_mode=False]" time="0.0032377243041992188"></testcase><testcase classname="decopatch.tests.test_doc_disambiguation" file="decopatch/tests/test_doc_disambiguation.py" line="9" name="test_no_args[flat_mode=True]" time="0.0033180713653564453"></testcase><testcase classname="decopatch.tests.test_doc_disambiguation" file="decopatch/tests/test_doc_disambiguation.py" line="66" name="test_mandatory_kwargs[flat_mode=False]" time="0.0019245147705078125"><system-out>Help on function replace_with in module decopatch.main:

replace_with(*, replacement)
    Decorator to replace anything with the &lt;replacement&gt; object.

</system-out></testcase><testcase classname="decopatch.tests.test_doc_disambiguation" file="decopatch/tests/test_doc_disambiguation.py" line="66" name="test_mandatory_kwargs[flat_mode=True]" time="0.002634763717651367"><system-out>Help on function replace_with in module decopatch.main:

replace_with(*, replacement)
    Decorator to replace anything with the &lt;replacement&gt; object.

</system-out></testcase><testcase classname="decopatch.tests.test_doc_disambiguation" file="decopatch/tests/test_doc_disambiguation.py" line="90" name="test_optional_kwargs[flat_mode=False]" time="0.0019390583038330078"><system-out>Help on function replace_with in module decopatch.tests._test_doc_py3:

replace_with(*, replacement=&apos;hello&apos;)
    Decorator to replace anything with the &lt;replacement&gt; object.

</system-out></testcase><testcase classname="decopatch.tests.test_doc_disambiguation" file="decopatch/tests/test_doc_disambiguation.py" line="90" name="test_optional_kwargs[flat_mode=True]" time="0.0022950172424316406"><system-out>Help on function replace_with in module decopatch.tests._test_doc_py3:

replace_with(*, replacement=&apos;hello&apos;)
    Decorator to replace anything with the &lt;replacement&gt; object.

</system-out></testcase><testcase classname="decopatch.tests.test_introspection" file="decopatch/tests/test_introspection.py" line="3" name="test_on_functions" time="0.008231401443481445"></testcase><testcase classname="decopatch.tests.test_main2" file="decopatch/tests/test_main2.py" line="391" name="test_all[easy_0_args()_flatmode_kwonly=False-@replace_by_foo]" time="0.0018079280853271484"><system-out>Generated decorator : replace_by_foo(*_)
Calling it as @replace_by_foo
Expected SUCCESS

</system-out></testcase><testcase classname="decopatch.tests.test_main2" file="decopatch/tests/test_main2.py" line="391" name="test_all[easy_0_args()_flatmode_kwonly=False-@replace_by_foo()]" time="0.001840353012084961"><system-out>Generated decorator : replace_by_foo(*_)
Calling it as @replace_by_foo()
Expected SUCCESS

</system-out></testcase><testcase classname="decopatch.tests.test_main2" file="decopatch/tests/test_main2.py" line="391" name="test_all[easy_0_args()_flatmode_kwonly=False-@replace_by_foo(goo)]" time="0.0020532608032226562"><system-out>Generated decorator : replace_by_foo(*_)
Calling it as @replace_by_foo(goo)
Expected ERROR: &apos;NotADecoratorError&apos; because We are not able to disambiguate but hopefully users will realize

</system-out></testcase><testcase classname="decopatch.tests.test_main2" file="decopatch/tests/test_main2.py" line="391" name="test_all[easy_0_args()_flatmode_kwonly=False-@replace_by_foo(&apos;hello&apos;)]" time="0.002286672592163086"><system-out>Generated decorator : replace_by_foo(*_)
Calling it as @replace_by_foo(&apos;hello&apos;)
Expected ERROR: &apos;TypeError&apos; because we correctly disambiguate by default since the argument is non-callable

</system-out></testcase><testcase classname="decopatch.tests.test_main2" file="decopatch/tests/test_main2.py" line="391" name="test_all[easy_0_args()_flatmode_kwonly=False-@replace_by_foo(DEFAULT_DUMMY_VALUE)]" time="0.0019404888153076172"><system-out>Generated decorator : replace_by_foo(*_)
Calling it as @replace_by_foo(DEFAULT_DUMMY_VALUE)
Expected ERROR: &apos;TypeError&apos; because we correctly disambiguate by default since the argument is non-callable

</system-out></testcase><testcase classname="decopatch.tests.test_main2" file="decopatch/tests/test_main2.py" line="391" name="test_all[easy_0_args()_flatmode_kwonly=False-@replace_by_foo(replacement=goo)]" time="0.001888275146484375"><system-out>Generated decorator : replace_by_foo(*_)
Calling it as @replace_by_foo(replacement=goo)
Expected ERROR: &apos;TypeError&apos; because python does not allow our decorator to be called with more than 1 positional, 

</system-out></testcase><testcase classname="decopatch.tests.test_main2" file="decopatch/tests/test_main2.py" line="391" name="test_all[easy_0_args()_flatmode_kwonly=False-@replace_by_foo(dummy=&apos;hello&apos;)]" time="0.0016131401062011719"><system-out>Generated decorator : replace_by_foo(*_)
Calling it as @replace_by_foo(dummy=&apos;hello&apos;)
Expected ERROR: &apos;TypeError&apos; because python does not allow our decorator to be called with more than 1 positional, 

</system-out></testcase><testcase classname="decopatch.tests.test_main2" file="decopatch/tests/test_main2.py" line="391" name="test_all[easy_0_args()_flatmode_kwonly=False-@replace_by_foo(dummy=DEFAULT_DUMMY_VALUE)]" time="0.0019588470458984375"><system-out>Generated decorator : replace_by_foo(*_)
Calling it as @replace_by_foo(dummy=DEFAULT_DUMMY_VALUE)
Expected ERROR: &apos;TypeError&apos; because python does not allow our decorator to be called with more than 1 positional, 

</system-out></testcase><testcase classname="decopatch.tests.test_main2" file="decopatch/tests/test_main2.py" line="391" name="test_all[easy_0_args()_flatmode_kwonly=False-@replace_by_foo(goo, &apos;hello&apos;)]" time="0.0019490718841552734"><system-out>Generated decorator : replace_by_foo(*_)
Calling it as @replace_by_foo(goo, &apos;hello&apos;)
Expected ERROR: &apos;TypeError&apos; because python does not allow our decorator to be called with more than 1 positional, 

</system-out></testcase><testcase classname="decopatch.tests.test_main2" file="decopatch/tests/test_main2.py" line="391" name="test_all[easy_0_args()_flatmode_kwonly=False-@replace_by_foo(&apos;hello&apos;, goo)]" time="0.0019521713256835938"><system-out>Generated decorator : replace_by_foo(*_)
Calling it as @replace_by_foo(&apos;hello&apos;, goo)
Expected ERROR: &apos;TypeError&apos; because python does not allow our decorator to be called with more than 1 positional, 

</system-out></testcase><testcase classname="decopatch.tests.test_main2" file="decopatch/tests/test_main2.py" line="391" name="test_all[easy_0_args()_flatmode_kwonly=False-@replace_by_foo(goo, DEFAULT_DUMMY_VALUE)]" time="0.0019028186798095703"><system-out>Generated decorator : replace_by_foo(*_)
Calling it as @replace_by_foo(goo, DEFAULT_DUMMY_VALUE)
Expected ERROR: &apos;TypeError&apos; because python does not allow our decorator to be called with more than 1 positional, 

</system-out></testcase><testcase classname="decopatch.tests.test_main2" file="decopatch/tests/test_main2.py" line="391" name="test_all[easy_0_args()_flatmode_kwonly=False-@replace_by_foo(DEFAULT_DUMMY_VALUE, goo)]" time="0.001890420913696289"><system-out>Generated decorator : replace_by_foo(*_)
Calling it as @replace_by_foo(DEFAULT_DUMMY_VALUE, goo)
Expected ERROR: &apos;TypeError&apos; because python does not allow our decorator to be called with more than 1 positional, 

</system-out></testcase><testcase classname="decopatch.tests.test_main2" file="decopatch/tests/test_main2.py" line="391" name="test_all[easy_0_args()_flatmode_kwonly=True-@replace_by_foo]" time="0.0035371780395507812"><system-out>Generated decorator : replace_by_foo(*_)
Calling it as @replace_by_foo
Expected SUCCESS

</system-out></testcase><testcase classname="decopatch.tests.test_main2" file="decopatch/tests/test_main2.py" line="391" name="test_all[easy_0_args()_flatmode_kwonly=True-@replace_by_foo()]" time="0.002253293991088867"><system-out>Generated decorator : replace_by_foo(*_)
Calling it as @replace_by_foo()
Expected SUCCESS

</system-out></testcase><testcase classname="decopatch.tests.test_main2" file="decopatch/tests/test_main2.py" line="391" name="test_all[easy_0_args()_flatmode_kwonly=True-@replace_by_foo(goo)]" time="0.0023462772369384766"><system-out>Generated decorator : replace_by_foo(*_)
Calling it as @replace_by_foo(goo)
Expected ERROR: &apos;NotADecoratorError&apos; because We are not able to disambiguate but hopefully users will realize

</system-out></testcase><testcase classname="decopatch.tests.test_main2" file="decopatch/tests/test_main2.py" line="391" name="test_all[easy_0_args()_flatmode_kwonly=True-@replace_by_foo(&apos;hello&apos;)]" time="0.002372264862060547"><system-out>Generated decorator : replace_by_foo(*_)
Calling it as @replace_by_foo(&apos;hello&apos;)
Expected ERROR: &apos;TypeError&apos; because we correctly disambiguate by default since the argument is non-callable

</system-out></testcase><testcase classname="decopatch.tests.test_main2" file="decopatch/tests/test_main2.py" line="391" name="test_all[easy_0_args()_flatmode_kwonly=True-@replace_by_foo(DEFAULT_DUMMY_VALUE)]" time="0.002361774444580078"><system-out>Generated decorator : replace_by_foo(*_)
Calling it as @replace_by_foo(DEFAULT_DUMMY_VALUE)
Expected ERROR: &apos;TypeError&apos; because we correctly disambiguate by default since the argument is non-callable

</system-out></testcase><testcase classname="decopatch.tests.test_main2" file="decopatch/tests/test_main2.py" line="391" name="test_all[easy_0_args()_flatmode_kwonly=True-@replace_by_foo(replacement=goo)]" time="0.002209901809692383"><system-out>Generated decorator : replace_by_foo(*_)
Calling it as @replace_by_foo(replacement=goo)
Expected ERROR: &apos;TypeError&apos; because python does not allow our decorator to be called with more than 1 positional, 

</system-out></testcase><testcase classname="decopatch.tests.test_main2" file="decopatch/tests/test_main2.py" line="391" name="test_all[easy_0_args()_flatmode_kwonly=True-@replace_by_foo(dummy=&apos;hello&apos;)]" time="0.0021409988403320312"><system-out>Generated decorator : replace_by_foo(*_)
Calling it as @replace_by_foo(dummy=&apos;hello&apos;)
Expected ERROR: &apos;TypeError&apos; because python does not allow our decorator to be called with more than 1 positional, 

</system-out></testcase><testcase classname="decopatch.tests.test_main2" file="decopatch/tests/test_main2.py" line="391" name="test_all[easy_0_args()_flatmode_kwonly=True-@replace_by_foo(dummy=DEFAULT_DUMMY_VALUE)]" time="0.0024726390838623047"><system-out>Generated decorator : replace_by_foo(*_)
Calling it as @replace_by_foo(dummy=DEFAULT_DUMMY_VALUE)
Expected ERROR: &apos;TypeError&apos; because python does not allow our decorator to be called with more than 1 positional, 

</system-out></testcase><testcase classname="decopatch.tests.test_main2" file="decopatch/tests/test_main2.py" line="391" name="test_all[easy_0_args()_flatmode_kwonly=True-@replace_by_foo(goo, &apos;hello&apos;)]" time="0.002763509750366211"><system-out>Generated decorator : replace_by_foo(*_)
Calling it as @replace_by_foo(goo, &apos;hello&apos;)
Expected ERROR: &apos;TypeError&apos; because python does not allow our decorator to be called with more than 1 positional, 

</system-out></testcase><testcase classname="decopatch.tests.test_main2" file="decopatch/tests/test_main2.py" line="391" name="test_all[easy_0_args()_flatmode_kwonly=True-@replace_by_foo(&apos;hello&apos;, goo)]" time="0.0022306442260742188"><system-out>Generated decorator : replace_by_foo(*_)
Calling it as @replace_by_foo(&apos;hello&apos;, goo)
Expected ERROR: &apos;TypeError&apos; because python does not allow our decorator to be called with more than 1 positional, 

</system-out></testcase><testcase classname="decopatch.tests.test_main2" file="decopatch/tests/test_main2.py" line="391" name="test_all[easy_0_args()_flatmode_kwonly=True-@replace_by_foo(goo, DEFAULT_DUMMY_VALUE)]" time="0.0034210681915283203"><system-out>Generated decorator : replace_by_foo(*_)
Calling it as @replace_by_foo(goo, DEFAULT_DUMMY_VALUE)
Expected ERROR: &apos;TypeError&apos; because python does not allow our decorator to be called with more than 1 positional, 

</system-out></testcase><testcase classname="decopatch.tests.test_main2" file="decopatch/tests/test_main2.py" line="391" name="test_all[easy_0_args()_flatmode_kwonly=True-@replace_by_foo(DEFAULT_DUMMY_VALUE, goo)]" time="0.004137754440307617"><system-out>Generated decorator : replace_by_foo(*_)
Calling it as @replace_by_foo(DEFAULT_DUMMY_VALUE, goo)
Expected ERROR: &apos;TypeError&apos; because python does not allow our decorator to be called with more than 1 positional, 

</system-out></testcase><testcase classname="decopatch.tests.test_main2" file="decopatch/tests/test_main2.py" line="391" name="test_all[case_hard_varpositional-@replace_by_foo]" time="0.0013039112091064453"><system-out>Generated decorator : replace_by_foo(*args)
Calling it as @replace_by_foo
Expected SUCCESS

</system-out></testcase><testcase classname="decopatch.tests.test_main2" file="decopatch/tests/test_main2.py" line="391" name="test_all[case_hard_varpositional-@replace_by_foo()]" time="0.0014104843139648438"><system-out>Generated decorator : replace_by_foo(*args)
Calling it as @replace_by_foo()
Expected SUCCESS

</system-out></testcase><testcase classname="decopatch.tests.test_main2" file="decopatch/tests/test_main2.py" line="391" name="test_all[case_hard_varpositional-@replace_by_foo(goo)]" time="0.0021965503692626953"><system-out>Generated decorator : replace_by_foo(*args)
Calling it as @replace_by_foo(goo)
Expected ERROR: &apos;NotADecoratorError&apos; because We are not able to disambiguate but hopefully users will realize

</system-out></testcase><testcase classname="decopatch.tests.test_main2" file="decopatch/tests/test_main2.py" line="391" name="test_all[case_hard_varpositional-@replace_by_foo(&apos;hello&apos;)]" time="0.002251148223876953"><system-out>Generated decorator : replace_by_foo(*args)
Calling it as @replace_by_foo(&apos;hello&apos;)
Expected SUCCESS

</system-out></testcase><testcase classname="decopatch.tests.test_main2" file="decopatch/tests/test_main2.py" line="391" name="test_all[case_hard_varpositional-@replace_by_foo(DEFAULT_DUMMY_VALUE)]" time="0.0020987987518310547"><system-out>Generated decorator : replace_by_foo(*args)
Calling it as @replace_by_foo(DEFAULT_DUMMY_VALUE)
Expected SUCCESS

</system-out></testcase><testcase classname="decopatch.tests.test_main2" file="decopatch/tests/test_main2.py" line="391" name="test_all[case_hard_varpositional-@replace_by_foo(replacement=goo)]" time="0.001951456069946289"><system-out>Generated decorator : replace_by_foo(*args)
Calling it as @replace_by_foo(replacement=goo)
Expected ERROR: &apos;TypeError&apos; because decorator impl does not accept keyword args

</system-out></testcase><testcase classname="decopatch.tests.test_main2" file="decopatch/tests/test_main2.py" line="391" name="test_all[case_hard_varpositional-@replace_by_foo(dummy=&apos;hello&apos;)]" time="0.0021696090698242188"><system-out>Generated decorator : replace_by_foo(*args)
Calling it as @replace_by_foo(dummy=&apos;hello&apos;)
Expected ERROR: &apos;TypeError&apos; because decorator impl does not accept keyword args

</system-out></testcase><testcase classname="decopatch.tests.test_main2" file="decopatch/tests/test_main2.py" line="391" name="test_all[case_hard_varpositional-@replace_by_foo(dummy=DEFAULT_DUMMY_VALUE)]" time="0.002226114273071289"><system-out>Generated decorator : replace_by_foo(*args)
Calling it as @replace_by_foo(dummy=DEFAULT_DUMMY_VALUE)
Expected ERROR: &apos;TypeError&apos; because decorator impl does not accept keyword args

</system-out></testcase><testcase classname="decopatch.tests.test_main2" file="decopatch/tests/test_main2.py" line="391" name="test_all[case_hard_varpositional-@replace_by_foo(goo, &apos;hello&apos;)]" time="0.0021462440490722656"><system-out>Generated decorator : replace_by_foo(*args)
Calling it as @replace_by_foo(goo, &apos;hello&apos;)
Expected SUCCESS

</system-out></testcase><testcase classname="decopatch.tests.test_main2" file="decopatch/tests/test_main2.py" line="391" name="test_all[case_hard_varpositional-@replace_by_foo(&apos;hello&apos;, goo)]" time="0.0021331310272216797"><system-out>Generated decorator : replace_by_foo(*args)
Calling it as @replace_by_foo(&apos;hello&apos;, goo)
Expected SUCCESS

</system-out></testcase><testcase classname="decopatch.tests.test_main2" file="decopatch/tests/test_main2.py" line="391" name="test_all[case_hard_varpositional-@replace_by_foo(goo, DEFAULT_DUMMY_VALUE)]" time="0.0020465850830078125"><system-out>Generated decorator : replace_by_foo(*args)
Calling it as @replace_by_foo(goo, DEFAULT_DUMMY_VALUE)
Expected SUCCESS

</system-out></testcase><testcase classname="decopatch.tests.test_main2" file="decopatch/tests/test_main2.py" line="391" name="test_all[case_hard_varpositional-@replace_by_foo(DEFAULT_DUMMY_VALUE, goo)]" time="0.002162456512451172"><system-out>Generated decorator : replace_by_foo(*args)
Calling it as @replace_by_foo(DEFAULT_DUMMY_VALUE, goo)
Expected SUCCESS

</system-out></testcase><testcase classname="decopatch.tests.test_main2" file="decopatch/tests/test_main2.py" line="391" name="test_all[default_1m_arg(dummy)-@replace_by_foo]" time="0.002064943313598633"><system-out>Generated decorator : replace_by_foo(dummy)
Calling it as @replace_by_foo
Expected ERROR: &apos;InvalidMandatoryArgError&apos; because a no-parenthesis usage will be declared by the default disambiguator or the stack introspecter as decorated target

</system-out></testcase><testcase classname="decopatch.tests.test_main2" file="decopatch/tests/test_main2.py" line="391" name="test_all[default_1m_arg(dummy)-@replace_by_foo()]" time="0.0020155906677246094"><system-out>Generated decorator : replace_by_foo(dummy)
Calling it as @replace_by_foo()
Expected ERROR: &apos;TypeError&apos; because python does not allow f() if f has 1 mandatory arg

</system-out></testcase><testcase classname="decopatch.tests.test_main2" file="decopatch/tests/test_main2.py" line="391" name="test_all[default_1m_arg(dummy)-@replace_by_foo(goo)]" time="0.0020112991333007812"><system-out>Generated decorator : replace_by_foo(dummy)
Calling it as @replace_by_foo(goo)
Expected ERROR: &apos;InvalidMandatoryArgError&apos; because calling with a single positional callablewill be declared by the default disambiguator or the stack introspecter as decorated target, andtherefore it will say that there is something missing

</system-out></testcase><testcase classname="decopatch.tests.test_main2" file="decopatch/tests/test_main2.py" line="391" name="test_all[default_1m_arg(dummy)-@replace_by_foo(&apos;hello&apos;)]" time="0.0019218921661376953"><system-out>Generated decorator : replace_by_foo(dummy)
Calling it as @replace_by_foo(&apos;hello&apos;)
Expected SUCCESS

</system-out></testcase><testcase classname="decopatch.tests.test_main2" file="decopatch/tests/test_main2.py" line="391" name="test_all[default_1m_arg(dummy)-@replace_by_foo(DEFAULT_DUMMY_VALUE)]" time="0.0019350051879882812"><system-out>Generated decorator : replace_by_foo(dummy)
Calling it as @replace_by_foo(DEFAULT_DUMMY_VALUE)
Expected SUCCESS

</system-out></testcase><testcase classname="decopatch.tests.test_main2" file="decopatch/tests/test_main2.py" line="391" name="test_all[default_1m_arg(dummy)-@replace_by_foo(replacement=goo)]" time="0.0019698143005371094"><skipped message="decorator impl does not have a &apos;replacement&apos; arg" type="pytest.skip">/home/travis/build/smarie/python-decopatch/decopatch/tests/test_main2.py:409: &lt;py._xmlgen.raw object at 0x7fcaa78b4828&gt;</skipped><system-out>Generated decorator : replace_by_foo(dummy)
Calling it as @replace_by_foo(replacement=goo)
</system-out><system-out>Generated decorator : replace_by_foo(dummy)
Calling it as @replace_by_foo(replacement=goo)
</system-out></testcase><testcase classname="decopatch.tests.test_main2" file="decopatch/tests/test_main2.py" line="391" name="test_all[default_1m_arg(dummy)-@replace_by_foo(dummy=&apos;hello&apos;)]" time="0.0022318363189697266"><system-out>Generated decorator : replace_by_foo(dummy)
Calling it as @replace_by_foo(dummy=&apos;hello&apos;)
Expected SUCCESS

</system-out></testcase><testcase classname="decopatch.tests.test_main2" file="decopatch/tests/test_main2.py" line="391" name="test_all[default_1m_arg(dummy)-@replace_by_foo(dummy=DEFAULT_DUMMY_VALUE)]" time="0.001873016357421875"><system-out>Generated decorator : replace_by_foo(dummy)
Calling it as @replace_by_foo(dummy=DEFAULT_DUMMY_VALUE)
Expected SUCCESS

</system-out></testcase><testcase classname="decopatch.tests.test_main2" file="decopatch/tests/test_main2.py" line="391" name="test_all[default_1m_arg(dummy)-@replace_by_foo(goo, &apos;hello&apos;)]" time="0.0019600391387939453"><system-out>Generated decorator : replace_by_foo(dummy)
Calling it as @replace_by_foo(goo, &apos;hello&apos;)
Expected ERROR: &apos;TypeError&apos; because python does not allow 2 args if f has 1 arg

</system-out></testcase><testcase classname="decopatch.tests.test_main2" file="decopatch/tests/test_main2.py" line="391" name="test_all[default_1m_arg(dummy)-@replace_by_foo(&apos;hello&apos;, goo)]" time="0.001965761184692383"><system-out>Generated decorator : replace_by_foo(dummy)
Calling it as @replace_by_foo(&apos;hello&apos;, goo)
Expected ERROR: &apos;TypeError&apos; because python does not allow 2 args if f has 1 arg

</system-out></testcase><testcase classname="decopatch.tests.test_main2" file="decopatch/tests/test_main2.py" line="391" name="test_all[default_1m_arg(dummy)-@replace_by_foo(goo, DEFAULT_DUMMY_VALUE)]" time="0.002012968063354492"><system-out>Generated decorator : replace_by_foo(dummy)
Calling it as @replace_by_foo(goo, DEFAULT_DUMMY_VALUE)
Expected ERROR: &apos;TypeError&apos; because python does not allow 2 args if f has 1 arg

</system-out></testcase><testcase classname="decopatch.tests.test_main2" file="decopatch/tests/test_main2.py" line="391" name="test_all[default_1m_arg(dummy)-@replace_by_foo(DEFAULT_DUMMY_VALUE, goo)]" time="0.001697540283203125"><system-out>Generated decorator : replace_by_foo(dummy)
Calling it as @replace_by_foo(DEFAULT_DUMMY_VALUE, goo)
Expected ERROR: &apos;TypeError&apos; because python does not allow 2 args if f has 1 arg

</system-out></testcase><testcase classname="decopatch.tests.test_main2" file="decopatch/tests/test_main2.py" line="391" name="test_all[introspection_1m_arg(dummy)-@replace_by_foo]" time="0.006168842315673828"><system-out>Generated decorator : replace_by_foo(dummy)
Calling it as @replace_by_foo
Expected ERROR: &apos;InvalidMandatoryArgError&apos; because a no-parenthesis usage will be declared by the default disambiguator or the stack introspecter as decorated target

</system-out></testcase><testcase classname="decopatch.tests.test_main2" file="decopatch/tests/test_main2.py" line="391" name="test_all[introspection_1m_arg(dummy)-@replace_by_foo()]" time="0.002093791961669922"><system-out>Generated decorator : replace_by_foo(dummy)
Calling it as @replace_by_foo()
Expected ERROR: &apos;TypeError&apos; because python does not allow f() if f has 1 mandatory arg

</system-out></testcase><testcase classname="decopatch.tests.test_main2" file="decopatch/tests/test_main2.py" line="391" name="test_all[introspection_1m_arg(dummy)-@replace_by_foo(goo)]" time="0.007395267486572266"><system-out>Generated decorator : replace_by_foo(dummy)
Calling it as @replace_by_foo(goo)
Expected ERROR: &apos;AssertionError&apos; because The stack introspector will work correctly. So the decorated functionwill be replaced by foo. Which is not`goo`

</system-out></testcase><testcase classname="decopatch.tests.test_main2" file="decopatch/tests/test_main2.py" line="391" name="test_all[introspection_1m_arg(dummy)-@replace_by_foo(&apos;hello&apos;)]" time="0.0018646717071533203"><system-out>Generated decorator : replace_by_foo(dummy)
Calling it as @replace_by_foo(&apos;hello&apos;)
Expected SUCCESS

</system-out></testcase><testcase classname="decopatch.tests.test_main2" file="decopatch/tests/test_main2.py" line="391" name="test_all[introspection_1m_arg(dummy)-@replace_by_foo(DEFAULT_DUMMY_VALUE)]" time="0.0024194717407226562"><system-out>Generated decorator : replace_by_foo(dummy)
Calling it as @replace_by_foo(DEFAULT_DUMMY_VALUE)
Expected SUCCESS

</system-out></testcase><testcase classname="decopatch.tests.test_main2" file="decopatch/tests/test_main2.py" line="391" name="test_all[introspection_1m_arg(dummy)-@replace_by_foo(replacement=goo)]" time="0.0044782161712646484"><skipped message="decorator impl does not have a &apos;replacement&apos; arg" type="pytest.skip">/home/travis/build/smarie/python-decopatch/decopatch/tests/test_main2.py:409: &lt;py._xmlgen.raw object at 0x7fcaa785f860&gt;</skipped><system-out>Generated decorator : replace_by_foo(dummy)
Calling it as @replace_by_foo(replacement=goo)
</system-out><system-out>Generated decorator : replace_by_foo(dummy)
Calling it as @replace_by_foo(replacement=goo)
</system-out></testcase><testcase classname="decopatch.tests.test_main2" file="decopatch/tests/test_main2.py" line="391" name="test_all[introspection_1m_arg(dummy)-@replace_by_foo(dummy=&apos;hello&apos;)]" time="0.0024156570434570312"><system-out>Generated decorator : replace_by_foo(dummy)
Calling it as @replace_by_foo(dummy=&apos;hello&apos;)
Expected SUCCESS

</system-out></testcase><testcase classname="decopatch.tests.test_main2" file="decopatch/tests/test_main2.py" line="391" name="test_all[introspection_1m_arg(dummy)-@replace_by_foo(dummy=DEFAULT_DUMMY_VALUE)]" time="0.0018918514251708984"><system-out>Generated decorator : replace_by_foo(dummy)
Calling it as @replace_by_foo(dummy=DEFAULT_DUMMY_VALUE)
Expected SUCCESS

</system-out></testcase><testcase classname="decopatch.tests.test_main2" file="decopatch/tests/test_main2.py" line="391" name="test_all[introspection_1m_arg(dummy)-@replace_by_foo(goo, &apos;hello&apos;)]" time="0.00494694709777832"><system-out>Generated decorator : replace_by_foo(dummy)
Calling it as @replace_by_foo(goo, &apos;hello&apos;)
Expected ERROR: &apos;TypeError&apos; because python does not allow 2 args if f has 1 arg

</system-out></testcase><testcase classname="decopatch.tests.test_main2" file="decopatch/tests/test_main2.py" line="391" name="test_all[introspection_1m_arg(dummy)-@replace_by_foo(&apos;hello&apos;, goo)]" time="0.004290103912353516"><system-out>Generated decorator : replace_by_foo(dummy)
Calling it as @replace_by_foo(&apos;hello&apos;, goo)
Expected ERROR: &apos;TypeError&apos; because python does not allow 2 args if f has 1 arg

</system-out></testcase><testcase classname="decopatch.tests.test_main2" file="decopatch/tests/test_main2.py" line="391" name="test_all[introspection_1m_arg(dummy)-@replace_by_foo(goo, DEFAULT_DUMMY_VALUE)]" time="0.0042989253997802734"><system-out>Generated decorator : replace_by_foo(dummy)
Calling it as @replace_by_foo(goo, DEFAULT_DUMMY_VALUE)
Expected ERROR: &apos;TypeError&apos; because python does not allow 2 args if f has 1 arg

</system-out></testcase><testcase classname="decopatch.tests.test_main2" file="decopatch/tests/test_main2.py" line="391" name="test_all[introspection_1m_arg(dummy)-@replace_by_foo(DEFAULT_DUMMY_VALUE, goo)]" time="0.0037996768951416016"><system-out>Generated decorator : replace_by_foo(dummy)
Calling it as @replace_by_foo(DEFAULT_DUMMY_VALUE, goo)
Expected ERROR: &apos;TypeError&apos; because python does not allow 2 args if f has 1 arg

</system-out></testcase><testcase classname="decopatch.tests.test_main2" file="decopatch/tests/test_main2.py" line="391" name="test_all[protected(default)_1m_arg(replacement)_kwonly=False-@replace_by_foo]" time="0.0018291473388671875"><system-out>Generated decorator : replace_by_foo(replacement)
Calling it as @replace_by_foo
Expected ERROR: &apos;InvalidMandatoryArgError&apos; because using the decorator without parenthesis mimics usage with a single arg.

</system-out></testcase><testcase classname="decopatch.tests.test_main2" file="decopatch/tests/test_main2.py" line="391" name="test_all[protected(default)_1m_arg(replacement)_kwonly=False-@replace_by_foo()]" time="0.002007722854614258"><system-out>Generated decorator : replace_by_foo(replacement)
Calling it as @replace_by_foo()
Expected ERROR: &apos;TypeError&apos; because python does not allow f() if f has 1 mandatory arg

</system-out></testcase><testcase classname="decopatch.tests.test_main2" file="decopatch/tests/test_main2.py" line="391" name="test_all[protected(default)_1m_arg(replacement)_kwonly=False-@replace_by_foo(goo)]" time="0.0020742416381835938"><system-out>Generated decorator : replace_by_foo(replacement)
Calling it as @replace_by_foo(goo)
Expected ERROR: &apos;InvalidMandatoryArgError&apos; because calling a decorator with a callable as first and only non-default argument leads by default to an error

</system-out></testcase><testcase classname="decopatch.tests.test_main2" file="decopatch/tests/test_main2.py" line="391" name="test_all[protected(default)_1m_arg(replacement)_kwonly=False-@replace_by_foo(&apos;hello&apos;)]" time="0.0019192695617675781"><skipped message="This decorator does not access a noncallable positional arg" type="pytest.skip">/home/travis/build/smarie/python-decopatch/decopatch/tests/test_main2.py:409: &lt;py._xmlgen.raw object at 0x7fcaa7871208&gt;</skipped><system-out>Generated decorator : replace_by_foo(replacement)
Calling it as @replace_by_foo(&apos;hello&apos;)
</system-out><system-out>Generated decorator : replace_by_foo(replacement)
Calling it as @replace_by_foo(&apos;hello&apos;)
</system-out></testcase><testcase classname="decopatch.tests.test_main2" file="decopatch/tests/test_main2.py" line="391" name="test_all[protected(default)_1m_arg(replacement)_kwonly=False-@replace_by_foo(DEFAULT_DUMMY_VALUE)]" time="0.0023050308227539062"><skipped message="This decorator does not access a noncallable positional arg" type="pytest.skip">/home/travis/build/smarie/python-decopatch/decopatch/tests/test_main2.py:409: &lt;py._xmlgen.raw object at 0x7fcaa78682b0&gt;</skipped><system-out>Generated decorator : replace_by_foo(replacement)
Calling it as @replace_by_foo(DEFAULT_DUMMY_VALUE)
</system-out><system-out>Generated decorator : replace_by_foo(replacement)
Calling it as @replace_by_foo(DEFAULT_DUMMY_VALUE)
</system-out></testcase><testcase classname="decopatch.tests.test_main2" file="decopatch/tests/test_main2.py" line="391" name="test_all[protected(default)_1m_arg(replacement)_kwonly=False-@replace_by_foo(replacement=goo)]" time="0.001970529556274414"><system-out>Generated decorator : replace_by_foo(replacement)
Calling it as @replace_by_foo(replacement=goo)
Expected SUCCESS

</system-out></testcase><testcase classname="decopatch.tests.test_main2" file="decopatch/tests/test_main2.py" line="391" name="test_all[protected(default)_1m_arg(replacement)_kwonly=False-@replace_by_foo(dummy=&apos;hello&apos;)]" time="0.0017397403717041016"><skipped message="decorator impl does not have a &apos;dummy&apos; arg" type="pytest.skip">/home/travis/build/smarie/python-decopatch/decopatch/tests/test_main2.py:409: &lt;py._xmlgen.raw object at 0x7fcaa7871f98&gt;</skipped><system-out>Generated decorator : replace_by_foo(replacement)
Calling it as @replace_by_foo(dummy=&apos;hello&apos;)
</system-out><system-out>Generated decorator : replace_by_foo(replacement)
Calling it as @replace_by_foo(dummy=&apos;hello&apos;)
</system-out></testcase><testcase classname="decopatch.tests.test_main2" file="decopatch/tests/test_main2.py" line="391" name="test_all[protected(default)_1m_arg(replacement)_kwonly=False-@replace_by_foo(dummy=DEFAULT_DUMMY_VALUE)]" time="0.001989603042602539"><skipped message="decorator impl does not have a &apos;dummy&apos; arg" type="pytest.skip">/home/travis/build/smarie/python-decopatch/decopatch/tests/test_main2.py:409: &lt;py._xmlgen.raw object at 0x7fcaa7874be0&gt;</skipped><system-out>Generated decorator : replace_by_foo(replacement)
Calling it as @replace_by_foo(dummy=DEFAULT_DUMMY_VALUE)
</system-out><system-out>Generated decorator : replace_by_foo(replacement)
Calling it as @replace_by_foo(dummy=DEFAULT_DUMMY_VALUE)
</system-out></testcase><testcase classname="decopatch.tests.test_main2" file="decopatch/tests/test_main2.py" line="391" name="test_all[protected(default)_1m_arg(replacement)_kwonly=False-@replace_by_foo(goo, &apos;hello&apos;)]" time="0.0023429393768310547"><system-out>Generated decorator : replace_by_foo(replacement)
Calling it as @replace_by_foo(goo, &apos;hello&apos;)
Expected ERROR: &apos;TypeError&apos; because python does not allow 2 args if f has 1 arg

</system-out></testcase><testcase classname="decopatch.tests.test_main2" file="decopatch/tests/test_main2.py" line="391" name="test_all[protected(default)_1m_arg(replacement)_kwonly=False-@replace_by_foo(&apos;hello&apos;, goo)]" time="0.002052783966064453"><system-out>Generated decorator : replace_by_foo(replacement)
Calling it as @replace_by_foo(&apos;hello&apos;, goo)
Expected ERROR: &apos;TypeError&apos; because python does not allow 2 args if f has 1 arg

</system-out></testcase><testcase classname="decopatch.tests.test_main2" file="decopatch/tests/test_main2.py" line="391" name="test_all[protected(default)_1m_arg(replacement)_kwonly=False-@replace_by_foo(goo, DEFAULT_DUMMY_VALUE)]" time="0.0019750595092773438"><system-out>Generated decorator : replace_by_foo(replacement)
Calling it as @replace_by_foo(goo, DEFAULT_DUMMY_VALUE)
Expected ERROR: &apos;TypeError&apos; because python does not allow 2 args if f has 1 arg

</system-out></testcase><testcase classname="decopatch.tests.test_main2" file="decopatch/tests/test_main2.py" line="391" name="test_all[protected(default)_1m_arg(replacement)_kwonly=False-@replace_by_foo(DEFAULT_DUMMY_VALUE, goo)]" time="0.0018262863159179688"><system-out>Generated decorator : replace_by_foo(replacement)
Calling it as @replace_by_foo(DEFAULT_DUMMY_VALUE, goo)
Expected ERROR: &apos;TypeError&apos; because python does not allow 2 args if f has 1 arg

</system-out></testcase><testcase classname="decopatch.tests.test_main2" file="decopatch/tests/test_main2.py" line="391" name="test_all[protected(default)_1m_arg(replacement)_kwonly=True-@replace_by_foo]" time="0.0017514228820800781"><system-out>Generated decorator : replace_by_foo(replacement)
Calling it as @replace_by_foo
Expected ERROR: &apos;InvalidMandatoryArgError&apos; because using the decorator without parenthesis mimics usage with a single arg.

</system-out></testcase><testcase classname="decopatch.tests.test_main2" file="decopatch/tests/test_main2.py" line="391" name="test_all[protected(default)_1m_arg(replacement)_kwonly=True-@replace_by_foo()]" time="0.0020101070404052734"><system-out>Generated decorator : replace_by_foo(replacement)
Calling it as @replace_by_foo()
Expected ERROR: &apos;TypeError&apos; because python does not allow f() if f has 1 mandatory arg

</system-out></testcase><testcase classname="decopatch.tests.test_main2" file="decopatch/tests/test_main2.py" line="391" name="test_all[protected(default)_1m_arg(replacement)_kwonly=True-@replace_by_foo(goo)]" time="0.0020170211791992188"><system-out>Generated decorator : replace_by_foo(replacement)
Calling it as @replace_by_foo(goo)
Expected ERROR: &apos;InvalidMandatoryArgError&apos; because calling a decorator with a callable as first and only non-default argument leads by default to an error

</system-out></testcase><testcase classname="decopatch.tests.test_main2" file="decopatch/tests/test_main2.py" line="391" name="test_all[protected(default)_1m_arg(replacement)_kwonly=True-@replace_by_foo(&apos;hello&apos;)]" time="0.001970529556274414"><skipped message="This decorator does not access a noncallable positional arg" type="pytest.skip">/home/travis/build/smarie/python-decopatch/decopatch/tests/test_main2.py:409: &lt;py._xmlgen.raw object at 0x7fcaa7880390&gt;</skipped><system-out>Generated decorator : replace_by_foo(replacement)
Calling it as @replace_by_foo(&apos;hello&apos;)
</system-out><system-out>Generated decorator : replace_by_foo(replacement)
Calling it as @replace_by_foo(&apos;hello&apos;)
</system-out></testcase><testcase classname="decopatch.tests.test_main2" file="decopatch/tests/test_main2.py" line="391" name="test_all[protected(default)_1m_arg(replacement)_kwonly=True-@replace_by_foo(DEFAULT_DUMMY_VALUE)]" time="0.0022764205932617188"><skipped message="This decorator does not access a noncallable positional arg" type="pytest.skip">/home/travis/build/smarie/python-decopatch/decopatch/tests/test_main2.py:409: &lt;py._xmlgen.raw object at 0x7fcaa7a9da20&gt;</skipped><system-out>Generated decorator : replace_by_foo(replacement)
Calling it as @replace_by_foo(DEFAULT_DUMMY_VALUE)
</system-out><system-out>Generated decorator : replace_by_foo(replacement)
Calling it as @replace_by_foo(DEFAULT_DUMMY_VALUE)
</system-out></testcase><testcase classname="decopatch.tests.test_main2" file="decopatch/tests/test_main2.py" line="391" name="test_all[protected(default)_1m_arg(replacement)_kwonly=True-@replace_by_foo(replacement=goo)]" time="0.0018749237060546875"><system-out>Generated decorator : replace_by_foo(replacement)
Calling it as @replace_by_foo(replacement=goo)
Expected SUCCESS

</system-out></testcase><testcase classname="decopatch.tests.test_main2" file="decopatch/tests/test_main2.py" line="391" name="test_all[protected(default)_1m_arg(replacement)_kwonly=True-@replace_by_foo(dummy=&apos;hello&apos;)]" time="0.0016798973083496094"><skipped message="decorator impl does not have a &apos;dummy&apos; arg" type="pytest.skip">/home/travis/build/smarie/python-decopatch/decopatch/tests/test_main2.py:409: &lt;py._xmlgen.raw object at 0x7fcaa7886198&gt;</skipped><system-out>Generated decorator : replace_by_foo(replacement)
Calling it as @replace_by_foo(dummy=&apos;hello&apos;)
</system-out><system-out>Generated decorator : replace_by_foo(replacement)
Calling it as @replace_by_foo(dummy=&apos;hello&apos;)
</system-out></testcase><testcase classname="decopatch.tests.test_main2" file="decopatch/tests/test_main2.py" line="391" name="test_all[protected(default)_1m_arg(replacement)_kwonly=True-@replace_by_foo(dummy=DEFAULT_DUMMY_VALUE)]" time="0.0019676685333251953"><skipped message="decorator impl does not have a &apos;dummy&apos; arg" type="pytest.skip">/home/travis/build/smarie/python-decopatch/decopatch/tests/test_main2.py:409: &lt;py._xmlgen.raw object at 0x7fcaa7886da0&gt;</skipped><system-out>Generated decorator : replace_by_foo(replacement)
Calling it as @replace_by_foo(dummy=DEFAULT_DUMMY_VALUE)
</system-out><system-out>Generated decorator : replace_by_foo(replacement)
Calling it as @replace_by_foo(dummy=DEFAULT_DUMMY_VALUE)
</system-out></testcase><testcase classname="decopatch.tests.test_main2" file="decopatch/tests/test_main2.py" line="391" name="test_all[protected(default)_1m_arg(replacement)_kwonly=True-@replace_by_foo(goo, &apos;hello&apos;)]" time="0.002372264862060547"><system-out>Generated decorator : replace_by_foo(replacement)
Calling it as @replace_by_foo(goo, &apos;hello&apos;)
Expected ERROR: &apos;TypeError&apos; because python does not allow 2 args if f has 1 arg

</system-out></testcase><testcase classname="decopatch.tests.test_main2" file="decopatch/tests/test_main2.py" line="391" name="test_all[protected(default)_1m_arg(replacement)_kwonly=True-@replace_by_foo(&apos;hello&apos;, goo)]" time="0.0020241737365722656"><system-out>Generated decorator : replace_by_foo(replacement)
Calling it as @replace_by_foo(&apos;hello&apos;, goo)
Expected ERROR: &apos;TypeError&apos; because python does not allow 2 args if f has 1 arg

</system-out></testcase><testcase classname="decopatch.tests.test_main2" file="decopatch/tests/test_main2.py" line="391" name="test_all[protected(default)_1m_arg(replacement)_kwonly=True-@replace_by_foo(goo, DEFAULT_DUMMY_VALUE)]" time="0.002020597457885742"><system-out>Generated decorator : replace_by_foo(replacement)
Calling it as @replace_by_foo(goo, DEFAULT_DUMMY_VALUE)
Expected ERROR: &apos;TypeError&apos; because python does not allow 2 args if f has 1 arg

</system-out></testcase><testcase classname="decopatch.tests.test_main2" file="decopatch/tests/test_main2.py" line="391" name="test_all[protected(default)_1m_arg(replacement)_kwonly=True-@replace_by_foo(DEFAULT_DUMMY_VALUE, goo)]" time="0.0018630027770996094"><system-out>Generated decorator : replace_by_foo(replacement)
Calling it as @replace_by_foo(DEFAULT_DUMMY_VALUE, goo)
Expected ERROR: &apos;TypeError&apos; because python does not allow 2 args if f has 1 arg

</system-out></testcase><testcase classname="decopatch.tests.test_main2" file="decopatch/tests/test_main2.py" line="391" name="test_all[protected(explicit)_1m_arg(replacement)_kwonly=False-@replace_by_foo]" time="0.001800537109375"><system-out>Generated decorator : replace_by_foo(replacement)
Calling it as @replace_by_foo
Expected ERROR: &apos;InvalidMandatoryArgError&apos; because a no-parenthesis usage will be declared by the disambiguator as decorated target

</system-out></testcase><testcase classname="decopatch.tests.test_main2" file="decopatch/tests/test_main2.py" line="391" name="test_all[protected(explicit)_1m_arg(replacement)_kwonly=False-@replace_by_foo()]" time="0.0020842552185058594"><system-out>Generated decorator : replace_by_foo(replacement)
Calling it as @replace_by_foo()
Expected ERROR: &apos;TypeError&apos; because python does not allow f() if f has 1 mandatory arg

</system-out></testcase><testcase classname="decopatch.tests.test_main2" file="decopatch/tests/test_main2.py" line="391" name="test_all[protected(explicit)_1m_arg(replacement)_kwonly=False-@replace_by_foo(goo)]" time="0.0020008087158203125"><system-out>Generated decorator : replace_by_foo(replacement)
Calling it as @replace_by_foo(goo)
Expected SUCCESS

</system-out></testcase><testcase classname="decopatch.tests.test_main2" file="decopatch/tests/test_main2.py" line="391" name="test_all[protected(explicit)_1m_arg(replacement)_kwonly=False-@replace_by_foo(&apos;hello&apos;)]" time="0.002031564712524414"><skipped message="This decorator does not access a noncallable positional arg" type="pytest.skip">/home/travis/build/smarie/python-decopatch/decopatch/tests/test_main2.py:409: &lt;py._xmlgen.raw object at 0x7fcaa788d550&gt;</skipped><system-out>Generated decorator : replace_by_foo(replacement)
Calling it as @replace_by_foo(&apos;hello&apos;)
</system-out><system-out>Generated decorator : replace_by_foo(replacement)
Calling it as @replace_by_foo(&apos;hello&apos;)
</system-out></testcase><testcase classname="decopatch.tests.test_main2" file="decopatch/tests/test_main2.py" line="391" name="test_all[protected(explicit)_1m_arg(replacement)_kwonly=False-@replace_by_foo(DEFAULT_DUMMY_VALUE)]" time="0.002293109893798828"><skipped message="This decorator does not access a noncallable positional arg" type="pytest.skip">/home/travis/build/smarie/python-decopatch/decopatch/tests/test_main2.py:409: &lt;py._xmlgen.raw object at 0x7fcaa7886208&gt;</skipped><system-out>Generated decorator : replace_by_foo(replacement)
Calling it as @replace_by_foo(DEFAULT_DUMMY_VALUE)
</system-out><system-out>Generated decorator : replace_by_foo(replacement)
Calling it as @replace_by_foo(DEFAULT_DUMMY_VALUE)
</system-out></testcase><testcase classname="decopatch.tests.test_main2" file="decopatch/tests/test_main2.py" line="391" name="test_all[protected(explicit)_1m_arg(replacement)_kwonly=False-@replace_by_foo(replacement=goo)]" time="0.0016252994537353516"><system-out>Generated decorator : replace_by_foo(replacement)
Calling it as @replace_by_foo(replacement=goo)
Expected SUCCESS

</system-out></testcase><testcase classname="decopatch.tests.test_main2" file="decopatch/tests/test_main2.py" line="391" name="test_all[protected(explicit)_1m_arg(replacement)_kwonly=False-@replace_by_foo(dummy=&apos;hello&apos;)]" time="0.0017421245574951172"><skipped message="decorator impl does not have a &apos;dummy&apos; arg" type="pytest.skip">/home/travis/build/smarie/python-decopatch/decopatch/tests/test_main2.py:409: &lt;py._xmlgen.raw object at 0x7fcaa7814358&gt;</skipped><system-out>Generated decorator : replace_by_foo(replacement)
Calling it as @replace_by_foo(dummy=&apos;hello&apos;)
</system-out><system-out>Generated decorator : replace_by_foo(replacement)
Calling it as @replace_by_foo(dummy=&apos;hello&apos;)
</system-out></testcase><testcase classname="decopatch.tests.test_main2" file="decopatch/tests/test_main2.py" line="391" name="test_all[protected(explicit)_1m_arg(replacement)_kwonly=False-@replace_by_foo(dummy=DEFAULT_DUMMY_VALUE)]" time="0.0019941329956054688"><skipped message="decorator impl does not have a &apos;dummy&apos; arg" type="pytest.skip">/home/travis/build/smarie/python-decopatch/decopatch/tests/test_main2.py:409: &lt;py._xmlgen.raw object at 0x7fcaa7814f60&gt;</skipped><system-out>Generated decorator : replace_by_foo(replacement)
Calling it as @replace_by_foo(dummy=DEFAULT_DUMMY_VALUE)
</system-out><system-out>Generated decorator : replace_by_foo(replacement)
Calling it as @replace_by_foo(dummy=DEFAULT_DUMMY_VALUE)
</system-out></testcase><testcase classname="decopatch.tests.test_main2" file="decopatch/tests/test_main2.py" line="391" name="test_all[protected(explicit)_1m_arg(replacement)_kwonly=False-@replace_by_foo(goo, &apos;hello&apos;)]" time="0.003737926483154297"><system-out>Generated decorator : replace_by_foo(replacement)
Calling it as @replace_by_foo(goo, &apos;hello&apos;)
Expected ERROR: &apos;TypeError&apos; because python does not allow 2 args if f has 1 arg

</system-out></testcase><testcase classname="decopatch.tests.test_main2" file="decopatch/tests/test_main2.py" line="391" name="test_all[protected(explicit)_1m_arg(replacement)_kwonly=False-@replace_by_foo(&apos;hello&apos;, goo)]" time="0.0019867420196533203"><system-out>Generated decorator : replace_by_foo(replacement)
Calling it as @replace_by_foo(&apos;hello&apos;, goo)
Expected ERROR: &apos;TypeError&apos; because python does not allow 2 args if f has 1 arg

</system-out></testcase><testcase classname="decopatch.tests.test_main2" file="decopatch/tests/test_main2.py" line="391" name="test_all[protected(explicit)_1m_arg(replacement)_kwonly=False-@replace_by_foo(goo, DEFAULT_DUMMY_VALUE)]" time="0.001989126205444336"><system-out>Generated decorator : replace_by_foo(replacement)
Calling it as @replace_by_foo(goo, DEFAULT_DUMMY_VALUE)
Expected ERROR: &apos;TypeError&apos; because python does not allow 2 args if f has 1 arg

</system-out></testcase><testcase classname="decopatch.tests.test_main2" file="decopatch/tests/test_main2.py" line="391" name="test_all[protected(explicit)_1m_arg(replacement)_kwonly=False-@replace_by_foo(DEFAULT_DUMMY_VALUE, goo)]" time="0.0017173290252685547"><system-out>Generated decorator : replace_by_foo(replacement)
Calling it as @replace_by_foo(DEFAULT_DUMMY_VALUE, goo)
Expected ERROR: &apos;TypeError&apos; because python does not allow 2 args if f has 1 arg

</system-out></testcase><testcase classname="decopatch.tests.test_main2" file="decopatch/tests/test_main2.py" line="391" name="test_all[protected(explicit)_1m_arg(replacement)_kwonly=True-@replace_by_foo]" time="0.0018153190612792969"><system-out>Generated decorator : replace_by_foo(replacement)
Calling it as @replace_by_foo
Expected ERROR: &apos;InvalidMandatoryArgError&apos; because a no-parenthesis usage will be declared by the disambiguator as decorated target

</system-out></testcase><testcase classname="decopatch.tests.test_main2" file="decopatch/tests/test_main2.py" line="391" name="test_all[protected(explicit)_1m_arg(replacement)_kwonly=True-@replace_by_foo()]" time="0.0019147396087646484"><system-out>Generated decorator : replace_by_foo(replacement)
Calling it as @replace_by_foo()
Expected ERROR: &apos;TypeError&apos; because python does not allow f() if f has 1 mandatory arg

</system-out></testcase><testcase classname="decopatch.tests.test_main2" file="decopatch/tests/test_main2.py" line="391" name="test_all[protected(explicit)_1m_arg(replacement)_kwonly=True-@replace_by_foo(goo)]" time="0.001844644546508789"><system-out>Generated decorator : replace_by_foo(replacement)
Calling it as @replace_by_foo(goo)
Expected SUCCESS

</system-out></testcase><testcase classname="decopatch.tests.test_main2" file="decopatch/tests/test_main2.py" line="391" name="test_all[protected(explicit)_1m_arg(replacement)_kwonly=True-@replace_by_foo(&apos;hello&apos;)]" time="0.0018870830535888672"><skipped message="This decorator does not access a noncallable positional arg" type="pytest.skip">/home/travis/build/smarie/python-decopatch/decopatch/tests/test_main2.py:409: &lt;py._xmlgen.raw object at 0x7fcaa781c710&gt;</skipped><system-out>Generated decorator : replace_by_foo(replacement)
Calling it as @replace_by_foo(&apos;hello&apos;)
</system-out><system-out>Generated decorator : replace_by_foo(replacement)
Calling it as @replace_by_foo(&apos;hello&apos;)
</system-out></testcase><testcase classname="decopatch.tests.test_main2" file="decopatch/tests/test_main2.py" line="391" name="test_all[protected(explicit)_1m_arg(replacement)_kwonly=True-@replace_by_foo(DEFAULT_DUMMY_VALUE)]" time="0.0022068023681640625"><skipped message="This decorator does not access a noncallable positional arg" type="pytest.skip">/home/travis/build/smarie/python-decopatch/decopatch/tests/test_main2.py:409: &lt;py._xmlgen.raw object at 0x7fcaa7814048&gt;</skipped><system-out>Generated decorator : replace_by_foo(replacement)
Calling it as @replace_by_foo(DEFAULT_DUMMY_VALUE)
</system-out><system-out>Generated decorator : replace_by_foo(replacement)
Calling it as @replace_by_foo(DEFAULT_DUMMY_VALUE)
</system-out></testcase><testcase classname="decopatch.tests.test_main2" file="decopatch/tests/test_main2.py" line="391" name="test_all[protected(explicit)_1m_arg(replacement)_kwonly=True-@replace_by_foo(replacement=goo)]" time="0.0016853809356689453"><system-out>Generated decorator : replace_by_foo(replacement)
Calling it as @replace_by_foo(replacement=goo)
Expected SUCCESS

</system-out></testcase><testcase classname="decopatch.tests.test_main2" file="decopatch/tests/test_main2.py" line="391" name="test_all[protected(explicit)_1m_arg(replacement)_kwonly=True-@replace_by_foo(dummy=&apos;hello&apos;)]" time="0.0017626285552978516"><skipped message="decorator impl does not have a &apos;dummy&apos; arg" type="pytest.skip">/home/travis/build/smarie/python-decopatch/decopatch/tests/test_main2.py:409: &lt;py._xmlgen.raw object at 0x7fcaa7821518&gt;</skipped><system-out>Generated decorator : replace_by_foo(replacement)
Calling it as @replace_by_foo(dummy=&apos;hello&apos;)
</system-out><system-out>Generated decorator : replace_by_foo(replacement)
Calling it as @replace_by_foo(dummy=&apos;hello&apos;)
</system-out></testcase><testcase classname="decopatch.tests.test_main2" file="decopatch/tests/test_main2.py" line="391" name="test_all[protected(explicit)_1m_arg(replacement)_kwonly=True-@replace_by_foo(dummy=DEFAULT_DUMMY_VALUE)]" time="0.001798391342163086"><skipped message="decorator impl does not have a &apos;dummy&apos; arg" type="pytest.skip">/home/travis/build/smarie/python-decopatch/decopatch/tests/test_main2.py:409: &lt;py._xmlgen.raw object at 0x7fcaa7829160&gt;</skipped><system-out>Generated decorator : replace_by_foo(replacement)
Calling it as @replace_by_foo(dummy=DEFAULT_DUMMY_VALUE)
</system-out><system-out>Generated decorator : replace_by_foo(replacement)
Calling it as @replace_by_foo(dummy=DEFAULT_DUMMY_VALUE)
</system-out></testcase><testcase classname="decopatch.tests.test_main2" file="decopatch/tests/test_main2.py" line="391" name="test_all[protected(explicit)_1m_arg(replacement)_kwonly=True-@replace_by_foo(goo, &apos;hello&apos;)]" time="0.0014426708221435547"><system-out>Generated decorator : replace_by_foo(replacement)
Calling it as @replace_by_foo(goo, &apos;hello&apos;)
Expected ERROR: &apos;TypeError&apos; because python does not allow 2 args if f has 1 arg

</system-out></testcase><testcase classname="decopatch.tests.test_main2" file="decopatch/tests/test_main2.py" line="391" name="test_all[protected(explicit)_1m_arg(replacement)_kwonly=True-@replace_by_foo(&apos;hello&apos;, goo)]" time="0.0018846988677978516"><system-out>Generated decorator : replace_by_foo(replacement)
Calling it as @replace_by_foo(&apos;hello&apos;, goo)
Expected ERROR: &apos;TypeError&apos; because python does not allow 2 args if f has 1 arg

</system-out></testcase><testcase classname="decopatch.tests.test_main2" file="decopatch/tests/test_main2.py" line="391" name="test_all[protected(explicit)_1m_arg(replacement)_kwonly=True-@replace_by_foo(goo, DEFAULT_DUMMY_VALUE)]" time="0.0020859241485595703"><system-out>Generated decorator : replace_by_foo(replacement)
Calling it as @replace_by_foo(goo, DEFAULT_DUMMY_VALUE)
Expected ERROR: &apos;TypeError&apos; because python does not allow 2 args if f has 1 arg

</system-out></testcase><testcase classname="decopatch.tests.test_main2" file="decopatch/tests/test_main2.py" line="391" name="test_all[protected(explicit)_1m_arg(replacement)_kwonly=True-@replace_by_foo(DEFAULT_DUMMY_VALUE, goo)]" time="0.0017352104187011719"><system-out>Generated decorator : replace_by_foo(replacement)
Calling it as @replace_by_foo(DEFAULT_DUMMY_VALUE, goo)
Expected ERROR: &apos;TypeError&apos; because python does not allow 2 args if f has 1 arg

</system-out></testcase><testcase classname="decopatch.tests.test_main2" file="decopatch/tests/test_main2.py" line="391" name="test_all[easy_2m_args(replacement, dummy)-@replace_by_foo]" time="0.0020933151245117188"><system-out>Generated decorator : replace_by_foo(replacement, dummy)
Calling it as @replace_by_foo
Expected ERROR: &apos;TypeError&apos; because python does not allow &lt; 2 args if f has 2 arg

</system-out></testcase><testcase classname="decopatch.tests.test_main2" file="decopatch/tests/test_main2.py" line="391" name="test_all[easy_2m_args(replacement, dummy)-@replace_by_foo()]" time="0.0021305084228515625"><system-out>Generated decorator : replace_by_foo(replacement, dummy)
Calling it as @replace_by_foo()
Expected ERROR: &apos;TypeError&apos; because python does not allow &lt; 2 args if f has 2 arg

</system-out></testcase><testcase classname="decopatch.tests.test_main2" file="decopatch/tests/test_main2.py" line="391" name="test_all[easy_2m_args(replacement, dummy)-@replace_by_foo(goo)]" time="0.00217437744140625"><system-out>Generated decorator : replace_by_foo(replacement, dummy)
Calling it as @replace_by_foo(goo)
Expected ERROR: &apos;TypeError&apos; because python does not allow &lt; 2 args if f has 2 arg

</system-out></testcase><testcase classname="decopatch.tests.test_main2" file="decopatch/tests/test_main2.py" line="391" name="test_all[easy_2m_args(replacement, dummy)-@replace_by_foo(&apos;hello&apos;)]" time="0.0021436214447021484"><system-out>Generated decorator : replace_by_foo(replacement, dummy)
Calling it as @replace_by_foo(&apos;hello&apos;)
Expected ERROR: &apos;TypeError&apos; because python does not allow &lt; 2 args if f has 2 arg

</system-out></testcase><testcase classname="decopatch.tests.test_main2" file="decopatch/tests/test_main2.py" line="391" name="test_all[easy_2m_args(replacement, dummy)-@replace_by_foo(DEFAULT_DUMMY_VALUE)]" time="0.0019690990447998047"><system-out>Generated decorator : replace_by_foo(replacement, dummy)
Calling it as @replace_by_foo(DEFAULT_DUMMY_VALUE)
Expected ERROR: &apos;TypeError&apos; because python does not allow &lt; 2 args if f has 2 arg

</system-out></testcase><testcase classname="decopatch.tests.test_main2" file="decopatch/tests/test_main2.py" line="391" name="test_all[easy_2m_args(replacement, dummy)-@replace_by_foo(replacement=goo)]" time="0.0024688243865966797"><system-out>Generated decorator : replace_by_foo(replacement, dummy)
Calling it as @replace_by_foo(replacement=goo)
Expected ERROR: &apos;TypeError&apos; because python does not allow &lt; 2 args if f has 2 arg

</system-out></testcase><testcase classname="decopatch.tests.test_main2" file="decopatch/tests/test_main2.py" line="391" name="test_all[easy_2m_args(replacement, dummy)-@replace_by_foo(dummy=&apos;hello&apos;)]" time="0.001993894577026367"><system-out>Generated decorator : replace_by_foo(replacement, dummy)
Calling it as @replace_by_foo(dummy=&apos;hello&apos;)
Expected ERROR: &apos;TypeError&apos; because python does not allow &lt; 2 args if f has 2 arg

</system-out></testcase><testcase classname="decopatch.tests.test_main2" file="decopatch/tests/test_main2.py" line="391" name="test_all[easy_2m_args(replacement, dummy)-@replace_by_foo(dummy=DEFAULT_DUMMY_VALUE)]" time="0.0019807815551757812"><system-out>Generated decorator : replace_by_foo(replacement, dummy)
Calling it as @replace_by_foo(dummy=DEFAULT_DUMMY_VALUE)
Expected ERROR: &apos;TypeError&apos; because python does not allow &lt; 2 args if f has 2 arg

</system-out></testcase><testcase classname="decopatch.tests.test_main2" file="decopatch/tests/test_main2.py" line="391" name="test_all[easy_2m_args(replacement, dummy)-@replace_by_foo(goo, &apos;hello&apos;)]" time="0.001943349838256836"><system-out>Generated decorator : replace_by_foo(replacement, dummy)
Calling it as @replace_by_foo(goo, &apos;hello&apos;)
Expected SUCCESS

</system-out></testcase><testcase classname="decopatch.tests.test_main2" file="decopatch/tests/test_main2.py" line="391" name="test_all[easy_2m_args(replacement, dummy)-@replace_by_foo(&apos;hello&apos;, goo)]" time="0.0019707679748535156"><skipped message="the order of positional args in the test does not match" type="pytest.skip">/home/travis/build/smarie/python-decopatch/decopatch/tests/test_main2.py:409: &lt;py._xmlgen.raw object at 0x7fcaa7830d30&gt;</skipped><system-out>Generated decorator : replace_by_foo(replacement, dummy)
Calling it as @replace_by_foo(&apos;hello&apos;, goo)
</system-out><system-out>Generated decorator : replace_by_foo(replacement, dummy)
Calling it as @replace_by_foo(&apos;hello&apos;, goo)
</system-out></testcase><testcase classname="decopatch.tests.test_main2" file="decopatch/tests/test_main2.py" line="391" name="test_all[easy_2m_args(replacement, dummy)-@replace_by_foo(goo, DEFAULT_DUMMY_VALUE)]" time="0.0019185543060302734"><system-out>Generated decorator : replace_by_foo(replacement, dummy)
Calling it as @replace_by_foo(goo, DEFAULT_DUMMY_VALUE)
Expected SUCCESS

</system-out></testcase><testcase classname="decopatch.tests.test_main2" file="decopatch/tests/test_main2.py" line="391" name="test_all[easy_2m_args(replacement, dummy)-@replace_by_foo(DEFAULT_DUMMY_VALUE, goo)]" time="0.0017201900482177734"><skipped message="the order of positional args in the test does not match" type="pytest.skip">/home/travis/build/smarie/python-decopatch/decopatch/tests/test_main2.py:409: &lt;py._xmlgen.raw object at 0x7fcaa7836e80&gt;</skipped><system-out>Generated decorator : replace_by_foo(replacement, dummy)
Calling it as @replace_by_foo(DEFAULT_DUMMY_VALUE, goo)
</system-out><system-out>Generated decorator : replace_by_foo(replacement, dummy)
Calling it as @replace_by_foo(DEFAULT_DUMMY_VALUE, goo)
</system-out></testcase><testcase classname="decopatch.tests.test_main2" file="decopatch/tests/test_main2.py" line="391" name="test_all[easy_2m_args(dummy, replacement)-@replace_by_foo]" time="0.002078533172607422"><system-out>Generated decorator : replace_by_foo(dummy, replacement)
Calling it as @replace_by_foo
Expected ERROR: &apos;TypeError&apos; because python does not allow &lt; 2 args if f has 2 arg

</system-out></testcase><testcase classname="decopatch.tests.test_main2" file="decopatch/tests/test_main2.py" line="391" name="test_all[easy_2m_args(dummy, replacement)-@replace_by_foo()]" time="0.0020134449005126953"><system-out>Generated decorator : replace_by_foo(dummy, replacement)
Calling it as @replace_by_foo()
Expected ERROR: &apos;TypeError&apos; because python does not allow &lt; 2 args if f has 2 arg

</system-out></testcase><testcase classname="decopatch.tests.test_main2" file="decopatch/tests/test_main2.py" line="391" name="test_all[easy_2m_args(dummy, replacement)-@replace_by_foo(goo)]" time="0.002098560333251953"><system-out>Generated decorator : replace_by_foo(dummy, replacement)
Calling it as @replace_by_foo(goo)
Expected ERROR: &apos;TypeError&apos; because python does not allow &lt; 2 args if f has 2 arg

</system-out></testcase><testcase classname="decopatch.tests.test_main2" file="decopatch/tests/test_main2.py" line="391" name="test_all[easy_2m_args(dummy, replacement)-@replace_by_foo(&apos;hello&apos;)]" time="0.002035856246948242"><system-out>Generated decorator : replace_by_foo(dummy, replacement)
Calling it as @replace_by_foo(&apos;hello&apos;)
Expected ERROR: &apos;TypeError&apos; because python does not allow &lt; 2 args if f has 2 arg

</system-out></testcase><testcase classname="decopatch.tests.test_main2" file="decopatch/tests/test_main2.py" line="391" name="test_all[easy_2m_args(dummy, replacement)-@replace_by_foo(DEFAULT_DUMMY_VALUE)]" time="0.0019490718841552734"><system-out>Generated decorator : replace_by_foo(dummy, replacement)
Calling it as @replace_by_foo(DEFAULT_DUMMY_VALUE)
Expected ERROR: &apos;TypeError&apos; because python does not allow &lt; 2 args if f has 2 arg

</system-out></testcase><testcase classname="decopatch.tests.test_main2" file="decopatch/tests/test_main2.py" line="391" name="test_all[easy_2m_args(dummy, replacement)-@replace_by_foo(replacement=goo)]" time="0.0017399787902832031"><system-out>Generated decorator : replace_by_foo(dummy, replacement)
Calling it as @replace_by_foo(replacement=goo)
Expected ERROR: &apos;TypeError&apos; because python does not allow &lt; 2 args if f has 2 arg

</system-out></testcase><testcase classname="decopatch.tests.test_main2" file="decopatch/tests/test_main2.py" line="391" name="test_all[easy_2m_args(dummy, replacement)-@replace_by_foo(dummy=&apos;hello&apos;)]" time="0.0020143985748291016"><system-out>Generated decorator : replace_by_foo(dummy, replacement)
Calling it as @replace_by_foo(dummy=&apos;hello&apos;)
Expected ERROR: &apos;TypeError&apos; because python does not allow &lt; 2 args if f has 2 arg

</system-out></testcase><testcase classname="decopatch.tests.test_main2" file="decopatch/tests/test_main2.py" line="391" name="test_all[easy_2m_args(dummy, replacement)-@replace_by_foo(dummy=DEFAULT_DUMMY_VALUE)]" time="0.0020236968994140625"><system-out>Generated decorator : replace_by_foo(dummy, replacement)
Calling it as @replace_by_foo(dummy=DEFAULT_DUMMY_VALUE)
Expected ERROR: &apos;TypeError&apos; because python does not allow &lt; 2 args if f has 2 arg

</system-out></testcase><testcase classname="decopatch.tests.test_main2" file="decopatch/tests/test_main2.py" line="391" name="test_all[easy_2m_args(dummy, replacement)-@replace_by_foo(goo, &apos;hello&apos;)]" time="0.0022466182708740234"><skipped message="the order of positional args in the test does not match" type="pytest.skip">/home/travis/build/smarie/python-decopatch/decopatch/tests/test_main2.py:409: &lt;py._xmlgen.raw object at 0x7fcaa783bb70&gt;</skipped><system-out>Generated decorator : replace_by_foo(dummy, replacement)
Calling it as @replace_by_foo(goo, &apos;hello&apos;)
</system-out><system-out>Generated decorator : replace_by_foo(dummy, replacement)
Calling it as @replace_by_foo(goo, &apos;hello&apos;)
</system-out></testcase><testcase classname="decopatch.tests.test_main2" file="decopatch/tests/test_main2.py" line="391" name="test_all[easy_2m_args(dummy, replacement)-@replace_by_foo(&apos;hello&apos;, goo)]" time="0.0018970966339111328"><system-out>Generated decorator : replace_by_foo(dummy, replacement)
Calling it as @replace_by_foo(&apos;hello&apos;, goo)
Expected SUCCESS

</system-out></testcase><testcase classname="decopatch.tests.test_main2" file="decopatch/tests/test_main2.py" line="391" name="test_all[easy_2m_args(dummy, replacement)-@replace_by_foo(goo, DEFAULT_DUMMY_VALUE)]" time="0.002023458480834961"><skipped message="the order of positional args in the test does not match" type="pytest.skip">/home/travis/build/smarie/python-decopatch/decopatch/tests/test_main2.py:409: &lt;py._xmlgen.raw object at 0x7fcaa7843e80&gt;</skipped><system-out>Generated decorator : replace_by_foo(dummy, replacement)
Calling it as @replace_by_foo(goo, DEFAULT_DUMMY_VALUE)
</system-out><system-out>Generated decorator : replace_by_foo(dummy, replacement)
Calling it as @replace_by_foo(goo, DEFAULT_DUMMY_VALUE)
</system-out></testcase><testcase classname="decopatch.tests.test_main2" file="decopatch/tests/test_main2.py" line="391" name="test_all[easy_2m_args(dummy, replacement)-@replace_by_foo(DEFAULT_DUMMY_VALUE, goo)]" time="0.0016672611236572266"><system-out>Generated decorator : replace_by_foo(dummy, replacement)
Calling it as @replace_by_foo(DEFAULT_DUMMY_VALUE, goo)
Expected SUCCESS

</system-out></testcase><testcase classname="decopatch.tests.test_main2" file="decopatch/tests/test_main2.py" line="391" name="test_all[easy_2m_args(dummy, dummy2)-@replace_by_foo]" time="0.0018153190612792969"><system-out>Generated decorator : replace_by_foo(dummy, dummy2)
Calling it as @replace_by_foo
Expected ERROR: &apos;TypeError&apos; because python does not allow &lt; 2 args if f has 2 arg

</system-out></testcase><testcase classname="decopatch.tests.test_main2" file="decopatch/tests/test_main2.py" line="391" name="test_all[easy_2m_args(dummy, dummy2)-@replace_by_foo()]" time="0.001980304718017578"><system-out>Generated decorator : replace_by_foo(dummy, dummy2)
Calling it as @replace_by_foo()
Expected ERROR: &apos;TypeError&apos; because python does not allow &lt; 2 args if f has 2 arg

</system-out></testcase><testcase classname="decopatch.tests.test_main2" file="decopatch/tests/test_main2.py" line="391" name="test_all[easy_2m_args(dummy, dummy2)-@replace_by_foo(goo)]" time="0.0030448436737060547"><system-out>Generated decorator : replace_by_foo(dummy, dummy2)
Calling it as @replace_by_foo(goo)
Expected ERROR: &apos;TypeError&apos; because python does not allow &lt; 2 args if f has 2 arg

</system-out></testcase><testcase classname="decopatch.tests.test_main2" file="decopatch/tests/test_main2.py" line="391" name="test_all[easy_2m_args(dummy, dummy2)-@replace_by_foo(&apos;hello&apos;)]" time="0.0025854110717773438"><system-out>Generated decorator : replace_by_foo(dummy, dummy2)
Calling it as @replace_by_foo(&apos;hello&apos;)
Expected ERROR: &apos;TypeError&apos; because python does not allow &lt; 2 args if f has 2 arg

</system-out></testcase><testcase classname="decopatch.tests.test_main2" file="decopatch/tests/test_main2.py" line="391" name="test_all[easy_2m_args(dummy, dummy2)-@replace_by_foo(DEFAULT_DUMMY_VALUE)]" time="0.0020847320556640625"><system-out>Generated decorator : replace_by_foo(dummy, dummy2)
Calling it as @replace_by_foo(DEFAULT_DUMMY_VALUE)
Expected ERROR: &apos;TypeError&apos; because python does not allow &lt; 2 args if f has 2 arg

</system-out></testcase><testcase classname="decopatch.tests.test_main2" file="decopatch/tests/test_main2.py" line="391" name="test_all[easy_2m_args(dummy, dummy2)-@replace_by_foo(replacement=goo)]" time="0.0017087459564208984"><system-out>Generated decorator : replace_by_foo(dummy, dummy2)
Calling it as @replace_by_foo(replacement=goo)
Expected ERROR: &apos;TypeError&apos; because python does not allow &lt; 2 args if f has 2 arg

</system-out></testcase><testcase classname="decopatch.tests.test_main2" file="decopatch/tests/test_main2.py" line="391" name="test_all[easy_2m_args(dummy, dummy2)-@replace_by_foo(dummy=&apos;hello&apos;)]" time="0.002590656280517578"><system-out>Generated decorator : replace_by_foo(dummy, dummy2)
Calling it as @replace_by_foo(dummy=&apos;hello&apos;)
Expected ERROR: &apos;TypeError&apos; because python does not allow &lt; 2 args if f has 2 arg

</system-out></testcase><testcase classname="decopatch.tests.test_main2" file="decopatch/tests/test_main2.py" line="391" name="test_all[easy_2m_args(dummy, dummy2)-@replace_by_foo(dummy=DEFAULT_DUMMY_VALUE)]" time="0.0026006698608398438"><system-out>Generated decorator : replace_by_foo(dummy, dummy2)
Calling it as @replace_by_foo(dummy=DEFAULT_DUMMY_VALUE)
Expected ERROR: &apos;TypeError&apos; because python does not allow &lt; 2 args if f has 2 arg

</system-out></testcase><testcase classname="decopatch.tests.test_main2" file="decopatch/tests/test_main2.py" line="391" name="test_all[easy_2m_args(dummy, dummy2)-@replace_by_foo(goo, &apos;hello&apos;)]" time="0.002430438995361328"><system-out>Generated decorator : replace_by_foo(dummy, dummy2)
Calling it as @replace_by_foo(goo, &apos;hello&apos;)
Expected SUCCESS

</system-out></testcase><testcase classname="decopatch.tests.test_main2" file="decopatch/tests/test_main2.py" line="391" name="test_all[easy_2m_args(dummy, dummy2)-@replace_by_foo(&apos;hello&apos;, goo)]" time="0.0024976730346679688"><system-out>Generated decorator : replace_by_foo(dummy, dummy2)
Calling it as @replace_by_foo(&apos;hello&apos;, goo)
Expected SUCCESS

</system-out></testcase><testcase classname="decopatch.tests.test_main2" file="decopatch/tests/test_main2.py" line="391" name="test_all[easy_2m_args(dummy, dummy2)-@replace_by_foo(goo, DEFAULT_DUMMY_VALUE)]" time="0.0017020702362060547"><system-out>Generated decorator : replace_by_foo(dummy, dummy2)
Calling it as @replace_by_foo(goo, DEFAULT_DUMMY_VALUE)
Expected SUCCESS

</system-out></testcase><testcase classname="decopatch.tests.test_main2" file="decopatch/tests/test_main2.py" line="391" name="test_all[easy_2m_args(dummy, dummy2)-@replace_by_foo(DEFAULT_DUMMY_VALUE, goo)]" time="0.002532482147216797"><system-out>Generated decorator : replace_by_foo(dummy, dummy2)
Calling it as @replace_by_foo(DEFAULT_DUMMY_VALUE, goo)
Expected SUCCESS

</system-out></testcase><testcase classname="decopatch.tests.test_main2" file="decopatch/tests/test_main2.py" line="391" name="test_all[default_2opt(dummy=DEFAULT_DUMMY_VALUE, replacement=None)-@replace_by_foo]" time="0.002513408660888672"><system-out>Generated decorator : replace_by_foo(dummy=12, replacement=None)
Calling it as @replace_by_foo
Expected SUCCESS

</system-out></testcase><testcase classname="decopatch.tests.test_main2" file="decopatch/tests/test_main2.py" line="391" name="test_all[default_2opt(dummy=DEFAULT_DUMMY_VALUE, replacement=None)-@replace_by_foo()]" time="0.0025262832641601562"><system-out>Generated decorator : replace_by_foo(dummy=12, replacement=None)
Calling it as @replace_by_foo()
Expected SUCCESS

</system-out></testcase><testcase classname="decopatch.tests.test_main2" file="decopatch/tests/test_main2.py" line="391" name="test_all[default_2opt(dummy=DEFAULT_DUMMY_VALUE, replacement=None)-@replace_by_foo(goo)]" time="0.002626180648803711"><skipped message="the first positional arg is supposed not to be the callable here" type="pytest.skip">/home/travis/build/smarie/python-decopatch/decopatch/tests/test_main2.py:409: &lt;py._xmlgen.raw object at 0x7fcaa77e2f28&gt;</skipped><system-out>Generated decorator : replace_by_foo(dummy=12, replacement=None)
Calling it as @replace_by_foo(goo)
</system-out><system-out>Generated decorator : replace_by_foo(dummy=12, replacement=None)
Calling it as @replace_by_foo(goo)
</system-out></testcase><testcase classname="decopatch.tests.test_main2" file="decopatch/tests/test_main2.py" line="391" name="test_all[default_2opt(dummy=DEFAULT_DUMMY_VALUE, replacement=None)-@replace_by_foo(&apos;hello&apos;)]" time="0.0017900466918945312"><system-out>Generated decorator : replace_by_foo(dummy=12, replacement=None)
Calling it as @replace_by_foo(&apos;hello&apos;)
Expected SUCCESS

</system-out></testcase><testcase classname="decopatch.tests.test_main2" file="decopatch/tests/test_main2.py" line="391" name="test_all[default_2opt(dummy=DEFAULT_DUMMY_VALUE, replacement=None)-@replace_by_foo(DEFAULT_DUMMY_VALUE)]" time="0.002058267593383789"><system-out>Generated decorator : replace_by_foo(dummy=12, replacement=None)
Calling it as @replace_by_foo(DEFAULT_DUMMY_VALUE)
Expected SUCCESS

</system-out></testcase><testcase classname="decopatch.tests.test_main2" file="decopatch/tests/test_main2.py" line="391" name="test_all[default_2opt(dummy=DEFAULT_DUMMY_VALUE, replacement=None)-@replace_by_foo(replacement=goo)]" time="0.002749919891357422"><system-out>Generated decorator : replace_by_foo(dummy=12, replacement=None)
Calling it as @replace_by_foo(replacement=goo)
Expected SUCCESS

</system-out></testcase><testcase classname="decopatch.tests.test_main2" file="decopatch/tests/test_main2.py" line="391" name="test_all[default_2opt(dummy=DEFAULT_DUMMY_VALUE, replacement=None)-@replace_by_foo(dummy=&apos;hello&apos;)]" time="0.0029489994049072266"><system-out>Generated decorator : replace_by_foo(dummy=12, replacement=None)
Calling it as @replace_by_foo(dummy=&apos;hello&apos;)
Expected SUCCESS

</system-out></testcase><testcase classname="decopatch.tests.test_main2" file="decopatch/tests/test_main2.py" line="391" name="test_all[default_2opt(dummy=DEFAULT_DUMMY_VALUE, replacement=None)-@replace_by_foo(dummy=DEFAULT_DUMMY_VALUE)]" time="0.0027005672454833984"><system-out>Generated decorator : replace_by_foo(dummy=12, replacement=None)
Calling it as @replace_by_foo(dummy=DEFAULT_DUMMY_VALUE)
Expected SUCCESS

</system-out></testcase><testcase classname="decopatch.tests.test_main2" file="decopatch/tests/test_main2.py" line="391" name="test_all[default_2opt(dummy=DEFAULT_DUMMY_VALUE, replacement=None)-@replace_by_foo(goo, &apos;hello&apos;)]" time="0.0018460750579833984"><skipped message="the order of positional args in the test does not match" type="pytest.skip">/home/travis/build/smarie/python-decopatch/decopatch/tests/test_main2.py:409: &lt;py._xmlgen.raw object at 0x7fcaa77e80f0&gt;</skipped><system-out>Generated decorator : replace_by_foo(dummy=12, replacement=None)
Calling it as @replace_by_foo(goo, &apos;hello&apos;)
</system-out><system-out>Generated decorator : replace_by_foo(dummy=12, replacement=None)
Calling it as @replace_by_foo(goo, &apos;hello&apos;)
</system-out></testcase><testcase classname="decopatch.tests.test_main2" file="decopatch/tests/test_main2.py" line="391" name="test_all[default_2opt(dummy=DEFAULT_DUMMY_VALUE, replacement=None)-@replace_by_foo(&apos;hello&apos;, goo)]" time="0.002064228057861328"><system-out>Generated decorator : replace_by_foo(dummy=12, replacement=None)
Calling it as @replace_by_foo(&apos;hello&apos;, goo)
Expected SUCCESS

</system-out></testcase><testcase classname="decopatch.tests.test_main2" file="decopatch/tests/test_main2.py" line="391" name="test_all[default_2opt(dummy=DEFAULT_DUMMY_VALUE, replacement=None)-@replace_by_foo(goo, DEFAULT_DUMMY_VALUE)]" time="0.002677440643310547"><skipped message="the order of positional args in the test does not match" type="pytest.skip">/home/travis/build/smarie/python-decopatch/decopatch/tests/test_main2.py:409: &lt;py._xmlgen.raw object at 0x7fcaa77f07f0&gt;</skipped><system-out>Generated decorator : replace_by_foo(dummy=12, replacement=None)
Calling it as @replace_by_foo(goo, DEFAULT_DUMMY_VALUE)
</system-out><system-out>Generated decorator : replace_by_foo(dummy=12, replacement=None)
Calling it as @replace_by_foo(goo, DEFAULT_DUMMY_VALUE)
</system-out></testcase><testcase classname="decopatch.tests.test_main2" file="decopatch/tests/test_main2.py" line="391" name="test_all[default_2opt(dummy=DEFAULT_DUMMY_VALUE, replacement=None)-@replace_by_foo(DEFAULT_DUMMY_VALUE, goo)]" time="0.002897500991821289"><system-out>Generated decorator : replace_by_foo(dummy=12, replacement=None)
Calling it as @replace_by_foo(DEFAULT_DUMMY_VALUE, goo)
Expected SUCCESS

</system-out></testcase><testcase classname="decopatch.tests.test_main2" file="decopatch/tests/test_main2.py" line="391" name="test_all[introspection_2opt(dummy=DEFAULT_DUMMY_VALUE, replacement=None)-@replace_by_foo]" time="0.007235288619995117"><system-out>Generated decorator : replace_by_foo(dummy=12, replacement=None)
Calling it as @replace_by_foo
Expected SUCCESS

</system-out></testcase><testcase classname="decopatch.tests.test_main2" file="decopatch/tests/test_main2.py" line="391" name="test_all[introspection_2opt(dummy=DEFAULT_DUMMY_VALUE, replacement=None)-@replace_by_foo()]" time="0.002179861068725586"><system-out>Generated decorator : replace_by_foo(dummy=12, replacement=None)
Calling it as @replace_by_foo()
Expected SUCCESS

</system-out></testcase><testcase classname="decopatch.tests.test_main2" file="decopatch/tests/test_main2.py" line="391" name="test_all[introspection_2opt(dummy=DEFAULT_DUMMY_VALUE, replacement=None)-@replace_by_foo(goo)]" time="0.004034757614135742"><skipped message="the first positional arg is supposed not to be the callable here" type="pytest.skip">/home/travis/build/smarie/python-decopatch/decopatch/tests/test_main2.py:409: &lt;py._xmlgen.raw object at 0x7fcaa77e8b38&gt;</skipped><system-out>Generated decorator : replace_by_foo(dummy=12, replacement=None)
Calling it as @replace_by_foo(goo)
</system-out><system-out>Generated decorator : replace_by_foo(dummy=12, replacement=None)
Calling it as @replace_by_foo(goo)
</system-out></testcase><testcase classname="decopatch.tests.test_main2" file="decopatch/tests/test_main2.py" line="391" name="test_all[introspection_2opt(dummy=DEFAULT_DUMMY_VALUE, replacement=None)-@replace_by_foo(&apos;hello&apos;)]" time="0.0048236846923828125"><system-out>Generated decorator : replace_by_foo(dummy=12, replacement=None)
Calling it as @replace_by_foo(&apos;hello&apos;)
Expected SUCCESS

</system-out></testcase><testcase classname="decopatch.tests.test_main2" file="decopatch/tests/test_main2.py" line="391" name="test_all[introspection_2opt(dummy=DEFAULT_DUMMY_VALUE, replacement=None)-@replace_by_foo(DEFAULT_DUMMY_VALUE)]" time="0.001832723617553711"><system-out>Generated decorator : replace_by_foo(dummy=12, replacement=None)
Calling it as @replace_by_foo(DEFAULT_DUMMY_VALUE)
Expected SUCCESS

</system-out></testcase><testcase classname="decopatch.tests.test_main2" file="decopatch/tests/test_main2.py" line="391" name="test_all[introspection_2opt(dummy=DEFAULT_DUMMY_VALUE, replacement=None)-@replace_by_foo(replacement=goo)]" time="0.007470607757568359"><system-out>Generated decorator : replace_by_foo(dummy=12, replacement=None)
Calling it as @replace_by_foo(replacement=goo)
Expected SUCCESS

</system-out></testcase><testcase classname="decopatch.tests.test_main2" file="decopatch/tests/test_main2.py" line="391" name="test_all[introspection_2opt(dummy=DEFAULT_DUMMY_VALUE, replacement=None)-@replace_by_foo(dummy=&apos;hello&apos;)]" time="0.002256155014038086"><system-out>Generated decorator : replace_by_foo(dummy=12, replacement=None)
Calling it as @replace_by_foo(dummy=&apos;hello&apos;)
Expected SUCCESS

</system-out></testcase><testcase classname="decopatch.tests.test_main2" file="decopatch/tests/test_main2.py" line="391" name="test_all[introspection_2opt(dummy=DEFAULT_DUMMY_VALUE, replacement=None)-@replace_by_foo(dummy=DEFAULT_DUMMY_VALUE)]" time="0.0019812583923339844"><system-out>Generated decorator : replace_by_foo(dummy=12, replacement=None)
Calling it as @replace_by_foo(dummy=DEFAULT_DUMMY_VALUE)
Expected SUCCESS

</system-out></testcase><testcase classname="decopatch.tests.test_main2" file="decopatch/tests/test_main2.py" line="391" name="test_all[introspection_2opt(dummy=DEFAULT_DUMMY_VALUE, replacement=None)-@replace_by_foo(goo, &apos;hello&apos;)]" time="0.002108335494995117"><skipped message="the order of positional args in the test does not match" type="pytest.skip">/home/travis/build/smarie/python-decopatch/decopatch/tests/test_main2.py:409: &lt;py._xmlgen.raw object at 0x7fcaa77fd780&gt;</skipped><system-out>Generated decorator : replace_by_foo(dummy=12, replacement=None)
Calling it as @replace_by_foo(goo, &apos;hello&apos;)
</system-out><system-out>Generated decorator : replace_by_foo(dummy=12, replacement=None)
Calling it as @replace_by_foo(goo, &apos;hello&apos;)
</system-out></testcase><testcase classname="decopatch.tests.test_main2" file="decopatch/tests/test_main2.py" line="391" name="test_all[introspection_2opt(dummy=DEFAULT_DUMMY_VALUE, replacement=None)-@replace_by_foo(&apos;hello&apos;, goo)]" time="0.0026671886444091797"><system-out>Generated decorator : replace_by_foo(dummy=12, replacement=None)
Calling it as @replace_by_foo(&apos;hello&apos;, goo)
Expected SUCCESS

</system-out></testcase><testcase classname="decopatch.tests.test_main2" file="decopatch/tests/test_main2.py" line="391" name="test_all[introspection_2opt(dummy=DEFAULT_DUMMY_VALUE, replacement=None)-@replace_by_foo(goo, DEFAULT_DUMMY_VALUE)]" time="0.0026366710662841797"><skipped message="the order of positional args in the test does not match" type="pytest.skip">/home/travis/build/smarie/python-decopatch/decopatch/tests/test_main2.py:409: &lt;py._xmlgen.raw object at 0x7fcaa7802940&gt;</skipped><system-out>Generated decorator : replace_by_foo(dummy=12, replacement=None)
Calling it as @replace_by_foo(goo, DEFAULT_DUMMY_VALUE)
</system-out><system-out>Generated decorator : replace_by_foo(dummy=12, replacement=None)
Calling it as @replace_by_foo(goo, DEFAULT_DUMMY_VALUE)
</system-out></testcase><testcase classname="decopatch.tests.test_main2" file="decopatch/tests/test_main2.py" line="391" name="test_all[introspection_2opt(dummy=DEFAULT_DUMMY_VALUE, replacement=None)-@replace_by_foo(DEFAULT_DUMMY_VALUE, goo)]" time="0.002612590789794922"><system-out>Generated decorator : replace_by_foo(dummy=12, replacement=None)
Calling it as @replace_by_foo(DEFAULT_DUMMY_VALUE, goo)
Expected SUCCESS

</system-out></testcase><testcase classname="decopatch.tests.test_main2" file="decopatch/tests/test_main2.py" line="391" name="test_all[unprotected (default)_2opt_callable_first(replacement=None, dummy=DEFAULT_DUMMY_VALUE)-@replace_by_foo]" time="0.0022902488708496094"><system-out>Generated decorator : replace_by_foo(replacement=None, dummy=12)
Calling it as @replace_by_foo
Expected SUCCESS

</system-out></testcase><testcase classname="decopatch.tests.test_main2" file="decopatch/tests/test_main2.py" line="391" name="test_all[unprotected (default)_2opt_callable_first(replacement=None, dummy=DEFAULT_DUMMY_VALUE)-@replace_by_foo()]" time="0.001676321029663086"><system-out>Generated decorator : replace_by_foo(replacement=None, dummy=12)
Calling it as @replace_by_foo()
Expected SUCCESS

</system-out></testcase><testcase classname="decopatch.tests.test_main2" file="decopatch/tests/test_main2.py" line="391" name="test_all[unprotected (default)_2opt_callable_first(replacement=None, dummy=DEFAULT_DUMMY_VALUE)-@replace_by_foo(goo)]" time="0.002550363540649414"><system-out>Generated decorator : replace_by_foo(replacement=None, dummy=12)
Calling it as @replace_by_foo(goo)
Expected ERROR: &apos;NotADecoratorError&apos; because No explicit exception is raised but since a double-call is made, user will probably realize that something is wrong

</system-out></testcase><testcase classname="decopatch.tests.test_main2" file="decopatch/tests/test_main2.py" line="391" name="test_all[unprotected (default)_2opt_callable_first(replacement=None, dummy=DEFAULT_DUMMY_VALUE)-@replace_by_foo(&apos;hello&apos;)]" time="0.0022683143615722656"><skipped message="the first positional arg is supposed to be the callable here" type="pytest.skip">/home/travis/build/smarie/python-decopatch/decopatch/tests/test_main2.py:409: &lt;py._xmlgen.raw object at 0x7fcaa78075f8&gt;</skipped><system-out>Generated decorator : replace_by_foo(replacement=None, dummy=12)
Calling it as @replace_by_foo(&apos;hello&apos;)
</system-out><system-out>Generated decorator : replace_by_foo(replacement=None, dummy=12)
Calling it as @replace_by_foo(&apos;hello&apos;)
</system-out></testcase><testcase classname="decopatch.tests.test_main2" file="decopatch/tests/test_main2.py" line="391" name="test_all[unprotected (default)_2opt_callable_first(replacement=None, dummy=DEFAULT_DUMMY_VALUE)-@replace_by_foo(DEFAULT_DUMMY_VALUE)]" time="0.002440929412841797"><skipped message="the first positional arg is supposed to be the callable here" type="pytest.skip">/home/travis/build/smarie/python-decopatch/decopatch/tests/test_main2.py:409: &lt;py._xmlgen.raw object at 0x7fcaa780c240&gt;</skipped><system-out>Generated decorator : replace_by_foo(replacement=None, dummy=12)
Calling it as @replace_by_foo(DEFAULT_DUMMY_VALUE)
</system-out><system-out>Generated decorator : replace_by_foo(replacement=None, dummy=12)
Calling it as @replace_by_foo(DEFAULT_DUMMY_VALUE)
</system-out></testcase><testcase classname="decopatch.tests.test_main2" file="decopatch/tests/test_main2.py" line="391" name="test_all[unprotected (default)_2opt_callable_first(replacement=None, dummy=DEFAULT_DUMMY_VALUE)-@replace_by_foo(replacement=goo)]" time="0.0021696090698242188"><system-out>Generated decorator : replace_by_foo(replacement=None, dummy=12)
Calling it as @replace_by_foo(replacement=goo)
Expected SUCCESS

</system-out></testcase><testcase classname="decopatch.tests.test_main2" file="decopatch/tests/test_main2.py" line="391" name="test_all[unprotected (default)_2opt_callable_first(replacement=None, dummy=DEFAULT_DUMMY_VALUE)-@replace_by_foo(dummy=&apos;hello&apos;)]" time="0.0033049583435058594"><system-out>Generated decorator : replace_by_foo(replacement=None, dummy=12)
Calling it as @replace_by_foo(dummy=&apos;hello&apos;)
Expected SUCCESS

</system-out></testcase><testcase classname="decopatch.tests.test_main2" file="decopatch/tests/test_main2.py" line="391" name="test_all[unprotected (default)_2opt_callable_first(replacement=None, dummy=DEFAULT_DUMMY_VALUE)-@replace_by_foo(dummy=DEFAULT_DUMMY_VALUE)]" time="0.0023882389068603516"><system-out>Generated decorator : replace_by_foo(replacement=None, dummy=12)
Calling it as @replace_by_foo(dummy=DEFAULT_DUMMY_VALUE)
Expected SUCCESS

</system-out></testcase><testcase classname="decopatch.tests.test_main2" file="decopatch/tests/test_main2.py" line="391" name="test_all[unprotected (default)_2opt_callable_first(replacement=None, dummy=DEFAULT_DUMMY_VALUE)-@replace_by_foo(goo, &apos;hello&apos;)]" time="0.002505064010620117"><system-out>Generated decorator : replace_by_foo(replacement=None, dummy=12)
Calling it as @replace_by_foo(goo, &apos;hello&apos;)
Expected SUCCESS

</system-out></testcase><testcase classname="decopatch.tests.test_main2" file="decopatch/tests/test_main2.py" line="391" name="test_all[unprotected (default)_2opt_callable_first(replacement=None, dummy=DEFAULT_DUMMY_VALUE)-@replace_by_foo(&apos;hello&apos;, goo)]" time="0.002438783645629883"><skipped message="the order of positional args in the test does not match" type="pytest.skip">/home/travis/build/smarie/python-decopatch/decopatch/tests/test_main2.py:409: &lt;py._xmlgen.raw object at 0x7fcaa78369e8&gt;</skipped><system-out>Generated decorator : replace_by_foo(replacement=None, dummy=12)
Calling it as @replace_by_foo(&apos;hello&apos;, goo)
</system-out><system-out>Generated decorator : replace_by_foo(replacement=None, dummy=12)
Calling it as @replace_by_foo(&apos;hello&apos;, goo)
</system-out></testcase><testcase classname="decopatch.tests.test_main2" file="decopatch/tests/test_main2.py" line="391" name="test_all[unprotected (default)_2opt_callable_first(replacement=None, dummy=DEFAULT_DUMMY_VALUE)-@replace_by_foo(goo, DEFAULT_DUMMY_VALUE)]" time="0.0019142627716064453"><system-out>Generated decorator : replace_by_foo(replacement=None, dummy=12)
Calling it as @replace_by_foo(goo, DEFAULT_DUMMY_VALUE)
Expected SUCCESS

</system-out></testcase><testcase classname="decopatch.tests.test_main2" file="decopatch/tests/test_main2.py" line="391" name="test_all[unprotected (default)_2opt_callable_first(replacement=None, dummy=DEFAULT_DUMMY_VALUE)-@replace_by_foo(DEFAULT_DUMMY_VALUE, goo)]" time="0.0018527507781982422"><skipped message="the order of positional args in the test does not match" type="pytest.skip">/home/travis/build/smarie/python-decopatch/decopatch/tests/test_main2.py:409: &lt;py._xmlgen.raw object at 0x7fcaa77912e8&gt;</skipped><system-out>Generated decorator : replace_by_foo(replacement=None, dummy=12)
Calling it as @replace_by_foo(DEFAULT_DUMMY_VALUE, goo)
</system-out><system-out>Generated decorator : replace_by_foo(replacement=None, dummy=12)
Calling it as @replace_by_foo(DEFAULT_DUMMY_VALUE, goo)
</system-out></testcase><testcase classname="decopatch.tests.test_main2" file="decopatch/tests/test_main2.py" line="391" name="test_all[introspection_2opt_callable_first(replacement=None, dummy=DEFAULT_DUMMY_VALUE)-@replace_by_foo]" time="0.008011817932128906"><system-out>Generated decorator : replace_by_foo(replacement=None, dummy=12)
Calling it as @replace_by_foo
Expected SUCCESS

</system-out></testcase><testcase classname="decopatch.tests.test_main2" file="decopatch/tests/test_main2.py" line="391" name="test_all[introspection_2opt_callable_first(replacement=None, dummy=DEFAULT_DUMMY_VALUE)-@replace_by_foo()]" time="0.002537250518798828"><system-out>Generated decorator : replace_by_foo(replacement=None, dummy=12)
Calling it as @replace_by_foo()
Expected SUCCESS

</system-out></testcase><testcase classname="decopatch.tests.test_main2" file="decopatch/tests/test_main2.py" line="391" name="test_all[introspection_2opt_callable_first(replacement=None, dummy=DEFAULT_DUMMY_VALUE)-@replace_by_foo(goo)]" time="0.005659818649291992"><system-out>
Generated decorator : replace_by_foo(replacement=None, dummy=12)
Calling it as @replace_by_foo(goo)
Expected SUCCESS

</system-out></testcase><testcase classname="decopatch.tests.test_main2" file="decopatch/tests/test_main2.py" line="391" name="test_all[introspection_2opt_callable_first(replacement=None, dummy=DEFAULT_DUMMY_VALUE)-@replace_by_foo(&apos;hello&apos;)]" time="0.0023882389068603516"><skipped message="the first positional arg is supposed to be the callable here" type="pytest.skip">/home/travis/build/smarie/python-decopatch/decopatch/tests/test_main2.py:409: &lt;py._xmlgen.raw object at 0x7fcaa7791d68&gt;</skipped><system-out>Generated decorator : replace_by_foo(replacement=None, dummy=12)
Calling it as @replace_by_foo(&apos;hello&apos;)
</system-out><system-out>Generated decorator : replace_by_foo(replacement=None, dummy=12)
Calling it as @replace_by_foo(&apos;hello&apos;)
</system-out></testcase><testcase classname="decopatch.tests.test_main2" file="decopatch/tests/test_main2.py" line="391" name="test_all[introspection_2opt_callable_first(replacement=None, dummy=DEFAULT_DUMMY_VALUE)-@replace_by_foo(DEFAULT_DUMMY_VALUE)]" time="0.003107786178588867"><skipped message="the first positional arg is supposed to be the callable here" type="pytest.skip">/home/travis/build/smarie/python-decopatch/decopatch/tests/test_main2.py:409: &lt;py._xmlgen.raw object at 0x7fcaa7791be0&gt;</skipped><system-out>Generated decorator : replace_by_foo(replacement=None, dummy=12)
Calling it as @replace_by_foo(DEFAULT_DUMMY_VALUE)
</system-out><system-out>Generated decorator : replace_by_foo(replacement=None, dummy=12)
Calling it as @replace_by_foo(DEFAULT_DUMMY_VALUE)
</system-out></testcase><testcase classname="decopatch.tests.test_main2" file="decopatch/tests/test_main2.py" line="391" name="test_all[introspection_2opt_callable_first(replacement=None, dummy=DEFAULT_DUMMY_VALUE)-@replace_by_foo(replacement=goo)]" time="0.0024776458740234375"><system-out>Generated decorator : replace_by_foo(replacement=None, dummy=12)
Calling it as @replace_by_foo(replacement=goo)
Expected SUCCESS

</system-out></testcase><testcase classname="decopatch.tests.test_main2" file="decopatch/tests/test_main2.py" line="391" name="test_all[introspection_2opt_callable_first(replacement=None, dummy=DEFAULT_DUMMY_VALUE)-@replace_by_foo(dummy=&apos;hello&apos;)]" time="0.002458810806274414"><system-out>Generated decorator : replace_by_foo(replacement=None, dummy=12)
Calling it as @replace_by_foo(dummy=&apos;hello&apos;)
Expected SUCCESS

</system-out></testcase><testcase classname="decopatch.tests.test_main2" file="decopatch/tests/test_main2.py" line="391" name="test_all[introspection_2opt_callable_first(replacement=None, dummy=DEFAULT_DUMMY_VALUE)-@replace_by_foo(dummy=DEFAULT_DUMMY_VALUE)]" time="0.0016837120056152344"><system-out>Generated decorator : replace_by_foo(replacement=None, dummy=12)
Calling it as @replace_by_foo(dummy=DEFAULT_DUMMY_VALUE)
Expected SUCCESS

</system-out></testcase><testcase classname="decopatch.tests.test_main2" file="decopatch/tests/test_main2.py" line="391" name="test_all[introspection_2opt_callable_first(replacement=None, dummy=DEFAULT_DUMMY_VALUE)-@replace_by_foo(goo, &apos;hello&apos;)]" time="0.0041234493255615234"><system-out>Generated decorator : replace_by_foo(replacement=None, dummy=12)
Calling it as @replace_by_foo(goo, &apos;hello&apos;)
Expected SUCCESS

</system-out></testcase><testcase classname="decopatch.tests.test_main2" file="decopatch/tests/test_main2.py" line="391" name="test_all[introspection_2opt_callable_first(replacement=None, dummy=DEFAULT_DUMMY_VALUE)-@replace_by_foo(&apos;hello&apos;, goo)]" time="0.008026599884033203"><skipped message="the order of positional args in the test does not match" type="pytest.skip">/home/travis/build/smarie/python-decopatch/decopatch/tests/test_main2.py:409: &lt;py._xmlgen.raw object at 0x7fcaa779cc18&gt;</skipped><system-out>Generated decorator : replace_by_foo(replacement=None, dummy=12)
Calling it as @replace_by_foo(&apos;hello&apos;, goo)
</system-out><system-out>Generated decorator : replace_by_foo(replacement=None, dummy=12)
Calling it as @replace_by_foo(&apos;hello&apos;, goo)
</system-out></testcase><testcase classname="decopatch.tests.test_main2" file="decopatch/tests/test_main2.py" line="391" name="test_all[introspection_2opt_callable_first(replacement=None, dummy=DEFAULT_DUMMY_VALUE)-@replace_by_foo(goo, DEFAULT_DUMMY_VALUE)]" time="0.0029599666595458984"><system-out>Generated decorator : replace_by_foo(replacement=None, dummy=12)
Calling it as @replace_by_foo(goo, DEFAULT_DUMMY_VALUE)
Expected SUCCESS

</system-out></testcase><testcase classname="decopatch.tests.test_main2" file="decopatch/tests/test_main2.py" line="391" name="test_all[introspection_2opt_callable_first(replacement=None, dummy=DEFAULT_DUMMY_VALUE)-@replace_by_foo(DEFAULT_DUMMY_VALUE, goo)]" time="0.0017642974853515625"><skipped message="the order of positional args in the test does not match" type="pytest.skip">/home/travis/build/smarie/python-decopatch/decopatch/tests/test_main2.py:409: &lt;py._xmlgen.raw object at 0x7fcaa78407b8&gt;</skipped><system-out>Generated decorator : replace_by_foo(replacement=None, dummy=12)
Calling it as @replace_by_foo(DEFAULT_DUMMY_VALUE, goo)
</system-out><system-out>Generated decorator : replace_by_foo(replacement=None, dummy=12)
Calling it as @replace_by_foo(DEFAULT_DUMMY_VALUE, goo)
</system-out></testcase><testcase classname="decopatch.tests.test_main2" file="decopatch/tests/test_main2.py" line="391" name="test_all[custom_disambiguator_2opt_callable_first(replacement=None, dummy=DEFAULT_DUMMY_VALUE)-@replace_by_foo]" time="0.002560853958129883"><system-out>Generated decorator : replace_by_foo(replacement=None, dummy=12)
Calling it as @replace_by_foo
Expected SUCCESS

</system-out></testcase><testcase classname="decopatch.tests.test_main2" file="decopatch/tests/test_main2.py" line="391" name="test_all[custom_disambiguator_2opt_callable_first(replacement=None, dummy=DEFAULT_DUMMY_VALUE)-@replace_by_foo()]" time="0.002655029296875"><system-out>Generated decorator : replace_by_foo(replacement=None, dummy=12)
Calling it as @replace_by_foo()
Expected SUCCESS

</system-out></testcase><testcase classname="decopatch.tests.test_main2" file="decopatch/tests/test_main2.py" line="391" name="test_all[custom_disambiguator_2opt_callable_first(replacement=None, dummy=DEFAULT_DUMMY_VALUE)-@replace_by_foo(goo)]" time="0.0025310516357421875"><system-out>Generated decorator : replace_by_foo(replacement=None, dummy=12)
Calling it as @replace_by_foo(goo)
Expected SUCCESS

</system-out></testcase><testcase classname="decopatch.tests.test_main2" file="decopatch/tests/test_main2.py" line="391" name="test_all[custom_disambiguator_2opt_callable_first(replacement=None, dummy=DEFAULT_DUMMY_VALUE)-@replace_by_foo(&apos;hello&apos;)]" time="0.0024149417877197266"><skipped message="the first positional arg is supposed to be the callable here" type="pytest.skip">/home/travis/build/smarie/python-decopatch/decopatch/tests/test_main2.py:409: &lt;py._xmlgen.raw object at 0x7fcaa77a4b00&gt;</skipped><system-out>Generated decorator : replace_by_foo(replacement=None, dummy=12)
Calling it as @replace_by_foo(&apos;hello&apos;)
</system-out><system-out>Generated decorator : replace_by_foo(replacement=None, dummy=12)
Calling it as @replace_by_foo(&apos;hello&apos;)
</system-out></testcase><testcase classname="decopatch.tests.test_main2" file="decopatch/tests/test_main2.py" line="391" name="test_all[custom_disambiguator_2opt_callable_first(replacement=None, dummy=DEFAULT_DUMMY_VALUE)-@replace_by_foo(DEFAULT_DUMMY_VALUE)]" time="0.002007007598876953"><skipped message="the first positional arg is supposed to be the callable here" type="pytest.skip">/home/travis/build/smarie/python-decopatch/decopatch/tests/test_main2.py:409: &lt;py._xmlgen.raw object at 0x7fcaa77a4a90&gt;</skipped><system-out>Generated decorator : replace_by_foo(replacement=None, dummy=12)
Calling it as @replace_by_foo(DEFAULT_DUMMY_VALUE)
</system-out><system-out>Generated decorator : replace_by_foo(replacement=None, dummy=12)
Calling it as @replace_by_foo(DEFAULT_DUMMY_VALUE)
</system-out></testcase><testcase classname="decopatch.tests.test_main2" file="decopatch/tests/test_main2.py" line="391" name="test_all[custom_disambiguator_2opt_callable_first(replacement=None, dummy=DEFAULT_DUMMY_VALUE)-@replace_by_foo(replacement=goo)]" time="0.002548694610595703"><system-out>Generated decorator : replace_by_foo(replacement=None, dummy=12)
Calling it as @replace_by_foo(replacement=goo)
Expected SUCCESS

</system-out></testcase><testcase classname="decopatch.tests.test_main2" file="decopatch/tests/test_main2.py" line="391" name="test_all[custom_disambiguator_2opt_callable_first(replacement=None, dummy=DEFAULT_DUMMY_VALUE)-@replace_by_foo(dummy=&apos;hello&apos;)]" time="0.0025153160095214844"><system-out>Generated decorator : replace_by_foo(replacement=None, dummy=12)
Calling it as @replace_by_foo(dummy=&apos;hello&apos;)
Expected SUCCESS

</system-out></testcase><testcase classname="decopatch.tests.test_main2" file="decopatch/tests/test_main2.py" line="391" name="test_all[custom_disambiguator_2opt_callable_first(replacement=None, dummy=DEFAULT_DUMMY_VALUE)-@replace_by_foo(dummy=DEFAULT_DUMMY_VALUE)]" time="0.0025055408477783203"><system-out>Generated decorator : replace_by_foo(replacement=None, dummy=12)
Calling it as @replace_by_foo(dummy=DEFAULT_DUMMY_VALUE)
Expected SUCCESS

</system-out></testcase><testcase classname="decopatch.tests.test_main2" file="decopatch/tests/test_main2.py" line="391" name="test_all[custom_disambiguator_2opt_callable_first(replacement=None, dummy=DEFAULT_DUMMY_VALUE)-@replace_by_foo(goo, &apos;hello&apos;)]" time="0.00229644775390625"><system-out>Generated decorator : replace_by_foo(replacement=None, dummy=12)
Calling it as @replace_by_foo(goo, &apos;hello&apos;)
Expected SUCCESS

</system-out></testcase><testcase classname="decopatch.tests.test_main2" file="decopatch/tests/test_main2.py" line="391" name="test_all[custom_disambiguator_2opt_callable_first(replacement=None, dummy=DEFAULT_DUMMY_VALUE)-@replace_by_foo(&apos;hello&apos;, goo)]" time="0.0020198822021484375"><skipped message="the order of positional args in the test does not match" type="pytest.skip">/home/travis/build/smarie/python-decopatch/decopatch/tests/test_main2.py:409: &lt;py._xmlgen.raw object at 0x7fcaa77b23c8&gt;</skipped><system-out>Generated decorator : replace_by_foo(replacement=None, dummy=12)
Calling it as @replace_by_foo(&apos;hello&apos;, goo)
</system-out><system-out>Generated decorator : replace_by_foo(replacement=None, dummy=12)
Calling it as @replace_by_foo(&apos;hello&apos;, goo)
</system-out></testcase><testcase classname="decopatch.tests.test_main2" file="decopatch/tests/test_main2.py" line="391" name="test_all[custom_disambiguator_2opt_callable_first(replacement=None, dummy=DEFAULT_DUMMY_VALUE)-@replace_by_foo(goo, DEFAULT_DUMMY_VALUE)]" time="0.0025453567504882812"><system-out>Generated decorator : replace_by_foo(replacement=None, dummy=12)
Calling it as @replace_by_foo(goo, DEFAULT_DUMMY_VALUE)
Expected SUCCESS

</system-out></testcase><testcase classname="decopatch.tests.test_main2" file="decopatch/tests/test_main2.py" line="391" name="test_all[custom_disambiguator_2opt_callable_first(replacement=None, dummy=DEFAULT_DUMMY_VALUE)-@replace_by_foo(DEFAULT_DUMMY_VALUE, goo)]" time="0.002475738525390625"><skipped message="the order of positional args in the test does not match" type="pytest.skip">/home/travis/build/smarie/python-decopatch/decopatch/tests/test_main2.py:409: &lt;py._xmlgen.raw object at 0x7fcaa77a4898&gt;</skipped><system-out>Generated decorator : replace_by_foo(replacement=None, dummy=12)
Calling it as @replace_by_foo(DEFAULT_DUMMY_VALUE, goo)
</system-out><system-out>Generated decorator : replace_by_foo(replacement=None, dummy=12)
Calling it as @replace_by_foo(DEFAULT_DUMMY_VALUE, goo)
</system-out></testcase><testcase classname="decopatch.tests.test_so" file="decopatch/tests/test_so.py" line="15" name="test_so_flat" time="0.002733469009399414"><system-out>hello from before run
a -1 b 2
hello from before run
a 100 b 2
</system-out></testcase><testcase classname="decopatch.tests.test_so" file="decopatch/tests/test_so.py" line="40" name="test_so_double_flat" time="0.00240325927734375"><system-out>hello from before run
a -1 b 2
hello from before run
a 100 b 2
</system-out></testcase><testcase classname="decopatch.tests.test_so" file="decopatch/tests/test_so.py" line="62" name="test_so_wrap[style=flat]" time="0.002474546432495117"></testcase><testcase classname="decopatch.tests.test_so" file="decopatch/tests/test_so.py" line="62" name="test_so_wrap[style=double-flat]" time="0.004181861877441406"></testcase><testcase classname="decopatch.tests.test_so" file="decopatch/tests/test_so.py" line="100" name="test_so_2[mode=flat]" time="0.003348827362060547"></testcase><testcase classname="decopatch.tests.test_so" file="decopatch/tests/test_so.py" line="100" name="test_so_2[mode=double-flat]" time="0.0032014846801757812"></testcase><testcase classname="decopatch.tests.test_so" file="decopatch/tests/test_so.py" line="144" name="test_so_3[mode=flat]" time="0.002335071563720703"></testcase><testcase classname="decopatch.tests.test_so" file="decopatch/tests/test_so.py" line="144" name="test_so_3[mode=double-flat]" time="0.004033088684082031"></testcase><testcase classname="decopatch.tests.test_so" file="decopatch/tests/test_so.py" line="189" name="test_so_4[mode=None]" time="0.004238128662109375"></testcase><testcase classname="decopatch.tests.test_so" file="decopatch/tests/test_so.py" line="189" name="test_so_4[mode=flat]" time="0.004999399185180664"></testcase></testsuite>