<?xml version="1.0" encoding="utf-8"?><testsuite errors="0" failures="0" name="pytest" skips="40" tests="245" time="1.693"><testcase classname="decopatch.tests.test_doc" file="decopatch/tests/test_doc.py" line="14" name="test_doc_add_tag_function[flat_mode=False]" time="0.006471157073974609"><system-out>Help on function add_tag in module decopatch.tests.test_doc:

add_tag(tag=&apos;hi!&apos;)
    Example decorator to add a &apos;tag&apos; attribute to a function.
    :param tag: the &apos;tag&apos; value to set on the decorated function (default &apos;hi!).

None
</system-out></testcase><testcase classname="decopatch.tests.test_doc" file="decopatch/tests/test_doc.py" line="14" name="test_doc_add_tag_function[flat_mode=True]" time="0.0029764175415039062"><system-out>Help on function add_tag in module decopatch.tests.test_doc:

add_tag(tag=&apos;hi!&apos;)
    Example decorator to add a &apos;tag&apos; attribute to a function.
    :param tag: the &apos;tag&apos; value to set on the decorated function (default &apos;hi!).

None
</system-out></testcase><testcase classname="decopatch.tests.test_doc" file="decopatch/tests/test_doc.py" line="78" name="test_doc_say_hello[nested]" time="0.004647493362426758"></testcase><testcase classname="decopatch.tests.test_doc" file="decopatch/tests/test_doc.py" line="78" name="test_doc_say_hello[flat]" time="0.005738973617553711"></testcase><testcase classname="decopatch.tests.test_doc" file="decopatch/tests/test_doc.py" line="78" name="test_doc_say_hello[double-flat]" time="0.006427288055419922"></testcase><testcase classname="decopatch.tests.test_doc" file="decopatch/tests/test_doc.py" line="207" name="test_doc_add_tag_class_and_function[flat_mode=False]" time="0.0025522708892822266"><system-out>Help on function add_tag in module decopatch.tests.test_doc:

add_tag(tag=&apos;hi!&apos;)
    Example decorator to add a &apos;tag&apos; attribute to a function or class. It can be
    used with and without parenthesis, with and without arguments.
    
    :param tag: the &apos;tag&apos; value to set on the decorated item (default &apos;hi!).

None
</system-out></testcase><testcase classname="decopatch.tests.test_doc" file="decopatch/tests/test_doc.py" line="207" name="test_doc_add_tag_class_and_function[flat_mode=True]" time="0.0021886825561523438"><system-out>Help on function add_tag in module decopatch.tests.test_doc:

add_tag(tag=&apos;hi!&apos;)
    Example decorator to add a &apos;tag&apos; attribute to a function or class. It can be
    used with and without parenthesis, with and without arguments.
    
    :param tag: the &apos;tag&apos; value to set on the decorated item (default &apos;hi!).

None
</system-out></testcase><testcase classname="decopatch.tests.test_doc_advanced" file="decopatch/tests/test_doc_advanced.py" line="17" name="test_doc_impl_first_tag_mandatory[uses_introspection=True-nested_mode=True]" time="0.02227473258972168"></testcase><testcase classname="decopatch.tests.test_doc_advanced" file="decopatch/tests/test_doc_advanced.py" line="17" name="test_doc_impl_first_tag_mandatory[uses_introspection=True-nested_mode=False]" time="0.011829614639282227"></testcase><testcase classname="decopatch.tests.test_doc_advanced" file="decopatch/tests/test_doc_advanced.py" line="17" name="test_doc_impl_first_tag_mandatory[uses_introspection=False-nested_mode=True]" time="0.002577543258666992"></testcase><testcase classname="decopatch.tests.test_doc_advanced" file="decopatch/tests/test_doc_advanced.py" line="17" name="test_doc_impl_first_tag_mandatory[uses_introspection=False-nested_mode=False]" time="0.002133607864379883"></testcase><testcase classname="decopatch.tests.test_doc_advanced" file="decopatch/tests/test_doc_advanced.py" line="82" name="test_doc_impl_first_tag_optional" time="0.002519845962524414"></testcase><testcase classname="decopatch.tests.test_doc_advanced" file="decopatch/tests/test_doc_advanced.py" line="143" name="test_doc_impl_first_say_hello" time="0.004843950271606445"></testcase><testcase classname="decopatch.tests.test_doc_advanced" file="decopatch/tests/test_doc_advanced.py" line="217" name="test_doc_impl_first_class_tag_mandatory[uses_introspection=True]" time="0.002847433090209961"></testcase><testcase classname="decopatch.tests.test_doc_advanced" file="decopatch/tests/test_doc_advanced.py" line="217" name="test_doc_impl_first_class_tag_mandatory[uses_introspection=False]" time="0.0024857521057128906"></testcase><testcase classname="decopatch.tests.test_doc_advanced" file="decopatch/tests/test_doc_advanced.py" line="267" name="test_doc_nested_mode_tag_mandatory" time="0.0010547637939453125"></testcase><testcase classname="decopatch.tests.test_doc_advanced" file="decopatch/tests/test_doc_advanced.py" line="288" name="test_doc_impl_first_tag_mandatory_protected[uses_introspection=True-kwonly=True]" time="0.0059528350830078125"></testcase><testcase classname="decopatch.tests.test_doc_advanced" file="decopatch/tests/test_doc_advanced.py" line="288" name="test_doc_impl_first_tag_mandatory_protected[uses_introspection=False-kwonly=True]" time="0.003025054931640625"></testcase><testcase classname="decopatch.tests.test_doc_advanced" file="decopatch/tests/test_doc_advanced.py" line="319" name="test_doc_impl_first_tag_optional_nonprotected[kwonly=False]" time="0.00250244140625"></testcase><testcase classname="decopatch.tests.test_doc_advanced" file="decopatch/tests/test_doc_advanced.py" line="319" name="test_doc_impl_first_tag_optional_nonprotected[kwonly=True]" time="0.0021772384643554688"></testcase><testcase classname="decopatch.tests.test_doc_advanced" file="decopatch/tests/test_doc_advanced.py" line="356" name="test_doc_impl_first_tag_optional_protected[introspection=True-kwonly=False]" time="0.010927915573120117"></testcase><testcase classname="decopatch.tests.test_doc_advanced" file="decopatch/tests/test_doc_advanced.py" line="356" name="test_doc_impl_first_tag_optional_protected[introspection=True-kwonly=True]" time="0.01105189323425293"></testcase><testcase classname="decopatch.tests.test_doc_advanced" file="decopatch/tests/test_doc_advanced.py" line="356" name="test_doc_impl_first_tag_optional_protected[introspection=False-kwonly=False]" time="0.0031290054321289062"></testcase><testcase classname="decopatch.tests.test_doc_advanced" file="decopatch/tests/test_doc_advanced.py" line="356" name="test_doc_impl_first_tag_optional_protected[introspection=False-kwonly=True]" time="0.002924680709838867"></testcase><testcase classname="decopatch.tests.test_doc_advanced" file="decopatch/tests/test_doc_advanced.py" line="427" name="test_varpos_and_decorated_before_in_flat_mode" time="0.002700328826904297"></testcase><testcase classname="decopatch.tests.test_doc_advanced" file="decopatch/tests/test_doc_advanced.py" line="450" name="test_kwargs" time="0.0021660327911376953"></testcase><testcase classname="decopatch.tests.test_doc_disambiguation" file="decopatch/tests/test_doc_disambiguation.py" line="9" name="test_no_args[flat_mode=False]" time="0.002870798110961914"></testcase><testcase classname="decopatch.tests.test_doc_disambiguation" file="decopatch/tests/test_doc_disambiguation.py" line="9" name="test_no_args[flat_mode=True]" time="0.0039327144622802734"></testcase><testcase classname="decopatch.tests.test_doc_disambiguation" file="decopatch/tests/test_doc_disambiguation.py" line="66" name="test_mandatory_kwargs[flat_mode=False]" time="0.002881765365600586"><system-out>Help on function replace_with in module decopatch.tests._test_doc_py3:

replace_with(*, replacement)
    Decorator to replace anything with the &lt;replacement&gt; object.

</system-out></testcase><testcase classname="decopatch.tests.test_doc_disambiguation" file="decopatch/tests/test_doc_disambiguation.py" line="66" name="test_mandatory_kwargs[flat_mode=True]" time="0.0031762123107910156"><system-out>Help on function replace_with in module decopatch.tests._test_doc_py3:

replace_with(*, replacement)
    Decorator to replace anything with the &lt;replacement&gt; object.

</system-out></testcase><testcase classname="decopatch.tests.test_doc_disambiguation" file="decopatch/tests/test_doc_disambiguation.py" line="90" name="test_optional_kwargs[flat_mode=False]" time="0.002214670181274414"><system-out>Help on function replace_with in module decopatch.tests._test_doc_py3:

replace_with(*, replacement=&apos;hello&apos;)
    Decorator to replace anything with the &lt;replacement&gt; object.

</system-out></testcase><testcase classname="decopatch.tests.test_doc_disambiguation" file="decopatch/tests/test_doc_disambiguation.py" line="90" name="test_optional_kwargs[flat_mode=True]" time="0.0023734569549560547"><system-out>Help on function replace_with in module decopatch.tests._test_doc_py3:

replace_with(*, replacement=&apos;hello&apos;)
    Decorator to replace anything with the &lt;replacement&gt; object.

</system-out></testcase><testcase classname="decopatch.tests.test_introspection" file="decopatch/tests/test_introspection.py" line="3" name="test_on_functions" time="0.01015925407409668"></testcase><testcase classname="decopatch.tests.test_main2" file="decopatch/tests/test_main2.py" line="391" name="test_all[easy_0_args()_flatmode_kwonly=False-@replace_by_foo]" time="0.0024907588958740234"><system-out>Generated decorator : replace_by_foo(*_)
Calling it as @replace_by_foo
Expected SUCCESS

</system-out></testcase><testcase classname="decopatch.tests.test_main2" file="decopatch/tests/test_main2.py" line="391" name="test_all[easy_0_args()_flatmode_kwonly=False-@replace_by_foo()]" time="0.001687765121459961"><system-out>Generated decorator : replace_by_foo(*_)
Calling it as @replace_by_foo()
Expected SUCCESS

</system-out></testcase><testcase classname="decopatch.tests.test_main2" file="decopatch/tests/test_main2.py" line="391" name="test_all[easy_0_args()_flatmode_kwonly=False-@replace_by_foo(goo)]" time="0.002164602279663086"><system-out>Generated decorator : replace_by_foo(*_)
Calling it as @replace_by_foo(goo)
Expected ERROR: &apos;NotADecoratorError&apos; because We are not able to disambiguate but hopefully users will realize

</system-out></testcase><testcase classname="decopatch.tests.test_main2" file="decopatch/tests/test_main2.py" line="391" name="test_all[easy_0_args()_flatmode_kwonly=False-@replace_by_foo(&apos;hello&apos;)]" time="0.002428293228149414"><system-out>Generated decorator : replace_by_foo(*_)
Calling it as @replace_by_foo(&apos;hello&apos;)
Expected ERROR: &apos;TypeError&apos; because we correctly disambiguate by default since the argument is non-callable

</system-out></testcase><testcase classname="decopatch.tests.test_main2" file="decopatch/tests/test_main2.py" line="391" name="test_all[easy_0_args()_flatmode_kwonly=False-@replace_by_foo(DEFAULT_DUMMY_VALUE)]" time="0.002441883087158203"><system-out>Generated decorator : replace_by_foo(*_)
Calling it as @replace_by_foo(DEFAULT_DUMMY_VALUE)
Expected ERROR: &apos;TypeError&apos; because we correctly disambiguate by default since the argument is non-callable

</system-out></testcase><testcase classname="decopatch.tests.test_main2" file="decopatch/tests/test_main2.py" line="391" name="test_all[easy_0_args()_flatmode_kwonly=False-@replace_by_foo(replacement=goo)]" time="0.002825498580932617"><system-out>Generated decorator : replace_by_foo(*_)
Calling it as @replace_by_foo(replacement=goo)
Expected ERROR: &apos;TypeError&apos; because python does not allow our decorator to be called with more than 1 positional, 

</system-out></testcase><testcase classname="decopatch.tests.test_main2" file="decopatch/tests/test_main2.py" line="391" name="test_all[easy_0_args()_flatmode_kwonly=False-@replace_by_foo(dummy=&apos;hello&apos;)]" time="0.0017218589782714844"><system-out>Generated decorator : replace_by_foo(*_)
Calling it as @replace_by_foo(dummy=&apos;hello&apos;)
Expected ERROR: &apos;TypeError&apos; because python does not allow our decorator to be called with more than 1 positional, 

</system-out></testcase><testcase classname="decopatch.tests.test_main2" file="decopatch/tests/test_main2.py" line="391" name="test_all[easy_0_args()_flatmode_kwonly=False-@replace_by_foo(dummy=DEFAULT_DUMMY_VALUE)]" time="0.0022628307342529297"><system-out>Generated decorator : replace_by_foo(*_)
Calling it as @replace_by_foo(dummy=DEFAULT_DUMMY_VALUE)
Expected ERROR: &apos;TypeError&apos; because python does not allow our decorator to be called with more than 1 positional, 

</system-out></testcase><testcase classname="decopatch.tests.test_main2" file="decopatch/tests/test_main2.py" line="391" name="test_all[easy_0_args()_flatmode_kwonly=False-@replace_by_foo(goo, &apos;hello&apos;)]" time="0.002376556396484375"><system-out>Generated decorator : replace_by_foo(*_)
Calling it as @replace_by_foo(goo, &apos;hello&apos;)
Expected ERROR: &apos;TypeError&apos; because python does not allow our decorator to be called with more than 1 positional, 

</system-out></testcase><testcase classname="decopatch.tests.test_main2" file="decopatch/tests/test_main2.py" line="391" name="test_all[easy_0_args()_flatmode_kwonly=False-@replace_by_foo(&apos;hello&apos;, goo)]" time="0.002494335174560547"><system-out>Generated decorator : replace_by_foo(*_)
Calling it as @replace_by_foo(&apos;hello&apos;, goo)
Expected ERROR: &apos;TypeError&apos; because python does not allow our decorator to be called with more than 1 positional, 

</system-out></testcase><testcase classname="decopatch.tests.test_main2" file="decopatch/tests/test_main2.py" line="391" name="test_all[easy_0_args()_flatmode_kwonly=False-@replace_by_foo(goo, DEFAULT_DUMMY_VALUE)]" time="0.002454519271850586"><system-out>Generated decorator : replace_by_foo(*_)
Calling it as @replace_by_foo(goo, DEFAULT_DUMMY_VALUE)
Expected ERROR: &apos;TypeError&apos; because python does not allow our decorator to be called with more than 1 positional, 

</system-out></testcase><testcase classname="decopatch.tests.test_main2" file="decopatch/tests/test_main2.py" line="391" name="test_all[easy_0_args()_flatmode_kwonly=False-@replace_by_foo(DEFAULT_DUMMY_VALUE, goo)]" time="0.00180816650390625"><system-out>Generated decorator : replace_by_foo(*_)
Calling it as @replace_by_foo(DEFAULT_DUMMY_VALUE, goo)
Expected ERROR: &apos;TypeError&apos; because python does not allow our decorator to be called with more than 1 positional, 

</system-out></testcase><testcase classname="decopatch.tests.test_main2" file="decopatch/tests/test_main2.py" line="391" name="test_all[easy_0_args()_flatmode_kwonly=True-@replace_by_foo]" time="0.002340555191040039"><system-out>Generated decorator : replace_by_foo(*_)
Calling it as @replace_by_foo
Expected SUCCESS

</system-out></testcase><testcase classname="decopatch.tests.test_main2" file="decopatch/tests/test_main2.py" line="391" name="test_all[easy_0_args()_flatmode_kwonly=True-@replace_by_foo()]" time="0.0030829906463623047"><system-out>Generated decorator : replace_by_foo(*_)
Calling it as @replace_by_foo()
Expected SUCCESS

</system-out></testcase><testcase classname="decopatch.tests.test_main2" file="decopatch/tests/test_main2.py" line="391" name="test_all[easy_0_args()_flatmode_kwonly=True-@replace_by_foo(goo)]" time="0.004016876220703125"><system-out>Generated decorator : replace_by_foo(*_)
Calling it as @replace_by_foo(goo)
Expected ERROR: &apos;NotADecoratorError&apos; because We are not able to disambiguate but hopefully users will realize

</system-out></testcase><testcase classname="decopatch.tests.test_main2" file="decopatch/tests/test_main2.py" line="391" name="test_all[easy_0_args()_flatmode_kwonly=True-@replace_by_foo(&apos;hello&apos;)]" time="0.0034270286560058594"><system-out>Generated decorator : replace_by_foo(*_)
Calling it as @replace_by_foo(&apos;hello&apos;)
Expected ERROR: &apos;TypeError&apos; because we correctly disambiguate by default since the argument is non-callable

</system-out></testcase><testcase classname="decopatch.tests.test_main2" file="decopatch/tests/test_main2.py" line="391" name="test_all[easy_0_args()_flatmode_kwonly=True-@replace_by_foo(DEFAULT_DUMMY_VALUE)]" time="0.006050586700439453"><system-out>Generated decorator : replace_by_foo(*_)
Calling it as @replace_by_foo(DEFAULT_DUMMY_VALUE)
Expected ERROR: &apos;TypeError&apos; because we correctly disambiguate by default since the argument is non-callable

</system-out></testcase><testcase classname="decopatch.tests.test_main2" file="decopatch/tests/test_main2.py" line="391" name="test_all[easy_0_args()_flatmode_kwonly=True-@replace_by_foo(replacement=goo)]" time="0.0025818347930908203"><system-out>Generated decorator : replace_by_foo(*_)
Calling it as @replace_by_foo(replacement=goo)
Expected ERROR: &apos;TypeError&apos; because python does not allow our decorator to be called with more than 1 positional, 

</system-out></testcase><testcase classname="decopatch.tests.test_main2" file="decopatch/tests/test_main2.py" line="391" name="test_all[easy_0_args()_flatmode_kwonly=True-@replace_by_foo(dummy=&apos;hello&apos;)]" time="0.0024018287658691406"><system-out>Generated decorator : replace_by_foo(*_)
Calling it as @replace_by_foo(dummy=&apos;hello&apos;)
Expected ERROR: &apos;TypeError&apos; because python does not allow our decorator to be called with more than 1 positional, 

</system-out></testcase><testcase classname="decopatch.tests.test_main2" file="decopatch/tests/test_main2.py" line="391" name="test_all[easy_0_args()_flatmode_kwonly=True-@replace_by_foo(dummy=DEFAULT_DUMMY_VALUE)]" time="0.002274036407470703"><system-out>Generated decorator : replace_by_foo(*_)
Calling it as @replace_by_foo(dummy=DEFAULT_DUMMY_VALUE)
Expected ERROR: &apos;TypeError&apos; because python does not allow our decorator to be called with more than 1 positional, 

</system-out></testcase><testcase classname="decopatch.tests.test_main2" file="decopatch/tests/test_main2.py" line="391" name="test_all[easy_0_args()_flatmode_kwonly=True-@replace_by_foo(goo, &apos;hello&apos;)]" time="0.002063751220703125"><system-out>Generated decorator : replace_by_foo(*_)
Calling it as @replace_by_foo(goo, &apos;hello&apos;)
Expected ERROR: &apos;TypeError&apos; because python does not allow our decorator to be called with more than 1 positional, 

</system-out></testcase><testcase classname="decopatch.tests.test_main2" file="decopatch/tests/test_main2.py" line="391" name="test_all[easy_0_args()_flatmode_kwonly=True-@replace_by_foo(&apos;hello&apos;, goo)]" time="0.002674579620361328"><system-out>Generated decorator : replace_by_foo(*_)
Calling it as @replace_by_foo(&apos;hello&apos;, goo)
Expected ERROR: &apos;TypeError&apos; because python does not allow our decorator to be called with more than 1 positional, 

</system-out></testcase><testcase classname="decopatch.tests.test_main2" file="decopatch/tests/test_main2.py" line="391" name="test_all[easy_0_args()_flatmode_kwonly=True-@replace_by_foo(goo, DEFAULT_DUMMY_VALUE)]" time="0.002147197723388672"><system-out>Generated decorator : replace_by_foo(*_)
Calling it as @replace_by_foo(goo, DEFAULT_DUMMY_VALUE)
Expected ERROR: &apos;TypeError&apos; because python does not allow our decorator to be called with more than 1 positional, 

</system-out></testcase><testcase classname="decopatch.tests.test_main2" file="decopatch/tests/test_main2.py" line="391" name="test_all[easy_0_args()_flatmode_kwonly=True-@replace_by_foo(DEFAULT_DUMMY_VALUE, goo)]" time="0.002252817153930664"><system-out>Generated decorator : replace_by_foo(*_)
Calling it as @replace_by_foo(DEFAULT_DUMMY_VALUE, goo)
Expected ERROR: &apos;TypeError&apos; because python does not allow our decorator to be called with more than 1 positional, 

</system-out></testcase><testcase classname="decopatch.tests.test_main2" file="decopatch/tests/test_main2.py" line="391" name="test_all[case_hard_varpositional-@replace_by_foo]" time="0.002125263214111328"><system-out>Generated decorator : replace_by_foo(*args)
Calling it as @replace_by_foo
Expected SUCCESS

</system-out></testcase><testcase classname="decopatch.tests.test_main2" file="decopatch/tests/test_main2.py" line="391" name="test_all[case_hard_varpositional-@replace_by_foo()]" time="0.0021250247955322266"><system-out>Generated decorator : replace_by_foo(*args)
Calling it as @replace_by_foo()
Expected SUCCESS

</system-out></testcase><testcase classname="decopatch.tests.test_main2" file="decopatch/tests/test_main2.py" line="391" name="test_all[case_hard_varpositional-@replace_by_foo(goo)]" time="0.002184629440307617"><system-out>Generated decorator : replace_by_foo(*args)
Calling it as @replace_by_foo(goo)
Expected ERROR: &apos;NotADecoratorError&apos; because We are not able to disambiguate but hopefully users will realize

</system-out></testcase><testcase classname="decopatch.tests.test_main2" file="decopatch/tests/test_main2.py" line="391" name="test_all[case_hard_varpositional-@replace_by_foo(&apos;hello&apos;)]" time="0.0018436908721923828"><system-out>Generated decorator : replace_by_foo(*args)
Calling it as @replace_by_foo(&apos;hello&apos;)
Expected SUCCESS

</system-out></testcase><testcase classname="decopatch.tests.test_main2" file="decopatch/tests/test_main2.py" line="391" name="test_all[case_hard_varpositional-@replace_by_foo(DEFAULT_DUMMY_VALUE)]" time="0.0037899017333984375"><system-out>Generated decorator : replace_by_foo(*args)
Calling it as @replace_by_foo(DEFAULT_DUMMY_VALUE)
Expected SUCCESS

</system-out></testcase><testcase classname="decopatch.tests.test_main2" file="decopatch/tests/test_main2.py" line="391" name="test_all[case_hard_varpositional-@replace_by_foo(replacement=goo)]" time="0.0021486282348632812"><system-out>Generated decorator : replace_by_foo(*args)
Calling it as @replace_by_foo(replacement=goo)
Expected ERROR: &apos;TypeError&apos; because decorator impl does not accept keyword args

</system-out></testcase><testcase classname="decopatch.tests.test_main2" file="decopatch/tests/test_main2.py" line="391" name="test_all[case_hard_varpositional-@replace_by_foo(dummy=&apos;hello&apos;)]" time="0.002141237258911133"><system-out>Generated decorator : replace_by_foo(*args)
Calling it as @replace_by_foo(dummy=&apos;hello&apos;)
Expected ERROR: &apos;TypeError&apos; because decorator impl does not accept keyword args

</system-out></testcase><testcase classname="decopatch.tests.test_main2" file="decopatch/tests/test_main2.py" line="391" name="test_all[case_hard_varpositional-@replace_by_foo(dummy=DEFAULT_DUMMY_VALUE)]" time="0.0021347999572753906"><system-out>Generated decorator : replace_by_foo(*args)
Calling it as @replace_by_foo(dummy=DEFAULT_DUMMY_VALUE)
Expected ERROR: &apos;TypeError&apos; because decorator impl does not accept keyword args

</system-out></testcase><testcase classname="decopatch.tests.test_main2" file="decopatch/tests/test_main2.py" line="391" name="test_all[case_hard_varpositional-@replace_by_foo(goo, &apos;hello&apos;)]" time="0.001958131790161133"><system-out>Generated decorator : replace_by_foo(*args)
Calling it as @replace_by_foo(goo, &apos;hello&apos;)
Expected SUCCESS

</system-out></testcase><testcase classname="decopatch.tests.test_main2" file="decopatch/tests/test_main2.py" line="391" name="test_all[case_hard_varpositional-@replace_by_foo(&apos;hello&apos;, goo)]" time="0.001867532730102539"><system-out>Generated decorator : replace_by_foo(*args)
Calling it as @replace_by_foo(&apos;hello&apos;, goo)
Expected SUCCESS

</system-out></testcase><testcase classname="decopatch.tests.test_main2" file="decopatch/tests/test_main2.py" line="391" name="test_all[case_hard_varpositional-@replace_by_foo(goo, DEFAULT_DUMMY_VALUE)]" time="0.0020599365234375"><system-out>Generated decorator : replace_by_foo(*args)
Calling it as @replace_by_foo(goo, DEFAULT_DUMMY_VALUE)
Expected SUCCESS

</system-out></testcase><testcase classname="decopatch.tests.test_main2" file="decopatch/tests/test_main2.py" line="391" name="test_all[case_hard_varpositional-@replace_by_foo(DEFAULT_DUMMY_VALUE, goo)]" time="0.002078533172607422"><system-out>Generated decorator : replace_by_foo(*args)
Calling it as @replace_by_foo(DEFAULT_DUMMY_VALUE, goo)
Expected SUCCESS

</system-out></testcase><testcase classname="decopatch.tests.test_main2" file="decopatch/tests/test_main2.py" line="391" name="test_all[default_1m_arg(dummy)-@replace_by_foo]" time="0.002295970916748047"><system-out>Generated decorator : replace_by_foo(dummy)
Calling it as @replace_by_foo
Expected ERROR: &apos;InvalidMandatoryArgError&apos; because a no-parenthesis usage will be declared by the default disambiguator or the stack introspecter as decorated target

</system-out></testcase><testcase classname="decopatch.tests.test_main2" file="decopatch/tests/test_main2.py" line="391" name="test_all[default_1m_arg(dummy)-@replace_by_foo()]" time="0.0019087791442871094"><system-out>Generated decorator : replace_by_foo(dummy)
Calling it as @replace_by_foo()
Expected ERROR: &apos;TypeError&apos; because python does not allow f() if f has 1 mandatory arg

</system-out></testcase><testcase classname="decopatch.tests.test_main2" file="decopatch/tests/test_main2.py" line="391" name="test_all[default_1m_arg(dummy)-@replace_by_foo(goo)]" time="0.001772165298461914"><system-out>Generated decorator : replace_by_foo(dummy)
Calling it as @replace_by_foo(goo)
Expected ERROR: &apos;InvalidMandatoryArgError&apos; because calling with a single positional callablewill be declared by the default disambiguator or the stack introspecter as decorated target, andtherefore it will say that there is something missing

</system-out></testcase><testcase classname="decopatch.tests.test_main2" file="decopatch/tests/test_main2.py" line="391" name="test_all[default_1m_arg(dummy)-@replace_by_foo(&apos;hello&apos;)]" time="0.0017063617706298828"><system-out>Generated decorator : replace_by_foo(dummy)
Calling it as @replace_by_foo(&apos;hello&apos;)
Expected SUCCESS

</system-out></testcase><testcase classname="decopatch.tests.test_main2" file="decopatch/tests/test_main2.py" line="391" name="test_all[default_1m_arg(dummy)-@replace_by_foo(DEFAULT_DUMMY_VALUE)]" time="0.0019059181213378906"><system-out>Generated decorator : replace_by_foo(dummy)
Calling it as @replace_by_foo(DEFAULT_DUMMY_VALUE)
Expected SUCCESS

</system-out></testcase><testcase classname="decopatch.tests.test_main2" file="decopatch/tests/test_main2.py" line="391" name="test_all[default_1m_arg(dummy)-@replace_by_foo(replacement=goo)]" time="0.0022039413452148438"><skipped message="decorator impl does not have a &apos;replacement&apos; arg" type="pytest.skip">/home/travis/build/smarie/python-decopatch/decopatch/tests/test_main2.py:409: &lt;py._xmlgen.raw object at 0x7fe0935c2f98&gt;</skipped><system-out>Generated decorator : replace_by_foo(dummy)
Calling it as @replace_by_foo(replacement=goo)
</system-out><system-out>Generated decorator : replace_by_foo(dummy)
Calling it as @replace_by_foo(replacement=goo)
</system-out></testcase><testcase classname="decopatch.tests.test_main2" file="decopatch/tests/test_main2.py" line="391" name="test_all[default_1m_arg(dummy)-@replace_by_foo(dummy=&apos;hello&apos;)]" time="0.0019207000732421875"><system-out>Generated decorator : replace_by_foo(dummy)
Calling it as @replace_by_foo(dummy=&apos;hello&apos;)
Expected SUCCESS

</system-out></testcase><testcase classname="decopatch.tests.test_main2" file="decopatch/tests/test_main2.py" line="391" name="test_all[default_1m_arg(dummy)-@replace_by_foo(dummy=DEFAULT_DUMMY_VALUE)]" time="0.0021436214447021484"><system-out>Generated decorator : replace_by_foo(dummy)
Calling it as @replace_by_foo(dummy=DEFAULT_DUMMY_VALUE)
Expected SUCCESS

</system-out></testcase><testcase classname="decopatch.tests.test_main2" file="decopatch/tests/test_main2.py" line="391" name="test_all[default_1m_arg(dummy)-@replace_by_foo(goo, &apos;hello&apos;)]" time="0.0018358230590820312"><system-out>Generated decorator : replace_by_foo(dummy)
Calling it as @replace_by_foo(goo, &apos;hello&apos;)
Expected ERROR: &apos;TypeError&apos; because python does not allow 2 args if f has 1 arg

</system-out></testcase><testcase classname="decopatch.tests.test_main2" file="decopatch/tests/test_main2.py" line="391" name="test_all[default_1m_arg(dummy)-@replace_by_foo(&apos;hello&apos;, goo)]" time="0.0018208026885986328"><system-out>Generated decorator : replace_by_foo(dummy)
Calling it as @replace_by_foo(&apos;hello&apos;, goo)
Expected ERROR: &apos;TypeError&apos; because python does not allow 2 args if f has 1 arg

</system-out></testcase><testcase classname="decopatch.tests.test_main2" file="decopatch/tests/test_main2.py" line="391" name="test_all[default_1m_arg(dummy)-@replace_by_foo(goo, DEFAULT_DUMMY_VALUE)]" time="0.0020225048065185547"><system-out>Generated decorator : replace_by_foo(dummy)
Calling it as @replace_by_foo(goo, DEFAULT_DUMMY_VALUE)
Expected ERROR: &apos;TypeError&apos; because python does not allow 2 args if f has 1 arg

</system-out></testcase><testcase classname="decopatch.tests.test_main2" file="decopatch/tests/test_main2.py" line="391" name="test_all[default_1m_arg(dummy)-@replace_by_foo(DEFAULT_DUMMY_VALUE, goo)]" time="0.0019922256469726562"><system-out>Generated decorator : replace_by_foo(dummy)
Calling it as @replace_by_foo(DEFAULT_DUMMY_VALUE, goo)
Expected ERROR: &apos;TypeError&apos; because python does not allow 2 args if f has 1 arg

</system-out></testcase><testcase classname="decopatch.tests.test_main2" file="decopatch/tests/test_main2.py" line="391" name="test_all[introspection_1m_arg(dummy)-@replace_by_foo]" time="0.006024837493896484"><system-out>Generated decorator : replace_by_foo(dummy)
Calling it as @replace_by_foo
Expected ERROR: &apos;InvalidMandatoryArgError&apos; because a no-parenthesis usage will be declared by the default disambiguator or the stack introspecter as decorated target

</system-out></testcase><testcase classname="decopatch.tests.test_main2" file="decopatch/tests/test_main2.py" line="391" name="test_all[introspection_1m_arg(dummy)-@replace_by_foo()]" time="0.001953601837158203"><system-out>Generated decorator : replace_by_foo(dummy)
Calling it as @replace_by_foo()
Expected ERROR: &apos;TypeError&apos; because python does not allow f() if f has 1 mandatory arg

</system-out></testcase><testcase classname="decopatch.tests.test_main2" file="decopatch/tests/test_main2.py" line="391" name="test_all[introspection_1m_arg(dummy)-@replace_by_foo(goo)]" time="0.007118701934814453"><system-out>Generated decorator : replace_by_foo(dummy)
Calling it as @replace_by_foo(goo)
Expected ERROR: &apos;AssertionError&apos; because The stack introspector will work correctly. So the decorated functionwill be replaced by foo. Which is not`goo`

</system-out></testcase><testcase classname="decopatch.tests.test_main2" file="decopatch/tests/test_main2.py" line="391" name="test_all[introspection_1m_arg(dummy)-@replace_by_foo(&apos;hello&apos;)]" time="0.0019130706787109375"><system-out>Generated decorator : replace_by_foo(dummy)
Calling it as @replace_by_foo(&apos;hello&apos;)
Expected SUCCESS

</system-out></testcase><testcase classname="decopatch.tests.test_main2" file="decopatch/tests/test_main2.py" line="391" name="test_all[introspection_1m_arg(dummy)-@replace_by_foo(DEFAULT_DUMMY_VALUE)]" time="0.0019304752349853516"><system-out>Generated decorator : replace_by_foo(dummy)
Calling it as @replace_by_foo(DEFAULT_DUMMY_VALUE)
Expected SUCCESS

</system-out></testcase><testcase classname="decopatch.tests.test_main2" file="decopatch/tests/test_main2.py" line="391" name="test_all[introspection_1m_arg(dummy)-@replace_by_foo(replacement=goo)]" time="0.002096891403198242"><skipped message="decorator impl does not have a &apos;replacement&apos; arg" type="pytest.skip">/home/travis/build/smarie/python-decopatch/decopatch/tests/test_main2.py:409: &lt;py._xmlgen.raw object at 0x7fe093576198&gt;</skipped><system-out>Generated decorator : replace_by_foo(dummy)
Calling it as @replace_by_foo(replacement=goo)
</system-out><system-out>Generated decorator : replace_by_foo(dummy)
Calling it as @replace_by_foo(replacement=goo)
</system-out></testcase><testcase classname="decopatch.tests.test_main2" file="decopatch/tests/test_main2.py" line="391" name="test_all[introspection_1m_arg(dummy)-@replace_by_foo(dummy=&apos;hello&apos;)]" time="0.0017845630645751953"><system-out>Generated decorator : replace_by_foo(dummy)
Calling it as @replace_by_foo(dummy=&apos;hello&apos;)
Expected SUCCESS

</system-out></testcase><testcase classname="decopatch.tests.test_main2" file="decopatch/tests/test_main2.py" line="391" name="test_all[introspection_1m_arg(dummy)-@replace_by_foo(dummy=DEFAULT_DUMMY_VALUE)]" time="0.0018393993377685547"><system-out>Generated decorator : replace_by_foo(dummy)
Calling it as @replace_by_foo(dummy=DEFAULT_DUMMY_VALUE)
Expected SUCCESS

</system-out></testcase><testcase classname="decopatch.tests.test_main2" file="decopatch/tests/test_main2.py" line="391" name="test_all[introspection_1m_arg(dummy)-@replace_by_foo(goo, &apos;hello&apos;)]" time="0.0022804737091064453"><system-out>Generated decorator : replace_by_foo(dummy)
Calling it as @replace_by_foo(goo, &apos;hello&apos;)
Expected ERROR: &apos;TypeError&apos; because python does not allow 2 args if f has 1 arg

</system-out></testcase><testcase classname="decopatch.tests.test_main2" file="decopatch/tests/test_main2.py" line="391" name="test_all[introspection_1m_arg(dummy)-@replace_by_foo(&apos;hello&apos;, goo)]" time="0.001973390579223633"><system-out>Generated decorator : replace_by_foo(dummy)
Calling it as @replace_by_foo(&apos;hello&apos;, goo)
Expected ERROR: &apos;TypeError&apos; because python does not allow 2 args if f has 1 arg

</system-out></testcase><testcase classname="decopatch.tests.test_main2" file="decopatch/tests/test_main2.py" line="391" name="test_all[introspection_1m_arg(dummy)-@replace_by_foo(goo, DEFAULT_DUMMY_VALUE)]" time="0.0019979476928710938"><system-out>Generated decorator : replace_by_foo(dummy)
Calling it as @replace_by_foo(goo, DEFAULT_DUMMY_VALUE)
Expected ERROR: &apos;TypeError&apos; because python does not allow 2 args if f has 1 arg

</system-out></testcase><testcase classname="decopatch.tests.test_main2" file="decopatch/tests/test_main2.py" line="391" name="test_all[introspection_1m_arg(dummy)-@replace_by_foo(DEFAULT_DUMMY_VALUE, goo)]" time="0.0019719600677490234"><system-out>Generated decorator : replace_by_foo(dummy)
Calling it as @replace_by_foo(DEFAULT_DUMMY_VALUE, goo)
Expected ERROR: &apos;TypeError&apos; because python does not allow 2 args if f has 1 arg

</system-out></testcase><testcase classname="decopatch.tests.test_main2" file="decopatch/tests/test_main2.py" line="391" name="test_all[protected(default)_1m_arg(replacement)_kwonly=False-@replace_by_foo]" time="0.0016934871673583984"><system-out>Generated decorator : replace_by_foo(replacement)
Calling it as @replace_by_foo
Expected ERROR: &apos;InvalidMandatoryArgError&apos; because using the decorator without parenthesis mimics usage with a single arg.

</system-out></testcase><testcase classname="decopatch.tests.test_main2" file="decopatch/tests/test_main2.py" line="391" name="test_all[protected(default)_1m_arg(replacement)_kwonly=False-@replace_by_foo()]" time="0.0019154548645019531"><system-out>Generated decorator : replace_by_foo(replacement)
Calling it as @replace_by_foo()
Expected ERROR: &apos;TypeError&apos; because python does not allow f() if f has 1 mandatory arg

</system-out></testcase><testcase classname="decopatch.tests.test_main2" file="decopatch/tests/test_main2.py" line="391" name="test_all[protected(default)_1m_arg(replacement)_kwonly=False-@replace_by_foo(goo)]" time="0.0020112991333007812"><system-out>Generated decorator : replace_by_foo(replacement)
Calling it as @replace_by_foo(goo)
Expected ERROR: &apos;InvalidMandatoryArgError&apos; because calling a decorator with a callable as first and only non-default argument leads by default to an error

</system-out></testcase><testcase classname="decopatch.tests.test_main2" file="decopatch/tests/test_main2.py" line="391" name="test_all[protected(default)_1m_arg(replacement)_kwonly=False-@replace_by_foo(&apos;hello&apos;)]" time="0.0020127296447753906"><skipped message="This decorator does not access a noncallable positional arg" type="pytest.skip">/home/travis/build/smarie/python-decopatch/decopatch/tests/test_main2.py:409: &lt;py._xmlgen.raw object at 0x7fe093582c18&gt;</skipped><system-out>Generated decorator : replace_by_foo(replacement)
Calling it as @replace_by_foo(&apos;hello&apos;)
</system-out><system-out>Generated decorator : replace_by_foo(replacement)
Calling it as @replace_by_foo(&apos;hello&apos;)
</system-out></testcase><testcase classname="decopatch.tests.test_main2" file="decopatch/tests/test_main2.py" line="391" name="test_all[protected(default)_1m_arg(replacement)_kwonly=False-@replace_by_foo(DEFAULT_DUMMY_VALUE)]" time="0.002215147018432617"><skipped message="This decorator does not access a noncallable positional arg" type="pytest.skip">/home/travis/build/smarie/python-decopatch/decopatch/tests/test_main2.py:409: &lt;py._xmlgen.raw object at 0x7fe093582ac8&gt;</skipped><system-out>Generated decorator : replace_by_foo(replacement)
Calling it as @replace_by_foo(DEFAULT_DUMMY_VALUE)
</system-out><system-out>Generated decorator : replace_by_foo(replacement)
Calling it as @replace_by_foo(DEFAULT_DUMMY_VALUE)
</system-out></testcase><testcase classname="decopatch.tests.test_main2" file="decopatch/tests/test_main2.py" line="391" name="test_all[protected(default)_1m_arg(replacement)_kwonly=False-@replace_by_foo(replacement=goo)]" time="0.0019478797912597656"><system-out>Generated decorator : replace_by_foo(replacement)
Calling it as @replace_by_foo(replacement=goo)
Expected SUCCESS

</system-out></testcase><testcase classname="decopatch.tests.test_main2" file="decopatch/tests/test_main2.py" line="391" name="test_all[protected(default)_1m_arg(replacement)_kwonly=False-@replace_by_foo(dummy=&apos;hello&apos;)]" time="0.0018198490142822266"><skipped message="decorator impl does not have a &apos;dummy&apos; arg" type="pytest.skip">/home/travis/build/smarie/python-decopatch/decopatch/tests/test_main2.py:409: &lt;py._xmlgen.raw object at 0x7fe093586940&gt;</skipped><system-out>Generated decorator : replace_by_foo(replacement)
Calling it as @replace_by_foo(dummy=&apos;hello&apos;)
</system-out><system-out>Generated decorator : replace_by_foo(replacement)
Calling it as @replace_by_foo(dummy=&apos;hello&apos;)
</system-out></testcase><testcase classname="decopatch.tests.test_main2" file="decopatch/tests/test_main2.py" line="391" name="test_all[protected(default)_1m_arg(replacement)_kwonly=False-@replace_by_foo(dummy=DEFAULT_DUMMY_VALUE)]" time="0.0022139549255371094"><skipped message="decorator impl does not have a &apos;dummy&apos; arg" type="pytest.skip">/home/travis/build/smarie/python-decopatch/decopatch/tests/test_main2.py:409: &lt;py._xmlgen.raw object at 0x7fe09358d518&gt;</skipped><system-out>Generated decorator : replace_by_foo(replacement)
Calling it as @replace_by_foo(dummy=DEFAULT_DUMMY_VALUE)
</system-out><system-out>Generated decorator : replace_by_foo(replacement)
Calling it as @replace_by_foo(dummy=DEFAULT_DUMMY_VALUE)
</system-out></testcase><testcase classname="decopatch.tests.test_main2" file="decopatch/tests/test_main2.py" line="391" name="test_all[protected(default)_1m_arg(replacement)_kwonly=False-@replace_by_foo(goo, &apos;hello&apos;)]" time="0.001972198486328125"><system-out>Generated decorator : replace_by_foo(replacement)
Calling it as @replace_by_foo(goo, &apos;hello&apos;)
Expected ERROR: &apos;TypeError&apos; because python does not allow 2 args if f has 1 arg

</system-out></testcase><testcase classname="decopatch.tests.test_main2" file="decopatch/tests/test_main2.py" line="391" name="test_all[protected(default)_1m_arg(replacement)_kwonly=False-@replace_by_foo(&apos;hello&apos;, goo)]" time="0.0019638538360595703"><system-out>Generated decorator : replace_by_foo(replacement)
Calling it as @replace_by_foo(&apos;hello&apos;, goo)
Expected ERROR: &apos;TypeError&apos; because python does not allow 2 args if f has 1 arg

</system-out></testcase><testcase classname="decopatch.tests.test_main2" file="decopatch/tests/test_main2.py" line="391" name="test_all[protected(default)_1m_arg(replacement)_kwonly=False-@replace_by_foo(goo, DEFAULT_DUMMY_VALUE)]" time="0.0019176006317138672"><system-out>Generated decorator : replace_by_foo(replacement)
Calling it as @replace_by_foo(goo, DEFAULT_DUMMY_VALUE)
Expected ERROR: &apos;TypeError&apos; because python does not allow 2 args if f has 1 arg

</system-out></testcase><testcase classname="decopatch.tests.test_main2" file="decopatch/tests/test_main2.py" line="391" name="test_all[protected(default)_1m_arg(replacement)_kwonly=False-@replace_by_foo(DEFAULT_DUMMY_VALUE, goo)]" time="0.0017750263214111328"><system-out>Generated decorator : replace_by_foo(replacement)
Calling it as @replace_by_foo(DEFAULT_DUMMY_VALUE, goo)
Expected ERROR: &apos;TypeError&apos; because python does not allow 2 args if f has 1 arg

</system-out></testcase><testcase classname="decopatch.tests.test_main2" file="decopatch/tests/test_main2.py" line="391" name="test_all[protected(default)_1m_arg(replacement)_kwonly=True-@replace_by_foo]" time="0.0017979145050048828"><system-out>Generated decorator : replace_by_foo(replacement)
Calling it as @replace_by_foo
Expected ERROR: &apos;InvalidMandatoryArgError&apos; because using the decorator without parenthesis mimics usage with a single arg.

</system-out></testcase><testcase classname="decopatch.tests.test_main2" file="decopatch/tests/test_main2.py" line="391" name="test_all[protected(default)_1m_arg(replacement)_kwonly=True-@replace_by_foo()]" time="0.0019779205322265625"><system-out>Generated decorator : replace_by_foo(replacement)
Calling it as @replace_by_foo()
Expected ERROR: &apos;TypeError&apos; because python does not allow f() if f has 1 mandatory arg

</system-out></testcase><testcase classname="decopatch.tests.test_main2" file="decopatch/tests/test_main2.py" line="391" name="test_all[protected(default)_1m_arg(replacement)_kwonly=True-@replace_by_foo(goo)]" time="0.0019915103912353516"><system-out>Generated decorator : replace_by_foo(replacement)
Calling it as @replace_by_foo(goo)
Expected ERROR: &apos;InvalidMandatoryArgError&apos; because calling a decorator with a callable as first and only non-default argument leads by default to an error

</system-out></testcase><testcase classname="decopatch.tests.test_main2" file="decopatch/tests/test_main2.py" line="391" name="test_all[protected(default)_1m_arg(replacement)_kwonly=True-@replace_by_foo(&apos;hello&apos;)]" time="0.0019390583038330078"><skipped message="This decorator does not access a noncallable positional arg" type="pytest.skip">/home/travis/build/smarie/python-decopatch/decopatch/tests/test_main2.py:409: &lt;py._xmlgen.raw object at 0x7fe093593e48&gt;</skipped><system-out>Generated decorator : replace_by_foo(replacement)
Calling it as @replace_by_foo(&apos;hello&apos;)
</system-out><system-out>Generated decorator : replace_by_foo(replacement)
Calling it as @replace_by_foo(&apos;hello&apos;)
</system-out></testcase><testcase classname="decopatch.tests.test_main2" file="decopatch/tests/test_main2.py" line="391" name="test_all[protected(default)_1m_arg(replacement)_kwonly=True-@replace_by_foo(DEFAULT_DUMMY_VALUE)]" time="0.0019483566284179688"><skipped message="This decorator does not access a noncallable positional arg" type="pytest.skip">/home/travis/build/smarie/python-decopatch/decopatch/tests/test_main2.py:409: &lt;py._xmlgen.raw object at 0x7fe0935982b0&gt;</skipped><system-out>Generated decorator : replace_by_foo(replacement)
Calling it as @replace_by_foo(DEFAULT_DUMMY_VALUE)
</system-out><system-out>Generated decorator : replace_by_foo(replacement)
Calling it as @replace_by_foo(DEFAULT_DUMMY_VALUE)
</system-out></testcase><testcase classname="decopatch.tests.test_main2" file="decopatch/tests/test_main2.py" line="391" name="test_all[protected(default)_1m_arg(replacement)_kwonly=True-@replace_by_foo(replacement=goo)]" time="0.0017323493957519531"><system-out>Generated decorator : replace_by_foo(replacement)
Calling it as @replace_by_foo(replacement=goo)
Expected SUCCESS

</system-out></testcase><testcase classname="decopatch.tests.test_main2" file="decopatch/tests/test_main2.py" line="391" name="test_all[protected(default)_1m_arg(replacement)_kwonly=True-@replace_by_foo(dummy=&apos;hello&apos;)]" time="0.0017704963684082031"><skipped message="decorator impl does not have a &apos;dummy&apos; arg" type="pytest.skip">/home/travis/build/smarie/python-decopatch/decopatch/tests/test_main2.py:409: &lt;py._xmlgen.raw object at 0x7fe09359c400&gt;</skipped><system-out>Generated decorator : replace_by_foo(replacement)
Calling it as @replace_by_foo(dummy=&apos;hello&apos;)
</system-out><system-out>Generated decorator : replace_by_foo(replacement)
Calling it as @replace_by_foo(dummy=&apos;hello&apos;)
</system-out></testcase><testcase classname="decopatch.tests.test_main2" file="decopatch/tests/test_main2.py" line="391" name="test_all[protected(default)_1m_arg(replacement)_kwonly=True-@replace_by_foo(dummy=DEFAULT_DUMMY_VALUE)]" time="0.0019431114196777344"><skipped message="decorator impl does not have a &apos;dummy&apos; arg" type="pytest.skip">/home/travis/build/smarie/python-decopatch/decopatch/tests/test_main2.py:409: &lt;py._xmlgen.raw object at 0x7fe0935a2080&gt;</skipped><system-out>Generated decorator : replace_by_foo(replacement)
Calling it as @replace_by_foo(dummy=DEFAULT_DUMMY_VALUE)
</system-out><system-out>Generated decorator : replace_by_foo(replacement)
Calling it as @replace_by_foo(dummy=DEFAULT_DUMMY_VALUE)
</system-out></testcase><testcase classname="decopatch.tests.test_main2" file="decopatch/tests/test_main2.py" line="391" name="test_all[protected(default)_1m_arg(replacement)_kwonly=True-@replace_by_foo(goo, &apos;hello&apos;)]" time="0.005450725555419922"><system-out>Generated decorator : replace_by_foo(replacement)
Calling it as @replace_by_foo(goo, &apos;hello&apos;)
Expected ERROR: &apos;TypeError&apos; because python does not allow 2 args if f has 1 arg

</system-out></testcase><testcase classname="decopatch.tests.test_main2" file="decopatch/tests/test_main2.py" line="391" name="test_all[protected(default)_1m_arg(replacement)_kwonly=True-@replace_by_foo(&apos;hello&apos;, goo)]" time="0.001850128173828125"><system-out>Generated decorator : replace_by_foo(replacement)
Calling it as @replace_by_foo(&apos;hello&apos;, goo)
Expected ERROR: &apos;TypeError&apos; because python does not allow 2 args if f has 1 arg

</system-out></testcase><testcase classname="decopatch.tests.test_main2" file="decopatch/tests/test_main2.py" line="391" name="test_all[protected(default)_1m_arg(replacement)_kwonly=True-@replace_by_foo(goo, DEFAULT_DUMMY_VALUE)]" time="0.008720159530639648"><system-out>Generated decorator : replace_by_foo(replacement)
Calling it as @replace_by_foo(goo, DEFAULT_DUMMY_VALUE)
Expected ERROR: &apos;TypeError&apos; because python does not allow 2 args if f has 1 arg

</system-out></testcase><testcase classname="decopatch.tests.test_main2" file="decopatch/tests/test_main2.py" line="391" name="test_all[protected(default)_1m_arg(replacement)_kwonly=True-@replace_by_foo(DEFAULT_DUMMY_VALUE, goo)]" time="0.001943826675415039"><system-out>Generated decorator : replace_by_foo(replacement)
Calling it as @replace_by_foo(DEFAULT_DUMMY_VALUE, goo)
Expected ERROR: &apos;TypeError&apos; because python does not allow 2 args if f has 1 arg

</system-out></testcase><testcase classname="decopatch.tests.test_main2" file="decopatch/tests/test_main2.py" line="391" name="test_all[protected(explicit)_1m_arg(replacement)_kwonly=False-@replace_by_foo]" time="0.0032088756561279297"><system-out>Generated decorator : replace_by_foo(replacement)
Calling it as @replace_by_foo
Expected ERROR: &apos;InvalidMandatoryArgError&apos; because a no-parenthesis usage will be declared by the disambiguator as decorated target

</system-out></testcase><testcase classname="decopatch.tests.test_main2" file="decopatch/tests/test_main2.py" line="391" name="test_all[protected(explicit)_1m_arg(replacement)_kwonly=False-@replace_by_foo()]" time="0.002033710479736328"><system-out>Generated decorator : replace_by_foo(replacement)
Calling it as @replace_by_foo()
Expected ERROR: &apos;TypeError&apos; because python does not allow f() if f has 1 mandatory arg

</system-out></testcase><testcase classname="decopatch.tests.test_main2" file="decopatch/tests/test_main2.py" line="391" name="test_all[protected(explicit)_1m_arg(replacement)_kwonly=False-@replace_by_foo(goo)]" time="0.0019443035125732422"><system-out>Generated decorator : replace_by_foo(replacement)
Calling it as @replace_by_foo(goo)
Expected SUCCESS

</system-out></testcase><testcase classname="decopatch.tests.test_main2" file="decopatch/tests/test_main2.py" line="391" name="test_all[protected(explicit)_1m_arg(replacement)_kwonly=False-@replace_by_foo(&apos;hello&apos;)]" time="0.001961946487426758"><skipped message="This decorator does not access a noncallable positional arg" type="pytest.skip">/home/travis/build/smarie/python-decopatch/decopatch/tests/test_main2.py:409: &lt;py._xmlgen.raw object at 0x7fe0935a6f28&gt;</skipped><system-out>Generated decorator : replace_by_foo(replacement)
Calling it as @replace_by_foo(&apos;hello&apos;)
</system-out><system-out>Generated decorator : replace_by_foo(replacement)
Calling it as @replace_by_foo(&apos;hello&apos;)
</system-out></testcase><testcase classname="decopatch.tests.test_main2" file="decopatch/tests/test_main2.py" line="391" name="test_all[protected(explicit)_1m_arg(replacement)_kwonly=False-@replace_by_foo(DEFAULT_DUMMY_VALUE)]" time="0.0019414424896240234"><skipped message="This decorator does not access a noncallable positional arg" type="pytest.skip">/home/travis/build/smarie/python-decopatch/decopatch/tests/test_main2.py:409: &lt;py._xmlgen.raw object at 0x7fe09352b390&gt;</skipped><system-out>Generated decorator : replace_by_foo(replacement)
Calling it as @replace_by_foo(DEFAULT_DUMMY_VALUE)
</system-out><system-out>Generated decorator : replace_by_foo(replacement)
Calling it as @replace_by_foo(DEFAULT_DUMMY_VALUE)
</system-out></testcase><testcase classname="decopatch.tests.test_main2" file="decopatch/tests/test_main2.py" line="391" name="test_all[protected(explicit)_1m_arg(replacement)_kwonly=False-@replace_by_foo(replacement=goo)]" time="0.0017554759979248047"><system-out>Generated decorator : replace_by_foo(replacement)
Calling it as @replace_by_foo(replacement=goo)
Expected SUCCESS

</system-out></testcase><testcase classname="decopatch.tests.test_main2" file="decopatch/tests/test_main2.py" line="391" name="test_all[protected(explicit)_1m_arg(replacement)_kwonly=False-@replace_by_foo(dummy=&apos;hello&apos;)]" time="0.002009153366088867"><skipped message="decorator impl does not have a &apos;dummy&apos; arg" type="pytest.skip">/home/travis/build/smarie/python-decopatch/decopatch/tests/test_main2.py:409: &lt;py._xmlgen.raw object at 0x7fe0935314e0&gt;</skipped><system-out>Generated decorator : replace_by_foo(replacement)
Calling it as @replace_by_foo(dummy=&apos;hello&apos;)
</system-out><system-out>Generated decorator : replace_by_foo(replacement)
Calling it as @replace_by_foo(dummy=&apos;hello&apos;)
</system-out></testcase><testcase classname="decopatch.tests.test_main2" file="decopatch/tests/test_main2.py" line="391" name="test_all[protected(explicit)_1m_arg(replacement)_kwonly=False-@replace_by_foo(dummy=DEFAULT_DUMMY_VALUE)]" time="0.0021011829376220703"><skipped message="decorator impl does not have a &apos;dummy&apos; arg" type="pytest.skip">/home/travis/build/smarie/python-decopatch/decopatch/tests/test_main2.py:409: &lt;py._xmlgen.raw object at 0x7fe093531588&gt;</skipped><system-out>Generated decorator : replace_by_foo(replacement)
Calling it as @replace_by_foo(dummy=DEFAULT_DUMMY_VALUE)
</system-out><system-out>Generated decorator : replace_by_foo(replacement)
Calling it as @replace_by_foo(dummy=DEFAULT_DUMMY_VALUE)
</system-out></testcase><testcase classname="decopatch.tests.test_main2" file="decopatch/tests/test_main2.py" line="391" name="test_all[protected(explicit)_1m_arg(replacement)_kwonly=False-@replace_by_foo(goo, &apos;hello&apos;)]" time="0.001969575881958008"><system-out>Generated decorator : replace_by_foo(replacement)
Calling it as @replace_by_foo(goo, &apos;hello&apos;)
Expected ERROR: &apos;TypeError&apos; because python does not allow 2 args if f has 1 arg

</system-out></testcase><testcase classname="decopatch.tests.test_main2" file="decopatch/tests/test_main2.py" line="391" name="test_all[protected(explicit)_1m_arg(replacement)_kwonly=False-@replace_by_foo(&apos;hello&apos;, goo)]" time="0.0019702911376953125"><system-out>Generated decorator : replace_by_foo(replacement)
Calling it as @replace_by_foo(&apos;hello&apos;, goo)
Expected ERROR: &apos;TypeError&apos; because python does not allow 2 args if f has 1 arg

</system-out></testcase><testcase classname="decopatch.tests.test_main2" file="decopatch/tests/test_main2.py" line="391" name="test_all[protected(explicit)_1m_arg(replacement)_kwonly=False-@replace_by_foo(goo, DEFAULT_DUMMY_VALUE)]" time="0.001912832260131836"><system-out>Generated decorator : replace_by_foo(replacement)
Calling it as @replace_by_foo(goo, DEFAULT_DUMMY_VALUE)
Expected ERROR: &apos;TypeError&apos; because python does not allow 2 args if f has 1 arg

</system-out></testcase><testcase classname="decopatch.tests.test_main2" file="decopatch/tests/test_main2.py" line="391" name="test_all[protected(explicit)_1m_arg(replacement)_kwonly=False-@replace_by_foo(DEFAULT_DUMMY_VALUE, goo)]" time="0.0017681121826171875"><system-out>Generated decorator : replace_by_foo(replacement)
Calling it as @replace_by_foo(DEFAULT_DUMMY_VALUE, goo)
Expected ERROR: &apos;TypeError&apos; because python does not allow 2 args if f has 1 arg

</system-out></testcase><testcase classname="decopatch.tests.test_main2" file="decopatch/tests/test_main2.py" line="391" name="test_all[protected(explicit)_1m_arg(replacement)_kwonly=True-@replace_by_foo]" time="0.0020024776458740234"><system-out>Generated decorator : replace_by_foo(replacement)
Calling it as @replace_by_foo
Expected ERROR: &apos;InvalidMandatoryArgError&apos; because a no-parenthesis usage will be declared by the disambiguator as decorated target

</system-out></testcase><testcase classname="decopatch.tests.test_main2" file="decopatch/tests/test_main2.py" line="391" name="test_all[protected(explicit)_1m_arg(replacement)_kwonly=True-@replace_by_foo()]" time="0.001974344253540039"><system-out>Generated decorator : replace_by_foo(replacement)
Calling it as @replace_by_foo()
Expected ERROR: &apos;TypeError&apos; because python does not allow f() if f has 1 mandatory arg

</system-out></testcase><testcase classname="decopatch.tests.test_main2" file="decopatch/tests/test_main2.py" line="391" name="test_all[protected(explicit)_1m_arg(replacement)_kwonly=True-@replace_by_foo(goo)]" time="0.0018508434295654297"><system-out>Generated decorator : replace_by_foo(replacement)
Calling it as @replace_by_foo(goo)
Expected SUCCESS

</system-out></testcase><testcase classname="decopatch.tests.test_main2" file="decopatch/tests/test_main2.py" line="391" name="test_all[protected(explicit)_1m_arg(replacement)_kwonly=True-@replace_by_foo(&apos;hello&apos;)]" time="0.0020499229431152344"><skipped message="This decorator does not access a noncallable positional arg" type="pytest.skip">/home/travis/build/smarie/python-decopatch/decopatch/tests/test_main2.py:409: &lt;py._xmlgen.raw object at 0x7fe09352cb00&gt;</skipped><system-out>Generated decorator : replace_by_foo(replacement)
Calling it as @replace_by_foo(&apos;hello&apos;)
</system-out><system-out>Generated decorator : replace_by_foo(replacement)
Calling it as @replace_by_foo(&apos;hello&apos;)
</system-out></testcase><testcase classname="decopatch.tests.test_main2" file="decopatch/tests/test_main2.py" line="391" name="test_all[protected(explicit)_1m_arg(replacement)_kwonly=True-@replace_by_foo(DEFAULT_DUMMY_VALUE)]" time="0.0018532276153564453"><skipped message="This decorator does not access a noncallable positional arg" type="pytest.skip">/home/travis/build/smarie/python-decopatch/decopatch/tests/test_main2.py:409: &lt;py._xmlgen.raw object at 0x7fe0935422b0&gt;</skipped><system-out>Generated decorator : replace_by_foo(replacement)
Calling it as @replace_by_foo(DEFAULT_DUMMY_VALUE)
</system-out><system-out>Generated decorator : replace_by_foo(replacement)
Calling it as @replace_by_foo(DEFAULT_DUMMY_VALUE)
</system-out></testcase><testcase classname="decopatch.tests.test_main2" file="decopatch/tests/test_main2.py" line="391" name="test_all[protected(explicit)_1m_arg(replacement)_kwonly=True-@replace_by_foo(replacement=goo)]" time="0.0016489028930664062"><system-out>Generated decorator : replace_by_foo(replacement)
Calling it as @replace_by_foo(replacement=goo)
Expected SUCCESS

</system-out></testcase><testcase classname="decopatch.tests.test_main2" file="decopatch/tests/test_main2.py" line="391" name="test_all[protected(explicit)_1m_arg(replacement)_kwonly=True-@replace_by_foo(dummy=&apos;hello&apos;)]" time="0.0019910335540771484"><skipped message="decorator impl does not have a &apos;dummy&apos; arg" type="pytest.skip">/home/travis/build/smarie/python-decopatch/decopatch/tests/test_main2.py:409: &lt;py._xmlgen.raw object at 0x7fe093546400&gt;</skipped><system-out>Generated decorator : replace_by_foo(replacement)
Calling it as @replace_by_foo(dummy=&apos;hello&apos;)
</system-out><system-out>Generated decorator : replace_by_foo(replacement)
Calling it as @replace_by_foo(dummy=&apos;hello&apos;)
</system-out></testcase><testcase classname="decopatch.tests.test_main2" file="decopatch/tests/test_main2.py" line="391" name="test_all[protected(explicit)_1m_arg(replacement)_kwonly=True-@replace_by_foo(dummy=DEFAULT_DUMMY_VALUE)]" time="0.00391697883605957"><skipped message="decorator impl does not have a &apos;dummy&apos; arg" type="pytest.skip">/home/travis/build/smarie/python-decopatch/decopatch/tests/test_main2.py:409: &lt;py._xmlgen.raw object at 0x7fe093542080&gt;</skipped><system-out>Generated decorator : replace_by_foo(replacement)
Calling it as @replace_by_foo(dummy=DEFAULT_DUMMY_VALUE)
</system-out><system-out>Generated decorator : replace_by_foo(replacement)
Calling it as @replace_by_foo(dummy=DEFAULT_DUMMY_VALUE)
</system-out></testcase><testcase classname="decopatch.tests.test_main2" file="decopatch/tests/test_main2.py" line="391" name="test_all[protected(explicit)_1m_arg(replacement)_kwonly=True-@replace_by_foo(goo, &apos;hello&apos;)]" time="0.002155303955078125"><system-out>Generated decorator : replace_by_foo(replacement)
Calling it as @replace_by_foo(goo, &apos;hello&apos;)
Expected ERROR: &apos;TypeError&apos; because python does not allow 2 args if f has 1 arg

</system-out></testcase><testcase classname="decopatch.tests.test_main2" file="decopatch/tests/test_main2.py" line="391" name="test_all[protected(explicit)_1m_arg(replacement)_kwonly=True-@replace_by_foo(&apos;hello&apos;, goo)]" time="0.0019538402557373047"><system-out>Generated decorator : replace_by_foo(replacement)
Calling it as @replace_by_foo(&apos;hello&apos;, goo)
Expected ERROR: &apos;TypeError&apos; because python does not allow 2 args if f has 1 arg

</system-out></testcase><testcase classname="decopatch.tests.test_main2" file="decopatch/tests/test_main2.py" line="391" name="test_all[protected(explicit)_1m_arg(replacement)_kwonly=True-@replace_by_foo(goo, DEFAULT_DUMMY_VALUE)]" time="0.0017671585083007812"><system-out>Generated decorator : replace_by_foo(replacement)
Calling it as @replace_by_foo(goo, DEFAULT_DUMMY_VALUE)
Expected ERROR: &apos;TypeError&apos; because python does not allow 2 args if f has 1 arg

</system-out></testcase><testcase classname="decopatch.tests.test_main2" file="decopatch/tests/test_main2.py" line="391" name="test_all[protected(explicit)_1m_arg(replacement)_kwonly=True-@replace_by_foo(DEFAULT_DUMMY_VALUE, goo)]" time="0.0019199848175048828"><system-out>Generated decorator : replace_by_foo(replacement)
Calling it as @replace_by_foo(DEFAULT_DUMMY_VALUE, goo)
Expected ERROR: &apos;TypeError&apos; because python does not allow 2 args if f has 1 arg

</system-out></testcase><testcase classname="decopatch.tests.test_main2" file="decopatch/tests/test_main2.py" line="391" name="test_all[easy_2m_args(replacement, dummy)-@replace_by_foo]" time="0.0020842552185058594"><system-out>Generated decorator : replace_by_foo(replacement, dummy)
Calling it as @replace_by_foo
Expected ERROR: &apos;TypeError&apos; because python does not allow &lt; 2 args if f has 2 arg

</system-out></testcase><testcase classname="decopatch.tests.test_main2" file="decopatch/tests/test_main2.py" line="391" name="test_all[easy_2m_args(replacement, dummy)-@replace_by_foo()]" time="0.002017498016357422"><system-out>Generated decorator : replace_by_foo(replacement, dummy)
Calling it as @replace_by_foo()
Expected ERROR: &apos;TypeError&apos; because python does not allow &lt; 2 args if f has 2 arg

</system-out></testcase><testcase classname="decopatch.tests.test_main2" file="decopatch/tests/test_main2.py" line="391" name="test_all[easy_2m_args(replacement, dummy)-@replace_by_foo(goo)]" time="0.0020127296447753906"><system-out>Generated decorator : replace_by_foo(replacement, dummy)
Calling it as @replace_by_foo(goo)
Expected ERROR: &apos;TypeError&apos; because python does not allow &lt; 2 args if f has 2 arg

</system-out></testcase><testcase classname="decopatch.tests.test_main2" file="decopatch/tests/test_main2.py" line="391" name="test_all[easy_2m_args(replacement, dummy)-@replace_by_foo(&apos;hello&apos;)]" time="0.0020635128021240234"><system-out>Generated decorator : replace_by_foo(replacement, dummy)
Calling it as @replace_by_foo(&apos;hello&apos;)
Expected ERROR: &apos;TypeError&apos; because python does not allow &lt; 2 args if f has 2 arg

</system-out></testcase><testcase classname="decopatch.tests.test_main2" file="decopatch/tests/test_main2.py" line="391" name="test_all[easy_2m_args(replacement, dummy)-@replace_by_foo(DEFAULT_DUMMY_VALUE)]" time="0.0019850730895996094"><system-out>Generated decorator : replace_by_foo(replacement, dummy)
Calling it as @replace_by_foo(DEFAULT_DUMMY_VALUE)
Expected ERROR: &apos;TypeError&apos; because python does not allow &lt; 2 args if f has 2 arg

</system-out></testcase><testcase classname="decopatch.tests.test_main2" file="decopatch/tests/test_main2.py" line="391" name="test_all[easy_2m_args(replacement, dummy)-@replace_by_foo(replacement=goo)]" time="0.001920461654663086"><system-out>Generated decorator : replace_by_foo(replacement, dummy)
Calling it as @replace_by_foo(replacement=goo)
Expected ERROR: &apos;TypeError&apos; because python does not allow &lt; 2 args if f has 2 arg

</system-out></testcase><testcase classname="decopatch.tests.test_main2" file="decopatch/tests/test_main2.py" line="391" name="test_all[easy_2m_args(replacement, dummy)-@replace_by_foo(dummy=&apos;hello&apos;)]" time="0.0020744800567626953"><system-out>Generated decorator : replace_by_foo(replacement, dummy)
Calling it as @replace_by_foo(dummy=&apos;hello&apos;)
Expected ERROR: &apos;TypeError&apos; because python does not allow &lt; 2 args if f has 2 arg

</system-out></testcase><testcase classname="decopatch.tests.test_main2" file="decopatch/tests/test_main2.py" line="391" name="test_all[easy_2m_args(replacement, dummy)-@replace_by_foo(dummy=DEFAULT_DUMMY_VALUE)]" time="0.0021114349365234375"><system-out>Generated decorator : replace_by_foo(replacement, dummy)
Calling it as @replace_by_foo(dummy=DEFAULT_DUMMY_VALUE)
Expected ERROR: &apos;TypeError&apos; because python does not allow &lt; 2 args if f has 2 arg

</system-out></testcase><testcase classname="decopatch.tests.test_main2" file="decopatch/tests/test_main2.py" line="391" name="test_all[easy_2m_args(replacement, dummy)-@replace_by_foo(goo, &apos;hello&apos;)]" time="0.001997709274291992"><system-out>Generated decorator : replace_by_foo(replacement, dummy)
Calling it as @replace_by_foo(goo, &apos;hello&apos;)
Expected SUCCESS

</system-out></testcase><testcase classname="decopatch.tests.test_main2" file="decopatch/tests/test_main2.py" line="391" name="test_all[easy_2m_args(replacement, dummy)-@replace_by_foo(&apos;hello&apos;, goo)]" time="0.001947164535522461"><skipped message="the order of positional args in the test does not match" type="pytest.skip">/home/travis/build/smarie/python-decopatch/decopatch/tests/test_main2.py:409: &lt;py._xmlgen.raw object at 0x7fe09354db70&gt;</skipped><system-out>Generated decorator : replace_by_foo(replacement, dummy)
Calling it as @replace_by_foo(&apos;hello&apos;, goo)
</system-out><system-out>Generated decorator : replace_by_foo(replacement, dummy)
Calling it as @replace_by_foo(&apos;hello&apos;, goo)
</system-out></testcase><testcase classname="decopatch.tests.test_main2" file="decopatch/tests/test_main2.py" line="391" name="test_all[easy_2m_args(replacement, dummy)-@replace_by_foo(goo, DEFAULT_DUMMY_VALUE)]" time="0.0018091201782226562"><system-out>Generated decorator : replace_by_foo(replacement, dummy)
Calling it as @replace_by_foo(goo, DEFAULT_DUMMY_VALUE)
Expected SUCCESS

</system-out></testcase><testcase classname="decopatch.tests.test_main2" file="decopatch/tests/test_main2.py" line="391" name="test_all[easy_2m_args(replacement, dummy)-@replace_by_foo(DEFAULT_DUMMY_VALUE, goo)]" time="0.0022690296173095703"><skipped message="the order of positional args in the test does not match" type="pytest.skip">/home/travis/build/smarie/python-decopatch/decopatch/tests/test_main2.py:409: &lt;py._xmlgen.raw object at 0x7fe09354d860&gt;</skipped><system-out>Generated decorator : replace_by_foo(replacement, dummy)
Calling it as @replace_by_foo(DEFAULT_DUMMY_VALUE, goo)
</system-out><system-out>Generated decorator : replace_by_foo(replacement, dummy)
Calling it as @replace_by_foo(DEFAULT_DUMMY_VALUE, goo)
</system-out></testcase><testcase classname="decopatch.tests.test_main2" file="decopatch/tests/test_main2.py" line="391" name="test_all[easy_2m_args(dummy, replacement)-@replace_by_foo]" time="0.0020537376403808594"><system-out>Generated decorator : replace_by_foo(dummy, replacement)
Calling it as @replace_by_foo
Expected ERROR: &apos;TypeError&apos; because python does not allow &lt; 2 args if f has 2 arg

</system-out></testcase><testcase classname="decopatch.tests.test_main2" file="decopatch/tests/test_main2.py" line="391" name="test_all[easy_2m_args(dummy, replacement)-@replace_by_foo()]" time="0.0020112991333007812"><system-out>Generated decorator : replace_by_foo(dummy, replacement)
Calling it as @replace_by_foo()
Expected ERROR: &apos;TypeError&apos; because python does not allow &lt; 2 args if f has 2 arg

</system-out></testcase><testcase classname="decopatch.tests.test_main2" file="decopatch/tests/test_main2.py" line="391" name="test_all[easy_2m_args(dummy, replacement)-@replace_by_foo(goo)]" time="0.002037525177001953"><system-out>Generated decorator : replace_by_foo(dummy, replacement)
Calling it as @replace_by_foo(goo)
Expected ERROR: &apos;TypeError&apos; because python does not allow &lt; 2 args if f has 2 arg

</system-out></testcase><testcase classname="decopatch.tests.test_main2" file="decopatch/tests/test_main2.py" line="391" name="test_all[easy_2m_args(dummy, replacement)-@replace_by_foo(&apos;hello&apos;)]" time="0.0018219947814941406"><system-out>Generated decorator : replace_by_foo(dummy, replacement)
Calling it as @replace_by_foo(&apos;hello&apos;)
Expected ERROR: &apos;TypeError&apos; because python does not allow &lt; 2 args if f has 2 arg

</system-out></testcase><testcase classname="decopatch.tests.test_main2" file="decopatch/tests/test_main2.py" line="391" name="test_all[easy_2m_args(dummy, replacement)-@replace_by_foo(DEFAULT_DUMMY_VALUE)]" time="0.0017993450164794922"><system-out>Generated decorator : replace_by_foo(dummy, replacement)
Calling it as @replace_by_foo(DEFAULT_DUMMY_VALUE)
Expected ERROR: &apos;TypeError&apos; because python does not allow &lt; 2 args if f has 2 arg

</system-out></testcase><testcase classname="decopatch.tests.test_main2" file="decopatch/tests/test_main2.py" line="391" name="test_all[easy_2m_args(dummy, replacement)-@replace_by_foo(replacement=goo)]" time="0.0018994808197021484"><system-out>Generated decorator : replace_by_foo(dummy, replacement)
Calling it as @replace_by_foo(replacement=goo)
Expected ERROR: &apos;TypeError&apos; because python does not allow &lt; 2 args if f has 2 arg

</system-out></testcase><testcase classname="decopatch.tests.test_main2" file="decopatch/tests/test_main2.py" line="391" name="test_all[easy_2m_args(dummy, replacement)-@replace_by_foo(dummy=&apos;hello&apos;)]" time="0.001980304718017578"><system-out>Generated decorator : replace_by_foo(dummy, replacement)
Calling it as @replace_by_foo(dummy=&apos;hello&apos;)
Expected ERROR: &apos;TypeError&apos; because python does not allow &lt; 2 args if f has 2 arg

</system-out></testcase><testcase classname="decopatch.tests.test_main2" file="decopatch/tests/test_main2.py" line="391" name="test_all[easy_2m_args(dummy, replacement)-@replace_by_foo(dummy=DEFAULT_DUMMY_VALUE)]" time="0.002279520034790039"><system-out>Generated decorator : replace_by_foo(dummy, replacement)
Calling it as @replace_by_foo(dummy=DEFAULT_DUMMY_VALUE)
Expected ERROR: &apos;TypeError&apos; because python does not allow &lt; 2 args if f has 2 arg

</system-out></testcase><testcase classname="decopatch.tests.test_main2" file="decopatch/tests/test_main2.py" line="391" name="test_all[easy_2m_args(dummy, replacement)-@replace_by_foo(goo, &apos;hello&apos;)]" time="0.0018978118896484375"><skipped message="the order of positional args in the test does not match" type="pytest.skip">/home/travis/build/smarie/python-decopatch/decopatch/tests/test_main2.py:409: &lt;py._xmlgen.raw object at 0x7fe09355ba58&gt;</skipped><system-out>Generated decorator : replace_by_foo(dummy, replacement)
Calling it as @replace_by_foo(goo, &apos;hello&apos;)
</system-out><system-out>Generated decorator : replace_by_foo(dummy, replacement)
Calling it as @replace_by_foo(goo, &apos;hello&apos;)
</system-out></testcase><testcase classname="decopatch.tests.test_main2" file="decopatch/tests/test_main2.py" line="391" name="test_all[easy_2m_args(dummy, replacement)-@replace_by_foo(&apos;hello&apos;, goo)]" time="0.001638650894165039"><system-out>Generated decorator : replace_by_foo(dummy, replacement)
Calling it as @replace_by_foo(&apos;hello&apos;, goo)
Expected SUCCESS

</system-out></testcase><testcase classname="decopatch.tests.test_main2" file="decopatch/tests/test_main2.py" line="391" name="test_all[easy_2m_args(dummy, replacement)-@replace_by_foo(goo, DEFAULT_DUMMY_VALUE)]" time="0.0018758773803710938"><skipped message="the order of positional args in the test does not match" type="pytest.skip">/home/travis/build/smarie/python-decopatch/decopatch/tests/test_main2.py:409: &lt;py._xmlgen.raw object at 0x7fe093561b00&gt;</skipped><system-out>Generated decorator : replace_by_foo(dummy, replacement)
Calling it as @replace_by_foo(goo, DEFAULT_DUMMY_VALUE)
</system-out><system-out>Generated decorator : replace_by_foo(dummy, replacement)
Calling it as @replace_by_foo(goo, DEFAULT_DUMMY_VALUE)
</system-out></testcase><testcase classname="decopatch.tests.test_main2" file="decopatch/tests/test_main2.py" line="391" name="test_all[easy_2m_args(dummy, replacement)-@replace_by_foo(DEFAULT_DUMMY_VALUE, goo)]" time="0.0021076202392578125"><system-out>Generated decorator : replace_by_foo(dummy, replacement)
Calling it as @replace_by_foo(DEFAULT_DUMMY_VALUE, goo)
Expected SUCCESS

</system-out></testcase><testcase classname="decopatch.tests.test_main2" file="decopatch/tests/test_main2.py" line="391" name="test_all[easy_2m_args(dummy, dummy2)-@replace_by_foo]" time="0.0020017623901367188"><system-out>Generated decorator : replace_by_foo(dummy, dummy2)
Calling it as @replace_by_foo
Expected ERROR: &apos;TypeError&apos; because python does not allow &lt; 2 args if f has 2 arg

</system-out></testcase><testcase classname="decopatch.tests.test_main2" file="decopatch/tests/test_main2.py" line="391" name="test_all[easy_2m_args(dummy, dummy2)-@replace_by_foo()]" time="0.002219676971435547"><system-out>Generated decorator : replace_by_foo(dummy, dummy2)
Calling it as @replace_by_foo()
Expected ERROR: &apos;TypeError&apos; because python does not allow &lt; 2 args if f has 2 arg

</system-out></testcase><testcase classname="decopatch.tests.test_main2" file="decopatch/tests/test_main2.py" line="391" name="test_all[easy_2m_args(dummy, dummy2)-@replace_by_foo(goo)]" time="0.001939535140991211"><system-out>Generated decorator : replace_by_foo(dummy, dummy2)
Calling it as @replace_by_foo(goo)
Expected ERROR: &apos;TypeError&apos; because python does not allow &lt; 2 args if f has 2 arg

</system-out></testcase><testcase classname="decopatch.tests.test_main2" file="decopatch/tests/test_main2.py" line="391" name="test_all[easy_2m_args(dummy, dummy2)-@replace_by_foo(&apos;hello&apos;)]" time="0.0017178058624267578"><system-out>Generated decorator : replace_by_foo(dummy, dummy2)
Calling it as @replace_by_foo(&apos;hello&apos;)
Expected ERROR: &apos;TypeError&apos; because python does not allow &lt; 2 args if f has 2 arg

</system-out></testcase><testcase classname="decopatch.tests.test_main2" file="decopatch/tests/test_main2.py" line="391" name="test_all[easy_2m_args(dummy, dummy2)-@replace_by_foo(DEFAULT_DUMMY_VALUE)]" time="0.0066416263580322266"><system-out>Generated decorator : replace_by_foo(dummy, dummy2)
Calling it as @replace_by_foo(DEFAULT_DUMMY_VALUE)
Expected ERROR: &apos;TypeError&apos; because python does not allow &lt; 2 args if f has 2 arg

</system-out></testcase><testcase classname="decopatch.tests.test_main2" file="decopatch/tests/test_main2.py" line="391" name="test_all[easy_2m_args(dummy, dummy2)-@replace_by_foo(replacement=goo)]" time="0.009392023086547852"><system-out>Generated decorator : replace_by_foo(dummy, dummy2)
Calling it as @replace_by_foo(replacement=goo)
Expected ERROR: &apos;TypeError&apos; because python does not allow &lt; 2 args if f has 2 arg

</system-out></testcase><testcase classname="decopatch.tests.test_main2" file="decopatch/tests/test_main2.py" line="391" name="test_all[easy_2m_args(dummy, dummy2)-@replace_by_foo(dummy=&apos;hello&apos;)]" time="0.00966501235961914"><system-out>Generated decorator : replace_by_foo(dummy, dummy2)
Calling it as @replace_by_foo(dummy=&apos;hello&apos;)
Expected ERROR: &apos;TypeError&apos; because python does not allow &lt; 2 args if f has 2 arg

</system-out></testcase><testcase classname="decopatch.tests.test_main2" file="decopatch/tests/test_main2.py" line="391" name="test_all[easy_2m_args(dummy, dummy2)-@replace_by_foo(dummy=DEFAULT_DUMMY_VALUE)]" time="0.002653360366821289"><system-out>Generated decorator : replace_by_foo(dummy, dummy2)
Calling it as @replace_by_foo(dummy=DEFAULT_DUMMY_VALUE)
Expected ERROR: &apos;TypeError&apos; because python does not allow &lt; 2 args if f has 2 arg

</system-out></testcase><testcase classname="decopatch.tests.test_main2" file="decopatch/tests/test_main2.py" line="391" name="test_all[easy_2m_args(dummy, dummy2)-@replace_by_foo(goo, &apos;hello&apos;)]" time="0.002299070358276367"><system-out>Generated decorator : replace_by_foo(dummy, dummy2)
Calling it as @replace_by_foo(goo, &apos;hello&apos;)
Expected SUCCESS

</system-out></testcase><testcase classname="decopatch.tests.test_main2" file="decopatch/tests/test_main2.py" line="391" name="test_all[easy_2m_args(dummy, dummy2)-@replace_by_foo(&apos;hello&apos;, goo)]" time="0.0018627643585205078"><system-out>Generated decorator : replace_by_foo(dummy, dummy2)
Calling it as @replace_by_foo(&apos;hello&apos;, goo)
Expected SUCCESS

</system-out></testcase><testcase classname="decopatch.tests.test_main2" file="decopatch/tests/test_main2.py" line="391" name="test_all[easy_2m_args(dummy, dummy2)-@replace_by_foo(goo, DEFAULT_DUMMY_VALUE)]" time="0.002180814743041992"><system-out>Generated decorator : replace_by_foo(dummy, dummy2)
Calling it as @replace_by_foo(goo, DEFAULT_DUMMY_VALUE)
Expected SUCCESS

</system-out></testcase><testcase classname="decopatch.tests.test_main2" file="decopatch/tests/test_main2.py" line="391" name="test_all[easy_2m_args(dummy, dummy2)-@replace_by_foo(DEFAULT_DUMMY_VALUE, goo)]" time="0.0019168853759765625"><system-out>Generated decorator : replace_by_foo(dummy, dummy2)
Calling it as @replace_by_foo(DEFAULT_DUMMY_VALUE, goo)
Expected SUCCESS

</system-out></testcase><testcase classname="decopatch.tests.test_main2" file="decopatch/tests/test_main2.py" line="391" name="test_all[default_2opt(dummy=DEFAULT_DUMMY_VALUE, replacement=None)-@replace_by_foo]" time="0.001936197280883789"><system-out>Generated decorator : replace_by_foo(dummy=12, replacement=None)
Calling it as @replace_by_foo
Expected SUCCESS

</system-out></testcase><testcase classname="decopatch.tests.test_main2" file="decopatch/tests/test_main2.py" line="391" name="test_all[default_2opt(dummy=DEFAULT_DUMMY_VALUE, replacement=None)-@replace_by_foo()]" time="0.0019488334655761719"><system-out>Generated decorator : replace_by_foo(dummy=12, replacement=None)
Calling it as @replace_by_foo()
Expected SUCCESS

</system-out></testcase><testcase classname="decopatch.tests.test_main2" file="decopatch/tests/test_main2.py" line="391" name="test_all[default_2opt(dummy=DEFAULT_DUMMY_VALUE, replacement=None)-@replace_by_foo(goo)]" time="0.001928567886352539"><skipped message="the first positional arg is supposed not to be the callable here" type="pytest.skip">/home/travis/build/smarie/python-decopatch/decopatch/tests/test_main2.py:409: &lt;py._xmlgen.raw object at 0x7fe0934f75f8&gt;</skipped><system-out>Generated decorator : replace_by_foo(dummy=12, replacement=None)
Calling it as @replace_by_foo(goo)
</system-out><system-out>Generated decorator : replace_by_foo(dummy=12, replacement=None)
Calling it as @replace_by_foo(goo)
</system-out></testcase><testcase classname="decopatch.tests.test_main2" file="decopatch/tests/test_main2.py" line="391" name="test_all[default_2opt(dummy=DEFAULT_DUMMY_VALUE, replacement=None)-@replace_by_foo(&apos;hello&apos;)]" time="0.0017554759979248047"><system-out>Generated decorator : replace_by_foo(dummy=12, replacement=None)
Calling it as @replace_by_foo(&apos;hello&apos;)
Expected SUCCESS

</system-out></testcase><testcase classname="decopatch.tests.test_main2" file="decopatch/tests/test_main2.py" line="391" name="test_all[default_2opt(dummy=DEFAULT_DUMMY_VALUE, replacement=None)-@replace_by_foo(DEFAULT_DUMMY_VALUE)]" time="0.0019330978393554688"><system-out>Generated decorator : replace_by_foo(dummy=12, replacement=None)
Calling it as @replace_by_foo(DEFAULT_DUMMY_VALUE)
Expected SUCCESS

</system-out></testcase><testcase classname="decopatch.tests.test_main2" file="decopatch/tests/test_main2.py" line="391" name="test_all[default_2opt(dummy=DEFAULT_DUMMY_VALUE, replacement=None)-@replace_by_foo(replacement=goo)]" time="0.002347707748413086"><system-out>Generated decorator : replace_by_foo(dummy=12, replacement=None)
Calling it as @replace_by_foo(replacement=goo)
Expected SUCCESS

</system-out></testcase><testcase classname="decopatch.tests.test_main2" file="decopatch/tests/test_main2.py" line="391" name="test_all[default_2opt(dummy=DEFAULT_DUMMY_VALUE, replacement=None)-@replace_by_foo(dummy=&apos;hello&apos;)]" time="0.0019617080688476562"><system-out>Generated decorator : replace_by_foo(dummy=12, replacement=None)
Calling it as @replace_by_foo(dummy=&apos;hello&apos;)
Expected SUCCESS

</system-out></testcase><testcase classname="decopatch.tests.test_main2" file="decopatch/tests/test_main2.py" line="391" name="test_all[default_2opt(dummy=DEFAULT_DUMMY_VALUE, replacement=None)-@replace_by_foo(dummy=DEFAULT_DUMMY_VALUE)]" time="0.0019683837890625"><system-out>Generated decorator : replace_by_foo(dummy=12, replacement=None)
Calling it as @replace_by_foo(dummy=DEFAULT_DUMMY_VALUE)
Expected SUCCESS

</system-out></testcase><testcase classname="decopatch.tests.test_main2" file="decopatch/tests/test_main2.py" line="391" name="test_all[default_2opt(dummy=DEFAULT_DUMMY_VALUE, replacement=None)-@replace_by_foo(goo, &apos;hello&apos;)]" time="0.0018374919891357422"><skipped message="the order of positional args in the test does not match" type="pytest.skip">/home/travis/build/smarie/python-decopatch/decopatch/tests/test_main2.py:409: &lt;py._xmlgen.raw object at 0x7fe0934fbd30&gt;</skipped><system-out>Generated decorator : replace_by_foo(dummy=12, replacement=None)
Calling it as @replace_by_foo(goo, &apos;hello&apos;)
</system-out><system-out>Generated decorator : replace_by_foo(dummy=12, replacement=None)
Calling it as @replace_by_foo(goo, &apos;hello&apos;)
</system-out></testcase><testcase classname="decopatch.tests.test_main2" file="decopatch/tests/test_main2.py" line="391" name="test_all[default_2opt(dummy=DEFAULT_DUMMY_VALUE, replacement=None)-@replace_by_foo(&apos;hello&apos;, goo)]" time="0.001889944076538086"><system-out>Generated decorator : replace_by_foo(dummy=12, replacement=None)
Calling it as @replace_by_foo(&apos;hello&apos;, goo)
Expected SUCCESS

</system-out></testcase><testcase classname="decopatch.tests.test_main2" file="decopatch/tests/test_main2.py" line="391" name="test_all[default_2opt(dummy=DEFAULT_DUMMY_VALUE, replacement=None)-@replace_by_foo(goo, DEFAULT_DUMMY_VALUE)]" time="0.0019392967224121094"><skipped message="the order of positional args in the test does not match" type="pytest.skip">/home/travis/build/smarie/python-decopatch/decopatch/tests/test_main2.py:409: &lt;py._xmlgen.raw object at 0x7fe093501e80&gt;</skipped><system-out>Generated decorator : replace_by_foo(dummy=12, replacement=None)
Calling it as @replace_by_foo(goo, DEFAULT_DUMMY_VALUE)
</system-out><system-out>Generated decorator : replace_by_foo(dummy=12, replacement=None)
Calling it as @replace_by_foo(goo, DEFAULT_DUMMY_VALUE)
</system-out></testcase><testcase classname="decopatch.tests.test_main2" file="decopatch/tests/test_main2.py" line="391" name="test_all[default_2opt(dummy=DEFAULT_DUMMY_VALUE, replacement=None)-@replace_by_foo(DEFAULT_DUMMY_VALUE, goo)]" time="0.002283811569213867"><system-out>Generated decorator : replace_by_foo(dummy=12, replacement=None)
Calling it as @replace_by_foo(DEFAULT_DUMMY_VALUE, goo)
Expected SUCCESS

</system-out></testcase><testcase classname="decopatch.tests.test_main2" file="decopatch/tests/test_main2.py" line="391" name="test_all[introspection_2opt(dummy=DEFAULT_DUMMY_VALUE, replacement=None)-@replace_by_foo]" time="0.005694389343261719"><system-out>Generated decorator : replace_by_foo(dummy=12, replacement=None)
Calling it as @replace_by_foo
Expected SUCCESS

</system-out></testcase><testcase classname="decopatch.tests.test_main2" file="decopatch/tests/test_main2.py" line="391" name="test_all[introspection_2opt(dummy=DEFAULT_DUMMY_VALUE, replacement=None)-@replace_by_foo()]" time="0.0016171932220458984"><system-out>Generated decorator : replace_by_foo(dummy=12, replacement=None)
Calling it as @replace_by_foo()
Expected SUCCESS

</system-out></testcase><testcase classname="decopatch.tests.test_main2" file="decopatch/tests/test_main2.py" line="391" name="test_all[introspection_2opt(dummy=DEFAULT_DUMMY_VALUE, replacement=None)-@replace_by_foo(goo)]" time="0.0018520355224609375"><skipped message="the first positional arg is supposed not to be the callable here" type="pytest.skip">/home/travis/build/smarie/python-decopatch/decopatch/tests/test_main2.py:409: &lt;py._xmlgen.raw object at 0x7fe093509780&gt;</skipped><system-out>Generated decorator : replace_by_foo(dummy=12, replacement=None)
Calling it as @replace_by_foo(goo)
</system-out><system-out>Generated decorator : replace_by_foo(dummy=12, replacement=None)
Calling it as @replace_by_foo(goo)
</system-out></testcase><testcase classname="decopatch.tests.test_main2" file="decopatch/tests/test_main2.py" line="391" name="test_all[introspection_2opt(dummy=DEFAULT_DUMMY_VALUE, replacement=None)-@replace_by_foo(&apos;hello&apos;)]" time="0.0020418167114257812"><system-out>Generated decorator : replace_by_foo(dummy=12, replacement=None)
Calling it as @replace_by_foo(&apos;hello&apos;)
Expected SUCCESS

</system-out></testcase><testcase classname="decopatch.tests.test_main2" file="decopatch/tests/test_main2.py" line="391" name="test_all[introspection_2opt(dummy=DEFAULT_DUMMY_VALUE, replacement=None)-@replace_by_foo(DEFAULT_DUMMY_VALUE)]" time="0.0019960403442382812"><system-out>Generated decorator : replace_by_foo(dummy=12, replacement=None)
Calling it as @replace_by_foo(DEFAULT_DUMMY_VALUE)
Expected SUCCESS

</system-out></testcase><testcase classname="decopatch.tests.test_main2" file="decopatch/tests/test_main2.py" line="391" name="test_all[introspection_2opt(dummy=DEFAULT_DUMMY_VALUE, replacement=None)-@replace_by_foo(replacement=goo)]" time="0.0023615360260009766"><system-out>Generated decorator : replace_by_foo(dummy=12, replacement=None)
Calling it as @replace_by_foo(replacement=goo)
Expected SUCCESS

</system-out></testcase><testcase classname="decopatch.tests.test_main2" file="decopatch/tests/test_main2.py" line="391" name="test_all[introspection_2opt(dummy=DEFAULT_DUMMY_VALUE, replacement=None)-@replace_by_foo(dummy=&apos;hello&apos;)]" time="0.001990795135498047"><system-out>Generated decorator : replace_by_foo(dummy=12, replacement=None)
Calling it as @replace_by_foo(dummy=&apos;hello&apos;)
Expected SUCCESS

</system-out></testcase><testcase classname="decopatch.tests.test_main2" file="decopatch/tests/test_main2.py" line="391" name="test_all[introspection_2opt(dummy=DEFAULT_DUMMY_VALUE, replacement=None)-@replace_by_foo(dummy=DEFAULT_DUMMY_VALUE)]" time="0.001649618148803711"><system-out>Generated decorator : replace_by_foo(dummy=12, replacement=None)
Calling it as @replace_by_foo(dummy=DEFAULT_DUMMY_VALUE)
Expected SUCCESS

</system-out></testcase><testcase classname="decopatch.tests.test_main2" file="decopatch/tests/test_main2.py" line="391" name="test_all[introspection_2opt(dummy=DEFAULT_DUMMY_VALUE, replacement=None)-@replace_by_foo(goo, &apos;hello&apos;)]" time="0.001958608627319336"><skipped message="the order of positional args in the test does not match" type="pytest.skip">/home/travis/build/smarie/python-decopatch/decopatch/tests/test_main2.py:409: &lt;py._xmlgen.raw object at 0x7fe093503e80&gt;</skipped><system-out>Generated decorator : replace_by_foo(dummy=12, replacement=None)
Calling it as @replace_by_foo(goo, &apos;hello&apos;)
</system-out><system-out>Generated decorator : replace_by_foo(dummy=12, replacement=None)
Calling it as @replace_by_foo(goo, &apos;hello&apos;)
</system-out></testcase><testcase classname="decopatch.tests.test_main2" file="decopatch/tests/test_main2.py" line="391" name="test_all[introspection_2opt(dummy=DEFAULT_DUMMY_VALUE, replacement=None)-@replace_by_foo(&apos;hello&apos;, goo)]" time="0.0020329952239990234"><system-out>Generated decorator : replace_by_foo(dummy=12, replacement=None)
Calling it as @replace_by_foo(&apos;hello&apos;, goo)
Expected SUCCESS

</system-out></testcase><testcase classname="decopatch.tests.test_main2" file="decopatch/tests/test_main2.py" line="391" name="test_all[introspection_2opt(dummy=DEFAULT_DUMMY_VALUE, replacement=None)-@replace_by_foo(goo, DEFAULT_DUMMY_VALUE)]" time="0.001987457275390625"><skipped message="the order of positional args in the test does not match" type="pytest.skip">/home/travis/build/smarie/python-decopatch/decopatch/tests/test_main2.py:409: &lt;py._xmlgen.raw object at 0x7fe093517048&gt;</skipped><system-out>Generated decorator : replace_by_foo(dummy=12, replacement=None)
Calling it as @replace_by_foo(goo, DEFAULT_DUMMY_VALUE)
</system-out><system-out>Generated decorator : replace_by_foo(dummy=12, replacement=None)
Calling it as @replace_by_foo(goo, DEFAULT_DUMMY_VALUE)
</system-out></testcase><testcase classname="decopatch.tests.test_main2" file="decopatch/tests/test_main2.py" line="391" name="test_all[introspection_2opt(dummy=DEFAULT_DUMMY_VALUE, replacement=None)-@replace_by_foo(DEFAULT_DUMMY_VALUE, goo)]" time="0.0021805763244628906"><system-out>Generated decorator : replace_by_foo(dummy=12, replacement=None)
Calling it as @replace_by_foo(DEFAULT_DUMMY_VALUE, goo)
Expected SUCCESS

</system-out></testcase><testcase classname="decopatch.tests.test_main2" file="decopatch/tests/test_main2.py" line="391" name="test_all[unprotected (default)_2opt_callable_first(replacement=None, dummy=DEFAULT_DUMMY_VALUE)-@replace_by_foo]" time="0.0019207000732421875"><system-out>Generated decorator : replace_by_foo(replacement=None, dummy=12)
Calling it as @replace_by_foo
Expected SUCCESS

</system-out></testcase><testcase classname="decopatch.tests.test_main2" file="decopatch/tests/test_main2.py" line="391" name="test_all[unprotected (default)_2opt_callable_first(replacement=None, dummy=DEFAULT_DUMMY_VALUE)-@replace_by_foo()]" time="0.0016930103302001953"><system-out>Generated decorator : replace_by_foo(replacement=None, dummy=12)
Calling it as @replace_by_foo()
Expected SUCCESS

</system-out></testcase><testcase classname="decopatch.tests.test_main2" file="decopatch/tests/test_main2.py" line="391" name="test_all[unprotected (default)_2opt_callable_first(replacement=None, dummy=DEFAULT_DUMMY_VALUE)-@replace_by_foo(goo)]" time="0.0020308494567871094"><system-out>Generated decorator : replace_by_foo(replacement=None, dummy=12)
Calling it as @replace_by_foo(goo)
Expected ERROR: &apos;NotADecoratorError&apos; because No explicit exception is raised but since a double-call is made, user will probably realize that something is wrong

</system-out></testcase><testcase classname="decopatch.tests.test_main2" file="decopatch/tests/test_main2.py" line="391" name="test_all[unprotected (default)_2opt_callable_first(replacement=None, dummy=DEFAULT_DUMMY_VALUE)-@replace_by_foo(&apos;hello&apos;)]" time="0.0019881725311279297"><skipped message="the first positional arg is supposed to be the callable here" type="pytest.skip">/home/travis/build/smarie/python-decopatch/decopatch/tests/test_main2.py:409: &lt;py._xmlgen.raw object at 0x7fe093517c88&gt;</skipped><system-out>Generated decorator : replace_by_foo(replacement=None, dummy=12)
Calling it as @replace_by_foo(&apos;hello&apos;)
</system-out><system-out>Generated decorator : replace_by_foo(replacement=None, dummy=12)
Calling it as @replace_by_foo(&apos;hello&apos;)
</system-out></testcase><testcase classname="decopatch.tests.test_main2" file="decopatch/tests/test_main2.py" line="391" name="test_all[unprotected (default)_2opt_callable_first(replacement=None, dummy=DEFAULT_DUMMY_VALUE)-@replace_by_foo(DEFAULT_DUMMY_VALUE)]" time="0.0019562244415283203"><skipped message="the first positional arg is supposed to be the callable here" type="pytest.skip">/home/travis/build/smarie/python-decopatch/decopatch/tests/test_main2.py:409: &lt;py._xmlgen.raw object at 0x7fe09351c8d0&gt;</skipped><system-out>Generated decorator : replace_by_foo(replacement=None, dummy=12)
Calling it as @replace_by_foo(DEFAULT_DUMMY_VALUE)
</system-out><system-out>Generated decorator : replace_by_foo(replacement=None, dummy=12)
Calling it as @replace_by_foo(DEFAULT_DUMMY_VALUE)
</system-out></testcase><testcase classname="decopatch.tests.test_main2" file="decopatch/tests/test_main2.py" line="391" name="test_all[unprotected (default)_2opt_callable_first(replacement=None, dummy=DEFAULT_DUMMY_VALUE)-@replace_by_foo(replacement=goo)]" time="0.0021886825561523438"><system-out>Generated decorator : replace_by_foo(replacement=None, dummy=12)
Calling it as @replace_by_foo(replacement=goo)
Expected SUCCESS

</system-out></testcase><testcase classname="decopatch.tests.test_main2" file="decopatch/tests/test_main2.py" line="391" name="test_all[unprotected (default)_2opt_callable_first(replacement=None, dummy=DEFAULT_DUMMY_VALUE)-@replace_by_foo(dummy=&apos;hello&apos;)]" time="0.0018208026885986328"><system-out>Generated decorator : replace_by_foo(replacement=None, dummy=12)
Calling it as @replace_by_foo(dummy=&apos;hello&apos;)
Expected SUCCESS

</system-out></testcase><testcase classname="decopatch.tests.test_main2" file="decopatch/tests/test_main2.py" line="391" name="test_all[unprotected (default)_2opt_callable_first(replacement=None, dummy=DEFAULT_DUMMY_VALUE)-@replace_by_foo(dummy=DEFAULT_DUMMY_VALUE)]" time="0.001786947250366211"><system-out>Generated decorator : replace_by_foo(replacement=None, dummy=12)
Calling it as @replace_by_foo(dummy=DEFAULT_DUMMY_VALUE)
Expected SUCCESS

</system-out></testcase><testcase classname="decopatch.tests.test_main2" file="decopatch/tests/test_main2.py" line="391" name="test_all[unprotected (default)_2opt_callable_first(replacement=None, dummy=DEFAULT_DUMMY_VALUE)-@replace_by_foo(goo, &apos;hello&apos;)]" time="0.002242565155029297"><system-out>Generated decorator : replace_by_foo(replacement=None, dummy=12)
Calling it as @replace_by_foo(goo, &apos;hello&apos;)
Expected SUCCESS

</system-out></testcase><testcase classname="decopatch.tests.test_main2" file="decopatch/tests/test_main2.py" line="391" name="test_all[unprotected (default)_2opt_callable_first(replacement=None, dummy=DEFAULT_DUMMY_VALUE)-@replace_by_foo(&apos;hello&apos;, goo)]" time="0.0022966861724853516"><skipped message="the order of positional args in the test does not match" type="pytest.skip">/home/travis/build/smarie/python-decopatch/decopatch/tests/test_main2.py:409: &lt;py._xmlgen.raw object at 0x7fe093520588&gt;</skipped><system-out>Generated decorator : replace_by_foo(replacement=None, dummy=12)
Calling it as @replace_by_foo(&apos;hello&apos;, goo)
</system-out><system-out>Generated decorator : replace_by_foo(replacement=None, dummy=12)
Calling it as @replace_by_foo(&apos;hello&apos;, goo)
</system-out></testcase><testcase classname="decopatch.tests.test_main2" file="decopatch/tests/test_main2.py" line="391" name="test_all[unprotected (default)_2opt_callable_first(replacement=None, dummy=DEFAULT_DUMMY_VALUE)-@replace_by_foo(goo, DEFAULT_DUMMY_VALUE)]" time="0.0024280548095703125"><system-out>Generated decorator : replace_by_foo(replacement=None, dummy=12)
Calling it as @replace_by_foo(goo, DEFAULT_DUMMY_VALUE)
Expected SUCCESS

</system-out></testcase><testcase classname="decopatch.tests.test_main2" file="decopatch/tests/test_main2.py" line="391" name="test_all[unprotected (default)_2opt_callable_first(replacement=None, dummy=DEFAULT_DUMMY_VALUE)-@replace_by_foo(DEFAULT_DUMMY_VALUE, goo)]" time="0.002332925796508789"><skipped message="the order of positional args in the test does not match" type="pytest.skip">/home/travis/build/smarie/python-decopatch/decopatch/tests/test_main2.py:409: &lt;py._xmlgen.raw object at 0x7fe0935256d8&gt;</skipped><system-out>Generated decorator : replace_by_foo(replacement=None, dummy=12)
Calling it as @replace_by_foo(DEFAULT_DUMMY_VALUE, goo)
</system-out><system-out>Generated decorator : replace_by_foo(replacement=None, dummy=12)
Calling it as @replace_by_foo(DEFAULT_DUMMY_VALUE, goo)
</system-out></testcase><testcase classname="decopatch.tests.test_main2" file="decopatch/tests/test_main2.py" line="391" name="test_all[introspection_2opt_callable_first(replacement=None, dummy=DEFAULT_DUMMY_VALUE)-@replace_by_foo]" time="0.006566047668457031"><system-out>Generated decorator : replace_by_foo(replacement=None, dummy=12)
Calling it as @replace_by_foo
Expected SUCCESS

</system-out></testcase><testcase classname="decopatch.tests.test_main2" file="decopatch/tests/test_main2.py" line="391" name="test_all[introspection_2opt_callable_first(replacement=None, dummy=DEFAULT_DUMMY_VALUE)-@replace_by_foo()]" time="0.0024547576904296875"><system-out>Generated decorator : replace_by_foo(replacement=None, dummy=12)
Calling it as @replace_by_foo()
Expected SUCCESS

</system-out></testcase><testcase classname="decopatch.tests.test_main2" file="decopatch/tests/test_main2.py" line="391" name="test_all[introspection_2opt_callable_first(replacement=None, dummy=DEFAULT_DUMMY_VALUE)-@replace_by_foo(goo)]" time="0.007049083709716797"><system-out>
Generated decorator : replace_by_foo(replacement=None, dummy=12)
Calling it as @replace_by_foo(goo)
Expected SUCCESS

</system-out></testcase><testcase classname="decopatch.tests.test_main2" file="decopatch/tests/test_main2.py" line="391" name="test_all[introspection_2opt_callable_first(replacement=None, dummy=DEFAULT_DUMMY_VALUE)-@replace_by_foo(&apos;hello&apos;)]" time="0.003948688507080078"><skipped message="the first positional arg is supposed to be the callable here" type="pytest.skip">/home/travis/build/smarie/python-decopatch/decopatch/tests/test_main2.py:409: &lt;py._xmlgen.raw object at 0x7fe0934ae828&gt;</skipped><system-out>Generated decorator : replace_by_foo(replacement=None, dummy=12)
Calling it as @replace_by_foo(&apos;hello&apos;)
</system-out><system-out>Generated decorator : replace_by_foo(replacement=None, dummy=12)
Calling it as @replace_by_foo(&apos;hello&apos;)
</system-out></testcase><testcase classname="decopatch.tests.test_main2" file="decopatch/tests/test_main2.py" line="391" name="test_all[introspection_2opt_callable_first(replacement=None, dummy=DEFAULT_DUMMY_VALUE)-@replace_by_foo(DEFAULT_DUMMY_VALUE)]" time="0.002416849136352539"><skipped message="the first positional arg is supposed to be the callable here" type="pytest.skip">/home/travis/build/smarie/python-decopatch/decopatch/tests/test_main2.py:409: &lt;py._xmlgen.raw object at 0x7fe093525400&gt;</skipped><system-out>Generated decorator : replace_by_foo(replacement=None, dummy=12)
Calling it as @replace_by_foo(DEFAULT_DUMMY_VALUE)
</system-out><system-out>Generated decorator : replace_by_foo(replacement=None, dummy=12)
Calling it as @replace_by_foo(DEFAULT_DUMMY_VALUE)
</system-out></testcase><testcase classname="decopatch.tests.test_main2" file="decopatch/tests/test_main2.py" line="391" name="test_all[introspection_2opt_callable_first(replacement=None, dummy=DEFAULT_DUMMY_VALUE)-@replace_by_foo(replacement=goo)]" time="0.0022635459899902344"><system-out>Generated decorator : replace_by_foo(replacement=None, dummy=12)
Calling it as @replace_by_foo(replacement=goo)
Expected SUCCESS

</system-out></testcase><testcase classname="decopatch.tests.test_main2" file="decopatch/tests/test_main2.py" line="391" name="test_all[introspection_2opt_callable_first(replacement=None, dummy=DEFAULT_DUMMY_VALUE)-@replace_by_foo(dummy=&apos;hello&apos;)]" time="0.002313375473022461"><system-out>Generated decorator : replace_by_foo(replacement=None, dummy=12)
Calling it as @replace_by_foo(dummy=&apos;hello&apos;)
Expected SUCCESS

</system-out></testcase><testcase classname="decopatch.tests.test_main2" file="decopatch/tests/test_main2.py" line="391" name="test_all[introspection_2opt_callable_first(replacement=None, dummy=DEFAULT_DUMMY_VALUE)-@replace_by_foo(dummy=DEFAULT_DUMMY_VALUE)]" time="0.0018634796142578125"><system-out>Generated decorator : replace_by_foo(replacement=None, dummy=12)
Calling it as @replace_by_foo(dummy=DEFAULT_DUMMY_VALUE)
Expected SUCCESS

</system-out></testcase><testcase classname="decopatch.tests.test_main2" file="decopatch/tests/test_main2.py" line="391" name="test_all[introspection_2opt_callable_first(replacement=None, dummy=DEFAULT_DUMMY_VALUE)-@replace_by_foo(goo, &apos;hello&apos;)]" time="0.0018849372863769531"><system-out>Generated decorator : replace_by_foo(replacement=None, dummy=12)
Calling it as @replace_by_foo(goo, &apos;hello&apos;)
Expected SUCCESS

</system-out></testcase><testcase classname="decopatch.tests.test_main2" file="decopatch/tests/test_main2.py" line="391" name="test_all[introspection_2opt_callable_first(replacement=None, dummy=DEFAULT_DUMMY_VALUE)-@replace_by_foo(&apos;hello&apos;, goo)]" time="0.002370595932006836"><skipped message="the order of positional args in the test does not match" type="pytest.skip">/home/travis/build/smarie/python-decopatch/decopatch/tests/test_main2.py:409: &lt;py._xmlgen.raw object at 0x7fe093526b38&gt;</skipped><system-out>Generated decorator : replace_by_foo(replacement=None, dummy=12)
Calling it as @replace_by_foo(&apos;hello&apos;, goo)
</system-out><system-out>Generated decorator : replace_by_foo(replacement=None, dummy=12)
Calling it as @replace_by_foo(&apos;hello&apos;, goo)
</system-out></testcase><testcase classname="decopatch.tests.test_main2" file="decopatch/tests/test_main2.py" line="391" name="test_all[introspection_2opt_callable_first(replacement=None, dummy=DEFAULT_DUMMY_VALUE)-@replace_by_foo(goo, DEFAULT_DUMMY_VALUE)]" time="0.0023849010467529297"><system-out>Generated decorator : replace_by_foo(replacement=None, dummy=12)
Calling it as @replace_by_foo(goo, DEFAULT_DUMMY_VALUE)
Expected SUCCESS

</system-out></testcase><testcase classname="decopatch.tests.test_main2" file="decopatch/tests/test_main2.py" line="391" name="test_all[introspection_2opt_callable_first(replacement=None, dummy=DEFAULT_DUMMY_VALUE)-@replace_by_foo(DEFAULT_DUMMY_VALUE, goo)]" time="0.0024187564849853516"><skipped message="the order of positional args in the test does not match" type="pytest.skip">/home/travis/build/smarie/python-decopatch/decopatch/tests/test_main2.py:409: &lt;py._xmlgen.raw object at 0x7fe0934b6080&gt;</skipped><system-out>Generated decorator : replace_by_foo(replacement=None, dummy=12)
Calling it as @replace_by_foo(DEFAULT_DUMMY_VALUE, goo)
</system-out><system-out>Generated decorator : replace_by_foo(replacement=None, dummy=12)
Calling it as @replace_by_foo(DEFAULT_DUMMY_VALUE, goo)
</system-out></testcase><testcase classname="decopatch.tests.test_main2" file="decopatch/tests/test_main2.py" line="391" name="test_all[custom_disambiguator_2opt_callable_first(replacement=None, dummy=DEFAULT_DUMMY_VALUE)-@replace_by_foo]" time="0.0019176006317138672"><system-out>Generated decorator : replace_by_foo(replacement=None, dummy=12)
Calling it as @replace_by_foo
Expected SUCCESS

</system-out></testcase><testcase classname="decopatch.tests.test_main2" file="decopatch/tests/test_main2.py" line="391" name="test_all[custom_disambiguator_2opt_callable_first(replacement=None, dummy=DEFAULT_DUMMY_VALUE)-@replace_by_foo()]" time="0.0019979476928710938"><system-out>Generated decorator : replace_by_foo(replacement=None, dummy=12)
Calling it as @replace_by_foo()
Expected SUCCESS

</system-out></testcase><testcase classname="decopatch.tests.test_main2" file="decopatch/tests/test_main2.py" line="391" name="test_all[custom_disambiguator_2opt_callable_first(replacement=None, dummy=DEFAULT_DUMMY_VALUE)-@replace_by_foo(goo)]" time="0.0022165775299072266"><system-out>Generated decorator : replace_by_foo(replacement=None, dummy=12)
Calling it as @replace_by_foo(goo)
Expected SUCCESS

</system-out></testcase><testcase classname="decopatch.tests.test_main2" file="decopatch/tests/test_main2.py" line="391" name="test_all[custom_disambiguator_2opt_callable_first(replacement=None, dummy=DEFAULT_DUMMY_VALUE)-@replace_by_foo(&apos;hello&apos;)]" time="0.002361774444580078"><skipped message="the first positional arg is supposed to be the callable here" type="pytest.skip">/home/travis/build/smarie/python-decopatch/decopatch/tests/test_main2.py:409: &lt;py._xmlgen.raw object at 0x7fe0934babe0&gt;</skipped><system-out>Generated decorator : replace_by_foo(replacement=None, dummy=12)
Calling it as @replace_by_foo(&apos;hello&apos;)
</system-out><system-out>Generated decorator : replace_by_foo(replacement=None, dummy=12)
Calling it as @replace_by_foo(&apos;hello&apos;)
</system-out></testcase><testcase classname="decopatch.tests.test_main2" file="decopatch/tests/test_main2.py" line="391" name="test_all[custom_disambiguator_2opt_callable_first(replacement=None, dummy=DEFAULT_DUMMY_VALUE)-@replace_by_foo(DEFAULT_DUMMY_VALUE)]" time="0.0023403167724609375"><skipped message="the first positional arg is supposed to be the callable here" type="pytest.skip">/home/travis/build/smarie/python-decopatch/decopatch/tests/test_main2.py:409: &lt;py._xmlgen.raw object at 0x7fe0934ba630&gt;</skipped><system-out>Generated decorator : replace_by_foo(replacement=None, dummy=12)
Calling it as @replace_by_foo(DEFAULT_DUMMY_VALUE)
</system-out><system-out>Generated decorator : replace_by_foo(replacement=None, dummy=12)
Calling it as @replace_by_foo(DEFAULT_DUMMY_VALUE)
</system-out></testcase><testcase classname="decopatch.tests.test_main2" file="decopatch/tests/test_main2.py" line="391" name="test_all[custom_disambiguator_2opt_callable_first(replacement=None, dummy=DEFAULT_DUMMY_VALUE)-@replace_by_foo(replacement=goo)]" time="0.0018253326416015625"><system-out>Generated decorator : replace_by_foo(replacement=None, dummy=12)
Calling it as @replace_by_foo(replacement=goo)
Expected SUCCESS

</system-out></testcase><testcase classname="decopatch.tests.test_main2" file="decopatch/tests/test_main2.py" line="391" name="test_all[custom_disambiguator_2opt_callable_first(replacement=None, dummy=DEFAULT_DUMMY_VALUE)-@replace_by_foo(dummy=&apos;hello&apos;)]" time="0.0017595291137695312"><system-out>Generated decorator : replace_by_foo(replacement=None, dummy=12)
Calling it as @replace_by_foo(dummy=&apos;hello&apos;)
Expected SUCCESS

</system-out></testcase><testcase classname="decopatch.tests.test_main2" file="decopatch/tests/test_main2.py" line="391" name="test_all[custom_disambiguator_2opt_callable_first(replacement=None, dummy=DEFAULT_DUMMY_VALUE)-@replace_by_foo(dummy=DEFAULT_DUMMY_VALUE)]" time="0.002297639846801758"><system-out>Generated decorator : replace_by_foo(replacement=None, dummy=12)
Calling it as @replace_by_foo(dummy=DEFAULT_DUMMY_VALUE)
Expected SUCCESS

</system-out></testcase><testcase classname="decopatch.tests.test_main2" file="decopatch/tests/test_main2.py" line="391" name="test_all[custom_disambiguator_2opt_callable_first(replacement=None, dummy=DEFAULT_DUMMY_VALUE)-@replace_by_foo(goo, &apos;hello&apos;)]" time="0.0022962093353271484"><system-out>Generated decorator : replace_by_foo(replacement=None, dummy=12)
Calling it as @replace_by_foo(goo, &apos;hello&apos;)
Expected SUCCESS

</system-out></testcase><testcase classname="decopatch.tests.test_main2" file="decopatch/tests/test_main2.py" line="391" name="test_all[custom_disambiguator_2opt_callable_first(replacement=None, dummy=DEFAULT_DUMMY_VALUE)-@replace_by_foo(&apos;hello&apos;, goo)]" time="0.0024843215942382812"><skipped message="the order of positional args in the test does not match" type="pytest.skip">/home/travis/build/smarie/python-decopatch/decopatch/tests/test_main2.py:409: &lt;py._xmlgen.raw object at 0x7fe0934c7c18&gt;</skipped><system-out>Generated decorator : replace_by_foo(replacement=None, dummy=12)
Calling it as @replace_by_foo(&apos;hello&apos;, goo)
</system-out><system-out>Generated decorator : replace_by_foo(replacement=None, dummy=12)
Calling it as @replace_by_foo(&apos;hello&apos;, goo)
</system-out></testcase><testcase classname="decopatch.tests.test_main2" file="decopatch/tests/test_main2.py" line="391" name="test_all[custom_disambiguator_2opt_callable_first(replacement=None, dummy=DEFAULT_DUMMY_VALUE)-@replace_by_foo(goo, DEFAULT_DUMMY_VALUE)]" time="0.0020439624786376953"><system-out>Generated decorator : replace_by_foo(replacement=None, dummy=12)
Calling it as @replace_by_foo(goo, DEFAULT_DUMMY_VALUE)
Expected SUCCESS

</system-out></testcase><testcase classname="decopatch.tests.test_main2" file="decopatch/tests/test_main2.py" line="391" name="test_all[custom_disambiguator_2opt_callable_first(replacement=None, dummy=DEFAULT_DUMMY_VALUE)-@replace_by_foo(DEFAULT_DUMMY_VALUE, goo)]" time="0.001886606216430664"><skipped message="the order of positional args in the test does not match" type="pytest.skip">/home/travis/build/smarie/python-decopatch/decopatch/tests/test_main2.py:409: &lt;py._xmlgen.raw object at 0x7fe0934cc128&gt;</skipped><system-out>Generated decorator : replace_by_foo(replacement=None, dummy=12)
Calling it as @replace_by_foo(DEFAULT_DUMMY_VALUE, goo)
</system-out><system-out>Generated decorator : replace_by_foo(replacement=None, dummy=12)
Calling it as @replace_by_foo(DEFAULT_DUMMY_VALUE, goo)
</system-out></testcase><testcase classname="decopatch.tests.test_so" file="decopatch/tests/test_so.py" line="10" name="test_so_flat" time="0.002601146697998047"><system-out>hello from before run
a -1 b 2
hello from before run
a 100 b 2
</system-out></testcase><testcase classname="decopatch.tests.test_so" file="decopatch/tests/test_so.py" line="35" name="test_so_double_flat" time="0.0024564266204833984"><system-out>hello from before run
a -1 b 2
hello from before run
a 100 b 2
</system-out></testcase><testcase classname="decopatch.tests.test_so" file="decopatch/tests/test_so.py" line="57" name="test_so_wrap[style=flat]" time="0.003320455551147461"></testcase><testcase classname="decopatch.tests.test_so" file="decopatch/tests/test_so.py" line="57" name="test_so_wrap[style=double-flat]" time="0.0027205944061279297"></testcase><testcase classname="decopatch.tests.test_so" file="decopatch/tests/test_so.py" line="95" name="test_so_2[mode=flat]" time="0.0031402111053466797"></testcase><testcase classname="decopatch.tests.test_so" file="decopatch/tests/test_so.py" line="95" name="test_so_2[mode=double-flat]" time="0.0031745433807373047"></testcase><testcase classname="decopatch.tests.test_so" file="decopatch/tests/test_so.py" line="139" name="test_so_3[mode=flat]" time="0.002945423126220703"></testcase><testcase classname="decopatch.tests.test_so" file="decopatch/tests/test_so.py" line="139" name="test_so_3[mode=double-flat]" time="0.002821683883666992"></testcase></testsuite>