<?xml version="1.0" encoding="utf-8"?><testsuite errors="0" failures="0" name="pytest" skips="39" tests="209" time="1.569"><testcase classname="decopatch.tests.test_doc" file="decopatch/tests/test_doc.py" line="14" name="test_doc_impl_first_tag_mandatory[uses_introspection=True-usage_first=True]" time="0.017759084701538086"></testcase><testcase classname="decopatch.tests.test_doc" file="decopatch/tests/test_doc.py" line="14" name="test_doc_impl_first_tag_mandatory[uses_introspection=True-usage_first=False]" time="0.011763572692871094"></testcase><testcase classname="decopatch.tests.test_doc" file="decopatch/tests/test_doc.py" line="14" name="test_doc_impl_first_tag_mandatory[uses_introspection=False-usage_first=True]" time="0.0032186508178710938"></testcase><testcase classname="decopatch.tests.test_doc" file="decopatch/tests/test_doc.py" line="14" name="test_doc_impl_first_tag_mandatory[uses_introspection=False-usage_first=False]" time="0.002655506134033203"></testcase><testcase classname="decopatch.tests.test_doc" file="decopatch/tests/test_doc.py" line="79" name="test_doc_impl_first_tag_optional" time="0.014917373657226562"></testcase><testcase classname="decopatch.tests.test_doc" file="decopatch/tests/test_doc.py" line="132" name="test_doc_impl_first_say_hello" time="0.012764692306518555"></testcase><testcase classname="decopatch.tests.test_doc" file="decopatch/tests/test_doc.py" line="205" name="test_doc_impl_first_class_tag_mandatory[True]" time="0.02095627784729004"></testcase><testcase classname="decopatch.tests.test_doc" file="decopatch/tests/test_doc.py" line="205" name="test_doc_impl_first_class_tag_mandatory[False]" time="0.002923250198364258"></testcase><testcase classname="decopatch.tests.test_doc" file="decopatch/tests/test_doc.py" line="255" name="test_doc_usage_first_tag_mandatory" time="0.001684427261352539"></testcase><testcase classname="decopatch.tests.test_doc" file="decopatch/tests/test_doc.py" line="277" name="test_doc_impl_first_tag_mandatory_protected[uses_introspection=True-kwonly=True]" time="0.002912759780883789"></testcase><testcase classname="decopatch.tests.test_doc" file="decopatch/tests/test_doc.py" line="277" name="test_doc_impl_first_tag_mandatory_protected[uses_introspection=False-kwonly=True]" time="0.0024445056915283203"></testcase><testcase classname="decopatch.tests.test_doc" file="decopatch/tests/test_doc.py" line="309" name="test_doc_impl_first_tag_optional_nonprotected[kwonly=False]" time="0.0020225048065185547"></testcase><testcase classname="decopatch.tests.test_doc" file="decopatch/tests/test_doc.py" line="309" name="test_doc_impl_first_tag_optional_nonprotected[kwonly=True]" time="0.0021066665649414062"></testcase><testcase classname="decopatch.tests.test_doc" file="decopatch/tests/test_doc.py" line="346" name="test_doc_impl_first_tag_optional_protected[introspection=True-kwonly=False]" time="0.017026185989379883"></testcase><testcase classname="decopatch.tests.test_doc" file="decopatch/tests/test_doc.py" line="346" name="test_doc_impl_first_tag_optional_protected[introspection=True-kwonly=True]" time="0.012346267700195312"></testcase><testcase classname="decopatch.tests.test_doc" file="decopatch/tests/test_doc.py" line="346" name="test_doc_impl_first_tag_optional_protected[introspection=False-kwonly=False]" time="0.0023071765899658203"></testcase><testcase classname="decopatch.tests.test_doc" file="decopatch/tests/test_doc.py" line="346" name="test_doc_impl_first_tag_optional_protected[introspection=False-kwonly=True]" time="0.003134012222290039"></testcase><testcase classname="decopatch.tests.test_main2" file="decopatch/tests/test_main2.py" line="388" name="test_all[easy_0_args(f=DECORATED)-@replace_by_foo]" time="0.0031578540802001953"><system-out>Generated decorator : replace_by_foo(*no_args)
Calling it as @replace_by_foo
Expected SUCCESS

</system-out></testcase><testcase classname="decopatch.tests.test_main2" file="decopatch/tests/test_main2.py" line="388" name="test_all[easy_0_args(f=DECORATED)-@replace_by_foo()]" time="0.0018069744110107422"><system-out>Generated decorator : replace_by_foo(*no_args)
Calling it as @replace_by_foo()
Expected SUCCESS

</system-out></testcase><testcase classname="decopatch.tests.test_main2" file="decopatch/tests/test_main2.py" line="388" name="test_all[easy_0_args(f=DECORATED)-@replace_by_foo(goo)]" time="0.003915309906005859"><system-out>Generated decorator : replace_by_foo(*no_args)
Calling it as @replace_by_foo(goo)
Expected error: &apos;TypeError&apos; because python does not allow f(x) if f has 0 args

</system-out></testcase><testcase classname="decopatch.tests.test_main2" file="decopatch/tests/test_main2.py" line="388" name="test_all[easy_0_args(f=DECORATED)-@replace_by_foo(&apos;hello&apos;)]" time="0.003414630889892578"><system-out>Generated decorator : replace_by_foo(*no_args)
Calling it as @replace_by_foo(&apos;hello&apos;)
Expected error: &apos;TypeError&apos; because python does not allow f(x) if f has 0 args

</system-out></testcase><testcase classname="decopatch.tests.test_main2" file="decopatch/tests/test_main2.py" line="388" name="test_all[easy_0_args(f=DECORATED)-@replace_by_foo(DEFAULT_DUMMY_VALUE)]" time="0.0035321712493896484"><system-out>Generated decorator : replace_by_foo(*no_args)
Calling it as @replace_by_foo(DEFAULT_DUMMY_VALUE)
Expected error: &apos;TypeError&apos; because python does not allow f(x) if f has 0 args

</system-out></testcase><testcase classname="decopatch.tests.test_main2" file="decopatch/tests/test_main2.py" line="388" name="test_all[easy_0_args(f=DECORATED)-@replace_by_foo(replacement=goo)]" time="0.002259969711303711"><system-out>Generated decorator : replace_by_foo(*no_args)
Calling it as @replace_by_foo(replacement=goo)
Expected error: &apos;TypeError&apos; because python does not allow f(x) if f has 0 args

</system-out></testcase><testcase classname="decopatch.tests.test_main2" file="decopatch/tests/test_main2.py" line="388" name="test_all[easy_0_args(f=DECORATED)-@replace_by_foo(dummy=&apos;hello&apos;)]" time="0.002955198287963867"><system-out>Generated decorator : replace_by_foo(*no_args)
Calling it as @replace_by_foo(dummy=&apos;hello&apos;)
Expected error: &apos;TypeError&apos; because python does not allow f(x) if f has 0 args

</system-out></testcase><testcase classname="decopatch.tests.test_main2" file="decopatch/tests/test_main2.py" line="388" name="test_all[easy_0_args(f=DECORATED)-@replace_by_foo(dummy=DEFAULT_DUMMY_VALUE)]" time="0.0032432079315185547"><system-out>Generated decorator : replace_by_foo(*no_args)
Calling it as @replace_by_foo(dummy=DEFAULT_DUMMY_VALUE)
Expected error: &apos;TypeError&apos; because python does not allow f(x) if f has 0 args

</system-out></testcase><testcase classname="decopatch.tests.test_main2" file="decopatch/tests/test_main2.py" line="388" name="test_all[easy_0_args(f=DECORATED)-@replace_by_foo(goo, &apos;hello&apos;)]" time="0.0030701160430908203"><system-out>Generated decorator : replace_by_foo(*no_args)
Calling it as @replace_by_foo(goo, &apos;hello&apos;)
Expected error: &apos;TypeError&apos; because python does not allow f(x) if f has 0 args

</system-out></testcase><testcase classname="decopatch.tests.test_main2" file="decopatch/tests/test_main2.py" line="388" name="test_all[easy_0_args(f=DECORATED)-@replace_by_foo(&apos;hello&apos;, goo)]" time="0.003068685531616211"><system-out>Generated decorator : replace_by_foo(*no_args)
Calling it as @replace_by_foo(&apos;hello&apos;, goo)
Expected error: &apos;TypeError&apos; because python does not allow f(x) if f has 0 args

</system-out></testcase><testcase classname="decopatch.tests.test_main2" file="decopatch/tests/test_main2.py" line="388" name="test_all[easy_0_args(f=DECORATED)-@replace_by_foo(goo, DEFAULT_DUMMY_VALUE)]" time="0.002374410629272461"><system-out>Generated decorator : replace_by_foo(*no_args)
Calling it as @replace_by_foo(goo, DEFAULT_DUMMY_VALUE)
Expected error: &apos;TypeError&apos; because python does not allow f(x) if f has 0 args

</system-out></testcase><testcase classname="decopatch.tests.test_main2" file="decopatch/tests/test_main2.py" line="388" name="test_all[easy_0_args(f=DECORATED)-@replace_by_foo(DEFAULT_DUMMY_VALUE, goo)]" time="0.0034377574920654297"><system-out>Generated decorator : replace_by_foo(*no_args)
Calling it as @replace_by_foo(DEFAULT_DUMMY_VALUE, goo)
Expected error: &apos;TypeError&apos; because python does not allow f(x) if f has 0 args

</system-out></testcase><testcase classname="decopatch.tests.test_main2" file="decopatch/tests/test_main2.py" line="388" name="test_all[easy_0_args(*, f=DECORATED)-@replace_by_foo]" time="0.0029723644256591797"><system-out>Generated decorator : replace_by_foo(*no_args)
Calling it as @replace_by_foo
Expected SUCCESS

</system-out></testcase><testcase classname="decopatch.tests.test_main2" file="decopatch/tests/test_main2.py" line="388" name="test_all[easy_0_args(*, f=DECORATED)-@replace_by_foo()]" time="0.0030603408813476562"><system-out>Generated decorator : replace_by_foo(*no_args)
Calling it as @replace_by_foo()
Expected SUCCESS

</system-out></testcase><testcase classname="decopatch.tests.test_main2" file="decopatch/tests/test_main2.py" line="388" name="test_all[easy_0_args(*, f=DECORATED)-@replace_by_foo(goo)]" time="0.0026471614837646484"><system-out>Generated decorator : replace_by_foo(*no_args)
Calling it as @replace_by_foo(goo)
Expected error: &apos;TypeError&apos; because python does not allow f(x) if f has 0 args

</system-out></testcase><testcase classname="decopatch.tests.test_main2" file="decopatch/tests/test_main2.py" line="388" name="test_all[easy_0_args(*, f=DECORATED)-@replace_by_foo(&apos;hello&apos;)]" time="0.0032896995544433594"><system-out>Generated decorator : replace_by_foo(*no_args)
Calling it as @replace_by_foo(&apos;hello&apos;)
Expected error: &apos;TypeError&apos; because python does not allow f(x) if f has 0 args

</system-out></testcase><testcase classname="decopatch.tests.test_main2" file="decopatch/tests/test_main2.py" line="388" name="test_all[easy_0_args(*, f=DECORATED)-@replace_by_foo(DEFAULT_DUMMY_VALUE)]" time="0.003476381301879883"><system-out>Generated decorator : replace_by_foo(*no_args)
Calling it as @replace_by_foo(DEFAULT_DUMMY_VALUE)
Expected error: &apos;TypeError&apos; because python does not allow f(x) if f has 0 args

</system-out></testcase><testcase classname="decopatch.tests.test_main2" file="decopatch/tests/test_main2.py" line="388" name="test_all[easy_0_args(*, f=DECORATED)-@replace_by_foo(replacement=goo)]" time="0.003288745880126953"><system-out>Generated decorator : replace_by_foo(*no_args)
Calling it as @replace_by_foo(replacement=goo)
Expected error: &apos;TypeError&apos; because python does not allow f(x) if f has 0 args

</system-out></testcase><testcase classname="decopatch.tests.test_main2" file="decopatch/tests/test_main2.py" line="388" name="test_all[easy_0_args(*, f=DECORATED)-@replace_by_foo(dummy=&apos;hello&apos;)]" time="0.003047466278076172"><system-out>Generated decorator : replace_by_foo(*no_args)
Calling it as @replace_by_foo(dummy=&apos;hello&apos;)
Expected error: &apos;TypeError&apos; because python does not allow f(x) if f has 0 args

</system-out></testcase><testcase classname="decopatch.tests.test_main2" file="decopatch/tests/test_main2.py" line="388" name="test_all[easy_0_args(*, f=DECORATED)-@replace_by_foo(dummy=DEFAULT_DUMMY_VALUE)]" time="0.002610445022583008"><system-out>Generated decorator : replace_by_foo(*no_args)
Calling it as @replace_by_foo(dummy=DEFAULT_DUMMY_VALUE)
Expected error: &apos;TypeError&apos; because python does not allow f(x) if f has 0 args

</system-out></testcase><testcase classname="decopatch.tests.test_main2" file="decopatch/tests/test_main2.py" line="388" name="test_all[easy_0_args(*, f=DECORATED)-@replace_by_foo(goo, &apos;hello&apos;)]" time="0.0026013851165771484"><system-out>Generated decorator : replace_by_foo(*no_args)
Calling it as @replace_by_foo(goo, &apos;hello&apos;)
Expected error: &apos;TypeError&apos; because python does not allow f(x) if f has 0 args

</system-out></testcase><testcase classname="decopatch.tests.test_main2" file="decopatch/tests/test_main2.py" line="388" name="test_all[easy_0_args(*, f=DECORATED)-@replace_by_foo(&apos;hello&apos;, goo)]" time="0.002756357192993164"><system-out>Generated decorator : replace_by_foo(*no_args)
Calling it as @replace_by_foo(&apos;hello&apos;, goo)
Expected error: &apos;TypeError&apos; because python does not allow f(x) if f has 0 args

</system-out></testcase><testcase classname="decopatch.tests.test_main2" file="decopatch/tests/test_main2.py" line="388" name="test_all[easy_0_args(*, f=DECORATED)-@replace_by_foo(goo, DEFAULT_DUMMY_VALUE)]" time="0.0021228790283203125"><system-out>Generated decorator : replace_by_foo(*no_args)
Calling it as @replace_by_foo(goo, DEFAULT_DUMMY_VALUE)
Expected error: &apos;TypeError&apos; because python does not allow f(x) if f has 0 args

</system-out></testcase><testcase classname="decopatch.tests.test_main2" file="decopatch/tests/test_main2.py" line="388" name="test_all[easy_0_args(*, f=DECORATED)-@replace_by_foo(DEFAULT_DUMMY_VALUE, goo)]" time="0.003445863723754883"><system-out>Generated decorator : replace_by_foo(*no_args)
Calling it as @replace_by_foo(DEFAULT_DUMMY_VALUE, goo)
Expected error: &apos;TypeError&apos; because python does not allow f(x) if f has 0 args

</system-out></testcase><testcase classname="decopatch.tests.test_main2" file="decopatch/tests/test_main2.py" line="388" name="test_all[case_hard_varpositional-@replace_by_foo]" time="0.0018589496612548828"><system-out>Generated decorator : replace_by_foo(*args)
Calling it as @replace_by_foo
Expected error: &apos;AmbiguousFirstArgumentTypeError&apos; because using the decorator without parenthesis mimics usage with a single arg.

</system-out></testcase><testcase classname="decopatch.tests.test_main2" file="decopatch/tests/test_main2.py" line="388" name="test_all[case_hard_varpositional-@replace_by_foo()]" time="0.0017461776733398438"><system-out>Generated decorator : replace_by_foo(*args)
Calling it as @replace_by_foo()
Expected SUCCESS

</system-out></testcase><testcase classname="decopatch.tests.test_main2" file="decopatch/tests/test_main2.py" line="388" name="test_all[case_hard_varpositional-@replace_by_foo(goo)]" time="0.003788471221923828"><system-out>Generated decorator : replace_by_foo(*args)
Calling it as @replace_by_foo(goo)
Expected error: &apos;AmbiguousFirstArgumentTypeError&apos; because calling a non-protected decorator with a callable leads to an error

</system-out></testcase><testcase classname="decopatch.tests.test_main2" file="decopatch/tests/test_main2.py" line="388" name="test_all[case_hard_varpositional-@replace_by_foo(&apos;hello&apos;)]" time="0.0027532577514648438"><system-out>Generated decorator : replace_by_foo(*args)
Calling it as @replace_by_foo(&apos;hello&apos;)
Expected SUCCESS

</system-out></testcase><testcase classname="decopatch.tests.test_main2" file="decopatch/tests/test_main2.py" line="388" name="test_all[case_hard_varpositional-@replace_by_foo(DEFAULT_DUMMY_VALUE)]" time="0.004174232482910156"><system-out>Generated decorator : replace_by_foo(*args)
Calling it as @replace_by_foo(DEFAULT_DUMMY_VALUE)
Expected SUCCESS

</system-out></testcase><testcase classname="decopatch.tests.test_main2" file="decopatch/tests/test_main2.py" line="388" name="test_all[case_hard_varpositional-@replace_by_foo(replacement=goo)]" time="0.003828763961791992"><skipped message="decorator impl does not accept keyword args" type="pytest.skip">/home/travis/build/smarie/python-decopatch/decopatch/tests/test_main2.py:413: &lt;py._xmlgen.raw object at 0x7f2e03f7a358&gt;</skipped><system-out>Generated decorator : replace_by_foo(*args)
Calling it as @replace_by_foo(replacement=goo)
</system-out><system-out>Generated decorator : replace_by_foo(*args)
Calling it as @replace_by_foo(replacement=goo)
</system-out></testcase><testcase classname="decopatch.tests.test_main2" file="decopatch/tests/test_main2.py" line="388" name="test_all[case_hard_varpositional-@replace_by_foo(dummy=&apos;hello&apos;)]" time="0.0031909942626953125"><skipped message="decorator impl does not accept keyword args" type="pytest.skip">/home/travis/build/smarie/python-decopatch/decopatch/tests/test_main2.py:413: &lt;py._xmlgen.raw object at 0x7f2e03f7aef0&gt;</skipped><system-out>Generated decorator : replace_by_foo(*args)
Calling it as @replace_by_foo(dummy=&apos;hello&apos;)
</system-out><system-out>Generated decorator : replace_by_foo(*args)
Calling it as @replace_by_foo(dummy=&apos;hello&apos;)
</system-out></testcase><testcase classname="decopatch.tests.test_main2" file="decopatch/tests/test_main2.py" line="388" name="test_all[case_hard_varpositional-@replace_by_foo(dummy=DEFAULT_DUMMY_VALUE)]" time="0.003200531005859375"><skipped message="decorator impl does not accept keyword args" type="pytest.skip">/home/travis/build/smarie/python-decopatch/decopatch/tests/test_main2.py:413: &lt;py._xmlgen.raw object at 0x7f2e03fe5be0&gt;</skipped><system-out>Generated decorator : replace_by_foo(*args)
Calling it as @replace_by_foo(dummy=DEFAULT_DUMMY_VALUE)
</system-out><system-out>Generated decorator : replace_by_foo(*args)
Calling it as @replace_by_foo(dummy=DEFAULT_DUMMY_VALUE)
</system-out></testcase><testcase classname="decopatch.tests.test_main2" file="decopatch/tests/test_main2.py" line="388" name="test_all[case_hard_varpositional-@replace_by_foo(goo, &apos;hello&apos;)]" time="0.0020666122436523438"><system-out>Generated decorator : replace_by_foo(*args)
Calling it as @replace_by_foo(goo, &apos;hello&apos;)
Expected SUCCESS

</system-out></testcase><testcase classname="decopatch.tests.test_main2" file="decopatch/tests/test_main2.py" line="388" name="test_all[case_hard_varpositional-@replace_by_foo(&apos;hello&apos;, goo)]" time="0.0026674270629882812"><system-out>Generated decorator : replace_by_foo(*args)
Calling it as @replace_by_foo(&apos;hello&apos;, goo)
Expected SUCCESS

</system-out></testcase><testcase classname="decopatch.tests.test_main2" file="decopatch/tests/test_main2.py" line="388" name="test_all[case_hard_varpositional-@replace_by_foo(goo, DEFAULT_DUMMY_VALUE)]" time="0.002651214599609375"><system-out>Generated decorator : replace_by_foo(*args)
Calling it as @replace_by_foo(goo, DEFAULT_DUMMY_VALUE)
Expected SUCCESS

</system-out></testcase><testcase classname="decopatch.tests.test_main2" file="decopatch/tests/test_main2.py" line="388" name="test_all[case_hard_varpositional-@replace_by_foo(DEFAULT_DUMMY_VALUE, goo)]" time="0.0030460357666015625"><system-out>Generated decorator : replace_by_foo(*args)
Calling it as @replace_by_foo(DEFAULT_DUMMY_VALUE, goo)
Expected SUCCESS

</system-out></testcase><testcase classname="decopatch.tests.test_main2" file="decopatch/tests/test_main2.py" line="388" name="test_all[unprotected(explicit)_1m_arg(dummy, f=DECORATED)-@replace_by_foo]" time="0.002419710159301758"><system-out>Generated decorator : replace_by_foo(dummy)
Calling it as @replace_by_foo
Expected error: &apos;AmbiguousFirstArgumentTypeError&apos; because using the decorator without parenthesis mimics usage with a single arg.

</system-out></testcase><testcase classname="decopatch.tests.test_main2" file="decopatch/tests/test_main2.py" line="388" name="test_all[unprotected(explicit)_1m_arg(dummy, f=DECORATED)-@replace_by_foo()]" time="0.0023195743560791016"><system-out>Generated decorator : replace_by_foo(dummy)
Calling it as @replace_by_foo()
Expected error: &apos;TypeError&apos; because python does not allow f() if f has 1 mandatory arg

</system-out></testcase><testcase classname="decopatch.tests.test_main2" file="decopatch/tests/test_main2.py" line="388" name="test_all[unprotected(explicit)_1m_arg(dummy, f=DECORATED)-@replace_by_foo(goo)]" time="0.002714872360229492"><system-out>Generated decorator : replace_by_foo(dummy)
Calling it as @replace_by_foo(goo)
Expected error: &apos;AmbiguousFirstArgumentTypeError&apos; because calling a non-protected decorator with a callable leads to an error

</system-out></testcase><testcase classname="decopatch.tests.test_main2" file="decopatch/tests/test_main2.py" line="388" name="test_all[unprotected(explicit)_1m_arg(dummy, f=DECORATED)-@replace_by_foo(&apos;hello&apos;)]" time="0.0024461746215820312"><system-out>Generated decorator : replace_by_foo(dummy)
Calling it as @replace_by_foo(&apos;hello&apos;)
Expected SUCCESS

</system-out></testcase><testcase classname="decopatch.tests.test_main2" file="decopatch/tests/test_main2.py" line="388" name="test_all[unprotected(explicit)_1m_arg(dummy, f=DECORATED)-@replace_by_foo(DEFAULT_DUMMY_VALUE)]" time="0.0024259090423583984"><system-out>Generated decorator : replace_by_foo(dummy)
Calling it as @replace_by_foo(DEFAULT_DUMMY_VALUE)
Expected SUCCESS

</system-out></testcase><testcase classname="decopatch.tests.test_main2" file="decopatch/tests/test_main2.py" line="388" name="test_all[unprotected(explicit)_1m_arg(dummy, f=DECORATED)-@replace_by_foo(replacement=goo)]" time="0.002409219741821289"><skipped message="decorator impl does not have a &apos;replacement&apos; arg" type="pytest.skip">/home/travis/build/smarie/python-decopatch/decopatch/tests/test_main2.py:413: &lt;py._xmlgen.raw object at 0x7f2e03f92d30&gt;</skipped><system-out>Generated decorator : replace_by_foo(dummy)
Calling it as @replace_by_foo(replacement=goo)
</system-out><system-out>Generated decorator : replace_by_foo(dummy)
Calling it as @replace_by_foo(replacement=goo)
</system-out></testcase><testcase classname="decopatch.tests.test_main2" file="decopatch/tests/test_main2.py" line="388" name="test_all[unprotected(explicit)_1m_arg(dummy, f=DECORATED)-@replace_by_foo(dummy=&apos;hello&apos;)]" time="0.0023360252380371094"><system-out>Generated decorator : replace_by_foo(dummy)
Calling it as @replace_by_foo(dummy=&apos;hello&apos;)
Expected SUCCESS

</system-out></testcase><testcase classname="decopatch.tests.test_main2" file="decopatch/tests/test_main2.py" line="388" name="test_all[unprotected(explicit)_1m_arg(dummy, f=DECORATED)-@replace_by_foo(dummy=DEFAULT_DUMMY_VALUE)]" time="0.0025031566619873047"><system-out>Generated decorator : replace_by_foo(dummy)
Calling it as @replace_by_foo(dummy=DEFAULT_DUMMY_VALUE)
Expected SUCCESS

</system-out></testcase><testcase classname="decopatch.tests.test_main2" file="decopatch/tests/test_main2.py" line="388" name="test_all[unprotected(explicit)_1m_arg(dummy, f=DECORATED)-@replace_by_foo(goo, &apos;hello&apos;)]" time="0.00276947021484375"><system-out>Generated decorator : replace_by_foo(dummy)
Calling it as @replace_by_foo(goo, &apos;hello&apos;)
Expected error: &apos;TypeError&apos; because python does not allow 2 args if f has 1 arg

</system-out></testcase><testcase classname="decopatch.tests.test_main2" file="decopatch/tests/test_main2.py" line="388" name="test_all[unprotected(explicit)_1m_arg(dummy, f=DECORATED)-@replace_by_foo(&apos;hello&apos;, goo)]" time="0.0025703907012939453"><system-out>Generated decorator : replace_by_foo(dummy)
Calling it as @replace_by_foo(&apos;hello&apos;, goo)
Expected error: &apos;TypeError&apos; because python does not allow 2 args if f has 1 arg

</system-out></testcase><testcase classname="decopatch.tests.test_main2" file="decopatch/tests/test_main2.py" line="388" name="test_all[unprotected(explicit)_1m_arg(dummy, f=DECORATED)-@replace_by_foo(goo, DEFAULT_DUMMY_VALUE)]" time="0.002409219741821289"><system-out>Generated decorator : replace_by_foo(dummy)
Calling it as @replace_by_foo(goo, DEFAULT_DUMMY_VALUE)
Expected error: &apos;TypeError&apos; because python does not allow 2 args if f has 1 arg

</system-out></testcase><testcase classname="decopatch.tests.test_main2" file="decopatch/tests/test_main2.py" line="388" name="test_all[unprotected(explicit)_1m_arg(dummy, f=DECORATED)-@replace_by_foo(DEFAULT_DUMMY_VALUE, goo)]" time="0.002296924591064453"><system-out>Generated decorator : replace_by_foo(dummy)
Calling it as @replace_by_foo(DEFAULT_DUMMY_VALUE, goo)
Expected error: &apos;TypeError&apos; because python does not allow 2 args if f has 1 arg

</system-out></testcase><testcase classname="decopatch.tests.test_main2" file="decopatch/tests/test_main2.py" line="388" name="test_all[protected(default)_1m_arg(dummy, f=DECORATED)-@replace_by_foo]" time="0.002939462661743164"><system-out>Generated decorator : replace_by_foo(dummy)
Calling it as @replace_by_foo
Expected error: &apos;InvalidMandatoryArgError&apos; because a no-parenthesis usage will be declared by the disambiguator as decorated target

</system-out></testcase><testcase classname="decopatch.tests.test_main2" file="decopatch/tests/test_main2.py" line="388" name="test_all[protected(default)_1m_arg(dummy, f=DECORATED)-@replace_by_foo()]" time="0.0025098323822021484"><system-out>Generated decorator : replace_by_foo(dummy)
Calling it as @replace_by_foo()
Expected error: &apos;TypeError&apos; because python does not allow f() if f has 1 mandatory arg

</system-out></testcase><testcase classname="decopatch.tests.test_main2" file="decopatch/tests/test_main2.py" line="388" name="test_all[protected(default)_1m_arg(dummy, f=DECORATED)-@replace_by_foo(goo)]" time="0.003294706344604492"><system-out>Generated decorator : replace_by_foo(dummy)
Calling it as @replace_by_foo(goo)
Expected error: &apos;InvalidMandatoryArgError&apos; because calling with a single positional callablewill be declared by the disambiguator as decorated target

</system-out></testcase><testcase classname="decopatch.tests.test_main2" file="decopatch/tests/test_main2.py" line="388" name="test_all[protected(default)_1m_arg(dummy, f=DECORATED)-@replace_by_foo(&apos;hello&apos;)]" time="0.0024111270904541016"><system-out>Generated decorator : replace_by_foo(dummy)
Calling it as @replace_by_foo(&apos;hello&apos;)
Expected SUCCESS

</system-out></testcase><testcase classname="decopatch.tests.test_main2" file="decopatch/tests/test_main2.py" line="388" name="test_all[protected(default)_1m_arg(dummy, f=DECORATED)-@replace_by_foo(DEFAULT_DUMMY_VALUE)]" time="0.0022001266479492188"><system-out>Generated decorator : replace_by_foo(dummy)
Calling it as @replace_by_foo(DEFAULT_DUMMY_VALUE)
Expected SUCCESS

</system-out></testcase><testcase classname="decopatch.tests.test_main2" file="decopatch/tests/test_main2.py" line="388" name="test_all[protected(default)_1m_arg(dummy, f=DECORATED)-@replace_by_foo(replacement=goo)]" time="0.0023839473724365234"><skipped message="decorator impl does not have a &apos;replacement&apos; arg" type="pytest.skip">/home/travis/build/smarie/python-decopatch/decopatch/tests/test_main2.py:413: &lt;py._xmlgen.raw object at 0x7f2e03f284e0&gt;</skipped><system-out>Generated decorator : replace_by_foo(dummy)
Calling it as @replace_by_foo(replacement=goo)
</system-out><system-out>Generated decorator : replace_by_foo(dummy)
Calling it as @replace_by_foo(replacement=goo)
</system-out></testcase><testcase classname="decopatch.tests.test_main2" file="decopatch/tests/test_main2.py" line="388" name="test_all[protected(default)_1m_arg(dummy, f=DECORATED)-@replace_by_foo(dummy=&apos;hello&apos;)]" time="0.0028476715087890625"><system-out>Generated decorator : replace_by_foo(dummy)
Calling it as @replace_by_foo(dummy=&apos;hello&apos;)
Expected SUCCESS

</system-out></testcase><testcase classname="decopatch.tests.test_main2" file="decopatch/tests/test_main2.py" line="388" name="test_all[protected(default)_1m_arg(dummy, f=DECORATED)-@replace_by_foo(dummy=DEFAULT_DUMMY_VALUE)]" time="0.0024073123931884766"><system-out>Generated decorator : replace_by_foo(dummy)
Calling it as @replace_by_foo(dummy=DEFAULT_DUMMY_VALUE)
Expected SUCCESS

</system-out></testcase><testcase classname="decopatch.tests.test_main2" file="decopatch/tests/test_main2.py" line="388" name="test_all[protected(default)_1m_arg(dummy, f=DECORATED)-@replace_by_foo(goo, &apos;hello&apos;)]" time="0.0023102760314941406"><system-out>Generated decorator : replace_by_foo(dummy)
Calling it as @replace_by_foo(goo, &apos;hello&apos;)
Expected error: &apos;TypeError&apos; because python does not allow 2 args if f has 1 arg

</system-out></testcase><testcase classname="decopatch.tests.test_main2" file="decopatch/tests/test_main2.py" line="388" name="test_all[protected(default)_1m_arg(dummy, f=DECORATED)-@replace_by_foo(&apos;hello&apos;, goo)]" time="0.002301454544067383"><system-out>Generated decorator : replace_by_foo(dummy)
Calling it as @replace_by_foo(&apos;hello&apos;, goo)
Expected error: &apos;TypeError&apos; because python does not allow 2 args if f has 1 arg

</system-out></testcase><testcase classname="decopatch.tests.test_main2" file="decopatch/tests/test_main2.py" line="388" name="test_all[protected(default)_1m_arg(dummy, f=DECORATED)-@replace_by_foo(goo, DEFAULT_DUMMY_VALUE)]" time="0.002507448196411133"><system-out>Generated decorator : replace_by_foo(dummy)
Calling it as @replace_by_foo(goo, DEFAULT_DUMMY_VALUE)
Expected error: &apos;TypeError&apos; because python does not allow 2 args if f has 1 arg

</system-out></testcase><testcase classname="decopatch.tests.test_main2" file="decopatch/tests/test_main2.py" line="388" name="test_all[protected(default)_1m_arg(dummy, f=DECORATED)-@replace_by_foo(DEFAULT_DUMMY_VALUE, goo)]" time="0.002367258071899414"><system-out>Generated decorator : replace_by_foo(dummy)
Calling it as @replace_by_foo(DEFAULT_DUMMY_VALUE, goo)
Expected error: &apos;TypeError&apos; because python does not allow 2 args if f has 1 arg

</system-out></testcase><testcase classname="decopatch.tests.test_main2" file="decopatch/tests/test_main2.py" line="388" name="test_all[protected(default)_1m_arg(replacement, f=DECORATED)_kwonly=False-@replace_by_foo]" time="0.002477884292602539"><system-out>Generated decorator : replace_by_foo(replacement)
Calling it as @replace_by_foo
Expected error: &apos;InvalidMandatoryArgError&apos; because using the decorator without parenthesis mimics usage with a single arg.

</system-out></testcase><testcase classname="decopatch.tests.test_main2" file="decopatch/tests/test_main2.py" line="388" name="test_all[protected(default)_1m_arg(replacement, f=DECORATED)_kwonly=False-@replace_by_foo()]" time="0.0037088394165039062"><system-out>Generated decorator : replace_by_foo(replacement)
Calling it as @replace_by_foo()
Expected error: &apos;TypeError&apos; because python does not allow f() if f has 1 mandatory arg

</system-out></testcase><testcase classname="decopatch.tests.test_main2" file="decopatch/tests/test_main2.py" line="388" name="test_all[protected(default)_1m_arg(replacement, f=DECORATED)_kwonly=False-@replace_by_foo(goo)]" time="0.0025255680084228516"><system-out>Generated decorator : replace_by_foo(replacement)
Calling it as @replace_by_foo(goo)
Expected error: &apos;InvalidMandatoryArgError&apos; because calling a decorator with a callable as first and only non-default argument leads by default to an error

</system-out></testcase><testcase classname="decopatch.tests.test_main2" file="decopatch/tests/test_main2.py" line="388" name="test_all[protected(default)_1m_arg(replacement, f=DECORATED)_kwonly=False-@replace_by_foo(&apos;hello&apos;)]" time="0.0024557113647460938"><skipped message="This decorator does not access a noncallable positional arg" type="pytest.skip">/home/travis/build/smarie/python-decopatch/decopatch/tests/test_main2.py:413: &lt;py._xmlgen.raw object at 0x7f2e03f75dd8&gt;</skipped><system-out>Generated decorator : replace_by_foo(replacement)
Calling it as @replace_by_foo(&apos;hello&apos;)
</system-out><system-out>Generated decorator : replace_by_foo(replacement)
Calling it as @replace_by_foo(&apos;hello&apos;)
</system-out></testcase><testcase classname="decopatch.tests.test_main2" file="decopatch/tests/test_main2.py" line="388" name="test_all[protected(default)_1m_arg(replacement, f=DECORATED)_kwonly=False-@replace_by_foo(DEFAULT_DUMMY_VALUE)]" time="0.002618074417114258"><skipped message="This decorator does not access a noncallable positional arg" type="pytest.skip">/home/travis/build/smarie/python-decopatch/decopatch/tests/test_main2.py:413: &lt;py._xmlgen.raw object at 0x7f2e03f33630&gt;</skipped><system-out>Generated decorator : replace_by_foo(replacement)
Calling it as @replace_by_foo(DEFAULT_DUMMY_VALUE)
</system-out><system-out>Generated decorator : replace_by_foo(replacement)
Calling it as @replace_by_foo(DEFAULT_DUMMY_VALUE)
</system-out></testcase><testcase classname="decopatch.tests.test_main2" file="decopatch/tests/test_main2.py" line="388" name="test_all[protected(default)_1m_arg(replacement, f=DECORATED)_kwonly=False-@replace_by_foo(replacement=goo)]" time="0.002981424331665039"><system-out>Generated decorator : replace_by_foo(replacement)
Calling it as @replace_by_foo(replacement=goo)
Expected error: &apos;InvalidMandatoryArgError&apos; because calling a decorator with a callable as first and only non-default argument leads by default to an error

</system-out></testcase><testcase classname="decopatch.tests.test_main2" file="decopatch/tests/test_main2.py" line="388" name="test_all[protected(default)_1m_arg(replacement, f=DECORATED)_kwonly=False-@replace_by_foo(dummy=&apos;hello&apos;)]" time="0.002223968505859375"><skipped message="decorator impl does not have a &apos;dummy&apos; arg" type="pytest.skip">/home/travis/build/smarie/python-decopatch/decopatch/tests/test_main2.py:413: &lt;py._xmlgen.raw object at 0x7f2e03f7a7b8&gt;</skipped><system-out>Generated decorator : replace_by_foo(replacement)
Calling it as @replace_by_foo(dummy=&apos;hello&apos;)
</system-out><system-out>Generated decorator : replace_by_foo(replacement)
Calling it as @replace_by_foo(dummy=&apos;hello&apos;)
</system-out></testcase><testcase classname="decopatch.tests.test_main2" file="decopatch/tests/test_main2.py" line="388" name="test_all[protected(default)_1m_arg(replacement, f=DECORATED)_kwonly=False-@replace_by_foo(dummy=DEFAULT_DUMMY_VALUE)]" time="0.0024323463439941406"><skipped message="decorator impl does not have a &apos;dummy&apos; arg" type="pytest.skip">/home/travis/build/smarie/python-decopatch/decopatch/tests/test_main2.py:413: &lt;py._xmlgen.raw object at 0x7f2e03f360f0&gt;</skipped><system-out>Generated decorator : replace_by_foo(replacement)
Calling it as @replace_by_foo(dummy=DEFAULT_DUMMY_VALUE)
</system-out><system-out>Generated decorator : replace_by_foo(replacement)
Calling it as @replace_by_foo(dummy=DEFAULT_DUMMY_VALUE)
</system-out></testcase><testcase classname="decopatch.tests.test_main2" file="decopatch/tests/test_main2.py" line="388" name="test_all[protected(default)_1m_arg(replacement, f=DECORATED)_kwonly=False-@replace_by_foo(goo, &apos;hello&apos;)]" time="0.0025675296783447266"><system-out>Generated decorator : replace_by_foo(replacement)
Calling it as @replace_by_foo(goo, &apos;hello&apos;)
Expected error: &apos;TypeError&apos; because python does not allow 2 args if f has 1 arg

</system-out></testcase><testcase classname="decopatch.tests.test_main2" file="decopatch/tests/test_main2.py" line="388" name="test_all[protected(default)_1m_arg(replacement, f=DECORATED)_kwonly=False-@replace_by_foo(&apos;hello&apos;, goo)]" time="0.002521991729736328"><system-out>Generated decorator : replace_by_foo(replacement)
Calling it as @replace_by_foo(&apos;hello&apos;, goo)
Expected error: &apos;TypeError&apos; because python does not allow 2 args if f has 1 arg

</system-out></testcase><testcase classname="decopatch.tests.test_main2" file="decopatch/tests/test_main2.py" line="388" name="test_all[protected(default)_1m_arg(replacement, f=DECORATED)_kwonly=False-@replace_by_foo(goo, DEFAULT_DUMMY_VALUE)]" time="0.0028944015502929688"><system-out>Generated decorator : replace_by_foo(replacement)
Calling it as @replace_by_foo(goo, DEFAULT_DUMMY_VALUE)
Expected error: &apos;TypeError&apos; because python does not allow 2 args if f has 1 arg

</system-out></testcase><testcase classname="decopatch.tests.test_main2" file="decopatch/tests/test_main2.py" line="388" name="test_all[protected(default)_1m_arg(replacement, f=DECORATED)_kwonly=False-@replace_by_foo(DEFAULT_DUMMY_VALUE, goo)]" time="0.00225067138671875"><system-out>Generated decorator : replace_by_foo(replacement)
Calling it as @replace_by_foo(DEFAULT_DUMMY_VALUE, goo)
Expected error: &apos;TypeError&apos; because python does not allow 2 args if f has 1 arg

</system-out></testcase><testcase classname="decopatch.tests.test_main2" file="decopatch/tests/test_main2.py" line="388" name="test_all[protected(explicit)_1m_arg(replacement, f=DECORATED)_kwonly=False-@replace_by_foo]" time="0.0025482177734375"><system-out>Generated decorator : replace_by_foo(replacement)
Calling it as @replace_by_foo
Expected error: &apos;InvalidMandatoryArgError&apos; because a no-parenthesis usage will be declared by the disambiguator as decorated target

</system-out></testcase><testcase classname="decopatch.tests.test_main2" file="decopatch/tests/test_main2.py" line="388" name="test_all[protected(explicit)_1m_arg(replacement, f=DECORATED)_kwonly=False-@replace_by_foo()]" time="0.0025434494018554688"><system-out>Generated decorator : replace_by_foo(replacement)
Calling it as @replace_by_foo()
Expected error: &apos;TypeError&apos; because python does not allow f() if f has 1 mandatory arg

</system-out></testcase><testcase classname="decopatch.tests.test_main2" file="decopatch/tests/test_main2.py" line="388" name="test_all[protected(explicit)_1m_arg(replacement, f=DECORATED)_kwonly=False-@replace_by_foo(goo)]" time="0.002478361129760742"><system-out>Generated decorator : replace_by_foo(replacement)
Calling it as @replace_by_foo(goo)
Expected SUCCESS

</system-out></testcase><testcase classname="decopatch.tests.test_main2" file="decopatch/tests/test_main2.py" line="388" name="test_all[protected(explicit)_1m_arg(replacement, f=DECORATED)_kwonly=False-@replace_by_foo(&apos;hello&apos;)]" time="0.0024101734161376953"><skipped message="This decorator does not access a noncallable positional arg" type="pytest.skip">/home/travis/build/smarie/python-decopatch/decopatch/tests/test_main2.py:413: &lt;py._xmlgen.raw object at 0x7f2e03f38d68&gt;</skipped><system-out>Generated decorator : replace_by_foo(replacement)
Calling it as @replace_by_foo(&apos;hello&apos;)
</system-out><system-out>Generated decorator : replace_by_foo(replacement)
Calling it as @replace_by_foo(&apos;hello&apos;)
</system-out></testcase><testcase classname="decopatch.tests.test_main2" file="decopatch/tests/test_main2.py" line="388" name="test_all[protected(explicit)_1m_arg(replacement, f=DECORATED)_kwonly=False-@replace_by_foo(DEFAULT_DUMMY_VALUE)]" time="0.0025479793548583984"><skipped message="This decorator does not access a noncallable positional arg" type="pytest.skip">/home/travis/build/smarie/python-decopatch/decopatch/tests/test_main2.py:413: &lt;py._xmlgen.raw object at 0x7f2e03f38ac8&gt;</skipped><system-out>Generated decorator : replace_by_foo(replacement)
Calling it as @replace_by_foo(DEFAULT_DUMMY_VALUE)
</system-out><system-out>Generated decorator : replace_by_foo(replacement)
Calling it as @replace_by_foo(DEFAULT_DUMMY_VALUE)
</system-out></testcase><testcase classname="decopatch.tests.test_main2" file="decopatch/tests/test_main2.py" line="388" name="test_all[protected(explicit)_1m_arg(replacement, f=DECORATED)_kwonly=False-@replace_by_foo(replacement=goo)]" time="0.002541065216064453"><system-out>Generated decorator : replace_by_foo(replacement)
Calling it as @replace_by_foo(replacement=goo)
Expected SUCCESS

</system-out></testcase><testcase classname="decopatch.tests.test_main2" file="decopatch/tests/test_main2.py" line="388" name="test_all[protected(explicit)_1m_arg(replacement, f=DECORATED)_kwonly=False-@replace_by_foo(dummy=&apos;hello&apos;)]" time="0.0025281906127929688"><skipped message="decorator impl does not have a &apos;dummy&apos; arg" type="pytest.skip">/home/travis/build/smarie/python-decopatch/decopatch/tests/test_main2.py:413: &lt;py._xmlgen.raw object at 0x7f2e03f3fc88&gt;</skipped><system-out>Generated decorator : replace_by_foo(replacement)
Calling it as @replace_by_foo(dummy=&apos;hello&apos;)
</system-out><system-out>Generated decorator : replace_by_foo(replacement)
Calling it as @replace_by_foo(dummy=&apos;hello&apos;)
</system-out></testcase><testcase classname="decopatch.tests.test_main2" file="decopatch/tests/test_main2.py" line="388" name="test_all[protected(explicit)_1m_arg(replacement, f=DECORATED)_kwonly=False-@replace_by_foo(dummy=DEFAULT_DUMMY_VALUE)]" time="0.0025751590728759766"><skipped message="decorator impl does not have a &apos;dummy&apos; arg" type="pytest.skip">/home/travis/build/smarie/python-decopatch/decopatch/tests/test_main2.py:413: &lt;py._xmlgen.raw object at 0x7f2e03f44860&gt;</skipped><system-out>Generated decorator : replace_by_foo(replacement)
Calling it as @replace_by_foo(dummy=DEFAULT_DUMMY_VALUE)
</system-out><system-out>Generated decorator : replace_by_foo(replacement)
Calling it as @replace_by_foo(dummy=DEFAULT_DUMMY_VALUE)
</system-out></testcase><testcase classname="decopatch.tests.test_main2" file="decopatch/tests/test_main2.py" line="388" name="test_all[protected(explicit)_1m_arg(replacement, f=DECORATED)_kwonly=False-@replace_by_foo(goo, &apos;hello&apos;)]" time="0.002686738967895508"><system-out>Generated decorator : replace_by_foo(replacement)
Calling it as @replace_by_foo(goo, &apos;hello&apos;)
Expected error: &apos;TypeError&apos; because python does not allow 2 args if f has 1 arg

</system-out></testcase><testcase classname="decopatch.tests.test_main2" file="decopatch/tests/test_main2.py" line="388" name="test_all[protected(explicit)_1m_arg(replacement, f=DECORATED)_kwonly=False-@replace_by_foo(&apos;hello&apos;, goo)]" time="0.002386808395385742"><system-out>Generated decorator : replace_by_foo(replacement)
Calling it as @replace_by_foo(&apos;hello&apos;, goo)
Expected error: &apos;TypeError&apos; because python does not allow 2 args if f has 1 arg

</system-out></testcase><testcase classname="decopatch.tests.test_main2" file="decopatch/tests/test_main2.py" line="388" name="test_all[protected(explicit)_1m_arg(replacement, f=DECORATED)_kwonly=False-@replace_by_foo(goo, DEFAULT_DUMMY_VALUE)]" time="0.0025713443756103516"><system-out>Generated decorator : replace_by_foo(replacement)
Calling it as @replace_by_foo(goo, DEFAULT_DUMMY_VALUE)
Expected error: &apos;TypeError&apos; because python does not allow 2 args if f has 1 arg

</system-out></testcase><testcase classname="decopatch.tests.test_main2" file="decopatch/tests/test_main2.py" line="388" name="test_all[protected(explicit)_1m_arg(replacement, f=DECORATED)_kwonly=False-@replace_by_foo(DEFAULT_DUMMY_VALUE, goo)]" time="0.0025970935821533203"><system-out>Generated decorator : replace_by_foo(replacement)
Calling it as @replace_by_foo(DEFAULT_DUMMY_VALUE, goo)
Expected error: &apos;TypeError&apos; because python does not allow 2 args if f has 1 arg

</system-out></testcase><testcase classname="decopatch.tests.test_main2" file="decopatch/tests/test_main2.py" line="388" name="test_all[protected(default)_1m_arg(replacement, f=DECORATED)_kwonly=True-@replace_by_foo]" time="0.0026466846466064453"><system-out>Generated decorator : replace_by_foo(replacement)
Calling it as @replace_by_foo
Expected error: &apos;InvalidMandatoryArgError&apos; because using the decorator without parenthesis mimics usage with a single arg.

</system-out></testcase><testcase classname="decopatch.tests.test_main2" file="decopatch/tests/test_main2.py" line="388" name="test_all[protected(default)_1m_arg(replacement, f=DECORATED)_kwonly=True-@replace_by_foo()]" time="0.002337217330932617"><system-out>Generated decorator : replace_by_foo(replacement)
Calling it as @replace_by_foo()
Expected error: &apos;TypeError&apos; because python does not allow f() if f has 1 mandatory arg

</system-out></testcase><testcase classname="decopatch.tests.test_main2" file="decopatch/tests/test_main2.py" line="388" name="test_all[protected(default)_1m_arg(replacement, f=DECORATED)_kwonly=True-@replace_by_foo(goo)]" time="0.0023839473724365234"><system-out>Generated decorator : replace_by_foo(replacement)
Calling it as @replace_by_foo(goo)
Expected error: &apos;InvalidMandatoryArgError&apos; because calling a decorator with a callable as first and only non-default argument leads by default to an error

</system-out></testcase><testcase classname="decopatch.tests.test_main2" file="decopatch/tests/test_main2.py" line="388" name="test_all[protected(default)_1m_arg(replacement, f=DECORATED)_kwonly=True-@replace_by_foo(&apos;hello&apos;)]" time="0.0027375221252441406"><skipped message="This decorator does not access a noncallable positional arg" type="pytest.skip">/home/travis/build/smarie/python-decopatch/decopatch/tests/test_main2.py:413: &lt;py._xmlgen.raw object at 0x7f2e03f44438&gt;</skipped><system-out>Generated decorator : replace_by_foo(replacement)
Calling it as @replace_by_foo(&apos;hello&apos;)
</system-out><system-out>Generated decorator : replace_by_foo(replacement)
Calling it as @replace_by_foo(&apos;hello&apos;)
</system-out></testcase><testcase classname="decopatch.tests.test_main2" file="decopatch/tests/test_main2.py" line="388" name="test_all[protected(default)_1m_arg(replacement, f=DECORATED)_kwonly=True-@replace_by_foo(DEFAULT_DUMMY_VALUE)]" time="0.0024521350860595703"><skipped message="This decorator does not access a noncallable positional arg" type="pytest.skip">/home/travis/build/smarie/python-decopatch/decopatch/tests/test_main2.py:413: &lt;py._xmlgen.raw object at 0x7f2e03f4eb38&gt;</skipped><system-out>Generated decorator : replace_by_foo(replacement)
Calling it as @replace_by_foo(DEFAULT_DUMMY_VALUE)
</system-out><system-out>Generated decorator : replace_by_foo(replacement)
Calling it as @replace_by_foo(DEFAULT_DUMMY_VALUE)
</system-out></testcase><testcase classname="decopatch.tests.test_main2" file="decopatch/tests/test_main2.py" line="388" name="test_all[protected(default)_1m_arg(replacement, f=DECORATED)_kwonly=True-@replace_by_foo(replacement=goo)]" time="0.0027010440826416016"><system-out>Generated decorator : replace_by_foo(replacement)
Calling it as @replace_by_foo(replacement=goo)
Expected error: &apos;InvalidMandatoryArgError&apos; because calling a decorator with a callable as first and only non-default argument leads by default to an error

</system-out></testcase><testcase classname="decopatch.tests.test_main2" file="decopatch/tests/test_main2.py" line="388" name="test_all[protected(default)_1m_arg(replacement, f=DECORATED)_kwonly=True-@replace_by_foo(dummy=&apos;hello&apos;)]" time="0.002185344696044922"><skipped message="decorator impl does not have a &apos;dummy&apos; arg" type="pytest.skip">/home/travis/build/smarie/python-decopatch/decopatch/tests/test_main2.py:413: &lt;py._xmlgen.raw object at 0x7f2e03f51c18&gt;</skipped><system-out>Generated decorator : replace_by_foo(replacement)
Calling it as @replace_by_foo(dummy=&apos;hello&apos;)
</system-out><system-out>Generated decorator : replace_by_foo(replacement)
Calling it as @replace_by_foo(dummy=&apos;hello&apos;)
</system-out></testcase><testcase classname="decopatch.tests.test_main2" file="decopatch/tests/test_main2.py" line="388" name="test_all[protected(default)_1m_arg(replacement, f=DECORATED)_kwonly=True-@replace_by_foo(dummy=DEFAULT_DUMMY_VALUE)]" time="0.0054514408111572266"><skipped message="decorator impl does not have a &apos;dummy&apos; arg" type="pytest.skip">/home/travis/build/smarie/python-decopatch/decopatch/tests/test_main2.py:413: &lt;py._xmlgen.raw object at 0x7f2e03f4e9b0&gt;</skipped><system-out>Generated decorator : replace_by_foo(replacement)
Calling it as @replace_by_foo(dummy=DEFAULT_DUMMY_VALUE)
</system-out><system-out>Generated decorator : replace_by_foo(replacement)
Calling it as @replace_by_foo(dummy=DEFAULT_DUMMY_VALUE)
</system-out></testcase><testcase classname="decopatch.tests.test_main2" file="decopatch/tests/test_main2.py" line="388" name="test_all[protected(default)_1m_arg(replacement, f=DECORATED)_kwonly=True-@replace_by_foo(goo, &apos;hello&apos;)]" time="0.002595663070678711"><system-out>Generated decorator : replace_by_foo(replacement)
Calling it as @replace_by_foo(goo, &apos;hello&apos;)
Expected error: &apos;TypeError&apos; because python does not allow 2 args if f has 1 arg

</system-out></testcase><testcase classname="decopatch.tests.test_main2" file="decopatch/tests/test_main2.py" line="388" name="test_all[protected(default)_1m_arg(replacement, f=DECORATED)_kwonly=True-@replace_by_foo(&apos;hello&apos;, goo)]" time="0.0075054168701171875"><system-out>Generated decorator : replace_by_foo(replacement)
Calling it as @replace_by_foo(&apos;hello&apos;, goo)
Expected error: &apos;TypeError&apos; because python does not allow 2 args if f has 1 arg

</system-out></testcase><testcase classname="decopatch.tests.test_main2" file="decopatch/tests/test_main2.py" line="388" name="test_all[protected(default)_1m_arg(replacement, f=DECORATED)_kwonly=True-@replace_by_foo(goo, DEFAULT_DUMMY_VALUE)]" time="0.002859830856323242"><system-out>Generated decorator : replace_by_foo(replacement)
Calling it as @replace_by_foo(goo, DEFAULT_DUMMY_VALUE)
Expected error: &apos;TypeError&apos; because python does not allow 2 args if f has 1 arg

</system-out></testcase><testcase classname="decopatch.tests.test_main2" file="decopatch/tests/test_main2.py" line="388" name="test_all[protected(default)_1m_arg(replacement, f=DECORATED)_kwonly=True-@replace_by_foo(DEFAULT_DUMMY_VALUE, goo)]" time="0.00851750373840332"><system-out>Generated decorator : replace_by_foo(replacement)
Calling it as @replace_by_foo(DEFAULT_DUMMY_VALUE, goo)
Expected error: &apos;TypeError&apos; because python does not allow 2 args if f has 1 arg

</system-out></testcase><testcase classname="decopatch.tests.test_main2" file="decopatch/tests/test_main2.py" line="388" name="test_all[protected(explicit)_1m_arg(replacement, f=DECORATED)_kwonly=True-@replace_by_foo]" time="0.0036535263061523438"><system-out>Generated decorator : replace_by_foo(replacement)
Calling it as @replace_by_foo
Expected error: &apos;InvalidMandatoryArgError&apos; because a no-parenthesis usage will be declared by the disambiguator as decorated target

</system-out></testcase><testcase classname="decopatch.tests.test_main2" file="decopatch/tests/test_main2.py" line="388" name="test_all[protected(explicit)_1m_arg(replacement, f=DECORATED)_kwonly=True-@replace_by_foo()]" time="0.0024323463439941406"><system-out>Generated decorator : replace_by_foo(replacement)
Calling it as @replace_by_foo()
Expected error: &apos;TypeError&apos; because python does not allow f() if f has 1 mandatory arg

</system-out></testcase><testcase classname="decopatch.tests.test_main2" file="decopatch/tests/test_main2.py" line="388" name="test_all[protected(explicit)_1m_arg(replacement, f=DECORATED)_kwonly=True-@replace_by_foo(goo)]" time="0.004441976547241211"><system-out>Generated decorator : replace_by_foo(replacement)
Calling it as @replace_by_foo(goo)
Expected SUCCESS

</system-out></testcase><testcase classname="decopatch.tests.test_main2" file="decopatch/tests/test_main2.py" line="388" name="test_all[protected(explicit)_1m_arg(replacement, f=DECORATED)_kwonly=True-@replace_by_foo(&apos;hello&apos;)]" time="0.0028357505798339844"><skipped message="This decorator does not access a noncallable positional arg" type="pytest.skip">/home/travis/build/smarie/python-decopatch/decopatch/tests/test_main2.py:413: &lt;py._xmlgen.raw object at 0x7f2e03f63208&gt;</skipped><system-out>Generated decorator : replace_by_foo(replacement)
Calling it as @replace_by_foo(&apos;hello&apos;)
</system-out><system-out>Generated decorator : replace_by_foo(replacement)
Calling it as @replace_by_foo(&apos;hello&apos;)
</system-out></testcase><testcase classname="decopatch.tests.test_main2" file="decopatch/tests/test_main2.py" line="388" name="test_all[protected(explicit)_1m_arg(replacement, f=DECORATED)_kwonly=True-@replace_by_foo(DEFAULT_DUMMY_VALUE)]" time="0.0029671192169189453"><skipped message="This decorator does not access a noncallable positional arg" type="pytest.skip">/home/travis/build/smarie/python-decopatch/decopatch/tests/test_main2.py:413: &lt;py._xmlgen.raw object at 0x7f2e03f63eb8&gt;</skipped><system-out>Generated decorator : replace_by_foo(replacement)
Calling it as @replace_by_foo(DEFAULT_DUMMY_VALUE)
</system-out><system-out>Generated decorator : replace_by_foo(replacement)
Calling it as @replace_by_foo(DEFAULT_DUMMY_VALUE)
</system-out></testcase><testcase classname="decopatch.tests.test_main2" file="decopatch/tests/test_main2.py" line="388" name="test_all[protected(explicit)_1m_arg(replacement, f=DECORATED)_kwonly=True-@replace_by_foo(replacement=goo)]" time="0.0025141239166259766"><system-out>Generated decorator : replace_by_foo(replacement)
Calling it as @replace_by_foo(replacement=goo)
Expected SUCCESS

</system-out></testcase><testcase classname="decopatch.tests.test_main2" file="decopatch/tests/test_main2.py" line="388" name="test_all[protected(explicit)_1m_arg(replacement, f=DECORATED)_kwonly=True-@replace_by_foo(dummy=&apos;hello&apos;)]" time="0.0021173954010009766"><skipped message="decorator impl does not have a &apos;dummy&apos; arg" type="pytest.skip">/home/travis/build/smarie/python-decopatch/decopatch/tests/test_main2.py:413: &lt;py._xmlgen.raw object at 0x7f2e03f60f28&gt;</skipped><system-out>Generated decorator : replace_by_foo(replacement)
Calling it as @replace_by_foo(dummy=&apos;hello&apos;)
</system-out><system-out>Generated decorator : replace_by_foo(replacement)
Calling it as @replace_by_foo(dummy=&apos;hello&apos;)
</system-out></testcase><testcase classname="decopatch.tests.test_main2" file="decopatch/tests/test_main2.py" line="388" name="test_all[protected(explicit)_1m_arg(replacement, f=DECORATED)_kwonly=True-@replace_by_foo(dummy=DEFAULT_DUMMY_VALUE)]" time="0.0024614334106445312"><skipped message="decorator impl does not have a &apos;dummy&apos; arg" type="pytest.skip">/home/travis/build/smarie/python-decopatch/decopatch/tests/test_main2.py:413: &lt;py._xmlgen.raw object at 0x7f2e03ee9a58&gt;</skipped><system-out>Generated decorator : replace_by_foo(replacement)
Calling it as @replace_by_foo(dummy=DEFAULT_DUMMY_VALUE)
</system-out><system-out>Generated decorator : replace_by_foo(replacement)
Calling it as @replace_by_foo(dummy=DEFAULT_DUMMY_VALUE)
</system-out></testcase><testcase classname="decopatch.tests.test_main2" file="decopatch/tests/test_main2.py" line="388" name="test_all[protected(explicit)_1m_arg(replacement, f=DECORATED)_kwonly=True-@replace_by_foo(goo, &apos;hello&apos;)]" time="0.002532482147216797"><system-out>Generated decorator : replace_by_foo(replacement)
Calling it as @replace_by_foo(goo, &apos;hello&apos;)
Expected error: &apos;TypeError&apos; because python does not allow 2 args if f has 1 arg

</system-out></testcase><testcase classname="decopatch.tests.test_main2" file="decopatch/tests/test_main2.py" line="388" name="test_all[protected(explicit)_1m_arg(replacement, f=DECORATED)_kwonly=True-@replace_by_foo(&apos;hello&apos;, goo)]" time="0.002968311309814453"><system-out>Generated decorator : replace_by_foo(replacement)
Calling it as @replace_by_foo(&apos;hello&apos;, goo)
Expected error: &apos;TypeError&apos; because python does not allow 2 args if f has 1 arg

</system-out></testcase><testcase classname="decopatch.tests.test_main2" file="decopatch/tests/test_main2.py" line="388" name="test_all[protected(explicit)_1m_arg(replacement, f=DECORATED)_kwonly=True-@replace_by_foo(goo, DEFAULT_DUMMY_VALUE)]" time="0.0025501251220703125"><system-out>Generated decorator : replace_by_foo(replacement)
Calling it as @replace_by_foo(goo, DEFAULT_DUMMY_VALUE)
Expected error: &apos;TypeError&apos; because python does not allow 2 args if f has 1 arg

</system-out></testcase><testcase classname="decopatch.tests.test_main2" file="decopatch/tests/test_main2.py" line="388" name="test_all[protected(explicit)_1m_arg(replacement, f=DECORATED)_kwonly=True-@replace_by_foo(DEFAULT_DUMMY_VALUE, goo)]" time="0.002439260482788086"><system-out>Generated decorator : replace_by_foo(replacement)
Calling it as @replace_by_foo(DEFAULT_DUMMY_VALUE, goo)
Expected error: &apos;TypeError&apos; because python does not allow 2 args if f has 1 arg

</system-out></testcase><testcase classname="decopatch.tests.test_main2" file="decopatch/tests/test_main2.py" line="388" name="test_all[easy_2m_args(replacement, dummy, f=DECORATED)-@replace_by_foo]" time="0.00251007080078125"><system-out>Generated decorator : replace_by_foo(replacement, dummy)
Calling it as @replace_by_foo
Expected error: &apos;TypeError&apos; because python does not allow &lt; 2 args if f has 2 arg

</system-out></testcase><testcase classname="decopatch.tests.test_main2" file="decopatch/tests/test_main2.py" line="388" name="test_all[easy_2m_args(replacement, dummy, f=DECORATED)-@replace_by_foo()]" time="0.002558469772338867"><system-out>Generated decorator : replace_by_foo(replacement, dummy)
Calling it as @replace_by_foo()
Expected error: &apos;TypeError&apos; because python does not allow &lt; 2 args if f has 2 arg

</system-out></testcase><testcase classname="decopatch.tests.test_main2" file="decopatch/tests/test_main2.py" line="388" name="test_all[easy_2m_args(replacement, dummy, f=DECORATED)-@replace_by_foo(goo)]" time="0.0025916099548339844"><system-out>Generated decorator : replace_by_foo(replacement, dummy)
Calling it as @replace_by_foo(goo)
Expected error: &apos;TypeError&apos; because python does not allow &lt; 2 args if f has 2 arg

</system-out></testcase><testcase classname="decopatch.tests.test_main2" file="decopatch/tests/test_main2.py" line="388" name="test_all[easy_2m_args(replacement, dummy, f=DECORATED)-@replace_by_foo(&apos;hello&apos;)]" time="0.002513408660888672"><system-out>Generated decorator : replace_by_foo(replacement, dummy)
Calling it as @replace_by_foo(&apos;hello&apos;)
Expected error: &apos;TypeError&apos; because python does not allow &lt; 2 args if f has 2 arg

</system-out></testcase><testcase classname="decopatch.tests.test_main2" file="decopatch/tests/test_main2.py" line="388" name="test_all[easy_2m_args(replacement, dummy, f=DECORATED)-@replace_by_foo(DEFAULT_DUMMY_VALUE)]" time="0.002604246139526367"><system-out>Generated decorator : replace_by_foo(replacement, dummy)
Calling it as @replace_by_foo(DEFAULT_DUMMY_VALUE)
Expected error: &apos;TypeError&apos; because python does not allow &lt; 2 args if f has 2 arg

</system-out></testcase><testcase classname="decopatch.tests.test_main2" file="decopatch/tests/test_main2.py" line="388" name="test_all[easy_2m_args(replacement, dummy, f=DECORATED)-@replace_by_foo(replacement=goo)]" time="0.0025680065155029297"><system-out>Generated decorator : replace_by_foo(replacement, dummy)
Calling it as @replace_by_foo(replacement=goo)
Expected error: &apos;TypeError&apos; because python does not allow &lt; 2 args if f has 2 arg

</system-out></testcase><testcase classname="decopatch.tests.test_main2" file="decopatch/tests/test_main2.py" line="388" name="test_all[easy_2m_args(replacement, dummy, f=DECORATED)-@replace_by_foo(dummy=&apos;hello&apos;)]" time="0.0025746822357177734"><system-out>Generated decorator : replace_by_foo(replacement, dummy)
Calling it as @replace_by_foo(dummy=&apos;hello&apos;)
Expected error: &apos;TypeError&apos; because python does not allow &lt; 2 args if f has 2 arg

</system-out></testcase><testcase classname="decopatch.tests.test_main2" file="decopatch/tests/test_main2.py" line="388" name="test_all[easy_2m_args(replacement, dummy, f=DECORATED)-@replace_by_foo(dummy=DEFAULT_DUMMY_VALUE)]" time="0.002519369125366211"><system-out>Generated decorator : replace_by_foo(replacement, dummy)
Calling it as @replace_by_foo(dummy=DEFAULT_DUMMY_VALUE)
Expected error: &apos;TypeError&apos; because python does not allow &lt; 2 args if f has 2 arg

</system-out></testcase><testcase classname="decopatch.tests.test_main2" file="decopatch/tests/test_main2.py" line="388" name="test_all[easy_2m_args(replacement, dummy, f=DECORATED)-@replace_by_foo(goo, &apos;hello&apos;)]" time="0.002492189407348633"><system-out>Generated decorator : replace_by_foo(replacement, dummy)
Calling it as @replace_by_foo(goo, &apos;hello&apos;)
Expected SUCCESS

</system-out></testcase><testcase classname="decopatch.tests.test_main2" file="decopatch/tests/test_main2.py" line="388" name="test_all[easy_2m_args(replacement, dummy, f=DECORATED)-@replace_by_foo(&apos;hello&apos;, goo)]" time="0.002169370651245117"><skipped message="the order of positional args in the test does not match" type="pytest.skip">/home/travis/build/smarie/python-decopatch/decopatch/tests/test_main2.py:413: &lt;py._xmlgen.raw object at 0x7f2e03efe208&gt;</skipped><system-out>Generated decorator : replace_by_foo(replacement, dummy)
Calling it as @replace_by_foo(&apos;hello&apos;, goo)
</system-out><system-out>Generated decorator : replace_by_foo(replacement, dummy)
Calling it as @replace_by_foo(&apos;hello&apos;, goo)
</system-out></testcase><testcase classname="decopatch.tests.test_main2" file="decopatch/tests/test_main2.py" line="388" name="test_all[easy_2m_args(replacement, dummy, f=DECORATED)-@replace_by_foo(goo, DEFAULT_DUMMY_VALUE)]" time="0.0026721954345703125"><system-out>Generated decorator : replace_by_foo(replacement, dummy)
Calling it as @replace_by_foo(goo, DEFAULT_DUMMY_VALUE)
Expected SUCCESS

</system-out></testcase><testcase classname="decopatch.tests.test_main2" file="decopatch/tests/test_main2.py" line="388" name="test_all[easy_2m_args(replacement, dummy, f=DECORATED)-@replace_by_foo(DEFAULT_DUMMY_VALUE, goo)]" time="0.0015034675598144531"><skipped message="the order of positional args in the test does not match" type="pytest.skip">/home/travis/build/smarie/python-decopatch/decopatch/tests/test_main2.py:413: &lt;py._xmlgen.raw object at 0x7f2e03ef5da0&gt;</skipped><system-out>Generated decorator : replace_by_foo(replacement, dummy)
Calling it as @replace_by_foo(DEFAULT_DUMMY_VALUE, goo)
</system-out><system-out>Generated decorator : replace_by_foo(replacement, dummy)
Calling it as @replace_by_foo(DEFAULT_DUMMY_VALUE, goo)
</system-out></testcase><testcase classname="decopatch.tests.test_main2" file="decopatch/tests/test_main2.py" line="388" name="test_all[easy_2m_args(dummy, replacement, f=DECORATED)-@replace_by_foo]" time="0.0026154518127441406"><system-out>Generated decorator : replace_by_foo(dummy, replacement)
Calling it as @replace_by_foo
Expected error: &apos;TypeError&apos; because python does not allow &lt; 2 args if f has 2 arg

</system-out></testcase><testcase classname="decopatch.tests.test_main2" file="decopatch/tests/test_main2.py" line="388" name="test_all[easy_2m_args(dummy, replacement, f=DECORATED)-@replace_by_foo()]" time="0.002512693405151367"><system-out>Generated decorator : replace_by_foo(dummy, replacement)
Calling it as @replace_by_foo()
Expected error: &apos;TypeError&apos; because python does not allow &lt; 2 args if f has 2 arg

</system-out></testcase><testcase classname="decopatch.tests.test_main2" file="decopatch/tests/test_main2.py" line="388" name="test_all[easy_2m_args(dummy, replacement, f=DECORATED)-@replace_by_foo(goo)]" time="0.002298593521118164"><system-out>Generated decorator : replace_by_foo(dummy, replacement)
Calling it as @replace_by_foo(goo)
Expected error: &apos;TypeError&apos; because python does not allow &lt; 2 args if f has 2 arg

</system-out></testcase><testcase classname="decopatch.tests.test_main2" file="decopatch/tests/test_main2.py" line="388" name="test_all[easy_2m_args(dummy, replacement, f=DECORATED)-@replace_by_foo(&apos;hello&apos;)]" time="0.0025434494018554688"><system-out>Generated decorator : replace_by_foo(dummy, replacement)
Calling it as @replace_by_foo(&apos;hello&apos;)
Expected error: &apos;TypeError&apos; because python does not allow &lt; 2 args if f has 2 arg

</system-out></testcase><testcase classname="decopatch.tests.test_main2" file="decopatch/tests/test_main2.py" line="388" name="test_all[easy_2m_args(dummy, replacement, f=DECORATED)-@replace_by_foo(DEFAULT_DUMMY_VALUE)]" time="0.004383563995361328"><system-out>Generated decorator : replace_by_foo(dummy, replacement)
Calling it as @replace_by_foo(DEFAULT_DUMMY_VALUE)
Expected error: &apos;TypeError&apos; because python does not allow &lt; 2 args if f has 2 arg

</system-out></testcase><testcase classname="decopatch.tests.test_main2" file="decopatch/tests/test_main2.py" line="388" name="test_all[easy_2m_args(dummy, replacement, f=DECORATED)-@replace_by_foo(replacement=goo)]" time="0.0025970935821533203"><system-out>Generated decorator : replace_by_foo(dummy, replacement)
Calling it as @replace_by_foo(replacement=goo)
Expected error: &apos;TypeError&apos; because python does not allow &lt; 2 args if f has 2 arg

</system-out></testcase><testcase classname="decopatch.tests.test_main2" file="decopatch/tests/test_main2.py" line="388" name="test_all[easy_2m_args(dummy, replacement, f=DECORATED)-@replace_by_foo(dummy=&apos;hello&apos;)]" time="0.0024547576904296875"><system-out>Generated decorator : replace_by_foo(dummy, replacement)
Calling it as @replace_by_foo(dummy=&apos;hello&apos;)
Expected error: &apos;TypeError&apos; because python does not allow &lt; 2 args if f has 2 arg

</system-out></testcase><testcase classname="decopatch.tests.test_main2" file="decopatch/tests/test_main2.py" line="388" name="test_all[easy_2m_args(dummy, replacement, f=DECORATED)-@replace_by_foo(dummy=DEFAULT_DUMMY_VALUE)]" time="0.0021643638610839844"><system-out>Generated decorator : replace_by_foo(dummy, replacement)
Calling it as @replace_by_foo(dummy=DEFAULT_DUMMY_VALUE)
Expected error: &apos;TypeError&apos; because python does not allow &lt; 2 args if f has 2 arg

</system-out></testcase><testcase classname="decopatch.tests.test_main2" file="decopatch/tests/test_main2.py" line="388" name="test_all[easy_2m_args(dummy, replacement, f=DECORATED)-@replace_by_foo(goo, &apos;hello&apos;)]" time="0.0024487972259521484"><skipped message="the order of positional args in the test does not match" type="pytest.skip">/home/travis/build/smarie/python-decopatch/decopatch/tests/test_main2.py:413: &lt;py._xmlgen.raw object at 0x7f2e03f465f8&gt;</skipped><system-out>Generated decorator : replace_by_foo(dummy, replacement)
Calling it as @replace_by_foo(goo, &apos;hello&apos;)
</system-out><system-out>Generated decorator : replace_by_foo(dummy, replacement)
Calling it as @replace_by_foo(goo, &apos;hello&apos;)
</system-out></testcase><testcase classname="decopatch.tests.test_main2" file="decopatch/tests/test_main2.py" line="388" name="test_all[easy_2m_args(dummy, replacement, f=DECORATED)-@replace_by_foo(&apos;hello&apos;, goo)]" time="0.0026023387908935547"><system-out>Generated decorator : replace_by_foo(dummy, replacement)
Calling it as @replace_by_foo(&apos;hello&apos;, goo)
Expected SUCCESS

</system-out></testcase><testcase classname="decopatch.tests.test_main2" file="decopatch/tests/test_main2.py" line="388" name="test_all[easy_2m_args(dummy, replacement, f=DECORATED)-@replace_by_foo(goo, DEFAULT_DUMMY_VALUE)]" time="0.0029664039611816406"><skipped message="the order of positional args in the test does not match" type="pytest.skip">/home/travis/build/smarie/python-decopatch/decopatch/tests/test_main2.py:413: &lt;py._xmlgen.raw object at 0x7f2e03f63eb8&gt;</skipped><system-out>Generated decorator : replace_by_foo(dummy, replacement)
Calling it as @replace_by_foo(goo, DEFAULT_DUMMY_VALUE)
</system-out><system-out>Generated decorator : replace_by_foo(dummy, replacement)
Calling it as @replace_by_foo(goo, DEFAULT_DUMMY_VALUE)
</system-out></testcase><testcase classname="decopatch.tests.test_main2" file="decopatch/tests/test_main2.py" line="388" name="test_all[easy_2m_args(dummy, replacement, f=DECORATED)-@replace_by_foo(DEFAULT_DUMMY_VALUE, goo)]" time="0.0024487972259521484"><system-out>Generated decorator : replace_by_foo(dummy, replacement)
Calling it as @replace_by_foo(DEFAULT_DUMMY_VALUE, goo)
Expected SUCCESS

</system-out></testcase><testcase classname="decopatch.tests.test_main2" file="decopatch/tests/test_main2.py" line="388" name="test_all[easy_2m_args(dummy, dummy2, f=DECORATED)-@replace_by_foo]" time="0.0021905899047851562"><system-out>Generated decorator : replace_by_foo(dummy, dummy2)
Calling it as @replace_by_foo
Expected error: &apos;TypeError&apos; because python does not allow &lt; 2 args if f has 2 arg

</system-out></testcase><testcase classname="decopatch.tests.test_main2" file="decopatch/tests/test_main2.py" line="388" name="test_all[easy_2m_args(dummy, dummy2, f=DECORATED)-@replace_by_foo()]" time="0.0025179386138916016"><system-out>Generated decorator : replace_by_foo(dummy, dummy2)
Calling it as @replace_by_foo()
Expected error: &apos;TypeError&apos; because python does not allow &lt; 2 args if f has 2 arg

</system-out></testcase><testcase classname="decopatch.tests.test_main2" file="decopatch/tests/test_main2.py" line="388" name="test_all[easy_2m_args(dummy, dummy2, f=DECORATED)-@replace_by_foo(goo)]" time="0.002491474151611328"><system-out>Generated decorator : replace_by_foo(dummy, dummy2)
Calling it as @replace_by_foo(goo)
Expected error: &apos;TypeError&apos; because python does not allow &lt; 2 args if f has 2 arg

</system-out></testcase><testcase classname="decopatch.tests.test_main2" file="decopatch/tests/test_main2.py" line="388" name="test_all[easy_2m_args(dummy, dummy2, f=DECORATED)-@replace_by_foo(&apos;hello&apos;)]" time="0.0025365352630615234"><system-out>Generated decorator : replace_by_foo(dummy, dummy2)
Calling it as @replace_by_foo(&apos;hello&apos;)
Expected error: &apos;TypeError&apos; because python does not allow &lt; 2 args if f has 2 arg

</system-out></testcase><testcase classname="decopatch.tests.test_main2" file="decopatch/tests/test_main2.py" line="388" name="test_all[easy_2m_args(dummy, dummy2, f=DECORATED)-@replace_by_foo(DEFAULT_DUMMY_VALUE)]" time="0.002905607223510742"><system-out>Generated decorator : replace_by_foo(dummy, dummy2)
Calling it as @replace_by_foo(DEFAULT_DUMMY_VALUE)
Expected error: &apos;TypeError&apos; because python does not allow &lt; 2 args if f has 2 arg

</system-out></testcase><testcase classname="decopatch.tests.test_main2" file="decopatch/tests/test_main2.py" line="388" name="test_all[easy_2m_args(dummy, dummy2, f=DECORATED)-@replace_by_foo(replacement=goo)]" time="0.002251863479614258"><system-out>Generated decorator : replace_by_foo(dummy, dummy2)
Calling it as @replace_by_foo(replacement=goo)
Expected error: &apos;TypeError&apos; because python does not allow &lt; 2 args if f has 2 arg

</system-out></testcase><testcase classname="decopatch.tests.test_main2" file="decopatch/tests/test_main2.py" line="388" name="test_all[easy_2m_args(dummy, dummy2, f=DECORATED)-@replace_by_foo(dummy=&apos;hello&apos;)]" time="0.0025544166564941406"><system-out>Generated decorator : replace_by_foo(dummy, dummy2)
Calling it as @replace_by_foo(dummy=&apos;hello&apos;)
Expected error: &apos;TypeError&apos; because python does not allow &lt; 2 args if f has 2 arg

</system-out></testcase><testcase classname="decopatch.tests.test_main2" file="decopatch/tests/test_main2.py" line="388" name="test_all[easy_2m_args(dummy, dummy2, f=DECORATED)-@replace_by_foo(dummy=DEFAULT_DUMMY_VALUE)]" time="0.002507925033569336"><system-out>Generated decorator : replace_by_foo(dummy, dummy2)
Calling it as @replace_by_foo(dummy=DEFAULT_DUMMY_VALUE)
Expected error: &apos;TypeError&apos; because python does not allow &lt; 2 args if f has 2 arg

</system-out></testcase><testcase classname="decopatch.tests.test_main2" file="decopatch/tests/test_main2.py" line="388" name="test_all[easy_2m_args(dummy, dummy2, f=DECORATED)-@replace_by_foo(goo, &apos;hello&apos;)]" time="0.002608060836791992"><system-out>Generated decorator : replace_by_foo(dummy, dummy2)
Calling it as @replace_by_foo(goo, &apos;hello&apos;)
Expected SUCCESS

</system-out></testcase><testcase classname="decopatch.tests.test_main2" file="decopatch/tests/test_main2.py" line="388" name="test_all[easy_2m_args(dummy, dummy2, f=DECORATED)-@replace_by_foo(&apos;hello&apos;, goo)]" time="0.0025103092193603516"><system-out>Generated decorator : replace_by_foo(dummy, dummy2)
Calling it as @replace_by_foo(&apos;hello&apos;, goo)
Expected SUCCESS

</system-out></testcase><testcase classname="decopatch.tests.test_main2" file="decopatch/tests/test_main2.py" line="388" name="test_all[easy_2m_args(dummy, dummy2, f=DECORATED)-@replace_by_foo(goo, DEFAULT_DUMMY_VALUE)]" time="0.0022182464599609375"><system-out>Generated decorator : replace_by_foo(dummy, dummy2)
Calling it as @replace_by_foo(goo, DEFAULT_DUMMY_VALUE)
Expected SUCCESS

</system-out></testcase><testcase classname="decopatch.tests.test_main2" file="decopatch/tests/test_main2.py" line="388" name="test_all[easy_2m_args(dummy, dummy2, f=DECORATED)-@replace_by_foo(DEFAULT_DUMMY_VALUE, goo)]" time="0.0034978389739990234"><system-out>Generated decorator : replace_by_foo(dummy, dummy2)
Calling it as @replace_by_foo(DEFAULT_DUMMY_VALUE, goo)
Expected SUCCESS

</system-out></testcase><testcase classname="decopatch.tests.test_main2" file="decopatch/tests/test_main2.py" line="388" name="test_all[unprotected(explicit)_2opt(dummy=DEFAULT_DUMMY_VALUE, replacement=None, f=DECORATED)-@replace_by_foo]" time="0.0028924942016601562"><system-out>Generated decorator : replace_by_foo(dummy=12, replacement=None)
Calling it as @replace_by_foo
Expected error: &apos;AmbiguousFirstArgumentTypeError&apos; because using the decorator without parenthesis mimics usage with a single arg.

</system-out></testcase><testcase classname="decopatch.tests.test_main2" file="decopatch/tests/test_main2.py" line="388" name="test_all[unprotected(explicit)_2opt(dummy=DEFAULT_DUMMY_VALUE, replacement=None, f=DECORATED)-@replace_by_foo()]" time="0.002733469009399414"><system-out>Generated decorator : replace_by_foo(dummy=12, replacement=None)
Calling it as @replace_by_foo()
Expected SUCCESS

</system-out></testcase><testcase classname="decopatch.tests.test_main2" file="decopatch/tests/test_main2.py" line="388" name="test_all[unprotected(explicit)_2opt(dummy=DEFAULT_DUMMY_VALUE, replacement=None, f=DECORATED)-@replace_by_foo(goo)]" time="0.002901315689086914"><skipped message="the first positional arg is supposed not to be the callable here" type="pytest.skip">/home/travis/build/smarie/python-decopatch/decopatch/tests/test_main2.py:413: &lt;py._xmlgen.raw object at 0x7f2e03f1ecf8&gt;</skipped><system-out>Generated decorator : replace_by_foo(dummy=12, replacement=None)
Calling it as @replace_by_foo(goo)
</system-out><system-out>Generated decorator : replace_by_foo(dummy=12, replacement=None)
Calling it as @replace_by_foo(goo)
</system-out></testcase><testcase classname="decopatch.tests.test_main2" file="decopatch/tests/test_main2.py" line="388" name="test_all[unprotected(explicit)_2opt(dummy=DEFAULT_DUMMY_VALUE, replacement=None, f=DECORATED)-@replace_by_foo(&apos;hello&apos;)]" time="0.002482175827026367"><system-out>Generated decorator : replace_by_foo(dummy=12, replacement=None)
Calling it as @replace_by_foo(&apos;hello&apos;)
Expected SUCCESS

</system-out></testcase><testcase classname="decopatch.tests.test_main2" file="decopatch/tests/test_main2.py" line="388" name="test_all[unprotected(explicit)_2opt(dummy=DEFAULT_DUMMY_VALUE, replacement=None, f=DECORATED)-@replace_by_foo(DEFAULT_DUMMY_VALUE)]" time="0.003392934799194336"><system-out>Generated decorator : replace_by_foo(dummy=12, replacement=None)
Calling it as @replace_by_foo(DEFAULT_DUMMY_VALUE)
Expected SUCCESS

</system-out></testcase><testcase classname="decopatch.tests.test_main2" file="decopatch/tests/test_main2.py" line="388" name="test_all[unprotected(explicit)_2opt(dummy=DEFAULT_DUMMY_VALUE, replacement=None, f=DECORATED)-@replace_by_foo(replacement=goo)]" time="0.003211498260498047"><system-out>Generated decorator : replace_by_foo(dummy=12, replacement=None)
Calling it as @replace_by_foo(replacement=goo)
Expected SUCCESS

</system-out></testcase><testcase classname="decopatch.tests.test_main2" file="decopatch/tests/test_main2.py" line="388" name="test_all[unprotected(explicit)_2opt(dummy=DEFAULT_DUMMY_VALUE, replacement=None, f=DECORATED)-@replace_by_foo(dummy=&apos;hello&apos;)]" time="0.0028312206268310547"><system-out>Generated decorator : replace_by_foo(dummy=12, replacement=None)
Calling it as @replace_by_foo(dummy=&apos;hello&apos;)
Expected SUCCESS

</system-out></testcase><testcase classname="decopatch.tests.test_main2" file="decopatch/tests/test_main2.py" line="388" name="test_all[unprotected(explicit)_2opt(dummy=DEFAULT_DUMMY_VALUE, replacement=None, f=DECORATED)-@replace_by_foo(dummy=DEFAULT_DUMMY_VALUE)]" time="0.0026197433471679688"><system-out>Generated decorator : replace_by_foo(dummy=12, replacement=None)
Calling it as @replace_by_foo(dummy=DEFAULT_DUMMY_VALUE)
Expected SUCCESS

</system-out></testcase><testcase classname="decopatch.tests.test_main2" file="decopatch/tests/test_main2.py" line="388" name="test_all[unprotected(explicit)_2opt(dummy=DEFAULT_DUMMY_VALUE, replacement=None, f=DECORATED)-@replace_by_foo(goo, &apos;hello&apos;)]" time="0.002694845199584961"><skipped message="the order of positional args in the test does not match" type="pytest.skip">/home/travis/build/smarie/python-decopatch/decopatch/tests/test_main2.py:413: &lt;py._xmlgen.raw object at 0x7f2e03ea7470&gt;</skipped><system-out>Generated decorator : replace_by_foo(dummy=12, replacement=None)
Calling it as @replace_by_foo(goo, &apos;hello&apos;)
</system-out><system-out>Generated decorator : replace_by_foo(dummy=12, replacement=None)
Calling it as @replace_by_foo(goo, &apos;hello&apos;)
</system-out></testcase><testcase classname="decopatch.tests.test_main2" file="decopatch/tests/test_main2.py" line="388" name="test_all[unprotected(explicit)_2opt(dummy=DEFAULT_DUMMY_VALUE, replacement=None, f=DECORATED)-@replace_by_foo(&apos;hello&apos;, goo)]" time="0.00275421142578125"><system-out>Generated decorator : replace_by_foo(dummy=12, replacement=None)
Calling it as @replace_by_foo(&apos;hello&apos;, goo)
Expected SUCCESS

</system-out></testcase><testcase classname="decopatch.tests.test_main2" file="decopatch/tests/test_main2.py" line="388" name="test_all[unprotected(explicit)_2opt(dummy=DEFAULT_DUMMY_VALUE, replacement=None, f=DECORATED)-@replace_by_foo(goo, DEFAULT_DUMMY_VALUE)]" time="0.00266265869140625"><skipped message="the order of positional args in the test does not match" type="pytest.skip">/home/travis/build/smarie/python-decopatch/decopatch/tests/test_main2.py:413: &lt;py._xmlgen.raw object at 0x7f2e03ea7f28&gt;</skipped><system-out>Generated decorator : replace_by_foo(dummy=12, replacement=None)
Calling it as @replace_by_foo(goo, DEFAULT_DUMMY_VALUE)
</system-out><system-out>Generated decorator : replace_by_foo(dummy=12, replacement=None)
Calling it as @replace_by_foo(goo, DEFAULT_DUMMY_VALUE)
</system-out></testcase><testcase classname="decopatch.tests.test_main2" file="decopatch/tests/test_main2.py" line="388" name="test_all[unprotected(explicit)_2opt(dummy=DEFAULT_DUMMY_VALUE, replacement=None, f=DECORATED)-@replace_by_foo(DEFAULT_DUMMY_VALUE, goo)]" time="0.0027785301208496094"><system-out>Generated decorator : replace_by_foo(dummy=12, replacement=None)
Calling it as @replace_by_foo(DEFAULT_DUMMY_VALUE, goo)
Expected SUCCESS

</system-out></testcase><testcase classname="decopatch.tests.test_main2" file="decopatch/tests/test_main2.py" line="388" name="test_all[protected(explicit)_2opt(dummy=DEFAULT_DUMMY_VALUE, replacement=None, f=DECORATED)-@replace_by_foo]" time="0.007712125778198242"><system-out>Generated decorator : replace_by_foo(dummy=12, replacement=None)
Calling it as @replace_by_foo
Expected SUCCESS

</system-out></testcase><testcase classname="decopatch.tests.test_main2" file="decopatch/tests/test_main2.py" line="388" name="test_all[protected(explicit)_2opt(dummy=DEFAULT_DUMMY_VALUE, replacement=None, f=DECORATED)-@replace_by_foo()]" time="0.003065824508666992"><system-out>Generated decorator : replace_by_foo(dummy=12, replacement=None)
Calling it as @replace_by_foo()
Expected SUCCESS

</system-out></testcase><testcase classname="decopatch.tests.test_main2" file="decopatch/tests/test_main2.py" line="388" name="test_all[protected(explicit)_2opt(dummy=DEFAULT_DUMMY_VALUE, replacement=None, f=DECORATED)-@replace_by_foo(goo)]" time="0.0026383399963378906"><skipped message="the first positional arg is supposed not to be the callable here" type="pytest.skip">/home/travis/build/smarie/python-decopatch/decopatch/tests/test_main2.py:413: &lt;py._xmlgen.raw object at 0x7f2e03ec1320&gt;</skipped><system-out>Generated decorator : replace_by_foo(dummy=12, replacement=None)
Calling it as @replace_by_foo(goo)
</system-out><system-out>Generated decorator : replace_by_foo(dummy=12, replacement=None)
Calling it as @replace_by_foo(goo)
</system-out></testcase><testcase classname="decopatch.tests.test_main2" file="decopatch/tests/test_main2.py" line="388" name="test_all[protected(explicit)_2opt(dummy=DEFAULT_DUMMY_VALUE, replacement=None, f=DECORATED)-@replace_by_foo(&apos;hello&apos;)]" time="0.002489805221557617"><system-out>Generated decorator : replace_by_foo(dummy=12, replacement=None)
Calling it as @replace_by_foo(&apos;hello&apos;)
Expected SUCCESS

</system-out></testcase><testcase classname="decopatch.tests.test_main2" file="decopatch/tests/test_main2.py" line="388" name="test_all[protected(explicit)_2opt(dummy=DEFAULT_DUMMY_VALUE, replacement=None, f=DECORATED)-@replace_by_foo(DEFAULT_DUMMY_VALUE)]" time="0.0027875900268554688"><system-out>Generated decorator : replace_by_foo(dummy=12, replacement=None)
Calling it as @replace_by_foo(DEFAULT_DUMMY_VALUE)
Expected SUCCESS

</system-out></testcase><testcase classname="decopatch.tests.test_main2" file="decopatch/tests/test_main2.py" line="388" name="test_all[protected(explicit)_2opt(dummy=DEFAULT_DUMMY_VALUE, replacement=None, f=DECORATED)-@replace_by_foo(replacement=goo)]" time="0.0026111602783203125"><system-out>Generated decorator : replace_by_foo(dummy=12, replacement=None)
Calling it as @replace_by_foo(replacement=goo)
Expected SUCCESS

</system-out></testcase><testcase classname="decopatch.tests.test_main2" file="decopatch/tests/test_main2.py" line="388" name="test_all[protected(explicit)_2opt(dummy=DEFAULT_DUMMY_VALUE, replacement=None, f=DECORATED)-@replace_by_foo(dummy=&apos;hello&apos;)]" time="0.002965688705444336"><system-out>Generated decorator : replace_by_foo(dummy=12, replacement=None)
Calling it as @replace_by_foo(dummy=&apos;hello&apos;)
Expected SUCCESS

</system-out></testcase><testcase classname="decopatch.tests.test_main2" file="decopatch/tests/test_main2.py" line="388" name="test_all[protected(explicit)_2opt(dummy=DEFAULT_DUMMY_VALUE, replacement=None, f=DECORATED)-@replace_by_foo(dummy=DEFAULT_DUMMY_VALUE)]" time="0.0026311874389648438"><system-out>Generated decorator : replace_by_foo(dummy=12, replacement=None)
Calling it as @replace_by_foo(dummy=DEFAULT_DUMMY_VALUE)
Expected SUCCESS

</system-out></testcase><testcase classname="decopatch.tests.test_main2" file="decopatch/tests/test_main2.py" line="388" name="test_all[protected(explicit)_2opt(dummy=DEFAULT_DUMMY_VALUE, replacement=None, f=DECORATED)-@replace_by_foo(goo, &apos;hello&apos;)]" time="0.002300739288330078"><skipped message="the order of positional args in the test does not match" type="pytest.skip">/home/travis/build/smarie/python-decopatch/decopatch/tests/test_main2.py:413: &lt;py._xmlgen.raw object at 0x7f2e03eace48&gt;</skipped><system-out>Generated decorator : replace_by_foo(dummy=12, replacement=None)
Calling it as @replace_by_foo(goo, &apos;hello&apos;)
</system-out><system-out>Generated decorator : replace_by_foo(dummy=12, replacement=None)
Calling it as @replace_by_foo(goo, &apos;hello&apos;)
</system-out></testcase><testcase classname="decopatch.tests.test_main2" file="decopatch/tests/test_main2.py" line="388" name="test_all[protected(explicit)_2opt(dummy=DEFAULT_DUMMY_VALUE, replacement=None, f=DECORATED)-@replace_by_foo(&apos;hello&apos;, goo)]" time="0.0024611949920654297"><system-out>Generated decorator : replace_by_foo(dummy=12, replacement=None)
Calling it as @replace_by_foo(&apos;hello&apos;, goo)
Expected SUCCESS

</system-out></testcase><testcase classname="decopatch.tests.test_main2" file="decopatch/tests/test_main2.py" line="388" name="test_all[protected(explicit)_2opt(dummy=DEFAULT_DUMMY_VALUE, replacement=None, f=DECORATED)-@replace_by_foo(goo, DEFAULT_DUMMY_VALUE)]" time="0.002482891082763672"><skipped message="the order of positional args in the test does not match" type="pytest.skip">/home/travis/build/smarie/python-decopatch/decopatch/tests/test_main2.py:413: &lt;py._xmlgen.raw object at 0x7f2e03eccef0&gt;</skipped><system-out>Generated decorator : replace_by_foo(dummy=12, replacement=None)
Calling it as @replace_by_foo(goo, DEFAULT_DUMMY_VALUE)
</system-out><system-out>Generated decorator : replace_by_foo(dummy=12, replacement=None)
Calling it as @replace_by_foo(goo, DEFAULT_DUMMY_VALUE)
</system-out></testcase><testcase classname="decopatch.tests.test_main2" file="decopatch/tests/test_main2.py" line="388" name="test_all[protected(explicit)_2opt(dummy=DEFAULT_DUMMY_VALUE, replacement=None, f=DECORATED)-@replace_by_foo(DEFAULT_DUMMY_VALUE, goo)]" time="0.0030450820922851562"><system-out>Generated decorator : replace_by_foo(dummy=12, replacement=None)
Calling it as @replace_by_foo(DEFAULT_DUMMY_VALUE, goo)
Expected SUCCESS

</system-out></testcase><testcase classname="decopatch.tests.test_main2" file="decopatch/tests/test_main2.py" line="388" name="test_all[unprotected(explicit)_2opt(replacement=None, dummy=DEFAULT_DUMMY_VALUE, f=DECORATED)-@replace_by_foo]" time="0.002929210662841797"><system-out>Generated decorator : replace_by_foo(replacement=None, dummy=12)
Calling it as @replace_by_foo
Expected error: &apos;AmbiguousFirstArgumentTypeError&apos; because using the decorator without parenthesis mimics usage with a single arg.

</system-out></testcase><testcase classname="decopatch.tests.test_main2" file="decopatch/tests/test_main2.py" line="388" name="test_all[unprotected(explicit)_2opt(replacement=None, dummy=DEFAULT_DUMMY_VALUE, f=DECORATED)-@replace_by_foo()]" time="0.0025854110717773438"><system-out>Generated decorator : replace_by_foo(replacement=None, dummy=12)
Calling it as @replace_by_foo()
Expected SUCCESS

</system-out></testcase><testcase classname="decopatch.tests.test_main2" file="decopatch/tests/test_main2.py" line="388" name="test_all[unprotected(explicit)_2opt(replacement=None, dummy=DEFAULT_DUMMY_VALUE, f=DECORATED)-@replace_by_foo(goo)]" time="0.0029535293579101562"><system-out>Generated decorator : replace_by_foo(replacement=None, dummy=12)
Calling it as @replace_by_foo(goo)
Expected error: &apos;AmbiguousFirstArgumentTypeError&apos; because calling a non-protected decorator with a callable leads to an error

</system-out></testcase><testcase classname="decopatch.tests.test_main2" file="decopatch/tests/test_main2.py" line="388" name="test_all[unprotected(explicit)_2opt(replacement=None, dummy=DEFAULT_DUMMY_VALUE, f=DECORATED)-@replace_by_foo(&apos;hello&apos;)]" time="0.0026581287384033203"><skipped message="the first positional arg is supposed to be the callable here" type="pytest.skip">/home/travis/build/smarie/python-decopatch/decopatch/tests/test_main2.py:413: &lt;py._xmlgen.raw object at 0x7f2e03ed0da0&gt;</skipped><system-out>Generated decorator : replace_by_foo(replacement=None, dummy=12)
Calling it as @replace_by_foo(&apos;hello&apos;)
</system-out><system-out>Generated decorator : replace_by_foo(replacement=None, dummy=12)
Calling it as @replace_by_foo(&apos;hello&apos;)
</system-out></testcase><testcase classname="decopatch.tests.test_main2" file="decopatch/tests/test_main2.py" line="388" name="test_all[unprotected(explicit)_2opt(replacement=None, dummy=DEFAULT_DUMMY_VALUE, f=DECORATED)-@replace_by_foo(DEFAULT_DUMMY_VALUE)]" time="0.0030531883239746094"><skipped message="the first positional arg is supposed to be the callable here" type="pytest.skip">/home/travis/build/smarie/python-decopatch/decopatch/tests/test_main2.py:413: &lt;py._xmlgen.raw object at 0x7f2e03ed09e8&gt;</skipped><system-out>Generated decorator : replace_by_foo(replacement=None, dummy=12)
Calling it as @replace_by_foo(DEFAULT_DUMMY_VALUE)
</system-out><system-out>Generated decorator : replace_by_foo(replacement=None, dummy=12)
Calling it as @replace_by_foo(DEFAULT_DUMMY_VALUE)
</system-out></testcase><testcase classname="decopatch.tests.test_main2" file="decopatch/tests/test_main2.py" line="388" name="test_all[unprotected(explicit)_2opt(replacement=None, dummy=DEFAULT_DUMMY_VALUE, f=DECORATED)-@replace_by_foo(replacement=goo)]" time="0.0027947425842285156"><system-out>Generated decorator : replace_by_foo(replacement=None, dummy=12)
Calling it as @replace_by_foo(replacement=goo)
Expected error: &apos;AmbiguousFirstArgumentTypeError&apos; because calling a non-protected decorator with a callable as first and only non-default argument leads to an error

</system-out></testcase><testcase classname="decopatch.tests.test_main2" file="decopatch/tests/test_main2.py" line="388" name="test_all[unprotected(explicit)_2opt(replacement=None, dummy=DEFAULT_DUMMY_VALUE, f=DECORATED)-@replace_by_foo(dummy=&apos;hello&apos;)]" time="0.0026073455810546875"><system-out>Generated decorator : replace_by_foo(replacement=None, dummy=12)
Calling it as @replace_by_foo(dummy=&apos;hello&apos;)
Expected SUCCESS

</system-out></testcase><testcase classname="decopatch.tests.test_main2" file="decopatch/tests/test_main2.py" line="388" name="test_all[unprotected(explicit)_2opt(replacement=None, dummy=DEFAULT_DUMMY_VALUE, f=DECORATED)-@replace_by_foo(dummy=DEFAULT_DUMMY_VALUE)]" time="0.0027132034301757812"><system-out>Generated decorator : replace_by_foo(replacement=None, dummy=12)
Calling it as @replace_by_foo(dummy=DEFAULT_DUMMY_VALUE)
Expected SUCCESS

</system-out></testcase><testcase classname="decopatch.tests.test_main2" file="decopatch/tests/test_main2.py" line="388" name="test_all[unprotected(explicit)_2opt(replacement=None, dummy=DEFAULT_DUMMY_VALUE, f=DECORATED)-@replace_by_foo(goo, &apos;hello&apos;)]" time="0.0027933120727539062"><system-out>Generated decorator : replace_by_foo(replacement=None, dummy=12)
Calling it as @replace_by_foo(goo, &apos;hello&apos;)
Expected SUCCESS

</system-out></testcase><testcase classname="decopatch.tests.test_main2" file="decopatch/tests/test_main2.py" line="388" name="test_all[unprotected(explicit)_2opt(replacement=None, dummy=DEFAULT_DUMMY_VALUE, f=DECORATED)-@replace_by_foo(&apos;hello&apos;, goo)]" time="0.003004789352416992"><skipped message="the order of positional args in the test does not match" type="pytest.skip">/home/travis/build/smarie/python-decopatch/decopatch/tests/test_main2.py:413: &lt;py._xmlgen.raw object at 0x7f2e03eddeb8&gt;</skipped><system-out>Generated decorator : replace_by_foo(replacement=None, dummy=12)
Calling it as @replace_by_foo(&apos;hello&apos;, goo)
</system-out><system-out>Generated decorator : replace_by_foo(replacement=None, dummy=12)
Calling it as @replace_by_foo(&apos;hello&apos;, goo)
</system-out></testcase><testcase classname="decopatch.tests.test_main2" file="decopatch/tests/test_main2.py" line="388" name="test_all[unprotected(explicit)_2opt(replacement=None, dummy=DEFAULT_DUMMY_VALUE, f=DECORATED)-@replace_by_foo(goo, DEFAULT_DUMMY_VALUE)]" time="0.0025572776794433594"><system-out>Generated decorator : replace_by_foo(replacement=None, dummy=12)
Calling it as @replace_by_foo(goo, DEFAULT_DUMMY_VALUE)
Expected error: &apos;AmbiguousFirstArgumentTypeError&apos; because calling a non-protected decorator with a callable as first and only non-default argument leads to an error

</system-out></testcase><testcase classname="decopatch.tests.test_main2" file="decopatch/tests/test_main2.py" line="388" name="test_all[unprotected(explicit)_2opt(replacement=None, dummy=DEFAULT_DUMMY_VALUE, f=DECORATED)-@replace_by_foo(DEFAULT_DUMMY_VALUE, goo)]" time="0.002615213394165039"><skipped message="the order of positional args in the test does not match" type="pytest.skip">/home/travis/build/smarie/python-decopatch/decopatch/tests/test_main2.py:413: &lt;py._xmlgen.raw object at 0x7f2e03ed0a58&gt;</skipped><system-out>Generated decorator : replace_by_foo(replacement=None, dummy=12)
Calling it as @replace_by_foo(DEFAULT_DUMMY_VALUE, goo)
</system-out><system-out>Generated decorator : replace_by_foo(replacement=None, dummy=12)
Calling it as @replace_by_foo(DEFAULT_DUMMY_VALUE, goo)
</system-out></testcase><testcase classname="decopatch.tests.test_main2" file="decopatch/tests/test_main2.py" line="388" name="test_all[protected(explicit)_2opt(replacement=None, dummy=DEFAULT_DUMMY_VALUE, f=DECORATED)-@replace_by_foo]" time="0.03031444549560547"><system-out>Generated decorator : replace_by_foo(replacement=None, dummy=12)
Calling it as @replace_by_foo
Expected SUCCESS

</system-out></testcase><testcase classname="decopatch.tests.test_main2" file="decopatch/tests/test_main2.py" line="388" name="test_all[protected(explicit)_2opt(replacement=None, dummy=DEFAULT_DUMMY_VALUE, f=DECORATED)-@replace_by_foo()]" time="0.010038614273071289"><system-out>Generated decorator : replace_by_foo(replacement=None, dummy=12)
Calling it as @replace_by_foo()
Expected SUCCESS

</system-out></testcase><testcase classname="decopatch.tests.test_main2" file="decopatch/tests/test_main2.py" line="388" name="test_all[protected(explicit)_2opt(replacement=None, dummy=DEFAULT_DUMMY_VALUE, f=DECORATED)-@replace_by_foo(goo)]" time="0.0431520938873291"><system-out>Generated decorator : replace_by_foo(replacement=None, dummy=12)
Calling it as @replace_by_foo(goo)
Expected SUCCESS

</system-out></testcase><testcase classname="decopatch.tests.test_main2" file="decopatch/tests/test_main2.py" line="388" name="test_all[protected(explicit)_2opt(replacement=None, dummy=DEFAULT_DUMMY_VALUE, f=DECORATED)-@replace_by_foo(&apos;hello&apos;)]" time="0.0033779144287109375"><skipped message="the first positional arg is supposed to be the callable here" type="pytest.skip">/home/travis/build/smarie/python-decopatch/decopatch/tests/test_main2.py:413: &lt;py._xmlgen.raw object at 0x7f2e03e6ba90&gt;</skipped><system-out>Generated decorator : replace_by_foo(replacement=None, dummy=12)
Calling it as @replace_by_foo(&apos;hello&apos;)
</system-out><system-out>Generated decorator : replace_by_foo(replacement=None, dummy=12)
Calling it as @replace_by_foo(&apos;hello&apos;)
</system-out></testcase><testcase classname="decopatch.tests.test_main2" file="decopatch/tests/test_main2.py" line="388" name="test_all[protected(explicit)_2opt(replacement=None, dummy=DEFAULT_DUMMY_VALUE, f=DECORATED)-@replace_by_foo(DEFAULT_DUMMY_VALUE)]" time="0.0037577152252197266"><skipped message="the first positional arg is supposed to be the callable here" type="pytest.skip">/home/travis/build/smarie/python-decopatch/decopatch/tests/test_main2.py:413: &lt;py._xmlgen.raw object at 0x7f2e03e81748&gt;</skipped><system-out>Generated decorator : replace_by_foo(replacement=None, dummy=12)
Calling it as @replace_by_foo(DEFAULT_DUMMY_VALUE)
</system-out><system-out>Generated decorator : replace_by_foo(replacement=None, dummy=12)
Calling it as @replace_by_foo(DEFAULT_DUMMY_VALUE)
</system-out></testcase><testcase classname="decopatch.tests.test_main2" file="decopatch/tests/test_main2.py" line="388" name="test_all[protected(explicit)_2opt(replacement=None, dummy=DEFAULT_DUMMY_VALUE, f=DECORATED)-@replace_by_foo(replacement=goo)]" time="0.012220144271850586"><system-out>Generated decorator : replace_by_foo(replacement=None, dummy=12)
Calling it as @replace_by_foo(replacement=goo)
Expected SUCCESS

</system-out></testcase><testcase classname="decopatch.tests.test_main2" file="decopatch/tests/test_main2.py" line="388" name="test_all[protected(explicit)_2opt(replacement=None, dummy=DEFAULT_DUMMY_VALUE, f=DECORATED)-@replace_by_foo(dummy=&apos;hello&apos;)]" time="0.0026721954345703125"><system-out>Generated decorator : replace_by_foo(replacement=None, dummy=12)
Calling it as @replace_by_foo(dummy=&apos;hello&apos;)
Expected SUCCESS

</system-out></testcase><testcase classname="decopatch.tests.test_main2" file="decopatch/tests/test_main2.py" line="388" name="test_all[protected(explicit)_2opt(replacement=None, dummy=DEFAULT_DUMMY_VALUE, f=DECORATED)-@replace_by_foo(dummy=DEFAULT_DUMMY_VALUE)]" time="0.0022406578063964844"><system-out>Generated decorator : replace_by_foo(replacement=None, dummy=12)
Calling it as @replace_by_foo(dummy=DEFAULT_DUMMY_VALUE)
Expected SUCCESS

</system-out></testcase><testcase classname="decopatch.tests.test_main2" file="decopatch/tests/test_main2.py" line="388" name="test_all[protected(explicit)_2opt(replacement=None, dummy=DEFAULT_DUMMY_VALUE, f=DECORATED)-@replace_by_foo(goo, &apos;hello&apos;)]" time="0.002523183822631836"><system-out>Generated decorator : replace_by_foo(replacement=None, dummy=12)
Calling it as @replace_by_foo(goo, &apos;hello&apos;)
Expected SUCCESS

</system-out></testcase><testcase classname="decopatch.tests.test_main2" file="decopatch/tests/test_main2.py" line="388" name="test_all[protected(explicit)_2opt(replacement=None, dummy=DEFAULT_DUMMY_VALUE, f=DECORATED)-@replace_by_foo(&apos;hello&apos;, goo)]" time="0.0025386810302734375"><skipped message="the order of positional args in the test does not match" type="pytest.skip">/home/travis/build/smarie/python-decopatch/decopatch/tests/test_main2.py:413: &lt;py._xmlgen.raw object at 0x7f2e03e81518&gt;</skipped><system-out>Generated decorator : replace_by_foo(replacement=None, dummy=12)
Calling it as @replace_by_foo(&apos;hello&apos;, goo)
</system-out><system-out>Generated decorator : replace_by_foo(replacement=None, dummy=12)
Calling it as @replace_by_foo(&apos;hello&apos;, goo)
</system-out></testcase><testcase classname="decopatch.tests.test_main2" file="decopatch/tests/test_main2.py" line="388" name="test_all[protected(explicit)_2opt(replacement=None, dummy=DEFAULT_DUMMY_VALUE, f=DECORATED)-@replace_by_foo(goo, DEFAULT_DUMMY_VALUE)]" time="0.010905981063842773"><system-out>Generated decorator : replace_by_foo(replacement=None, dummy=12)
Calling it as @replace_by_foo(goo, DEFAULT_DUMMY_VALUE)
Expected SUCCESS

</system-out></testcase><testcase classname="decopatch.tests.test_main2" file="decopatch/tests/test_main2.py" line="388" name="test_all[protected(explicit)_2opt(replacement=None, dummy=DEFAULT_DUMMY_VALUE, f=DECORATED)-@replace_by_foo(DEFAULT_DUMMY_VALUE, goo)]" time="0.002736806869506836"><skipped message="the order of positional args in the test does not match" type="pytest.skip">/home/travis/build/smarie/python-decopatch/decopatch/tests/test_main2.py:413: &lt;py._xmlgen.raw object at 0x7f2e03eaf5f8&gt;</skipped><system-out>Generated decorator : replace_by_foo(replacement=None, dummy=12)
Calling it as @replace_by_foo(DEFAULT_DUMMY_VALUE, goo)
</system-out><system-out>Generated decorator : replace_by_foo(replacement=None, dummy=12)
Calling it as @replace_by_foo(DEFAULT_DUMMY_VALUE, goo)
</system-out></testcase></testsuite>