<?xml version="1.0" encoding="utf-8"?><testsuite errors="0" failures="0" name="pytest" skips="39" tests="216" time="1.511"><testcase classname="decopatch.tests.test_doc" file="decopatch/tests/test_doc.py" line="14" name="test_doc_add_tag_function[False]" time="0.0065004825592041016"><system-out>Help on function add_tag in module decopatch.tests.test_doc:

add_tag(tag=&apos;hi!&apos;)
    This is the @add_tag decorator. Its signature and docstring are the ones
    that users will see.
    ---
    Example decorator to add a &apos;tag&apos; attribute to a function. It can be used
    with and without parenthesis, with and without arguments.
    
    :param tag: the &apos;tag&apos; value to set on the decorated function (default &apos;hi!).

None
</system-out></testcase><testcase classname="decopatch.tests.test_doc" file="decopatch/tests/test_doc.py" line="14" name="test_doc_add_tag_function[True]" time="0.0029642581939697266"><system-out>Help on function add_tag in module decopatch.tests.test_doc:

add_tag(tag=&apos;hi!&apos;)
    This is the @add_tag decorator. Its signature (except `f`) and docstring are
    the ones that users will see.
    
    This method will be called when your decorator is used on a function `f`, with
    or without parenthesis or parameters. It should return the replacement for
    this function (it can be the same object or another one, not even a function!)
    ---
    Example decorator to add a &apos;tag&apos; attribute to a function. It can be used
    with and without parenthesis, with and without arguments.
    
    :param tag: the &apos;tag&apos; value to set on the decorated function (default &apos;hi!).

None
</system-out></testcase><testcase classname="decopatch.tests.test_doc" file="decopatch/tests/test_doc.py" line="88" name="test_doc_say_hello[nested]" time="0.004346132278442383"></testcase><testcase classname="decopatch.tests.test_doc" file="decopatch/tests/test_doc.py" line="88" name="test_doc_say_hello[flat]" time="0.0045146942138671875"></testcase><testcase classname="decopatch.tests.test_doc" file="decopatch/tests/test_doc.py" line="88" name="test_doc_say_hello[double-flat]" time="0.0047490596771240234"></testcase><testcase classname="decopatch.tests.test_doc" file="decopatch/tests/test_doc.py" line="210" name="test_doc_add_tag_class_and_function[flat_mode=False]" time="0.0030145645141601562"><system-out>Help on function add_tag in module decopatch.tests.test_doc:

add_tag(tag=&apos;hi!&apos;)
    Example decorator to add a &apos;tag&apos; attribute to a function or class. It can be
    used with and without parenthesis, with and without arguments.
    
    :param tag: the &apos;tag&apos; value to set on the decorated item (default &apos;hi!).

None
</system-out></testcase><testcase classname="decopatch.tests.test_doc" file="decopatch/tests/test_doc.py" line="210" name="test_doc_add_tag_class_and_function[flat_mode=True]" time="0.0028581619262695312"><system-out>Help on function add_tag in module decopatch.tests.test_doc:

add_tag(tag=&apos;hi!&apos;)
    Example decorator to add a &apos;tag&apos; attribute to a function or class. It can be
    used with and without parenthesis, with and without arguments.
    
    :param tag: the &apos;tag&apos; value to set on the decorated item (default &apos;hi!).

None
</system-out></testcase><testcase classname="decopatch.tests.test_doc_advanced" file="decopatch/tests/test_doc_advanced.py" line="15" name="test_doc_impl_first_tag_mandatory[uses_introspection=True-usage_first=True]" time="0.026554584503173828"></testcase><testcase classname="decopatch.tests.test_doc_advanced" file="decopatch/tests/test_doc_advanced.py" line="15" name="test_doc_impl_first_tag_mandatory[uses_introspection=True-usage_first=False]" time="0.016974925994873047"></testcase><testcase classname="decopatch.tests.test_doc_advanced" file="decopatch/tests/test_doc_advanced.py" line="15" name="test_doc_impl_first_tag_mandatory[uses_introspection=False-usage_first=True]" time="0.002389669418334961"></testcase><testcase classname="decopatch.tests.test_doc_advanced" file="decopatch/tests/test_doc_advanced.py" line="15" name="test_doc_impl_first_tag_mandatory[uses_introspection=False-usage_first=False]" time="0.00251007080078125"></testcase><testcase classname="decopatch.tests.test_doc_advanced" file="decopatch/tests/test_doc_advanced.py" line="80" name="test_doc_impl_first_tag_optional" time="0.0021562576293945312"></testcase><testcase classname="decopatch.tests.test_doc_advanced" file="decopatch/tests/test_doc_advanced.py" line="138" name="test_doc_impl_first_say_hello" time="0.004706621170043945"></testcase><testcase classname="decopatch.tests.test_doc_advanced" file="decopatch/tests/test_doc_advanced.py" line="212" name="test_doc_impl_first_class_tag_mandatory[uses_introspection=True]" time="0.002397298812866211"></testcase><testcase classname="decopatch.tests.test_doc_advanced" file="decopatch/tests/test_doc_advanced.py" line="212" name="test_doc_impl_first_class_tag_mandatory[uses_introspection=False]" time="0.002067089080810547"></testcase><testcase classname="decopatch.tests.test_doc_advanced" file="decopatch/tests/test_doc_advanced.py" line="262" name="test_doc_usage_first_tag_mandatory" time="0.001531839370727539"></testcase><testcase classname="decopatch.tests.test_doc_advanced" file="decopatch/tests/test_doc_advanced.py" line="283" name="test_doc_impl_first_tag_mandatory_protected[uses_introspection=True-kwonly=True]" time="0.003863096237182617"></testcase><testcase classname="decopatch.tests.test_doc_advanced" file="decopatch/tests/test_doc_advanced.py" line="283" name="test_doc_impl_first_tag_mandatory_protected[uses_introspection=False-kwonly=True]" time="0.002249479293823242"></testcase><testcase classname="decopatch.tests.test_doc_advanced" file="decopatch/tests/test_doc_advanced.py" line="314" name="test_doc_impl_first_tag_optional_nonprotected[kwonly=False]" time="0.0016803741455078125"></testcase><testcase classname="decopatch.tests.test_doc_advanced" file="decopatch/tests/test_doc_advanced.py" line="314" name="test_doc_impl_first_tag_optional_nonprotected[kwonly=True]" time="0.0016875267028808594"></testcase><testcase classname="decopatch.tests.test_doc_advanced" file="decopatch/tests/test_doc_advanced.py" line="351" name="test_doc_impl_first_tag_optional_protected[introspection=True-kwonly=False]" time="0.024657726287841797"></testcase><testcase classname="decopatch.tests.test_doc_advanced" file="decopatch/tests/test_doc_advanced.py" line="351" name="test_doc_impl_first_tag_optional_protected[introspection=True-kwonly=True]" time="0.016911029815673828"></testcase><testcase classname="decopatch.tests.test_doc_advanced" file="decopatch/tests/test_doc_advanced.py" line="351" name="test_doc_impl_first_tag_optional_protected[introspection=False-kwonly=False]" time="0.002946138381958008"></testcase><testcase classname="decopatch.tests.test_doc_advanced" file="decopatch/tests/test_doc_advanced.py" line="351" name="test_doc_impl_first_tag_optional_protected[introspection=False-kwonly=True]" time="0.0024106502532958984"></testcase><testcase classname="decopatch.tests.test_main2" file="decopatch/tests/test_main2.py" line="388" name="test_all[easy_0_args(f=DECORATED)-@replace_by_foo]" time="0.002371072769165039"><system-out>Generated decorator : replace_by_foo(*no_args)
Calling it as @replace_by_foo
Expected SUCCESS

</system-out></testcase><testcase classname="decopatch.tests.test_main2" file="decopatch/tests/test_main2.py" line="388" name="test_all[easy_0_args(f=DECORATED)-@replace_by_foo()]" time="0.0022301673889160156"><system-out>Generated decorator : replace_by_foo(*no_args)
Calling it as @replace_by_foo()
Expected SUCCESS

</system-out></testcase><testcase classname="decopatch.tests.test_main2" file="decopatch/tests/test_main2.py" line="388" name="test_all[easy_0_args(f=DECORATED)-@replace_by_foo(goo)]" time="0.0022895336151123047"><system-out>Generated decorator : replace_by_foo(*no_args)
Calling it as @replace_by_foo(goo)
Expected error: &apos;TypeError&apos; because python does not allow f(x) if f has 0 args

</system-out></testcase><testcase classname="decopatch.tests.test_main2" file="decopatch/tests/test_main2.py" line="388" name="test_all[easy_0_args(f=DECORATED)-@replace_by_foo(&apos;hello&apos;)]" time="0.0023279190063476562"><system-out>Generated decorator : replace_by_foo(*no_args)
Calling it as @replace_by_foo(&apos;hello&apos;)
Expected error: &apos;TypeError&apos; because python does not allow f(x) if f has 0 args

</system-out></testcase><testcase classname="decopatch.tests.test_main2" file="decopatch/tests/test_main2.py" line="388" name="test_all[easy_0_args(f=DECORATED)-@replace_by_foo(DEFAULT_DUMMY_VALUE)]" time="0.002061605453491211"><system-out>Generated decorator : replace_by_foo(*no_args)
Calling it as @replace_by_foo(DEFAULT_DUMMY_VALUE)
Expected error: &apos;TypeError&apos; because python does not allow f(x) if f has 0 args

</system-out></testcase><testcase classname="decopatch.tests.test_main2" file="decopatch/tests/test_main2.py" line="388" name="test_all[easy_0_args(f=DECORATED)-@replace_by_foo(replacement=goo)]" time="0.002275228500366211"><system-out>Generated decorator : replace_by_foo(*no_args)
Calling it as @replace_by_foo(replacement=goo)
Expected error: &apos;TypeError&apos; because python does not allow f(x) if f has 0 args

</system-out></testcase><testcase classname="decopatch.tests.test_main2" file="decopatch/tests/test_main2.py" line="388" name="test_all[easy_0_args(f=DECORATED)-@replace_by_foo(dummy=&apos;hello&apos;)]" time="0.0025870800018310547"><system-out>Generated decorator : replace_by_foo(*no_args)
Calling it as @replace_by_foo(dummy=&apos;hello&apos;)
Expected error: &apos;TypeError&apos; because python does not allow f(x) if f has 0 args

</system-out></testcase><testcase classname="decopatch.tests.test_main2" file="decopatch/tests/test_main2.py" line="388" name="test_all[easy_0_args(f=DECORATED)-@replace_by_foo(dummy=DEFAULT_DUMMY_VALUE)]" time="0.002348661422729492"><system-out>Generated decorator : replace_by_foo(*no_args)
Calling it as @replace_by_foo(dummy=DEFAULT_DUMMY_VALUE)
Expected error: &apos;TypeError&apos; because python does not allow f(x) if f has 0 args

</system-out></testcase><testcase classname="decopatch.tests.test_main2" file="decopatch/tests/test_main2.py" line="388" name="test_all[easy_0_args(f=DECORATED)-@replace_by_foo(goo, &apos;hello&apos;)]" time="0.0022590160369873047"><system-out>Generated decorator : replace_by_foo(*no_args)
Calling it as @replace_by_foo(goo, &apos;hello&apos;)
Expected error: &apos;TypeError&apos; because python does not allow f(x) if f has 0 args

</system-out></testcase><testcase classname="decopatch.tests.test_main2" file="decopatch/tests/test_main2.py" line="388" name="test_all[easy_0_args(f=DECORATED)-@replace_by_foo(&apos;hello&apos;, goo)]" time="0.0021257400512695312"><system-out>Generated decorator : replace_by_foo(*no_args)
Calling it as @replace_by_foo(&apos;hello&apos;, goo)
Expected error: &apos;TypeError&apos; because python does not allow f(x) if f has 0 args

</system-out></testcase><testcase classname="decopatch.tests.test_main2" file="decopatch/tests/test_main2.py" line="388" name="test_all[easy_0_args(f=DECORATED)-@replace_by_foo(goo, DEFAULT_DUMMY_VALUE)]" time="0.0022153854370117188"><system-out>Generated decorator : replace_by_foo(*no_args)
Calling it as @replace_by_foo(goo, DEFAULT_DUMMY_VALUE)
Expected error: &apos;TypeError&apos; because python does not allow f(x) if f has 0 args

</system-out></testcase><testcase classname="decopatch.tests.test_main2" file="decopatch/tests/test_main2.py" line="388" name="test_all[easy_0_args(f=DECORATED)-@replace_by_foo(DEFAULT_DUMMY_VALUE, goo)]" time="0.002299785614013672"><system-out>Generated decorator : replace_by_foo(*no_args)
Calling it as @replace_by_foo(DEFAULT_DUMMY_VALUE, goo)
Expected error: &apos;TypeError&apos; because python does not allow f(x) if f has 0 args

</system-out></testcase><testcase classname="decopatch.tests.test_main2" file="decopatch/tests/test_main2.py" line="388" name="test_all[easy_0_args(*, f=DECORATED)-@replace_by_foo]" time="0.002309083938598633"><system-out>Generated decorator : replace_by_foo(*no_args)
Calling it as @replace_by_foo
Expected SUCCESS

</system-out></testcase><testcase classname="decopatch.tests.test_main2" file="decopatch/tests/test_main2.py" line="388" name="test_all[easy_0_args(*, f=DECORATED)-@replace_by_foo()]" time="0.002324342727661133"><system-out>Generated decorator : replace_by_foo(*no_args)
Calling it as @replace_by_foo()
Expected SUCCESS

</system-out></testcase><testcase classname="decopatch.tests.test_main2" file="decopatch/tests/test_main2.py" line="388" name="test_all[easy_0_args(*, f=DECORATED)-@replace_by_foo(goo)]" time="0.0026917457580566406"><system-out>Generated decorator : replace_by_foo(*no_args)
Calling it as @replace_by_foo(goo)
Expected error: &apos;TypeError&apos; because python does not allow f(x) if f has 0 args

</system-out></testcase><testcase classname="decopatch.tests.test_main2" file="decopatch/tests/test_main2.py" line="388" name="test_all[easy_0_args(*, f=DECORATED)-@replace_by_foo(&apos;hello&apos;)]" time="0.002129077911376953"><system-out>Generated decorator : replace_by_foo(*no_args)
Calling it as @replace_by_foo(&apos;hello&apos;)
Expected error: &apos;TypeError&apos; because python does not allow f(x) if f has 0 args

</system-out></testcase><testcase classname="decopatch.tests.test_main2" file="decopatch/tests/test_main2.py" line="388" name="test_all[easy_0_args(*, f=DECORATED)-@replace_by_foo(DEFAULT_DUMMY_VALUE)]" time="0.002373933792114258"><system-out>Generated decorator : replace_by_foo(*no_args)
Calling it as @replace_by_foo(DEFAULT_DUMMY_VALUE)
Expected error: &apos;TypeError&apos; because python does not allow f(x) if f has 0 args

</system-out></testcase><testcase classname="decopatch.tests.test_main2" file="decopatch/tests/test_main2.py" line="388" name="test_all[easy_0_args(*, f=DECORATED)-@replace_by_foo(replacement=goo)]" time="0.0023717880249023438"><system-out>Generated decorator : replace_by_foo(*no_args)
Calling it as @replace_by_foo(replacement=goo)
Expected error: &apos;TypeError&apos; because python does not allow f(x) if f has 0 args

</system-out></testcase><testcase classname="decopatch.tests.test_main2" file="decopatch/tests/test_main2.py" line="388" name="test_all[easy_0_args(*, f=DECORATED)-@replace_by_foo(dummy=&apos;hello&apos;)]" time="0.0024459362030029297"><system-out>Generated decorator : replace_by_foo(*no_args)
Calling it as @replace_by_foo(dummy=&apos;hello&apos;)
Expected error: &apos;TypeError&apos; because python does not allow f(x) if f has 0 args

</system-out></testcase><testcase classname="decopatch.tests.test_main2" file="decopatch/tests/test_main2.py" line="388" name="test_all[easy_0_args(*, f=DECORATED)-@replace_by_foo(dummy=DEFAULT_DUMMY_VALUE)]" time="0.002386331558227539"><system-out>Generated decorator : replace_by_foo(*no_args)
Calling it as @replace_by_foo(dummy=DEFAULT_DUMMY_VALUE)
Expected error: &apos;TypeError&apos; because python does not allow f(x) if f has 0 args

</system-out></testcase><testcase classname="decopatch.tests.test_main2" file="decopatch/tests/test_main2.py" line="388" name="test_all[easy_0_args(*, f=DECORATED)-@replace_by_foo(goo, &apos;hello&apos;)]" time="0.0021440982818603516"><system-out>Generated decorator : replace_by_foo(*no_args)
Calling it as @replace_by_foo(goo, &apos;hello&apos;)
Expected error: &apos;TypeError&apos; because python does not allow f(x) if f has 0 args

</system-out></testcase><testcase classname="decopatch.tests.test_main2" file="decopatch/tests/test_main2.py" line="388" name="test_all[easy_0_args(*, f=DECORATED)-@replace_by_foo(&apos;hello&apos;, goo)]" time="0.002336740493774414"><system-out>Generated decorator : replace_by_foo(*no_args)
Calling it as @replace_by_foo(&apos;hello&apos;, goo)
Expected error: &apos;TypeError&apos; because python does not allow f(x) if f has 0 args

</system-out></testcase><testcase classname="decopatch.tests.test_main2" file="decopatch/tests/test_main2.py" line="388" name="test_all[easy_0_args(*, f=DECORATED)-@replace_by_foo(goo, DEFAULT_DUMMY_VALUE)]" time="0.0040743350982666016"><system-out>Generated decorator : replace_by_foo(*no_args)
Calling it as @replace_by_foo(goo, DEFAULT_DUMMY_VALUE)
Expected error: &apos;TypeError&apos; because python does not allow f(x) if f has 0 args

</system-out></testcase><testcase classname="decopatch.tests.test_main2" file="decopatch/tests/test_main2.py" line="388" name="test_all[easy_0_args(*, f=DECORATED)-@replace_by_foo(DEFAULT_DUMMY_VALUE, goo)]" time="0.0023932456970214844"><system-out>Generated decorator : replace_by_foo(*no_args)
Calling it as @replace_by_foo(DEFAULT_DUMMY_VALUE, goo)
Expected error: &apos;TypeError&apos; because python does not allow f(x) if f has 0 args

</system-out></testcase><testcase classname="decopatch.tests.test_main2" file="decopatch/tests/test_main2.py" line="388" name="test_all[case_hard_varpositional-@replace_by_foo]" time="0.0025482177734375"><system-out>Generated decorator : replace_by_foo(*args)
Calling it as @replace_by_foo
Expected error: &apos;AmbiguousFirstArgumentTypeError&apos; because using the decorator without parenthesis mimics usage with a single arg.

</system-out></testcase><testcase classname="decopatch.tests.test_main2" file="decopatch/tests/test_main2.py" line="388" name="test_all[case_hard_varpositional-@replace_by_foo()]" time="0.002254009246826172"><system-out>Generated decorator : replace_by_foo(*args)
Calling it as @replace_by_foo()
Expected SUCCESS

</system-out></testcase><testcase classname="decopatch.tests.test_main2" file="decopatch/tests/test_main2.py" line="388" name="test_all[case_hard_varpositional-@replace_by_foo(goo)]" time="0.0024242401123046875"><system-out>Generated decorator : replace_by_foo(*args)
Calling it as @replace_by_foo(goo)
Expected error: &apos;AmbiguousFirstArgumentTypeError&apos; because calling a non-protected decorator with a callable leads to an error

</system-out></testcase><testcase classname="decopatch.tests.test_main2" file="decopatch/tests/test_main2.py" line="388" name="test_all[case_hard_varpositional-@replace_by_foo(&apos;hello&apos;)]" time="0.002424001693725586"><system-out>Generated decorator : replace_by_foo(*args)
Calling it as @replace_by_foo(&apos;hello&apos;)
Expected SUCCESS

</system-out></testcase><testcase classname="decopatch.tests.test_main2" file="decopatch/tests/test_main2.py" line="388" name="test_all[case_hard_varpositional-@replace_by_foo(DEFAULT_DUMMY_VALUE)]" time="0.0024285316467285156"><system-out>Generated decorator : replace_by_foo(*args)
Calling it as @replace_by_foo(DEFAULT_DUMMY_VALUE)
Expected SUCCESS

</system-out></testcase><testcase classname="decopatch.tests.test_main2" file="decopatch/tests/test_main2.py" line="388" name="test_all[case_hard_varpositional-@replace_by_foo(replacement=goo)]" time="0.002965688705444336"><skipped message="decorator impl does not accept keyword args" type="pytest.skip">/home/travis/build/smarie/python-decopatch/decopatch/tests/test_main2.py:413: &lt;py._xmlgen.raw object at 0x7fa0bc47c0b8&gt;</skipped><system-out>Generated decorator : replace_by_foo(*args)
Calling it as @replace_by_foo(replacement=goo)
</system-out><system-out>Generated decorator : replace_by_foo(*args)
Calling it as @replace_by_foo(replacement=goo)
</system-out></testcase><testcase classname="decopatch.tests.test_main2" file="decopatch/tests/test_main2.py" line="388" name="test_all[case_hard_varpositional-@replace_by_foo(dummy=&apos;hello&apos;)]" time="0.0024442672729492188"><skipped message="decorator impl does not accept keyword args" type="pytest.skip">/home/travis/build/smarie/python-decopatch/decopatch/tests/test_main2.py:413: &lt;py._xmlgen.raw object at 0x7fa0bc486198&gt;</skipped><system-out>Generated decorator : replace_by_foo(*args)
Calling it as @replace_by_foo(dummy=&apos;hello&apos;)
</system-out><system-out>Generated decorator : replace_by_foo(*args)
Calling it as @replace_by_foo(dummy=&apos;hello&apos;)
</system-out></testcase><testcase classname="decopatch.tests.test_main2" file="decopatch/tests/test_main2.py" line="388" name="test_all[case_hard_varpositional-@replace_by_foo(dummy=DEFAULT_DUMMY_VALUE)]" time="0.008949041366577148"><skipped message="decorator impl does not accept keyword args" type="pytest.skip">/home/travis/build/smarie/python-decopatch/decopatch/tests/test_main2.py:413: &lt;py._xmlgen.raw object at 0x7fa0bc486d68&gt;</skipped><system-out>Generated decorator : replace_by_foo(*args)
Calling it as @replace_by_foo(dummy=DEFAULT_DUMMY_VALUE)
</system-out><system-out>Generated decorator : replace_by_foo(*args)
Calling it as @replace_by_foo(dummy=DEFAULT_DUMMY_VALUE)
</system-out></testcase><testcase classname="decopatch.tests.test_main2" file="decopatch/tests/test_main2.py" line="388" name="test_all[case_hard_varpositional-@replace_by_foo(goo, &apos;hello&apos;)]" time="0.0060214996337890625"><system-out>Generated decorator : replace_by_foo(*args)
Calling it as @replace_by_foo(goo, &apos;hello&apos;)
Expected SUCCESS

</system-out></testcase><testcase classname="decopatch.tests.test_main2" file="decopatch/tests/test_main2.py" line="388" name="test_all[case_hard_varpositional-@replace_by_foo(&apos;hello&apos;, goo)]" time="0.0026628971099853516"><system-out>Generated decorator : replace_by_foo(*args)
Calling it as @replace_by_foo(&apos;hello&apos;, goo)
Expected SUCCESS

</system-out></testcase><testcase classname="decopatch.tests.test_main2" file="decopatch/tests/test_main2.py" line="388" name="test_all[case_hard_varpositional-@replace_by_foo(goo, DEFAULT_DUMMY_VALUE)]" time="0.0025293827056884766"><system-out>Generated decorator : replace_by_foo(*args)
Calling it as @replace_by_foo(goo, DEFAULT_DUMMY_VALUE)
Expected SUCCESS

</system-out></testcase><testcase classname="decopatch.tests.test_main2" file="decopatch/tests/test_main2.py" line="388" name="test_all[case_hard_varpositional-@replace_by_foo(DEFAULT_DUMMY_VALUE, goo)]" time="0.002434968948364258"><system-out>Generated decorator : replace_by_foo(*args)
Calling it as @replace_by_foo(DEFAULT_DUMMY_VALUE, goo)
Expected SUCCESS

</system-out></testcase><testcase classname="decopatch.tests.test_main2" file="decopatch/tests/test_main2.py" line="388" name="test_all[unprotected(explicit)_1m_arg(dummy, f=DECORATED)-@replace_by_foo]" time="0.0021948814392089844"><system-out>Generated decorator : replace_by_foo(dummy)
Calling it as @replace_by_foo
Expected error: &apos;AmbiguousFirstArgumentTypeError&apos; because using the decorator without parenthesis mimics usage with a single arg.

</system-out></testcase><testcase classname="decopatch.tests.test_main2" file="decopatch/tests/test_main2.py" line="388" name="test_all[unprotected(explicit)_1m_arg(dummy, f=DECORATED)-@replace_by_foo()]" time="0.0023317337036132812"><system-out>Generated decorator : replace_by_foo(dummy)
Calling it as @replace_by_foo()
Expected error: &apos;TypeError&apos; because python does not allow f() if f has 1 mandatory arg

</system-out></testcase><testcase classname="decopatch.tests.test_main2" file="decopatch/tests/test_main2.py" line="388" name="test_all[unprotected(explicit)_1m_arg(dummy, f=DECORATED)-@replace_by_foo(goo)]" time="0.0024306774139404297"><system-out>Generated decorator : replace_by_foo(dummy)
Calling it as @replace_by_foo(goo)
Expected error: &apos;AmbiguousFirstArgumentTypeError&apos; because calling a non-protected decorator with a callable leads to an error

</system-out></testcase><testcase classname="decopatch.tests.test_main2" file="decopatch/tests/test_main2.py" line="388" name="test_all[unprotected(explicit)_1m_arg(dummy, f=DECORATED)-@replace_by_foo(&apos;hello&apos;)]" time="0.0026350021362304688"><system-out>Generated decorator : replace_by_foo(dummy)
Calling it as @replace_by_foo(&apos;hello&apos;)
Expected SUCCESS

</system-out></testcase><testcase classname="decopatch.tests.test_main2" file="decopatch/tests/test_main2.py" line="388" name="test_all[unprotected(explicit)_1m_arg(dummy, f=DECORATED)-@replace_by_foo(DEFAULT_DUMMY_VALUE)]" time="0.0023033618927001953"><system-out>Generated decorator : replace_by_foo(dummy)
Calling it as @replace_by_foo(DEFAULT_DUMMY_VALUE)
Expected SUCCESS

</system-out></testcase><testcase classname="decopatch.tests.test_main2" file="decopatch/tests/test_main2.py" line="388" name="test_all[unprotected(explicit)_1m_arg(dummy, f=DECORATED)-@replace_by_foo(replacement=goo)]" time="0.0021822452545166016"><skipped message="decorator impl does not have a &apos;replacement&apos; arg" type="pytest.skip">/home/travis/build/smarie/python-decopatch/decopatch/tests/test_main2.py:413: &lt;py._xmlgen.raw object at 0x7fa0bc410d68&gt;</skipped><system-out>Generated decorator : replace_by_foo(dummy)
Calling it as @replace_by_foo(replacement=goo)
</system-out><system-out>Generated decorator : replace_by_foo(dummy)
Calling it as @replace_by_foo(replacement=goo)
</system-out></testcase><testcase classname="decopatch.tests.test_main2" file="decopatch/tests/test_main2.py" line="388" name="test_all[unprotected(explicit)_1m_arg(dummy, f=DECORATED)-@replace_by_foo(dummy=&apos;hello&apos;)]" time="0.002179861068725586"><system-out>Generated decorator : replace_by_foo(dummy)
Calling it as @replace_by_foo(dummy=&apos;hello&apos;)
Expected SUCCESS

</system-out></testcase><testcase classname="decopatch.tests.test_main2" file="decopatch/tests/test_main2.py" line="388" name="test_all[unprotected(explicit)_1m_arg(dummy, f=DECORATED)-@replace_by_foo(dummy=DEFAULT_DUMMY_VALUE)]" time="0.0022466182708740234"><system-out>Generated decorator : replace_by_foo(dummy)
Calling it as @replace_by_foo(dummy=DEFAULT_DUMMY_VALUE)
Expected SUCCESS

</system-out></testcase><testcase classname="decopatch.tests.test_main2" file="decopatch/tests/test_main2.py" line="388" name="test_all[unprotected(explicit)_1m_arg(dummy, f=DECORATED)-@replace_by_foo(goo, &apos;hello&apos;)]" time="0.002319812774658203"><system-out>Generated decorator : replace_by_foo(dummy)
Calling it as @replace_by_foo(goo, &apos;hello&apos;)
Expected error: &apos;TypeError&apos; because python does not allow 2 args if f has 1 arg

</system-out></testcase><testcase classname="decopatch.tests.test_main2" file="decopatch/tests/test_main2.py" line="388" name="test_all[unprotected(explicit)_1m_arg(dummy, f=DECORATED)-@replace_by_foo(&apos;hello&apos;, goo)]" time="0.002638101577758789"><system-out>Generated decorator : replace_by_foo(dummy)
Calling it as @replace_by_foo(&apos;hello&apos;, goo)
Expected error: &apos;TypeError&apos; because python does not allow 2 args if f has 1 arg

</system-out></testcase><testcase classname="decopatch.tests.test_main2" file="decopatch/tests/test_main2.py" line="388" name="test_all[unprotected(explicit)_1m_arg(dummy, f=DECORATED)-@replace_by_foo(goo, DEFAULT_DUMMY_VALUE)]" time="0.0023021697998046875"><system-out>Generated decorator : replace_by_foo(dummy)
Calling it as @replace_by_foo(goo, DEFAULT_DUMMY_VALUE)
Expected error: &apos;TypeError&apos; because python does not allow 2 args if f has 1 arg

</system-out></testcase><testcase classname="decopatch.tests.test_main2" file="decopatch/tests/test_main2.py" line="388" name="test_all[unprotected(explicit)_1m_arg(dummy, f=DECORATED)-@replace_by_foo(DEFAULT_DUMMY_VALUE, goo)]" time="0.002062082290649414"><system-out>Generated decorator : replace_by_foo(dummy)
Calling it as @replace_by_foo(DEFAULT_DUMMY_VALUE, goo)
Expected error: &apos;TypeError&apos; because python does not allow 2 args if f has 1 arg

</system-out></testcase><testcase classname="decopatch.tests.test_main2" file="decopatch/tests/test_main2.py" line="388" name="test_all[protected(default)_1m_arg(dummy, f=DECORATED)-@replace_by_foo]" time="0.002416372299194336"><system-out>Generated decorator : replace_by_foo(dummy)
Calling it as @replace_by_foo
Expected error: &apos;InvalidMandatoryArgError&apos; because a no-parenthesis usage will be declared by the disambiguator as decorated target

</system-out></testcase><testcase classname="decopatch.tests.test_main2" file="decopatch/tests/test_main2.py" line="388" name="test_all[protected(default)_1m_arg(dummy, f=DECORATED)-@replace_by_foo()]" time="0.002295255661010742"><system-out>Generated decorator : replace_by_foo(dummy)
Calling it as @replace_by_foo()
Expected error: &apos;TypeError&apos; because python does not allow f() if f has 1 mandatory arg

</system-out></testcase><testcase classname="decopatch.tests.test_main2" file="decopatch/tests/test_main2.py" line="388" name="test_all[protected(default)_1m_arg(dummy, f=DECORATED)-@replace_by_foo(goo)]" time="0.0024929046630859375"><system-out>Generated decorator : replace_by_foo(dummy)
Calling it as @replace_by_foo(goo)
Expected error: &apos;InvalidMandatoryArgError&apos; because calling with a single positional callablewill be declared by the disambiguator as decorated target

</system-out></testcase><testcase classname="decopatch.tests.test_main2" file="decopatch/tests/test_main2.py" line="388" name="test_all[protected(default)_1m_arg(dummy, f=DECORATED)-@replace_by_foo(&apos;hello&apos;)]" time="0.002317667007446289"><system-out>Generated decorator : replace_by_foo(dummy)
Calling it as @replace_by_foo(&apos;hello&apos;)
Expected SUCCESS

</system-out></testcase><testcase classname="decopatch.tests.test_main2" file="decopatch/tests/test_main2.py" line="388" name="test_all[protected(default)_1m_arg(dummy, f=DECORATED)-@replace_by_foo(DEFAULT_DUMMY_VALUE)]" time="0.0024957656860351562"><system-out>Generated decorator : replace_by_foo(dummy)
Calling it as @replace_by_foo(DEFAULT_DUMMY_VALUE)
Expected SUCCESS

</system-out></testcase><testcase classname="decopatch.tests.test_main2" file="decopatch/tests/test_main2.py" line="388" name="test_all[protected(default)_1m_arg(dummy, f=DECORATED)-@replace_by_foo(replacement=goo)]" time="0.0020668506622314453"><skipped message="decorator impl does not have a &apos;replacement&apos; arg" type="pytest.skip">/home/travis/build/smarie/python-decopatch/decopatch/tests/test_main2.py:413: &lt;py._xmlgen.raw object at 0x7fa0bc420860&gt;</skipped><system-out>Generated decorator : replace_by_foo(dummy)
Calling it as @replace_by_foo(replacement=goo)
</system-out><system-out>Generated decorator : replace_by_foo(dummy)
Calling it as @replace_by_foo(replacement=goo)
</system-out></testcase><testcase classname="decopatch.tests.test_main2" file="decopatch/tests/test_main2.py" line="388" name="test_all[protected(default)_1m_arg(dummy, f=DECORATED)-@replace_by_foo(dummy=&apos;hello&apos;)]" time="0.002429962158203125"><system-out>Generated decorator : replace_by_foo(dummy)
Calling it as @replace_by_foo(dummy=&apos;hello&apos;)
Expected SUCCESS

</system-out></testcase><testcase classname="decopatch.tests.test_main2" file="decopatch/tests/test_main2.py" line="388" name="test_all[protected(default)_1m_arg(dummy, f=DECORATED)-@replace_by_foo(dummy=DEFAULT_DUMMY_VALUE)]" time="0.0024275779724121094"><system-out>Generated decorator : replace_by_foo(dummy)
Calling it as @replace_by_foo(dummy=DEFAULT_DUMMY_VALUE)
Expected SUCCESS

</system-out></testcase><testcase classname="decopatch.tests.test_main2" file="decopatch/tests/test_main2.py" line="388" name="test_all[protected(default)_1m_arg(dummy, f=DECORATED)-@replace_by_foo(goo, &apos;hello&apos;)]" time="0.002374410629272461"><system-out>Generated decorator : replace_by_foo(dummy)
Calling it as @replace_by_foo(goo, &apos;hello&apos;)
Expected error: &apos;TypeError&apos; because python does not allow 2 args if f has 1 arg

</system-out></testcase><testcase classname="decopatch.tests.test_main2" file="decopatch/tests/test_main2.py" line="388" name="test_all[protected(default)_1m_arg(dummy, f=DECORATED)-@replace_by_foo(&apos;hello&apos;, goo)]" time="0.00232696533203125"><system-out>Generated decorator : replace_by_foo(dummy)
Calling it as @replace_by_foo(&apos;hello&apos;, goo)
Expected error: &apos;TypeError&apos; because python does not allow 2 args if f has 1 arg

</system-out></testcase><testcase classname="decopatch.tests.test_main2" file="decopatch/tests/test_main2.py" line="388" name="test_all[protected(default)_1m_arg(dummy, f=DECORATED)-@replace_by_foo(goo, DEFAULT_DUMMY_VALUE)]" time="0.0023882389068603516"><system-out>Generated decorator : replace_by_foo(dummy)
Calling it as @replace_by_foo(goo, DEFAULT_DUMMY_VALUE)
Expected error: &apos;TypeError&apos; because python does not allow 2 args if f has 1 arg

</system-out></testcase><testcase classname="decopatch.tests.test_main2" file="decopatch/tests/test_main2.py" line="388" name="test_all[protected(default)_1m_arg(dummy, f=DECORATED)-@replace_by_foo(DEFAULT_DUMMY_VALUE, goo)]" time="0.0023775100708007812"><system-out>Generated decorator : replace_by_foo(dummy)
Calling it as @replace_by_foo(DEFAULT_DUMMY_VALUE, goo)
Expected error: &apos;TypeError&apos; because python does not allow 2 args if f has 1 arg

</system-out></testcase><testcase classname="decopatch.tests.test_main2" file="decopatch/tests/test_main2.py" line="388" name="test_all[protected(default)_1m_arg(replacement, f=DECORATED)_kwonly=False-@replace_by_foo]" time="0.0024957656860351562"><system-out>Generated decorator : replace_by_foo(replacement)
Calling it as @replace_by_foo
Expected error: &apos;InvalidMandatoryArgError&apos; because using the decorator without parenthesis mimics usage with a single arg.

</system-out></testcase><testcase classname="decopatch.tests.test_main2" file="decopatch/tests/test_main2.py" line="388" name="test_all[protected(default)_1m_arg(replacement, f=DECORATED)_kwonly=False-@replace_by_foo()]" time="0.0023872852325439453"><system-out>Generated decorator : replace_by_foo(replacement)
Calling it as @replace_by_foo()
Expected error: &apos;TypeError&apos; because python does not allow f() if f has 1 mandatory arg

</system-out></testcase><testcase classname="decopatch.tests.test_main2" file="decopatch/tests/test_main2.py" line="388" name="test_all[protected(default)_1m_arg(replacement, f=DECORATED)_kwonly=False-@replace_by_foo(goo)]" time="0.0026178359985351562"><system-out>Generated decorator : replace_by_foo(replacement)
Calling it as @replace_by_foo(goo)
Expected error: &apos;InvalidMandatoryArgError&apos; because calling a decorator with a callable as first and only non-default argument leads by default to an error

</system-out></testcase><testcase classname="decopatch.tests.test_main2" file="decopatch/tests/test_main2.py" line="388" name="test_all[protected(default)_1m_arg(replacement, f=DECORATED)_kwonly=False-@replace_by_foo(&apos;hello&apos;)]" time="0.0021321773529052734"><skipped message="This decorator does not access a noncallable positional arg" type="pytest.skip">/home/travis/build/smarie/python-decopatch/decopatch/tests/test_main2.py:413: &lt;py._xmlgen.raw object at 0x7fa0bc430780&gt;</skipped><system-out>Generated decorator : replace_by_foo(replacement)
Calling it as @replace_by_foo(&apos;hello&apos;)
</system-out><system-out>Generated decorator : replace_by_foo(replacement)
Calling it as @replace_by_foo(&apos;hello&apos;)
</system-out></testcase><testcase classname="decopatch.tests.test_main2" file="decopatch/tests/test_main2.py" line="388" name="test_all[protected(default)_1m_arg(replacement, f=DECORATED)_kwonly=False-@replace_by_foo(DEFAULT_DUMMY_VALUE)]" time="0.002701282501220703"><skipped message="This decorator does not access a noncallable positional arg" type="pytest.skip">/home/travis/build/smarie/python-decopatch/decopatch/tests/test_main2.py:413: &lt;py._xmlgen.raw object at 0x7fa0bc4204e0&gt;</skipped><system-out>Generated decorator : replace_by_foo(replacement)
Calling it as @replace_by_foo(DEFAULT_DUMMY_VALUE)
</system-out><system-out>Generated decorator : replace_by_foo(replacement)
Calling it as @replace_by_foo(DEFAULT_DUMMY_VALUE)
</system-out></testcase><testcase classname="decopatch.tests.test_main2" file="decopatch/tests/test_main2.py" line="388" name="test_all[protected(default)_1m_arg(replacement, f=DECORATED)_kwonly=False-@replace_by_foo(replacement=goo)]" time="0.002537250518798828"><system-out>Generated decorator : replace_by_foo(replacement)
Calling it as @replace_by_foo(replacement=goo)
Expected error: &apos;InvalidMandatoryArgError&apos; because calling a decorator with a callable as first and only non-default argument leads by default to an error

</system-out></testcase><testcase classname="decopatch.tests.test_main2" file="decopatch/tests/test_main2.py" line="388" name="test_all[protected(default)_1m_arg(replacement, f=DECORATED)_kwonly=False-@replace_by_foo(dummy=&apos;hello&apos;)]" time="0.002378225326538086"><skipped message="decorator impl does not have a &apos;dummy&apos; arg" type="pytest.skip">/home/travis/build/smarie/python-decopatch/decopatch/tests/test_main2.py:413: &lt;py._xmlgen.raw object at 0x7fa0bc433550&gt;</skipped><system-out>Generated decorator : replace_by_foo(replacement)
Calling it as @replace_by_foo(dummy=&apos;hello&apos;)
</system-out><system-out>Generated decorator : replace_by_foo(replacement)
Calling it as @replace_by_foo(dummy=&apos;hello&apos;)
</system-out></testcase><testcase classname="decopatch.tests.test_main2" file="decopatch/tests/test_main2.py" line="388" name="test_all[protected(default)_1m_arg(replacement, f=DECORATED)_kwonly=False-@replace_by_foo(dummy=DEFAULT_DUMMY_VALUE)]" time="0.002455472946166992"><skipped message="decorator impl does not have a &apos;dummy&apos; arg" type="pytest.skip">/home/travis/build/smarie/python-decopatch/decopatch/tests/test_main2.py:413: &lt;py._xmlgen.raw object at 0x7fa0bc43e160&gt;</skipped><system-out>Generated decorator : replace_by_foo(replacement)
Calling it as @replace_by_foo(dummy=DEFAULT_DUMMY_VALUE)
</system-out><system-out>Generated decorator : replace_by_foo(replacement)
Calling it as @replace_by_foo(dummy=DEFAULT_DUMMY_VALUE)
</system-out></testcase><testcase classname="decopatch.tests.test_main2" file="decopatch/tests/test_main2.py" line="388" name="test_all[protected(default)_1m_arg(replacement, f=DECORATED)_kwonly=False-@replace_by_foo(goo, &apos;hello&apos;)]" time="0.002187967300415039"><system-out>Generated decorator : replace_by_foo(replacement)
Calling it as @replace_by_foo(goo, &apos;hello&apos;)
Expected error: &apos;TypeError&apos; because python does not allow 2 args if f has 1 arg

</system-out></testcase><testcase classname="decopatch.tests.test_main2" file="decopatch/tests/test_main2.py" line="388" name="test_all[protected(default)_1m_arg(replacement, f=DECORATED)_kwonly=False-@replace_by_foo(&apos;hello&apos;, goo)]" time="0.0023670196533203125"><system-out>Generated decorator : replace_by_foo(replacement)
Calling it as @replace_by_foo(&apos;hello&apos;, goo)
Expected error: &apos;TypeError&apos; because python does not allow 2 args if f has 1 arg

</system-out></testcase><testcase classname="decopatch.tests.test_main2" file="decopatch/tests/test_main2.py" line="388" name="test_all[protected(default)_1m_arg(replacement, f=DECORATED)_kwonly=False-@replace_by_foo(goo, DEFAULT_DUMMY_VALUE)]" time="0.0024156570434570312"><system-out>Generated decorator : replace_by_foo(replacement)
Calling it as @replace_by_foo(goo, DEFAULT_DUMMY_VALUE)
Expected error: &apos;TypeError&apos; because python does not allow 2 args if f has 1 arg

</system-out></testcase><testcase classname="decopatch.tests.test_main2" file="decopatch/tests/test_main2.py" line="388" name="test_all[protected(default)_1m_arg(replacement, f=DECORATED)_kwonly=False-@replace_by_foo(DEFAULT_DUMMY_VALUE, goo)]" time="0.0025200843811035156"><system-out>Generated decorator : replace_by_foo(replacement)
Calling it as @replace_by_foo(DEFAULT_DUMMY_VALUE, goo)
Expected error: &apos;TypeError&apos; because python does not allow 2 args if f has 1 arg

</system-out></testcase><testcase classname="decopatch.tests.test_main2" file="decopatch/tests/test_main2.py" line="388" name="test_all[protected(explicit)_1m_arg(replacement, f=DECORATED)_kwonly=False-@replace_by_foo]" time="0.0025527477264404297"><system-out>Generated decorator : replace_by_foo(replacement)
Calling it as @replace_by_foo
Expected error: &apos;InvalidMandatoryArgError&apos; because a no-parenthesis usage will be declared by the disambiguator as decorated target

</system-out></testcase><testcase classname="decopatch.tests.test_main2" file="decopatch/tests/test_main2.py" line="388" name="test_all[protected(explicit)_1m_arg(replacement, f=DECORATED)_kwonly=False-@replace_by_foo()]" time="0.002123117446899414"><system-out>Generated decorator : replace_by_foo(replacement)
Calling it as @replace_by_foo()
Expected error: &apos;TypeError&apos; because python does not allow f() if f has 1 mandatory arg

</system-out></testcase><testcase classname="decopatch.tests.test_main2" file="decopatch/tests/test_main2.py" line="388" name="test_all[protected(explicit)_1m_arg(replacement, f=DECORATED)_kwonly=False-@replace_by_foo(goo)]" time="0.002553701400756836"><system-out>Generated decorator : replace_by_foo(replacement)
Calling it as @replace_by_foo(goo)
Expected SUCCESS

</system-out></testcase><testcase classname="decopatch.tests.test_main2" file="decopatch/tests/test_main2.py" line="388" name="test_all[protected(explicit)_1m_arg(replacement, f=DECORATED)_kwonly=False-@replace_by_foo(&apos;hello&apos;)]" time="0.0022430419921875"><skipped message="This decorator does not access a noncallable positional arg" type="pytest.skip">/home/travis/build/smarie/python-decopatch/decopatch/tests/test_main2.py:413: &lt;py._xmlgen.raw object at 0x7fa0bc445ba8&gt;</skipped><system-out>Generated decorator : replace_by_foo(replacement)
Calling it as @replace_by_foo(&apos;hello&apos;)
</system-out><system-out>Generated decorator : replace_by_foo(replacement)
Calling it as @replace_by_foo(&apos;hello&apos;)
</system-out></testcase><testcase classname="decopatch.tests.test_main2" file="decopatch/tests/test_main2.py" line="388" name="test_all[protected(explicit)_1m_arg(replacement, f=DECORATED)_kwonly=False-@replace_by_foo(DEFAULT_DUMMY_VALUE)]" time="0.0023441314697265625"><skipped message="This decorator does not access a noncallable positional arg" type="pytest.skip">/home/travis/build/smarie/python-decopatch/decopatch/tests/test_main2.py:413: &lt;py._xmlgen.raw object at 0x7fa0bc43f7b8&gt;</skipped><system-out>Generated decorator : replace_by_foo(replacement)
Calling it as @replace_by_foo(DEFAULT_DUMMY_VALUE)
</system-out><system-out>Generated decorator : replace_by_foo(replacement)
Calling it as @replace_by_foo(DEFAULT_DUMMY_VALUE)
</system-out></testcase><testcase classname="decopatch.tests.test_main2" file="decopatch/tests/test_main2.py" line="388" name="test_all[protected(explicit)_1m_arg(replacement, f=DECORATED)_kwonly=False-@replace_by_foo(replacement=goo)]" time="0.002379179000854492"><system-out>Generated decorator : replace_by_foo(replacement)
Calling it as @replace_by_foo(replacement=goo)
Expected SUCCESS

</system-out></testcase><testcase classname="decopatch.tests.test_main2" file="decopatch/tests/test_main2.py" line="388" name="test_all[protected(explicit)_1m_arg(replacement, f=DECORATED)_kwonly=False-@replace_by_foo(dummy=&apos;hello&apos;)]" time="0.002504587173461914"><skipped message="decorator impl does not have a &apos;dummy&apos; arg" type="pytest.skip">/home/travis/build/smarie/python-decopatch/decopatch/tests/test_main2.py:413: &lt;py._xmlgen.raw object at 0x7fa0bc43f438&gt;</skipped><system-out>Generated decorator : replace_by_foo(replacement)
Calling it as @replace_by_foo(dummy=&apos;hello&apos;)
</system-out><system-out>Generated decorator : replace_by_foo(replacement)
Calling it as @replace_by_foo(dummy=&apos;hello&apos;)
</system-out></testcase><testcase classname="decopatch.tests.test_main2" file="decopatch/tests/test_main2.py" line="388" name="test_all[protected(explicit)_1m_arg(replacement, f=DECORATED)_kwonly=False-@replace_by_foo(dummy=DEFAULT_DUMMY_VALUE)]" time="0.0021812915802001953"><skipped message="decorator impl does not have a &apos;dummy&apos; arg" type="pytest.skip">/home/travis/build/smarie/python-decopatch/decopatch/tests/test_main2.py:413: &lt;py._xmlgen.raw object at 0x7fa0bc445b70&gt;</skipped><system-out>Generated decorator : replace_by_foo(replacement)
Calling it as @replace_by_foo(dummy=DEFAULT_DUMMY_VALUE)
</system-out><system-out>Generated decorator : replace_by_foo(replacement)
Calling it as @replace_by_foo(dummy=DEFAULT_DUMMY_VALUE)
</system-out></testcase><testcase classname="decopatch.tests.test_main2" file="decopatch/tests/test_main2.py" line="388" name="test_all[protected(explicit)_1m_arg(replacement, f=DECORATED)_kwonly=False-@replace_by_foo(goo, &apos;hello&apos;)]" time="0.0024416446685791016"><system-out>Generated decorator : replace_by_foo(replacement)
Calling it as @replace_by_foo(goo, &apos;hello&apos;)
Expected error: &apos;TypeError&apos; because python does not allow 2 args if f has 1 arg

</system-out></testcase><testcase classname="decopatch.tests.test_main2" file="decopatch/tests/test_main2.py" line="388" name="test_all[protected(explicit)_1m_arg(replacement, f=DECORATED)_kwonly=False-@replace_by_foo(&apos;hello&apos;, goo)]" time="0.002531290054321289"><system-out>Generated decorator : replace_by_foo(replacement)
Calling it as @replace_by_foo(&apos;hello&apos;, goo)
Expected error: &apos;TypeError&apos; because python does not allow 2 args if f has 1 arg

</system-out></testcase><testcase classname="decopatch.tests.test_main2" file="decopatch/tests/test_main2.py" line="388" name="test_all[protected(explicit)_1m_arg(replacement, f=DECORATED)_kwonly=False-@replace_by_foo(goo, DEFAULT_DUMMY_VALUE)]" time="0.0015826225280761719"><system-out>Generated decorator : replace_by_foo(replacement)
Calling it as @replace_by_foo(goo, DEFAULT_DUMMY_VALUE)
Expected error: &apos;TypeError&apos; because python does not allow 2 args if f has 1 arg

</system-out></testcase><testcase classname="decopatch.tests.test_main2" file="decopatch/tests/test_main2.py" line="388" name="test_all[protected(explicit)_1m_arg(replacement, f=DECORATED)_kwonly=False-@replace_by_foo(DEFAULT_DUMMY_VALUE, goo)]" time="0.002626657485961914"><system-out>Generated decorator : replace_by_foo(replacement)
Calling it as @replace_by_foo(DEFAULT_DUMMY_VALUE, goo)
Expected error: &apos;TypeError&apos; because python does not allow 2 args if f has 1 arg

</system-out></testcase><testcase classname="decopatch.tests.test_main2" file="decopatch/tests/test_main2.py" line="388" name="test_all[protected(default)_1m_arg(replacement, f=DECORATED)_kwonly=True-@replace_by_foo]" time="0.0023488998413085938"><system-out>Generated decorator : replace_by_foo(replacement)
Calling it as @replace_by_foo
Expected error: &apos;InvalidMandatoryArgError&apos; because using the decorator without parenthesis mimics usage with a single arg.

</system-out></testcase><testcase classname="decopatch.tests.test_main2" file="decopatch/tests/test_main2.py" line="388" name="test_all[protected(default)_1m_arg(replacement, f=DECORATED)_kwonly=True-@replace_by_foo()]" time="0.002279043197631836"><system-out>Generated decorator : replace_by_foo(replacement)
Calling it as @replace_by_foo()
Expected error: &apos;TypeError&apos; because python does not allow f() if f has 1 mandatory arg

</system-out></testcase><testcase classname="decopatch.tests.test_main2" file="decopatch/tests/test_main2.py" line="388" name="test_all[protected(default)_1m_arg(replacement, f=DECORATED)_kwonly=True-@replace_by_foo(goo)]" time="0.0024518966674804688"><system-out>Generated decorator : replace_by_foo(replacement)
Calling it as @replace_by_foo(goo)
Expected error: &apos;InvalidMandatoryArgError&apos; because calling a decorator with a callable as first and only non-default argument leads by default to an error

</system-out></testcase><testcase classname="decopatch.tests.test_main2" file="decopatch/tests/test_main2.py" line="388" name="test_all[protected(default)_1m_arg(replacement, f=DECORATED)_kwonly=True-@replace_by_foo(&apos;hello&apos;)]" time="0.002244710922241211"><skipped message="This decorator does not access a noncallable positional arg" type="pytest.skip">/home/travis/build/smarie/python-decopatch/decopatch/tests/test_main2.py:413: &lt;py._xmlgen.raw object at 0x7fa0bc3d77f0&gt;</skipped><system-out>Generated decorator : replace_by_foo(replacement)
Calling it as @replace_by_foo(&apos;hello&apos;)
</system-out><system-out>Generated decorator : replace_by_foo(replacement)
Calling it as @replace_by_foo(&apos;hello&apos;)
</system-out></testcase><testcase classname="decopatch.tests.test_main2" file="decopatch/tests/test_main2.py" line="388" name="test_all[protected(default)_1m_arg(replacement, f=DECORATED)_kwonly=True-@replace_by_foo(DEFAULT_DUMMY_VALUE)]" time="0.002262115478515625"><skipped message="This decorator does not access a noncallable positional arg" type="pytest.skip">/home/travis/build/smarie/python-decopatch/decopatch/tests/test_main2.py:413: &lt;py._xmlgen.raw object at 0x7fa0bc3d7cf8&gt;</skipped><system-out>Generated decorator : replace_by_foo(replacement)
Calling it as @replace_by_foo(DEFAULT_DUMMY_VALUE)
</system-out><system-out>Generated decorator : replace_by_foo(replacement)
Calling it as @replace_by_foo(DEFAULT_DUMMY_VALUE)
</system-out></testcase><testcase classname="decopatch.tests.test_main2" file="decopatch/tests/test_main2.py" line="388" name="test_all[protected(default)_1m_arg(replacement, f=DECORATED)_kwonly=True-@replace_by_foo(replacement=goo)]" time="0.002282857894897461"><system-out>Generated decorator : replace_by_foo(replacement)
Calling it as @replace_by_foo(replacement=goo)
Expected error: &apos;InvalidMandatoryArgError&apos; because calling a decorator with a callable as first and only non-default argument leads by default to an error

</system-out></testcase><testcase classname="decopatch.tests.test_main2" file="decopatch/tests/test_main2.py" line="388" name="test_all[protected(default)_1m_arg(replacement, f=DECORATED)_kwonly=True-@replace_by_foo(dummy=&apos;hello&apos;)]" time="0.002316713333129883"><skipped message="decorator impl does not have a &apos;dummy&apos; arg" type="pytest.skip">/home/travis/build/smarie/python-decopatch/decopatch/tests/test_main2.py:413: &lt;py._xmlgen.raw object at 0x7fa0bc43f358&gt;</skipped><system-out>Generated decorator : replace_by_foo(replacement)
Calling it as @replace_by_foo(dummy=&apos;hello&apos;)
</system-out><system-out>Generated decorator : replace_by_foo(replacement)
Calling it as @replace_by_foo(dummy=&apos;hello&apos;)
</system-out></testcase><testcase classname="decopatch.tests.test_main2" file="decopatch/tests/test_main2.py" line="388" name="test_all[protected(default)_1m_arg(replacement, f=DECORATED)_kwonly=True-@replace_by_foo(dummy=DEFAULT_DUMMY_VALUE)]" time="0.002371072769165039"><skipped message="decorator impl does not have a &apos;dummy&apos; arg" type="pytest.skip">/home/travis/build/smarie/python-decopatch/decopatch/tests/test_main2.py:413: &lt;py._xmlgen.raw object at 0x7fa0bc4d2390&gt;</skipped><system-out>Generated decorator : replace_by_foo(replacement)
Calling it as @replace_by_foo(dummy=DEFAULT_DUMMY_VALUE)
</system-out><system-out>Generated decorator : replace_by_foo(replacement)
Calling it as @replace_by_foo(dummy=DEFAULT_DUMMY_VALUE)
</system-out></testcase><testcase classname="decopatch.tests.test_main2" file="decopatch/tests/test_main2.py" line="388" name="test_all[protected(default)_1m_arg(replacement, f=DECORATED)_kwonly=True-@replace_by_foo(goo, &apos;hello&apos;)]" time="0.002455472946166992"><system-out>Generated decorator : replace_by_foo(replacement)
Calling it as @replace_by_foo(goo, &apos;hello&apos;)
Expected error: &apos;TypeError&apos; because python does not allow 2 args if f has 1 arg

</system-out></testcase><testcase classname="decopatch.tests.test_main2" file="decopatch/tests/test_main2.py" line="388" name="test_all[protected(default)_1m_arg(replacement, f=DECORATED)_kwonly=True-@replace_by_foo(&apos;hello&apos;, goo)]" time="0.002718210220336914"><system-out>Generated decorator : replace_by_foo(replacement)
Calling it as @replace_by_foo(&apos;hello&apos;, goo)
Expected error: &apos;TypeError&apos; because python does not allow 2 args if f has 1 arg

</system-out></testcase><testcase classname="decopatch.tests.test_main2" file="decopatch/tests/test_main2.py" line="388" name="test_all[protected(default)_1m_arg(replacement, f=DECORATED)_kwonly=True-@replace_by_foo(goo, DEFAULT_DUMMY_VALUE)]" time="0.0020864009857177734"><system-out>Generated decorator : replace_by_foo(replacement)
Calling it as @replace_by_foo(goo, DEFAULT_DUMMY_VALUE)
Expected error: &apos;TypeError&apos; because python does not allow 2 args if f has 1 arg

</system-out></testcase><testcase classname="decopatch.tests.test_main2" file="decopatch/tests/test_main2.py" line="388" name="test_all[protected(default)_1m_arg(replacement, f=DECORATED)_kwonly=True-@replace_by_foo(DEFAULT_DUMMY_VALUE, goo)]" time="0.0023844242095947266"><system-out>Generated decorator : replace_by_foo(replacement)
Calling it as @replace_by_foo(DEFAULT_DUMMY_VALUE, goo)
Expected error: &apos;TypeError&apos; because python does not allow 2 args if f has 1 arg

</system-out></testcase><testcase classname="decopatch.tests.test_main2" file="decopatch/tests/test_main2.py" line="388" name="test_all[protected(explicit)_1m_arg(replacement, f=DECORATED)_kwonly=True-@replace_by_foo]" time="0.0024847984313964844"><system-out>Generated decorator : replace_by_foo(replacement)
Calling it as @replace_by_foo
Expected error: &apos;InvalidMandatoryArgError&apos; because a no-parenthesis usage will be declared by the disambiguator as decorated target

</system-out></testcase><testcase classname="decopatch.tests.test_main2" file="decopatch/tests/test_main2.py" line="388" name="test_all[protected(explicit)_1m_arg(replacement, f=DECORATED)_kwonly=True-@replace_by_foo()]" time="0.002386808395385742"><system-out>Generated decorator : replace_by_foo(replacement)
Calling it as @replace_by_foo()
Expected error: &apos;TypeError&apos; because python does not allow f() if f has 1 mandatory arg

</system-out></testcase><testcase classname="decopatch.tests.test_main2" file="decopatch/tests/test_main2.py" line="388" name="test_all[protected(explicit)_1m_arg(replacement, f=DECORATED)_kwonly=True-@replace_by_foo(goo)]" time="0.002386808395385742"><system-out>Generated decorator : replace_by_foo(replacement)
Calling it as @replace_by_foo(goo)
Expected SUCCESS

</system-out></testcase><testcase classname="decopatch.tests.test_main2" file="decopatch/tests/test_main2.py" line="388" name="test_all[protected(explicit)_1m_arg(replacement, f=DECORATED)_kwonly=True-@replace_by_foo(&apos;hello&apos;)]" time="0.0021820068359375"><skipped message="This decorator does not access a noncallable positional arg" type="pytest.skip">/home/travis/build/smarie/python-decopatch/decopatch/tests/test_main2.py:413: &lt;py._xmlgen.raw object at 0x7fa0bc3e2cf8&gt;</skipped><system-out>Generated decorator : replace_by_foo(replacement)
Calling it as @replace_by_foo(&apos;hello&apos;)
</system-out><system-out>Generated decorator : replace_by_foo(replacement)
Calling it as @replace_by_foo(&apos;hello&apos;)
</system-out></testcase><testcase classname="decopatch.tests.test_main2" file="decopatch/tests/test_main2.py" line="388" name="test_all[protected(explicit)_1m_arg(replacement, f=DECORATED)_kwonly=True-@replace_by_foo(DEFAULT_DUMMY_VALUE)]" time="0.002378225326538086"><skipped message="This decorator does not access a noncallable positional arg" type="pytest.skip">/home/travis/build/smarie/python-decopatch/decopatch/tests/test_main2.py:413: &lt;py._xmlgen.raw object at 0x7fa0bc433160&gt;</skipped><system-out>Generated decorator : replace_by_foo(replacement)
Calling it as @replace_by_foo(DEFAULT_DUMMY_VALUE)
</system-out><system-out>Generated decorator : replace_by_foo(replacement)
Calling it as @replace_by_foo(DEFAULT_DUMMY_VALUE)
</system-out></testcase><testcase classname="decopatch.tests.test_main2" file="decopatch/tests/test_main2.py" line="388" name="test_all[protected(explicit)_1m_arg(replacement, f=DECORATED)_kwonly=True-@replace_by_foo(replacement=goo)]" time="0.0024826526641845703"><system-out>Generated decorator : replace_by_foo(replacement)
Calling it as @replace_by_foo(replacement=goo)
Expected SUCCESS

</system-out></testcase><testcase classname="decopatch.tests.test_main2" file="decopatch/tests/test_main2.py" line="388" name="test_all[protected(explicit)_1m_arg(replacement, f=DECORATED)_kwonly=True-@replace_by_foo(dummy=&apos;hello&apos;)]" time="0.002376079559326172"><skipped message="decorator impl does not have a &apos;dummy&apos; arg" type="pytest.skip">/home/travis/build/smarie/python-decopatch/decopatch/tests/test_main2.py:413: &lt;py._xmlgen.raw object at 0x7fa0bc3eb128&gt;</skipped><system-out>Generated decorator : replace_by_foo(replacement)
Calling it as @replace_by_foo(dummy=&apos;hello&apos;)
</system-out><system-out>Generated decorator : replace_by_foo(replacement)
Calling it as @replace_by_foo(dummy=&apos;hello&apos;)
</system-out></testcase><testcase classname="decopatch.tests.test_main2" file="decopatch/tests/test_main2.py" line="388" name="test_all[protected(explicit)_1m_arg(replacement, f=DECORATED)_kwonly=True-@replace_by_foo(dummy=DEFAULT_DUMMY_VALUE)]" time="0.0023200511932373047"><skipped message="decorator impl does not have a &apos;dummy&apos; arg" type="pytest.skip">/home/travis/build/smarie/python-decopatch/decopatch/tests/test_main2.py:413: &lt;py._xmlgen.raw object at 0x7fa0bc3e7b00&gt;</skipped><system-out>Generated decorator : replace_by_foo(replacement)
Calling it as @replace_by_foo(dummy=DEFAULT_DUMMY_VALUE)
</system-out><system-out>Generated decorator : replace_by_foo(replacement)
Calling it as @replace_by_foo(dummy=DEFAULT_DUMMY_VALUE)
</system-out></testcase><testcase classname="decopatch.tests.test_main2" file="decopatch/tests/test_main2.py" line="388" name="test_all[protected(explicit)_1m_arg(replacement, f=DECORATED)_kwonly=True-@replace_by_foo(goo, &apos;hello&apos;)]" time="0.0021278858184814453"><system-out>Generated decorator : replace_by_foo(replacement)
Calling it as @replace_by_foo(goo, &apos;hello&apos;)
Expected error: &apos;TypeError&apos; because python does not allow 2 args if f has 1 arg

</system-out></testcase><testcase classname="decopatch.tests.test_main2" file="decopatch/tests/test_main2.py" line="388" name="test_all[protected(explicit)_1m_arg(replacement, f=DECORATED)_kwonly=True-@replace_by_foo(&apos;hello&apos;, goo)]" time="0.002379179000854492"><system-out>Generated decorator : replace_by_foo(replacement)
Calling it as @replace_by_foo(&apos;hello&apos;, goo)
Expected error: &apos;TypeError&apos; because python does not allow 2 args if f has 1 arg

</system-out></testcase><testcase classname="decopatch.tests.test_main2" file="decopatch/tests/test_main2.py" line="388" name="test_all[protected(explicit)_1m_arg(replacement, f=DECORATED)_kwonly=True-@replace_by_foo(goo, DEFAULT_DUMMY_VALUE)]" time="0.0024161338806152344"><system-out>Generated decorator : replace_by_foo(replacement)
Calling it as @replace_by_foo(goo, DEFAULT_DUMMY_VALUE)
Expected error: &apos;TypeError&apos; because python does not allow 2 args if f has 1 arg

</system-out></testcase><testcase classname="decopatch.tests.test_main2" file="decopatch/tests/test_main2.py" line="388" name="test_all[protected(explicit)_1m_arg(replacement, f=DECORATED)_kwonly=True-@replace_by_foo(DEFAULT_DUMMY_VALUE, goo)]" time="0.0024018287658691406"><system-out>Generated decorator : replace_by_foo(replacement)
Calling it as @replace_by_foo(DEFAULT_DUMMY_VALUE, goo)
Expected error: &apos;TypeError&apos; because python does not allow 2 args if f has 1 arg

</system-out></testcase><testcase classname="decopatch.tests.test_main2" file="decopatch/tests/test_main2.py" line="388" name="test_all[easy_2m_args(replacement, dummy, f=DECORATED)-@replace_by_foo]" time="0.0023756027221679688"><system-out>Generated decorator : replace_by_foo(replacement, dummy)
Calling it as @replace_by_foo
Expected error: &apos;TypeError&apos; because python does not allow &lt; 2 args if f has 2 arg

</system-out></testcase><testcase classname="decopatch.tests.test_main2" file="decopatch/tests/test_main2.py" line="388" name="test_all[easy_2m_args(replacement, dummy, f=DECORATED)-@replace_by_foo()]" time="0.002231597900390625"><system-out>Generated decorator : replace_by_foo(replacement, dummy)
Calling it as @replace_by_foo()
Expected error: &apos;TypeError&apos; because python does not allow &lt; 2 args if f has 2 arg

</system-out></testcase><testcase classname="decopatch.tests.test_main2" file="decopatch/tests/test_main2.py" line="388" name="test_all[easy_2m_args(replacement, dummy, f=DECORATED)-@replace_by_foo(goo)]" time="0.0025391578674316406"><system-out>Generated decorator : replace_by_foo(replacement, dummy)
Calling it as @replace_by_foo(goo)
Expected error: &apos;TypeError&apos; because python does not allow &lt; 2 args if f has 2 arg

</system-out></testcase><testcase classname="decopatch.tests.test_main2" file="decopatch/tests/test_main2.py" line="388" name="test_all[easy_2m_args(replacement, dummy, f=DECORATED)-@replace_by_foo(&apos;hello&apos;)]" time="0.002357006072998047"><system-out>Generated decorator : replace_by_foo(replacement, dummy)
Calling it as @replace_by_foo(&apos;hello&apos;)
Expected error: &apos;TypeError&apos; because python does not allow &lt; 2 args if f has 2 arg

</system-out></testcase><testcase classname="decopatch.tests.test_main2" file="decopatch/tests/test_main2.py" line="388" name="test_all[easy_2m_args(replacement, dummy, f=DECORATED)-@replace_by_foo(DEFAULT_DUMMY_VALUE)]" time="0.0023338794708251953"><system-out>Generated decorator : replace_by_foo(replacement, dummy)
Calling it as @replace_by_foo(DEFAULT_DUMMY_VALUE)
Expected error: &apos;TypeError&apos; because python does not allow &lt; 2 args if f has 2 arg

</system-out></testcase><testcase classname="decopatch.tests.test_main2" file="decopatch/tests/test_main2.py" line="388" name="test_all[easy_2m_args(replacement, dummy, f=DECORATED)-@replace_by_foo(replacement=goo)]" time="0.002349376678466797"><system-out>Generated decorator : replace_by_foo(replacement, dummy)
Calling it as @replace_by_foo(replacement=goo)
Expected error: &apos;TypeError&apos; because python does not allow &lt; 2 args if f has 2 arg

</system-out></testcase><testcase classname="decopatch.tests.test_main2" file="decopatch/tests/test_main2.py" line="388" name="test_all[easy_2m_args(replacement, dummy, f=DECORATED)-@replace_by_foo(dummy=&apos;hello&apos;)]" time="0.002351522445678711"><system-out>Generated decorator : replace_by_foo(replacement, dummy)
Calling it as @replace_by_foo(dummy=&apos;hello&apos;)
Expected error: &apos;TypeError&apos; because python does not allow &lt; 2 args if f has 2 arg

</system-out></testcase><testcase classname="decopatch.tests.test_main2" file="decopatch/tests/test_main2.py" line="388" name="test_all[easy_2m_args(replacement, dummy, f=DECORATED)-@replace_by_foo(dummy=DEFAULT_DUMMY_VALUE)]" time="0.0021355152130126953"><system-out>Generated decorator : replace_by_foo(replacement, dummy)
Calling it as @replace_by_foo(dummy=DEFAULT_DUMMY_VALUE)
Expected error: &apos;TypeError&apos; because python does not allow &lt; 2 args if f has 2 arg

</system-out></testcase><testcase classname="decopatch.tests.test_main2" file="decopatch/tests/test_main2.py" line="388" name="test_all[easy_2m_args(replacement, dummy, f=DECORATED)-@replace_by_foo(goo, &apos;hello&apos;)]" time="0.002512216567993164"><system-out>Generated decorator : replace_by_foo(replacement, dummy)
Calling it as @replace_by_foo(goo, &apos;hello&apos;)
Expected SUCCESS

</system-out></testcase><testcase classname="decopatch.tests.test_main2" file="decopatch/tests/test_main2.py" line="388" name="test_all[easy_2m_args(replacement, dummy, f=DECORATED)-@replace_by_foo(&apos;hello&apos;, goo)]" time="0.002673625946044922"><skipped message="the order of positional args in the test does not match" type="pytest.skip">/home/travis/build/smarie/python-decopatch/decopatch/tests/test_main2.py:413: &lt;py._xmlgen.raw object at 0x7fa0bc3f99b0&gt;</skipped><system-out>Generated decorator : replace_by_foo(replacement, dummy)
Calling it as @replace_by_foo(&apos;hello&apos;, goo)
</system-out><system-out>Generated decorator : replace_by_foo(replacement, dummy)
Calling it as @replace_by_foo(&apos;hello&apos;, goo)
</system-out></testcase><testcase classname="decopatch.tests.test_main2" file="decopatch/tests/test_main2.py" line="388" name="test_all[easy_2m_args(replacement, dummy, f=DECORATED)-@replace_by_foo(goo, DEFAULT_DUMMY_VALUE)]" time="0.00241851806640625"><system-out>Generated decorator : replace_by_foo(replacement, dummy)
Calling it as @replace_by_foo(goo, DEFAULT_DUMMY_VALUE)
Expected SUCCESS

</system-out></testcase><testcase classname="decopatch.tests.test_main2" file="decopatch/tests/test_main2.py" line="388" name="test_all[easy_2m_args(replacement, dummy, f=DECORATED)-@replace_by_foo(DEFAULT_DUMMY_VALUE, goo)]" time="0.002379894256591797"><skipped message="the order of positional args in the test does not match" type="pytest.skip">/home/travis/build/smarie/python-decopatch/decopatch/tests/test_main2.py:413: &lt;py._xmlgen.raw object at 0x7fa0bc403cf8&gt;</skipped><system-out>Generated decorator : replace_by_foo(replacement, dummy)
Calling it as @replace_by_foo(DEFAULT_DUMMY_VALUE, goo)
</system-out><system-out>Generated decorator : replace_by_foo(replacement, dummy)
Calling it as @replace_by_foo(DEFAULT_DUMMY_VALUE, goo)
</system-out></testcase><testcase classname="decopatch.tests.test_main2" file="decopatch/tests/test_main2.py" line="388" name="test_all[easy_2m_args(dummy, replacement, f=DECORATED)-@replace_by_foo]" time="0.0021669864654541016"><system-out>Generated decorator : replace_by_foo(dummy, replacement)
Calling it as @replace_by_foo
Expected error: &apos;TypeError&apos; because python does not allow &lt; 2 args if f has 2 arg

</system-out></testcase><testcase classname="decopatch.tests.test_main2" file="decopatch/tests/test_main2.py" line="388" name="test_all[easy_2m_args(dummy, replacement, f=DECORATED)-@replace_by_foo()]" time="0.0026395320892333984"><system-out>Generated decorator : replace_by_foo(dummy, replacement)
Calling it as @replace_by_foo()
Expected error: &apos;TypeError&apos; because python does not allow &lt; 2 args if f has 2 arg

</system-out></testcase><testcase classname="decopatch.tests.test_main2" file="decopatch/tests/test_main2.py" line="388" name="test_all[easy_2m_args(dummy, replacement, f=DECORATED)-@replace_by_foo(goo)]" time="0.002322673797607422"><system-out>Generated decorator : replace_by_foo(dummy, replacement)
Calling it as @replace_by_foo(goo)
Expected error: &apos;TypeError&apos; because python does not allow &lt; 2 args if f has 2 arg

</system-out></testcase><testcase classname="decopatch.tests.test_main2" file="decopatch/tests/test_main2.py" line="388" name="test_all[easy_2m_args(dummy, replacement, f=DECORATED)-@replace_by_foo(&apos;hello&apos;)]" time="0.002371549606323242"><system-out>Generated decorator : replace_by_foo(dummy, replacement)
Calling it as @replace_by_foo(&apos;hello&apos;)
Expected error: &apos;TypeError&apos; because python does not allow &lt; 2 args if f has 2 arg

</system-out></testcase><testcase classname="decopatch.tests.test_main2" file="decopatch/tests/test_main2.py" line="388" name="test_all[easy_2m_args(dummy, replacement, f=DECORATED)-@replace_by_foo(DEFAULT_DUMMY_VALUE)]" time="0.0024759769439697266"><system-out>Generated decorator : replace_by_foo(dummy, replacement)
Calling it as @replace_by_foo(DEFAULT_DUMMY_VALUE)
Expected error: &apos;TypeError&apos; because python does not allow &lt; 2 args if f has 2 arg

</system-out></testcase><testcase classname="decopatch.tests.test_main2" file="decopatch/tests/test_main2.py" line="388" name="test_all[easy_2m_args(dummy, replacement, f=DECORATED)-@replace_by_foo(replacement=goo)]" time="0.0023467540740966797"><system-out>Generated decorator : replace_by_foo(dummy, replacement)
Calling it as @replace_by_foo(replacement=goo)
Expected error: &apos;TypeError&apos; because python does not allow &lt; 2 args if f has 2 arg

</system-out></testcase><testcase classname="decopatch.tests.test_main2" file="decopatch/tests/test_main2.py" line="388" name="test_all[easy_2m_args(dummy, replacement, f=DECORATED)-@replace_by_foo(dummy=&apos;hello&apos;)]" time="0.0024857521057128906"><system-out>Generated decorator : replace_by_foo(dummy, replacement)
Calling it as @replace_by_foo(dummy=&apos;hello&apos;)
Expected error: &apos;TypeError&apos; because python does not allow &lt; 2 args if f has 2 arg

</system-out></testcase><testcase classname="decopatch.tests.test_main2" file="decopatch/tests/test_main2.py" line="388" name="test_all[easy_2m_args(dummy, replacement, f=DECORATED)-@replace_by_foo(dummy=DEFAULT_DUMMY_VALUE)]" time="0.0025336742401123047"><system-out>Generated decorator : replace_by_foo(dummy, replacement)
Calling it as @replace_by_foo(dummy=DEFAULT_DUMMY_VALUE)
Expected error: &apos;TypeError&apos; because python does not allow &lt; 2 args if f has 2 arg

</system-out></testcase><testcase classname="decopatch.tests.test_main2" file="decopatch/tests/test_main2.py" line="388" name="test_all[easy_2m_args(dummy, replacement, f=DECORATED)-@replace_by_foo(goo, &apos;hello&apos;)]" time="0.0027077198028564453"><skipped message="the order of positional args in the test does not match" type="pytest.skip">/home/travis/build/smarie/python-decopatch/decopatch/tests/test_main2.py:413: &lt;py._xmlgen.raw object at 0x7fa0bc4083c8&gt;</skipped><system-out>Generated decorator : replace_by_foo(dummy, replacement)
Calling it as @replace_by_foo(goo, &apos;hello&apos;)
</system-out><system-out>Generated decorator : replace_by_foo(dummy, replacement)
Calling it as @replace_by_foo(goo, &apos;hello&apos;)
</system-out></testcase><testcase classname="decopatch.tests.test_main2" file="decopatch/tests/test_main2.py" line="388" name="test_all[easy_2m_args(dummy, replacement, f=DECORATED)-@replace_by_foo(&apos;hello&apos;, goo)]" time="0.0024938583374023438"><system-out>Generated decorator : replace_by_foo(dummy, replacement)
Calling it as @replace_by_foo(&apos;hello&apos;, goo)
Expected SUCCESS

</system-out></testcase><testcase classname="decopatch.tests.test_main2" file="decopatch/tests/test_main2.py" line="388" name="test_all[easy_2m_args(dummy, replacement, f=DECORATED)-@replace_by_foo(goo, DEFAULT_DUMMY_VALUE)]" time="0.00225067138671875"><skipped message="the order of positional args in the test does not match" type="pytest.skip">/home/travis/build/smarie/python-decopatch/decopatch/tests/test_main2.py:413: &lt;py._xmlgen.raw object at 0x7fa0bc39b128&gt;</skipped><system-out>Generated decorator : replace_by_foo(dummy, replacement)
Calling it as @replace_by_foo(goo, DEFAULT_DUMMY_VALUE)
</system-out><system-out>Generated decorator : replace_by_foo(dummy, replacement)
Calling it as @replace_by_foo(goo, DEFAULT_DUMMY_VALUE)
</system-out></testcase><testcase classname="decopatch.tests.test_main2" file="decopatch/tests/test_main2.py" line="388" name="test_all[easy_2m_args(dummy, replacement, f=DECORATED)-@replace_by_foo(DEFAULT_DUMMY_VALUE, goo)]" time="0.0024645328521728516"><system-out>Generated decorator : replace_by_foo(dummy, replacement)
Calling it as @replace_by_foo(DEFAULT_DUMMY_VALUE, goo)
Expected SUCCESS

</system-out></testcase><testcase classname="decopatch.tests.test_main2" file="decopatch/tests/test_main2.py" line="388" name="test_all[easy_2m_args(dummy, dummy2, f=DECORATED)-@replace_by_foo]" time="0.002913951873779297"><system-out>Generated decorator : replace_by_foo(dummy, dummy2)
Calling it as @replace_by_foo
Expected error: &apos;TypeError&apos; because python does not allow &lt; 2 args if f has 2 arg

</system-out></testcase><testcase classname="decopatch.tests.test_main2" file="decopatch/tests/test_main2.py" line="388" name="test_all[easy_2m_args(dummy, dummy2, f=DECORATED)-@replace_by_foo()]" time="0.002513885498046875"><system-out>Generated decorator : replace_by_foo(dummy, dummy2)
Calling it as @replace_by_foo()
Expected error: &apos;TypeError&apos; because python does not allow &lt; 2 args if f has 2 arg

</system-out></testcase><testcase classname="decopatch.tests.test_main2" file="decopatch/tests/test_main2.py" line="388" name="test_all[easy_2m_args(dummy, dummy2, f=DECORATED)-@replace_by_foo(goo)]" time="0.002607107162475586"><system-out>Generated decorator : replace_by_foo(dummy, dummy2)
Calling it as @replace_by_foo(goo)
Expected error: &apos;TypeError&apos; because python does not allow &lt; 2 args if f has 2 arg

</system-out></testcase><testcase classname="decopatch.tests.test_main2" file="decopatch/tests/test_main2.py" line="388" name="test_all[easy_2m_args(dummy, dummy2, f=DECORATED)-@replace_by_foo(&apos;hello&apos;)]" time="0.002504110336303711"><system-out>Generated decorator : replace_by_foo(dummy, dummy2)
Calling it as @replace_by_foo(&apos;hello&apos;)
Expected error: &apos;TypeError&apos; because python does not allow &lt; 2 args if f has 2 arg

</system-out></testcase><testcase classname="decopatch.tests.test_main2" file="decopatch/tests/test_main2.py" line="388" name="test_all[easy_2m_args(dummy, dummy2, f=DECORATED)-@replace_by_foo(DEFAULT_DUMMY_VALUE)]" time="0.0024728775024414062"><system-out>Generated decorator : replace_by_foo(dummy, dummy2)
Calling it as @replace_by_foo(DEFAULT_DUMMY_VALUE)
Expected error: &apos;TypeError&apos; because python does not allow &lt; 2 args if f has 2 arg

</system-out></testcase><testcase classname="decopatch.tests.test_main2" file="decopatch/tests/test_main2.py" line="388" name="test_all[easy_2m_args(dummy, dummy2, f=DECORATED)-@replace_by_foo(replacement=goo)]" time="0.00241851806640625"><system-out>Generated decorator : replace_by_foo(dummy, dummy2)
Calling it as @replace_by_foo(replacement=goo)
Expected error: &apos;TypeError&apos; because python does not allow &lt; 2 args if f has 2 arg

</system-out></testcase><testcase classname="decopatch.tests.test_main2" file="decopatch/tests/test_main2.py" line="388" name="test_all[easy_2m_args(dummy, dummy2, f=DECORATED)-@replace_by_foo(dummy=&apos;hello&apos;)]" time="0.002523183822631836"><system-out>Generated decorator : replace_by_foo(dummy, dummy2)
Calling it as @replace_by_foo(dummy=&apos;hello&apos;)
Expected error: &apos;TypeError&apos; because python does not allow &lt; 2 args if f has 2 arg

</system-out></testcase><testcase classname="decopatch.tests.test_main2" file="decopatch/tests/test_main2.py" line="388" name="test_all[easy_2m_args(dummy, dummy2, f=DECORATED)-@replace_by_foo(dummy=DEFAULT_DUMMY_VALUE)]" time="0.0025720596313476562"><system-out>Generated decorator : replace_by_foo(dummy, dummy2)
Calling it as @replace_by_foo(dummy=DEFAULT_DUMMY_VALUE)
Expected error: &apos;TypeError&apos; because python does not allow &lt; 2 args if f has 2 arg

</system-out></testcase><testcase classname="decopatch.tests.test_main2" file="decopatch/tests/test_main2.py" line="388" name="test_all[easy_2m_args(dummy, dummy2, f=DECORATED)-@replace_by_foo(goo, &apos;hello&apos;)]" time="0.0021712779998779297"><system-out>Generated decorator : replace_by_foo(dummy, dummy2)
Calling it as @replace_by_foo(goo, &apos;hello&apos;)
Expected SUCCESS

</system-out></testcase><testcase classname="decopatch.tests.test_main2" file="decopatch/tests/test_main2.py" line="388" name="test_all[easy_2m_args(dummy, dummy2, f=DECORATED)-@replace_by_foo(&apos;hello&apos;, goo)]" time="0.0023660659790039062"><system-out>Generated decorator : replace_by_foo(dummy, dummy2)
Calling it as @replace_by_foo(&apos;hello&apos;, goo)
Expected SUCCESS

</system-out></testcase><testcase classname="decopatch.tests.test_main2" file="decopatch/tests/test_main2.py" line="388" name="test_all[easy_2m_args(dummy, dummy2, f=DECORATED)-@replace_by_foo(goo, DEFAULT_DUMMY_VALUE)]" time="0.002412080764770508"><system-out>Generated decorator : replace_by_foo(dummy, dummy2)
Calling it as @replace_by_foo(goo, DEFAULT_DUMMY_VALUE)
Expected SUCCESS

</system-out></testcase><testcase classname="decopatch.tests.test_main2" file="decopatch/tests/test_main2.py" line="388" name="test_all[easy_2m_args(dummy, dummy2, f=DECORATED)-@replace_by_foo(DEFAULT_DUMMY_VALUE, goo)]" time="0.002452850341796875"><system-out>Generated decorator : replace_by_foo(dummy, dummy2)
Calling it as @replace_by_foo(DEFAULT_DUMMY_VALUE, goo)
Expected SUCCESS

</system-out></testcase><testcase classname="decopatch.tests.test_main2" file="decopatch/tests/test_main2.py" line="388" name="test_all[unprotected(explicit)_2opt(dummy=DEFAULT_DUMMY_VALUE, replacement=None, f=DECORATED)-@replace_by_foo]" time="0.002824544906616211"><system-out>Generated decorator : replace_by_foo(dummy=12, replacement=None)
Calling it as @replace_by_foo
Expected error: &apos;AmbiguousFirstArgumentTypeError&apos; because using the decorator without parenthesis mimics usage with a single arg.

</system-out></testcase><testcase classname="decopatch.tests.test_main2" file="decopatch/tests/test_main2.py" line="388" name="test_all[unprotected(explicit)_2opt(dummy=DEFAULT_DUMMY_VALUE, replacement=None, f=DECORATED)-@replace_by_foo()]" time="0.0023107528686523438"><system-out>Generated decorator : replace_by_foo(dummy=12, replacement=None)
Calling it as @replace_by_foo()
Expected SUCCESS

</system-out></testcase><testcase classname="decopatch.tests.test_main2" file="decopatch/tests/test_main2.py" line="388" name="test_all[unprotected(explicit)_2opt(dummy=DEFAULT_DUMMY_VALUE, replacement=None, f=DECORATED)-@replace_by_foo(goo)]" time="0.002899646759033203"><skipped message="the first positional arg is supposed not to be the callable here" type="pytest.skip">/home/travis/build/smarie/python-decopatch/decopatch/tests/test_main2.py:413: &lt;py._xmlgen.raw object at 0x7fa0bc39bc18&gt;</skipped><system-out>Generated decorator : replace_by_foo(dummy=12, replacement=None)
Calling it as @replace_by_foo(goo)
</system-out><system-out>Generated decorator : replace_by_foo(dummy=12, replacement=None)
Calling it as @replace_by_foo(goo)
</system-out></testcase><testcase classname="decopatch.tests.test_main2" file="decopatch/tests/test_main2.py" line="388" name="test_all[unprotected(explicit)_2opt(dummy=DEFAULT_DUMMY_VALUE, replacement=None, f=DECORATED)-@replace_by_foo(&apos;hello&apos;)]" time="0.002621173858642578"><system-out>Generated decorator : replace_by_foo(dummy=12, replacement=None)
Calling it as @replace_by_foo(&apos;hello&apos;)
Expected SUCCESS

</system-out></testcase><testcase classname="decopatch.tests.test_main2" file="decopatch/tests/test_main2.py" line="388" name="test_all[unprotected(explicit)_2opt(dummy=DEFAULT_DUMMY_VALUE, replacement=None, f=DECORATED)-@replace_by_foo(DEFAULT_DUMMY_VALUE)]" time="0.0026504993438720703"><system-out>Generated decorator : replace_by_foo(dummy=12, replacement=None)
Calling it as @replace_by_foo(DEFAULT_DUMMY_VALUE)
Expected SUCCESS

</system-out></testcase><testcase classname="decopatch.tests.test_main2" file="decopatch/tests/test_main2.py" line="388" name="test_all[unprotected(explicit)_2opt(dummy=DEFAULT_DUMMY_VALUE, replacement=None, f=DECORATED)-@replace_by_foo(replacement=goo)]" time="0.0026111602783203125"><system-out>Generated decorator : replace_by_foo(dummy=12, replacement=None)
Calling it as @replace_by_foo(replacement=goo)
Expected SUCCESS

</system-out></testcase><testcase classname="decopatch.tests.test_main2" file="decopatch/tests/test_main2.py" line="388" name="test_all[unprotected(explicit)_2opt(dummy=DEFAULT_DUMMY_VALUE, replacement=None, f=DECORATED)-@replace_by_foo(dummy=&apos;hello&apos;)]" time="0.0024216175079345703"><system-out>Generated decorator : replace_by_foo(dummy=12, replacement=None)
Calling it as @replace_by_foo(dummy=&apos;hello&apos;)
Expected SUCCESS

</system-out></testcase><testcase classname="decopatch.tests.test_main2" file="decopatch/tests/test_main2.py" line="388" name="test_all[unprotected(explicit)_2opt(dummy=DEFAULT_DUMMY_VALUE, replacement=None, f=DECORATED)-@replace_by_foo(dummy=DEFAULT_DUMMY_VALUE)]" time="0.0027420520782470703"><system-out>Generated decorator : replace_by_foo(dummy=12, replacement=None)
Calling it as @replace_by_foo(dummy=DEFAULT_DUMMY_VALUE)
Expected SUCCESS

</system-out></testcase><testcase classname="decopatch.tests.test_main2" file="decopatch/tests/test_main2.py" line="388" name="test_all[unprotected(explicit)_2opt(dummy=DEFAULT_DUMMY_VALUE, replacement=None, f=DECORATED)-@replace_by_foo(goo, &apos;hello&apos;)]" time="0.003009796142578125"><skipped message="the order of positional args in the test does not match" type="pytest.skip">/home/travis/build/smarie/python-decopatch/decopatch/tests/test_main2.py:413: &lt;py._xmlgen.raw object at 0x7fa0bc3b1f28&gt;</skipped><system-out>Generated decorator : replace_by_foo(dummy=12, replacement=None)
Calling it as @replace_by_foo(goo, &apos;hello&apos;)
</system-out><system-out>Generated decorator : replace_by_foo(dummy=12, replacement=None)
Calling it as @replace_by_foo(goo, &apos;hello&apos;)
</system-out></testcase><testcase classname="decopatch.tests.test_main2" file="decopatch/tests/test_main2.py" line="388" name="test_all[unprotected(explicit)_2opt(dummy=DEFAULT_DUMMY_VALUE, replacement=None, f=DECORATED)-@replace_by_foo(&apos;hello&apos;, goo)]" time="0.0029478073120117188"><system-out>Generated decorator : replace_by_foo(dummy=12, replacement=None)
Calling it as @replace_by_foo(&apos;hello&apos;, goo)
Expected SUCCESS

</system-out></testcase><testcase classname="decopatch.tests.test_main2" file="decopatch/tests/test_main2.py" line="388" name="test_all[unprotected(explicit)_2opt(dummy=DEFAULT_DUMMY_VALUE, replacement=None, f=DECORATED)-@replace_by_foo(goo, DEFAULT_DUMMY_VALUE)]" time="0.0027184486389160156"><skipped message="the order of positional args in the test does not match" type="pytest.skip">/home/travis/build/smarie/python-decopatch/decopatch/tests/test_main2.py:413: &lt;py._xmlgen.raw object at 0x7fa0bc3bfe10&gt;</skipped><system-out>Generated decorator : replace_by_foo(dummy=12, replacement=None)
Calling it as @replace_by_foo(goo, DEFAULT_DUMMY_VALUE)
</system-out><system-out>Generated decorator : replace_by_foo(dummy=12, replacement=None)
Calling it as @replace_by_foo(goo, DEFAULT_DUMMY_VALUE)
</system-out></testcase><testcase classname="decopatch.tests.test_main2" file="decopatch/tests/test_main2.py" line="388" name="test_all[unprotected(explicit)_2opt(dummy=DEFAULT_DUMMY_VALUE, replacement=None, f=DECORATED)-@replace_by_foo(DEFAULT_DUMMY_VALUE, goo)]" time="0.0025701522827148438"><system-out>Generated decorator : replace_by_foo(dummy=12, replacement=None)
Calling it as @replace_by_foo(DEFAULT_DUMMY_VALUE, goo)
Expected SUCCESS

</system-out></testcase><testcase classname="decopatch.tests.test_main2" file="decopatch/tests/test_main2.py" line="388" name="test_all[protected(explicit)_2opt(dummy=DEFAULT_DUMMY_VALUE, replacement=None, f=DECORATED)-@replace_by_foo]" time="0.004645109176635742"><system-out>Generated decorator : replace_by_foo(dummy=12, replacement=None)
Calling it as @replace_by_foo
Expected SUCCESS

</system-out></testcase><testcase classname="decopatch.tests.test_main2" file="decopatch/tests/test_main2.py" line="388" name="test_all[protected(explicit)_2opt(dummy=DEFAULT_DUMMY_VALUE, replacement=None, f=DECORATED)-@replace_by_foo()]" time="0.0027027130126953125"><system-out>Generated decorator : replace_by_foo(dummy=12, replacement=None)
Calling it as @replace_by_foo()
Expected SUCCESS

</system-out></testcase><testcase classname="decopatch.tests.test_main2" file="decopatch/tests/test_main2.py" line="388" name="test_all[protected(explicit)_2opt(dummy=DEFAULT_DUMMY_VALUE, replacement=None, f=DECORATED)-@replace_by_foo(goo)]" time="0.002569437026977539"><skipped message="the first positional arg is supposed not to be the callable here" type="pytest.skip">/home/travis/build/smarie/python-decopatch/decopatch/tests/test_main2.py:413: &lt;py._xmlgen.raw object at 0x7fa0bc3ace10&gt;</skipped><system-out>Generated decorator : replace_by_foo(dummy=12, replacement=None)
Calling it as @replace_by_foo(goo)
</system-out><system-out>Generated decorator : replace_by_foo(dummy=12, replacement=None)
Calling it as @replace_by_foo(goo)
</system-out></testcase><testcase classname="decopatch.tests.test_main2" file="decopatch/tests/test_main2.py" line="388" name="test_all[protected(explicit)_2opt(dummy=DEFAULT_DUMMY_VALUE, replacement=None, f=DECORATED)-@replace_by_foo(&apos;hello&apos;)]" time="0.00225830078125"><system-out>Generated decorator : replace_by_foo(dummy=12, replacement=None)
Calling it as @replace_by_foo(&apos;hello&apos;)
Expected SUCCESS

</system-out></testcase><testcase classname="decopatch.tests.test_main2" file="decopatch/tests/test_main2.py" line="388" name="test_all[protected(explicit)_2opt(dummy=DEFAULT_DUMMY_VALUE, replacement=None, f=DECORATED)-@replace_by_foo(DEFAULT_DUMMY_VALUE)]" time="0.0027496814727783203"><system-out>Generated decorator : replace_by_foo(dummy=12, replacement=None)
Calling it as @replace_by_foo(DEFAULT_DUMMY_VALUE)
Expected SUCCESS

</system-out></testcase><testcase classname="decopatch.tests.test_main2" file="decopatch/tests/test_main2.py" line="388" name="test_all[protected(explicit)_2opt(dummy=DEFAULT_DUMMY_VALUE, replacement=None, f=DECORATED)-@replace_by_foo(replacement=goo)]" time="0.010180234909057617"><system-out>Generated decorator : replace_by_foo(dummy=12, replacement=None)
Calling it as @replace_by_foo(replacement=goo)
Expected SUCCESS

</system-out></testcase><testcase classname="decopatch.tests.test_main2" file="decopatch/tests/test_main2.py" line="388" name="test_all[protected(explicit)_2opt(dummy=DEFAULT_DUMMY_VALUE, replacement=None, f=DECORATED)-@replace_by_foo(dummy=&apos;hello&apos;)]" time="0.010050535202026367"><system-out>Generated decorator : replace_by_foo(dummy=12, replacement=None)
Calling it as @replace_by_foo(dummy=&apos;hello&apos;)
Expected SUCCESS

</system-out></testcase><testcase classname="decopatch.tests.test_main2" file="decopatch/tests/test_main2.py" line="388" name="test_all[protected(explicit)_2opt(dummy=DEFAULT_DUMMY_VALUE, replacement=None, f=DECORATED)-@replace_by_foo(dummy=DEFAULT_DUMMY_VALUE)]" time="0.016738414764404297"><system-out>Generated decorator : replace_by_foo(dummy=12, replacement=None)
Calling it as @replace_by_foo(dummy=DEFAULT_DUMMY_VALUE)
Expected SUCCESS

</system-out></testcase><testcase classname="decopatch.tests.test_main2" file="decopatch/tests/test_main2.py" line="388" name="test_all[protected(explicit)_2opt(dummy=DEFAULT_DUMMY_VALUE, replacement=None, f=DECORATED)-@replace_by_foo(goo, &apos;hello&apos;)]" time="0.0023679733276367188"><skipped message="the order of positional args in the test does not match" type="pytest.skip">/home/travis/build/smarie/python-decopatch/decopatch/tests/test_main2.py:413: &lt;py._xmlgen.raw object at 0x7fa0bc3bfb38&gt;</skipped><system-out>Generated decorator : replace_by_foo(dummy=12, replacement=None)
Calling it as @replace_by_foo(goo, &apos;hello&apos;)
</system-out><system-out>Generated decorator : replace_by_foo(dummy=12, replacement=None)
Calling it as @replace_by_foo(goo, &apos;hello&apos;)
</system-out></testcase><testcase classname="decopatch.tests.test_main2" file="decopatch/tests/test_main2.py" line="388" name="test_all[protected(explicit)_2opt(dummy=DEFAULT_DUMMY_VALUE, replacement=None, f=DECORATED)-@replace_by_foo(&apos;hello&apos;, goo)]" time="0.0026154518127441406"><system-out>Generated decorator : replace_by_foo(dummy=12, replacement=None)
Calling it as @replace_by_foo(&apos;hello&apos;, goo)
Expected SUCCESS

</system-out></testcase><testcase classname="decopatch.tests.test_main2" file="decopatch/tests/test_main2.py" line="388" name="test_all[protected(explicit)_2opt(dummy=DEFAULT_DUMMY_VALUE, replacement=None, f=DECORATED)-@replace_by_foo(goo, DEFAULT_DUMMY_VALUE)]" time="0.002522706985473633"><skipped message="the order of positional args in the test does not match" type="pytest.skip">/home/travis/build/smarie/python-decopatch/decopatch/tests/test_main2.py:413: &lt;py._xmlgen.raw object at 0x7fa0bc3ba160&gt;</skipped><system-out>Generated decorator : replace_by_foo(dummy=12, replacement=None)
Calling it as @replace_by_foo(goo, DEFAULT_DUMMY_VALUE)
</system-out><system-out>Generated decorator : replace_by_foo(dummy=12, replacement=None)
Calling it as @replace_by_foo(goo, DEFAULT_DUMMY_VALUE)
</system-out></testcase><testcase classname="decopatch.tests.test_main2" file="decopatch/tests/test_main2.py" line="388" name="test_all[protected(explicit)_2opt(dummy=DEFAULT_DUMMY_VALUE, replacement=None, f=DECORATED)-@replace_by_foo(DEFAULT_DUMMY_VALUE, goo)]" time="0.0031023025512695312"><system-out>Generated decorator : replace_by_foo(dummy=12, replacement=None)
Calling it as @replace_by_foo(DEFAULT_DUMMY_VALUE, goo)
Expected SUCCESS

</system-out></testcase><testcase classname="decopatch.tests.test_main2" file="decopatch/tests/test_main2.py" line="388" name="test_all[unprotected(explicit)_2opt(replacement=None, dummy=DEFAULT_DUMMY_VALUE, f=DECORATED)-@replace_by_foo]" time="0.002737760543823242"><system-out>Generated decorator : replace_by_foo(replacement=None, dummy=12)
Calling it as @replace_by_foo
Expected error: &apos;AmbiguousFirstArgumentTypeError&apos; because using the decorator without parenthesis mimics usage with a single arg.

</system-out></testcase><testcase classname="decopatch.tests.test_main2" file="decopatch/tests/test_main2.py" line="388" name="test_all[unprotected(explicit)_2opt(replacement=None, dummy=DEFAULT_DUMMY_VALUE, f=DECORATED)-@replace_by_foo()]" time="0.002451181411743164"><system-out>Generated decorator : replace_by_foo(replacement=None, dummy=12)
Calling it as @replace_by_foo()
Expected SUCCESS

</system-out></testcase><testcase classname="decopatch.tests.test_main2" file="decopatch/tests/test_main2.py" line="388" name="test_all[unprotected(explicit)_2opt(replacement=None, dummy=DEFAULT_DUMMY_VALUE, f=DECORATED)-@replace_by_foo(goo)]" time="0.0028526782989501953"><system-out>Generated decorator : replace_by_foo(replacement=None, dummy=12)
Calling it as @replace_by_foo(goo)
Expected error: &apos;AmbiguousFirstArgumentTypeError&apos; because calling a non-protected decorator with a callable leads to an error

</system-out></testcase><testcase classname="decopatch.tests.test_main2" file="decopatch/tests/test_main2.py" line="388" name="test_all[unprotected(explicit)_2opt(replacement=None, dummy=DEFAULT_DUMMY_VALUE, f=DECORATED)-@replace_by_foo(&apos;hello&apos;)]" time="0.002696514129638672"><skipped message="the first positional arg is supposed to be the callable here" type="pytest.skip">/home/travis/build/smarie/python-decopatch/decopatch/tests/test_main2.py:413: &lt;py._xmlgen.raw object at 0x7fa0bc3bae48&gt;</skipped><system-out>Generated decorator : replace_by_foo(replacement=None, dummy=12)
Calling it as @replace_by_foo(&apos;hello&apos;)
</system-out><system-out>Generated decorator : replace_by_foo(replacement=None, dummy=12)
Calling it as @replace_by_foo(&apos;hello&apos;)
</system-out></testcase><testcase classname="decopatch.tests.test_main2" file="decopatch/tests/test_main2.py" line="388" name="test_all[unprotected(explicit)_2opt(replacement=None, dummy=DEFAULT_DUMMY_VALUE, f=DECORATED)-@replace_by_foo(DEFAULT_DUMMY_VALUE)]" time="0.00262451171875"><skipped message="the first positional arg is supposed to be the callable here" type="pytest.skip">/home/travis/build/smarie/python-decopatch/decopatch/tests/test_main2.py:413: &lt;py._xmlgen.raw object at 0x7fa0bc34da90&gt;</skipped><system-out>Generated decorator : replace_by_foo(replacement=None, dummy=12)
Calling it as @replace_by_foo(DEFAULT_DUMMY_VALUE)
</system-out><system-out>Generated decorator : replace_by_foo(replacement=None, dummy=12)
Calling it as @replace_by_foo(DEFAULT_DUMMY_VALUE)
</system-out></testcase><testcase classname="decopatch.tests.test_main2" file="decopatch/tests/test_main2.py" line="388" name="test_all[unprotected(explicit)_2opt(replacement=None, dummy=DEFAULT_DUMMY_VALUE, f=DECORATED)-@replace_by_foo(replacement=goo)]" time="0.0025544166564941406"><system-out>Generated decorator : replace_by_foo(replacement=None, dummy=12)
Calling it as @replace_by_foo(replacement=goo)
Expected error: &apos;AmbiguousFirstArgumentTypeError&apos; because calling a non-protected decorator with a callable as first and only non-default argument leads to an error

</system-out></testcase><testcase classname="decopatch.tests.test_main2" file="decopatch/tests/test_main2.py" line="388" name="test_all[unprotected(explicit)_2opt(replacement=None, dummy=DEFAULT_DUMMY_VALUE, f=DECORATED)-@replace_by_foo(dummy=&apos;hello&apos;)]" time="0.002576589584350586"><system-out>Generated decorator : replace_by_foo(replacement=None, dummy=12)
Calling it as @replace_by_foo(dummy=&apos;hello&apos;)
Expected SUCCESS

</system-out></testcase><testcase classname="decopatch.tests.test_main2" file="decopatch/tests/test_main2.py" line="388" name="test_all[unprotected(explicit)_2opt(replacement=None, dummy=DEFAULT_DUMMY_VALUE, f=DECORATED)-@replace_by_foo(dummy=DEFAULT_DUMMY_VALUE)]" time="0.0029075145721435547"><system-out>Generated decorator : replace_by_foo(replacement=None, dummy=12)
Calling it as @replace_by_foo(dummy=DEFAULT_DUMMY_VALUE)
Expected SUCCESS

</system-out></testcase><testcase classname="decopatch.tests.test_main2" file="decopatch/tests/test_main2.py" line="388" name="test_all[unprotected(explicit)_2opt(replacement=None, dummy=DEFAULT_DUMMY_VALUE, f=DECORATED)-@replace_by_foo(goo, &apos;hello&apos;)]" time="0.002785205841064453"><system-out>Generated decorator : replace_by_foo(replacement=None, dummy=12)
Calling it as @replace_by_foo(goo, &apos;hello&apos;)
Expected SUCCESS

</system-out></testcase><testcase classname="decopatch.tests.test_main2" file="decopatch/tests/test_main2.py" line="388" name="test_all[unprotected(explicit)_2opt(replacement=None, dummy=DEFAULT_DUMMY_VALUE, f=DECORATED)-@replace_by_foo(&apos;hello&apos;, goo)]" time="0.0026865005493164062"><skipped message="the order of positional args in the test does not match" type="pytest.skip">/home/travis/build/smarie/python-decopatch/decopatch/tests/test_main2.py:413: &lt;py._xmlgen.raw object at 0x7fa0bc353eb8&gt;</skipped><system-out>Generated decorator : replace_by_foo(replacement=None, dummy=12)
Calling it as @replace_by_foo(&apos;hello&apos;, goo)
</system-out><system-out>Generated decorator : replace_by_foo(replacement=None, dummy=12)
Calling it as @replace_by_foo(&apos;hello&apos;, goo)
</system-out></testcase><testcase classname="decopatch.tests.test_main2" file="decopatch/tests/test_main2.py" line="388" name="test_all[unprotected(explicit)_2opt(replacement=None, dummy=DEFAULT_DUMMY_VALUE, f=DECORATED)-@replace_by_foo(goo, DEFAULT_DUMMY_VALUE)]" time="0.003002166748046875"><system-out>Generated decorator : replace_by_foo(replacement=None, dummy=12)
Calling it as @replace_by_foo(goo, DEFAULT_DUMMY_VALUE)
Expected error: &apos;AmbiguousFirstArgumentTypeError&apos; because calling a non-protected decorator with a callable as first and only non-default argument leads to an error

</system-out></testcase><testcase classname="decopatch.tests.test_main2" file="decopatch/tests/test_main2.py" line="388" name="test_all[unprotected(explicit)_2opt(replacement=None, dummy=DEFAULT_DUMMY_VALUE, f=DECORATED)-@replace_by_foo(DEFAULT_DUMMY_VALUE, goo)]" time="0.0026509761810302734"><skipped message="the order of positional args in the test does not match" type="pytest.skip">/home/travis/build/smarie/python-decopatch/decopatch/tests/test_main2.py:413: &lt;py._xmlgen.raw object at 0x7fa0bc5a8eb8&gt;</skipped><system-out>Generated decorator : replace_by_foo(replacement=None, dummy=12)
Calling it as @replace_by_foo(DEFAULT_DUMMY_VALUE, goo)
</system-out><system-out>Generated decorator : replace_by_foo(replacement=None, dummy=12)
Calling it as @replace_by_foo(DEFAULT_DUMMY_VALUE, goo)
</system-out></testcase><testcase classname="decopatch.tests.test_main2" file="decopatch/tests/test_main2.py" line="388" name="test_all[protected(explicit)_2opt(replacement=None, dummy=DEFAULT_DUMMY_VALUE, f=DECORATED)-@replace_by_foo]" time="0.0025599002838134766"><system-out>Generated decorator : replace_by_foo(replacement=None, dummy=12)
Calling it as @replace_by_foo
Expected SUCCESS

</system-out></testcase><testcase classname="decopatch.tests.test_main2" file="decopatch/tests/test_main2.py" line="388" name="test_all[protected(explicit)_2opt(replacement=None, dummy=DEFAULT_DUMMY_VALUE, f=DECORATED)-@replace_by_foo()]" time="0.002574920654296875"><system-out>Generated decorator : replace_by_foo(replacement=None, dummy=12)
Calling it as @replace_by_foo()
Expected SUCCESS

</system-out></testcase><testcase classname="decopatch.tests.test_main2" file="decopatch/tests/test_main2.py" line="388" name="test_all[protected(explicit)_2opt(replacement=None, dummy=DEFAULT_DUMMY_VALUE, f=DECORATED)-@replace_by_foo(goo)]" time="0.0026595592498779297"><system-out>Generated decorator : replace_by_foo(replacement=None, dummy=12)
Calling it as @replace_by_foo(goo)
Expected SUCCESS

</system-out></testcase><testcase classname="decopatch.tests.test_main2" file="decopatch/tests/test_main2.py" line="388" name="test_all[protected(explicit)_2opt(replacement=None, dummy=DEFAULT_DUMMY_VALUE, f=DECORATED)-@replace_by_foo(&apos;hello&apos;)]" time="0.002231597900390625"><skipped message="the first positional arg is supposed to be the callable here" type="pytest.skip">/home/travis/build/smarie/python-decopatch/decopatch/tests/test_main2.py:413: &lt;py._xmlgen.raw object at 0x7fa0bc35cf98&gt;</skipped><system-out>Generated decorator : replace_by_foo(replacement=None, dummy=12)
Calling it as @replace_by_foo(&apos;hello&apos;)
</system-out><system-out>Generated decorator : replace_by_foo(replacement=None, dummy=12)
Calling it as @replace_by_foo(&apos;hello&apos;)
</system-out></testcase><testcase classname="decopatch.tests.test_main2" file="decopatch/tests/test_main2.py" line="388" name="test_all[protected(explicit)_2opt(replacement=None, dummy=DEFAULT_DUMMY_VALUE, f=DECORATED)-@replace_by_foo(DEFAULT_DUMMY_VALUE)]" time="0.002709627151489258"><skipped message="the first positional arg is supposed to be the callable here" type="pytest.skip">/home/travis/build/smarie/python-decopatch/decopatch/tests/test_main2.py:413: &lt;py._xmlgen.raw object at 0x7fa0bc5a8fd0&gt;</skipped><system-out>Generated decorator : replace_by_foo(replacement=None, dummy=12)
Calling it as @replace_by_foo(DEFAULT_DUMMY_VALUE)
</system-out><system-out>Generated decorator : replace_by_foo(replacement=None, dummy=12)
Calling it as @replace_by_foo(DEFAULT_DUMMY_VALUE)
</system-out></testcase><testcase classname="decopatch.tests.test_main2" file="decopatch/tests/test_main2.py" line="388" name="test_all[protected(explicit)_2opt(replacement=None, dummy=DEFAULT_DUMMY_VALUE, f=DECORATED)-@replace_by_foo(replacement=goo)]" time="0.0027964115142822266"><system-out>Generated decorator : replace_by_foo(replacement=None, dummy=12)
Calling it as @replace_by_foo(replacement=goo)
Expected SUCCESS

</system-out></testcase><testcase classname="decopatch.tests.test_main2" file="decopatch/tests/test_main2.py" line="388" name="test_all[protected(explicit)_2opt(replacement=None, dummy=DEFAULT_DUMMY_VALUE, f=DECORATED)-@replace_by_foo(dummy=&apos;hello&apos;)]" time="0.002663135528564453"><system-out>Generated decorator : replace_by_foo(replacement=None, dummy=12)
Calling it as @replace_by_foo(dummy=&apos;hello&apos;)
Expected SUCCESS

</system-out></testcase><testcase classname="decopatch.tests.test_main2" file="decopatch/tests/test_main2.py" line="388" name="test_all[protected(explicit)_2opt(replacement=None, dummy=DEFAULT_DUMMY_VALUE, f=DECORATED)-@replace_by_foo(dummy=DEFAULT_DUMMY_VALUE)]" time="0.0026121139526367188"><system-out>Generated decorator : replace_by_foo(replacement=None, dummy=12)
Calling it as @replace_by_foo(dummy=DEFAULT_DUMMY_VALUE)
Expected SUCCESS

</system-out></testcase><testcase classname="decopatch.tests.test_main2" file="decopatch/tests/test_main2.py" line="388" name="test_all[protected(explicit)_2opt(replacement=None, dummy=DEFAULT_DUMMY_VALUE, f=DECORATED)-@replace_by_foo(goo, &apos;hello&apos;)]" time="0.0024521350860595703"><system-out>Generated decorator : replace_by_foo(replacement=None, dummy=12)
Calling it as @replace_by_foo(goo, &apos;hello&apos;)
Expected SUCCESS

</system-out></testcase><testcase classname="decopatch.tests.test_main2" file="decopatch/tests/test_main2.py" line="388" name="test_all[protected(explicit)_2opt(replacement=None, dummy=DEFAULT_DUMMY_VALUE, f=DECORATED)-@replace_by_foo(&apos;hello&apos;, goo)]" time="0.006077289581298828"><skipped message="the order of positional args in the test does not match" type="pytest.skip">/home/travis/build/smarie/python-decopatch/decopatch/tests/test_main2.py:413: &lt;py._xmlgen.raw object at 0x7fa0bc34d518&gt;</skipped><system-out>Generated decorator : replace_by_foo(replacement=None, dummy=12)
Calling it as @replace_by_foo(&apos;hello&apos;, goo)
</system-out><system-out>Generated decorator : replace_by_foo(replacement=None, dummy=12)
Calling it as @replace_by_foo(&apos;hello&apos;, goo)
</system-out></testcase><testcase classname="decopatch.tests.test_main2" file="decopatch/tests/test_main2.py" line="388" name="test_all[protected(explicit)_2opt(replacement=None, dummy=DEFAULT_DUMMY_VALUE, f=DECORATED)-@replace_by_foo(goo, DEFAULT_DUMMY_VALUE)]" time="0.004468202590942383"><system-out>Generated decorator : replace_by_foo(replacement=None, dummy=12)
Calling it as @replace_by_foo(goo, DEFAULT_DUMMY_VALUE)
Expected SUCCESS

</system-out></testcase><testcase classname="decopatch.tests.test_main2" file="decopatch/tests/test_main2.py" line="388" name="test_all[protected(explicit)_2opt(replacement=None, dummy=DEFAULT_DUMMY_VALUE, f=DECORATED)-@replace_by_foo(DEFAULT_DUMMY_VALUE, goo)]" time="0.0023119449615478516"><skipped message="the order of positional args in the test does not match" type="pytest.skip">/home/travis/build/smarie/python-decopatch/decopatch/tests/test_main2.py:413: &lt;py._xmlgen.raw object at 0x7fa0bc3683c8&gt;</skipped><system-out>Generated decorator : replace_by_foo(replacement=None, dummy=12)
Calling it as @replace_by_foo(DEFAULT_DUMMY_VALUE, goo)
</system-out><system-out>Generated decorator : replace_by_foo(replacement=None, dummy=12)
Calling it as @replace_by_foo(DEFAULT_DUMMY_VALUE, goo)
</system-out></testcase></testsuite>