<?xml version="1.0" encoding="utf-8"?><testsuite errors="0" failures="0" name="pytest" skips="40" tests="263" time="1.677"><testcase classname="decopatch.tests.test_doc" file="decopatch/tests/test_doc.py" line="14" name="test_doc_add_tag_function[flat_mode=False]" time="0.007372140884399414"><system-out>Help on function add_tag in module decopatch.tests.test_doc:

add_tag(tag=&apos;hi!&apos;)
    Example decorator to add a &apos;tag&apos; attribute to a function.
    :param tag: the &apos;tag&apos; value to set on the decorated function (default &apos;hi!).

None
</system-out></testcase><testcase classname="decopatch.tests.test_doc" file="decopatch/tests/test_doc.py" line="14" name="test_doc_add_tag_function[flat_mode=True]" time="0.0030181407928466797"><system-out>Help on function add_tag in module decopatch.tests.test_doc:

add_tag(tag=&apos;hi!&apos;)
    Example decorator to add a &apos;tag&apos; attribute to a function.
    :param tag: the &apos;tag&apos; value to set on the decorated function (default &apos;hi!).

None
</system-out></testcase><testcase classname="decopatch.tests.test_doc" file="decopatch/tests/test_doc.py" line="78" name="test_doc_say_hello[nested]" time="0.0044155120849609375"></testcase><testcase classname="decopatch.tests.test_doc" file="decopatch/tests/test_doc.py" line="78" name="test_doc_say_hello[flat]" time="0.005475759506225586"></testcase><testcase classname="decopatch.tests.test_doc" file="decopatch/tests/test_doc.py" line="78" name="test_doc_say_hello[double-flat]" time="0.005380392074584961"></testcase><testcase classname="decopatch.tests.test_doc" file="decopatch/tests/test_doc.py" line="207" name="test_doc_add_tag_class_and_function[flat_mode=False]" time="0.0024526119232177734"><system-out>Help on function add_tag in module decopatch.tests.test_doc:

add_tag(tag=&apos;hi!&apos;)
    Example decorator to add a &apos;tag&apos; attribute to a function or class. It can be
    used with and without parenthesis, with and without arguments.
    
    :param tag: the &apos;tag&apos; value to set on the decorated item (default &apos;hi!).

None
</system-out></testcase><testcase classname="decopatch.tests.test_doc" file="decopatch/tests/test_doc.py" line="207" name="test_doc_add_tag_class_and_function[flat_mode=True]" time="0.003664731979370117"><system-out>Help on function add_tag in module decopatch.tests.test_doc:

add_tag(tag=&apos;hi!&apos;)
    Example decorator to add a &apos;tag&apos; attribute to a function or class. It can be
    used with and without parenthesis, with and without arguments.
    
    :param tag: the &apos;tag&apos; value to set on the decorated item (default &apos;hi!).

None
</system-out></testcase><testcase classname="decopatch.tests.test_doc_advanced" file="decopatch/tests/test_doc_advanced.py" line="17" name="test_doc_impl_first_tag_mandatory[uses_introspection=True-nested_mode=True]" time="0.002550363540649414"></testcase><testcase classname="decopatch.tests.test_doc_advanced" file="decopatch/tests/test_doc_advanced.py" line="17" name="test_doc_impl_first_tag_mandatory[uses_introspection=True-nested_mode=False]" time="0.0025696754455566406"></testcase><testcase classname="decopatch.tests.test_doc_advanced" file="decopatch/tests/test_doc_advanced.py" line="17" name="test_doc_impl_first_tag_mandatory[uses_introspection=False-nested_mode=True]" time="0.00212860107421875"></testcase><testcase classname="decopatch.tests.test_doc_advanced" file="decopatch/tests/test_doc_advanced.py" line="17" name="test_doc_impl_first_tag_mandatory[uses_introspection=False-nested_mode=False]" time="0.0024917125701904297"></testcase><testcase classname="decopatch.tests.test_doc_advanced" file="decopatch/tests/test_doc_advanced.py" line="82" name="test_doc_impl_first_tag_optional" time="0.0021123886108398438"></testcase><testcase classname="decopatch.tests.test_doc_advanced" file="decopatch/tests/test_doc_advanced.py" line="143" name="test_doc_impl_first_say_hello" time="0.004660129547119141"></testcase><testcase classname="decopatch.tests.test_doc_advanced" file="decopatch/tests/test_doc_advanced.py" line="217" name="test_doc_impl_first_class_tag_mandatory[uses_introspection=True]" time="0.002576589584350586"></testcase><testcase classname="decopatch.tests.test_doc_advanced" file="decopatch/tests/test_doc_advanced.py" line="217" name="test_doc_impl_first_class_tag_mandatory[uses_introspection=False]" time="0.002770662307739258"></testcase><testcase classname="decopatch.tests.test_doc_advanced" file="decopatch/tests/test_doc_advanced.py" line="267" name="test_doc_nested_mode_tag_mandatory" time="0.0014255046844482422"></testcase><testcase classname="decopatch.tests.test_doc_advanced" file="decopatch/tests/test_doc_advanced.py" line="288" name="test_doc_impl_first_tag_mandatory_protected[uses_introspection=True-kwonly=True]" time="0.00520014762878418"></testcase><testcase classname="decopatch.tests.test_doc_advanced" file="decopatch/tests/test_doc_advanced.py" line="288" name="test_doc_impl_first_tag_mandatory_protected[uses_introspection=False-kwonly=True]" time="0.0027923583984375"></testcase><testcase classname="decopatch.tests.test_doc_advanced" file="decopatch/tests/test_doc_advanced.py" line="319" name="test_doc_impl_first_tag_optional_nonprotected[kwonly=False]" time="0.002256155014038086"></testcase><testcase classname="decopatch.tests.test_doc_advanced" file="decopatch/tests/test_doc_advanced.py" line="319" name="test_doc_impl_first_tag_optional_nonprotected[kwonly=True]" time="0.0018541812896728516"></testcase><testcase classname="decopatch.tests.test_doc_advanced" file="decopatch/tests/test_doc_advanced.py" line="356" name="test_doc_impl_first_tag_optional_protected[introspection=True-kwonly=False]" time="0.0024318695068359375"></testcase><testcase classname="decopatch.tests.test_doc_advanced" file="decopatch/tests/test_doc_advanced.py" line="356" name="test_doc_impl_first_tag_optional_protected[introspection=True-kwonly=True]" time="0.002545595169067383"></testcase><testcase classname="decopatch.tests.test_doc_advanced" file="decopatch/tests/test_doc_advanced.py" line="356" name="test_doc_impl_first_tag_optional_protected[introspection=False-kwonly=False]" time="0.0027925968170166016"></testcase><testcase classname="decopatch.tests.test_doc_advanced" file="decopatch/tests/test_doc_advanced.py" line="356" name="test_doc_impl_first_tag_optional_protected[introspection=False-kwonly=True]" time="0.0025026798248291016"></testcase><testcase classname="decopatch.tests.test_doc_advanced" file="decopatch/tests/test_doc_advanced.py" line="427" name="test_varpos_and_decorated_before_in_flat_mode" time="0.003934144973754883"></testcase><testcase classname="decopatch.tests.test_doc_advanced" file="decopatch/tests/test_doc_advanced.py" line="463" name="test_kwargs" time="0.0018048286437988281"></testcase><testcase classname="decopatch.tests.test_doc_disambiguation" file="decopatch/tests/test_doc_disambiguation.py" line="9" name="test_no_args[flat_mode=False]" time="0.0036733150482177734"></testcase><testcase classname="decopatch.tests.test_doc_disambiguation" file="decopatch/tests/test_doc_disambiguation.py" line="9" name="test_no_args[flat_mode=True]" time="0.003729581832885742"></testcase><testcase classname="decopatch.tests.test_doc_disambiguation" file="decopatch/tests/test_doc_disambiguation.py" line="67" name="test_mandatory_kwargs[flat_mode=False]" time="0.0027132034301757812"><system-out>Help on function replace_with in module decopatch.main:

replace_with(*, replacement)
    Decorator to replace anything with the &lt;replacement&gt; object.

</system-out></testcase><testcase classname="decopatch.tests.test_doc_disambiguation" file="decopatch/tests/test_doc_disambiguation.py" line="67" name="test_mandatory_kwargs[flat_mode=True]" time="0.003302335739135742"><system-out>Help on function replace_with in module decopatch.main:

replace_with(*, replacement)
    Decorator to replace anything with the &lt;replacement&gt; object.

</system-out></testcase><testcase classname="decopatch.tests.test_doc_disambiguation" file="decopatch/tests/test_doc_disambiguation.py" line="91" name="test_optional_kwargs[flat_mode=False]" time="0.002194643020629883"><system-out>Help on function replace_with in module decopatch.tests._test_doc_py3:

replace_with(*, replacement=&apos;hello&apos;)
    Decorator to replace anything with the &lt;replacement&gt; object.

</system-out></testcase><testcase classname="decopatch.tests.test_doc_disambiguation" file="decopatch/tests/test_doc_disambiguation.py" line="91" name="test_optional_kwargs[flat_mode=True]" time="0.002717256546020508"><system-out>Help on function replace_with in module decopatch.tests._test_doc_py3:

replace_with(*, replacement=&apos;hello&apos;)
    Decorator to replace anything with the &lt;replacement&gt; object.

</system-out></testcase><testcase classname="decopatch.tests.test_introspection" file="decopatch/tests/test_introspection.py" line="3" name="test_on_functions" time="0.0015797615051269531"></testcase><testcase classname="decopatch.tests.test_introspection_base" file="decopatch/tests/test_introspection_base.py" line="31" name="test_introspection[call_mode=0-isclass=False]" time="0.0019865036010742188"></testcase><testcase classname="decopatch.tests.test_introspection_base" file="decopatch/tests/test_introspection_base.py" line="31" name="test_introspection[call_mode=0-isclass=True]" time="0.0020134449005126953"></testcase><testcase classname="decopatch.tests.test_introspection_base" file="decopatch/tests/test_introspection_base.py" line="31" name="test_introspection[call_mode=1-isclass=False]" time="0.0018627643585205078"></testcase><testcase classname="decopatch.tests.test_introspection_base" file="decopatch/tests/test_introspection_base.py" line="31" name="test_introspection[call_mode=1-isclass=True]" time="0.0018715858459472656"></testcase><testcase classname="decopatch.tests.test_introspection_base" file="decopatch/tests/test_introspection_base.py" line="31" name="test_introspection[call_mode=2-isclass=False]" time="0.0017864704132080078"></testcase><testcase classname="decopatch.tests.test_introspection_base" file="decopatch/tests/test_introspection_base.py" line="31" name="test_introspection[call_mode=2-isclass=True]" time="0.002135753631591797"></testcase><testcase classname="decopatch.tests.test_issues" file="decopatch/tests/test_issues.py" line="7" name="test_notnamed_flat_mode_varpositional[position=0]" time="0.0023636817932128906"></testcase><testcase classname="decopatch.tests.test_issues" file="decopatch/tests/test_issues.py" line="7" name="test_notnamed_flat_mode_varpositional[position=1]" time="0.010572195053100586"></testcase><testcase classname="decopatch.tests.test_issues" file="decopatch/tests/test_issues.py" line="28" name="test_named_flat_mode_varpositional[position=0]" time="0.0025823116302490234"></testcase><testcase classname="decopatch.tests.test_issues" file="decopatch/tests/test_issues.py" line="28" name="test_named_flat_mode_varpositional[position=1]" time="0.002465486526489258"></testcase><testcase classname="decopatch.tests.test_issues" file="decopatch/tests/test_issues.py" line="50" name="test_disambiguation_during_binding" time="0.0017261505126953125"></testcase><testcase classname="decopatch.tests.test_issues" file="decopatch/tests/test_issues.py" line="62" name="test_varpositional" time="0.003365755081176758"></testcase><testcase classname="decopatch.tests.test_main2" file="decopatch/tests/test_main2.py" line="391" name="test_all[easy_0_args()_flatmode_kwonly=False-@replace_by_foo]" time="0.0023424625396728516"><system-out>Generated decorator : replace_by_foo(*_)
Calling it as @replace_by_foo
Expected SUCCESS

</system-out></testcase><testcase classname="decopatch.tests.test_main2" file="decopatch/tests/test_main2.py" line="391" name="test_all[easy_0_args()_flatmode_kwonly=False-@replace_by_foo()]" time="0.002511262893676758"><system-out>Generated decorator : replace_by_foo(*_)
Calling it as @replace_by_foo()
Expected SUCCESS

</system-out></testcase><testcase classname="decopatch.tests.test_main2" file="decopatch/tests/test_main2.py" line="391" name="test_all[easy_0_args()_flatmode_kwonly=False-@replace_by_foo(goo)]" time="0.002211332321166992"><system-out>Generated decorator : replace_by_foo(*_)
Calling it as @replace_by_foo(goo)
Expected ERROR: &apos;NotADecoratorError&apos; because We are not able to disambiguate but hopefully users will realize

</system-out></testcase><testcase classname="decopatch.tests.test_main2" file="decopatch/tests/test_main2.py" line="391" name="test_all[easy_0_args()_flatmode_kwonly=False-@replace_by_foo(&apos;hello&apos;)]" time="0.002406597137451172"><system-out>Generated decorator : replace_by_foo(*_)
Calling it as @replace_by_foo(&apos;hello&apos;)
Expected ERROR: &apos;TypeError&apos; because we correctly disambiguate by default since the argument is non-callable

</system-out></testcase><testcase classname="decopatch.tests.test_main2" file="decopatch/tests/test_main2.py" line="391" name="test_all[easy_0_args()_flatmode_kwonly=False-@replace_by_foo(DEFAULT_DUMMY_VALUE)]" time="0.002156972885131836"><system-out>Generated decorator : replace_by_foo(*_)
Calling it as @replace_by_foo(DEFAULT_DUMMY_VALUE)
Expected ERROR: &apos;TypeError&apos; because we correctly disambiguate by default since the argument is non-callable

</system-out></testcase><testcase classname="decopatch.tests.test_main2" file="decopatch/tests/test_main2.py" line="391" name="test_all[easy_0_args()_flatmode_kwonly=False-@replace_by_foo(replacement=goo)]" time="0.0021216869354248047"><system-out>Generated decorator : replace_by_foo(*_)
Calling it as @replace_by_foo(replacement=goo)
Expected ERROR: &apos;TypeError&apos; because python does not allow our decorator to be called with more than 1 positional, 

</system-out></testcase><testcase classname="decopatch.tests.test_main2" file="decopatch/tests/test_main2.py" line="391" name="test_all[easy_0_args()_flatmode_kwonly=False-@replace_by_foo(dummy=&apos;hello&apos;)]" time="0.0022530555725097656"><system-out>Generated decorator : replace_by_foo(*_)
Calling it as @replace_by_foo(dummy=&apos;hello&apos;)
Expected ERROR: &apos;TypeError&apos; because python does not allow our decorator to be called with more than 1 positional, 

</system-out></testcase><testcase classname="decopatch.tests.test_main2" file="decopatch/tests/test_main2.py" line="391" name="test_all[easy_0_args()_flatmode_kwonly=False-@replace_by_foo(dummy=DEFAULT_DUMMY_VALUE)]" time="0.0021867752075195312"><system-out>Generated decorator : replace_by_foo(*_)
Calling it as @replace_by_foo(dummy=DEFAULT_DUMMY_VALUE)
Expected ERROR: &apos;TypeError&apos; because python does not allow our decorator to be called with more than 1 positional, 

</system-out></testcase><testcase classname="decopatch.tests.test_main2" file="decopatch/tests/test_main2.py" line="391" name="test_all[easy_0_args()_flatmode_kwonly=False-@replace_by_foo(goo, &apos;hello&apos;)]" time="0.0022208690643310547"><system-out>Generated decorator : replace_by_foo(*_)
Calling it as @replace_by_foo(goo, &apos;hello&apos;)
Expected ERROR: &apos;TypeError&apos; because python does not allow our decorator to be called with more than 1 positional, 

</system-out></testcase><testcase classname="decopatch.tests.test_main2" file="decopatch/tests/test_main2.py" line="391" name="test_all[easy_0_args()_flatmode_kwonly=False-@replace_by_foo(&apos;hello&apos;, goo)]" time="0.002358675003051758"><system-out>Generated decorator : replace_by_foo(*_)
Calling it as @replace_by_foo(&apos;hello&apos;, goo)
Expected ERROR: &apos;TypeError&apos; because python does not allow our decorator to be called with more than 1 positional, 

</system-out></testcase><testcase classname="decopatch.tests.test_main2" file="decopatch/tests/test_main2.py" line="391" name="test_all[easy_0_args()_flatmode_kwonly=False-@replace_by_foo(goo, DEFAULT_DUMMY_VALUE)]" time="0.0024406909942626953"><system-out>Generated decorator : replace_by_foo(*_)
Calling it as @replace_by_foo(goo, DEFAULT_DUMMY_VALUE)
Expected ERROR: &apos;TypeError&apos; because python does not allow our decorator to be called with more than 1 positional, 

</system-out></testcase><testcase classname="decopatch.tests.test_main2" file="decopatch/tests/test_main2.py" line="391" name="test_all[easy_0_args()_flatmode_kwonly=False-@replace_by_foo(DEFAULT_DUMMY_VALUE, goo)]" time="0.002005338668823242"><system-out>Generated decorator : replace_by_foo(*_)
Calling it as @replace_by_foo(DEFAULT_DUMMY_VALUE, goo)
Expected ERROR: &apos;TypeError&apos; because python does not allow our decorator to be called with more than 1 positional, 

</system-out></testcase><testcase classname="decopatch.tests.test_main2" file="decopatch/tests/test_main2.py" line="391" name="test_all[easy_0_args()_flatmode_kwonly=True-@replace_by_foo]" time="0.002549409866333008"><system-out>Generated decorator : replace_by_foo(*_)
Calling it as @replace_by_foo
Expected SUCCESS

</system-out></testcase><testcase classname="decopatch.tests.test_main2" file="decopatch/tests/test_main2.py" line="391" name="test_all[easy_0_args()_flatmode_kwonly=True-@replace_by_foo()]" time="0.002640962600708008"><system-out>Generated decorator : replace_by_foo(*_)
Calling it as @replace_by_foo()
Expected SUCCESS

</system-out></testcase><testcase classname="decopatch.tests.test_main2" file="decopatch/tests/test_main2.py" line="391" name="test_all[easy_0_args()_flatmode_kwonly=True-@replace_by_foo(goo)]" time="0.0026597976684570312"><system-out>Generated decorator : replace_by_foo(*_)
Calling it as @replace_by_foo(goo)
Expected ERROR: &apos;NotADecoratorError&apos; because We are not able to disambiguate but hopefully users will realize

</system-out></testcase><testcase classname="decopatch.tests.test_main2" file="decopatch/tests/test_main2.py" line="391" name="test_all[easy_0_args()_flatmode_kwonly=True-@replace_by_foo(&apos;hello&apos;)]" time="0.002511739730834961"><system-out>Generated decorator : replace_by_foo(*_)
Calling it as @replace_by_foo(&apos;hello&apos;)
Expected ERROR: &apos;TypeError&apos; because we correctly disambiguate by default since the argument is non-callable

</system-out></testcase><testcase classname="decopatch.tests.test_main2" file="decopatch/tests/test_main2.py" line="391" name="test_all[easy_0_args()_flatmode_kwonly=True-@replace_by_foo(DEFAULT_DUMMY_VALUE)]" time="0.0024569034576416016"><system-out>Generated decorator : replace_by_foo(*_)
Calling it as @replace_by_foo(DEFAULT_DUMMY_VALUE)
Expected ERROR: &apos;TypeError&apos; because we correctly disambiguate by default since the argument is non-callable

</system-out></testcase><testcase classname="decopatch.tests.test_main2" file="decopatch/tests/test_main2.py" line="391" name="test_all[easy_0_args()_flatmode_kwonly=True-@replace_by_foo(replacement=goo)]" time="0.002857685089111328"><system-out>Generated decorator : replace_by_foo(*_)
Calling it as @replace_by_foo(replacement=goo)
Expected ERROR: &apos;TypeError&apos; because python does not allow our decorator to be called with more than 1 positional, 

</system-out></testcase><testcase classname="decopatch.tests.test_main2" file="decopatch/tests/test_main2.py" line="391" name="test_all[easy_0_args()_flatmode_kwonly=True-@replace_by_foo(dummy=&apos;hello&apos;)]" time="0.0026319026947021484"><system-out>Generated decorator : replace_by_foo(*_)
Calling it as @replace_by_foo(dummy=&apos;hello&apos;)
Expected ERROR: &apos;TypeError&apos; because python does not allow our decorator to be called with more than 1 positional, 

</system-out></testcase><testcase classname="decopatch.tests.test_main2" file="decopatch/tests/test_main2.py" line="391" name="test_all[easy_0_args()_flatmode_kwonly=True-@replace_by_foo(dummy=DEFAULT_DUMMY_VALUE)]" time="0.0027992725372314453"><system-out>Generated decorator : replace_by_foo(*_)
Calling it as @replace_by_foo(dummy=DEFAULT_DUMMY_VALUE)
Expected ERROR: &apos;TypeError&apos; because python does not allow our decorator to be called with more than 1 positional, 

</system-out></testcase><testcase classname="decopatch.tests.test_main2" file="decopatch/tests/test_main2.py" line="391" name="test_all[easy_0_args()_flatmode_kwonly=True-@replace_by_foo(goo, &apos;hello&apos;)]" time="0.0028519630432128906"><system-out>Generated decorator : replace_by_foo(*_)
Calling it as @replace_by_foo(goo, &apos;hello&apos;)
Expected ERROR: &apos;TypeError&apos; because python does not allow our decorator to be called with more than 1 positional, 

</system-out></testcase><testcase classname="decopatch.tests.test_main2" file="decopatch/tests/test_main2.py" line="391" name="test_all[easy_0_args()_flatmode_kwonly=True-@replace_by_foo(&apos;hello&apos;, goo)]" time="0.002735137939453125"><system-out>Generated decorator : replace_by_foo(*_)
Calling it as @replace_by_foo(&apos;hello&apos;, goo)
Expected ERROR: &apos;TypeError&apos; because python does not allow our decorator to be called with more than 1 positional, 

</system-out></testcase><testcase classname="decopatch.tests.test_main2" file="decopatch/tests/test_main2.py" line="391" name="test_all[easy_0_args()_flatmode_kwonly=True-@replace_by_foo(goo, DEFAULT_DUMMY_VALUE)]" time="0.002591848373413086"><system-out>Generated decorator : replace_by_foo(*_)
Calling it as @replace_by_foo(goo, DEFAULT_DUMMY_VALUE)
Expected ERROR: &apos;TypeError&apos; because python does not allow our decorator to be called with more than 1 positional, 

</system-out></testcase><testcase classname="decopatch.tests.test_main2" file="decopatch/tests/test_main2.py" line="391" name="test_all[easy_0_args()_flatmode_kwonly=True-@replace_by_foo(DEFAULT_DUMMY_VALUE, goo)]" time="0.0025751590728759766"><system-out>Generated decorator : replace_by_foo(*_)
Calling it as @replace_by_foo(DEFAULT_DUMMY_VALUE, goo)
Expected ERROR: &apos;TypeError&apos; because python does not allow our decorator to be called with more than 1 positional, 

</system-out></testcase><testcase classname="decopatch.tests.test_main2" file="decopatch/tests/test_main2.py" line="391" name="test_all[case_hard_varpositional-@replace_by_foo]" time="0.0028014183044433594"><system-out>Generated decorator : replace_by_foo(*args)
Calling it as @replace_by_foo
Expected SUCCESS

</system-out></testcase><testcase classname="decopatch.tests.test_main2" file="decopatch/tests/test_main2.py" line="391" name="test_all[case_hard_varpositional-@replace_by_foo()]" time="0.0023183822631835938"><system-out>Generated decorator : replace_by_foo(*args)
Calling it as @replace_by_foo()
Expected SUCCESS

</system-out></testcase><testcase classname="decopatch.tests.test_main2" file="decopatch/tests/test_main2.py" line="391" name="test_all[case_hard_varpositional-@replace_by_foo(goo)]" time="0.002360820770263672"><system-out>Generated decorator : replace_by_foo(*args)
Calling it as @replace_by_foo(goo)
Expected ERROR: &apos;NotADecoratorError&apos; because We are not able to disambiguate but hopefully users will realize

</system-out></testcase><testcase classname="decopatch.tests.test_main2" file="decopatch/tests/test_main2.py" line="391" name="test_all[case_hard_varpositional-@replace_by_foo(&apos;hello&apos;)]" time="0.0024166107177734375"><system-out>Generated decorator : replace_by_foo(*args)
Calling it as @replace_by_foo(&apos;hello&apos;)
Expected SUCCESS

</system-out></testcase><testcase classname="decopatch.tests.test_main2" file="decopatch/tests/test_main2.py" line="391" name="test_all[case_hard_varpositional-@replace_by_foo(DEFAULT_DUMMY_VALUE)]" time="0.0023288726806640625"><system-out>Generated decorator : replace_by_foo(*args)
Calling it as @replace_by_foo(DEFAULT_DUMMY_VALUE)
Expected SUCCESS

</system-out></testcase><testcase classname="decopatch.tests.test_main2" file="decopatch/tests/test_main2.py" line="391" name="test_all[case_hard_varpositional-@replace_by_foo(replacement=goo)]" time="0.002535104751586914"><system-out>Generated decorator : replace_by_foo(*args)
Calling it as @replace_by_foo(replacement=goo)
Expected ERROR: &apos;TypeError&apos; because decorator impl does not accept keyword args

</system-out></testcase><testcase classname="decopatch.tests.test_main2" file="decopatch/tests/test_main2.py" line="391" name="test_all[case_hard_varpositional-@replace_by_foo(dummy=&apos;hello&apos;)]" time="0.002624988555908203"><system-out>Generated decorator : replace_by_foo(*args)
Calling it as @replace_by_foo(dummy=&apos;hello&apos;)
Expected ERROR: &apos;TypeError&apos; because decorator impl does not accept keyword args

</system-out></testcase><testcase classname="decopatch.tests.test_main2" file="decopatch/tests/test_main2.py" line="391" name="test_all[case_hard_varpositional-@replace_by_foo(dummy=DEFAULT_DUMMY_VALUE)]" time="0.002943754196166992"><system-out>Generated decorator : replace_by_foo(*args)
Calling it as @replace_by_foo(dummy=DEFAULT_DUMMY_VALUE)
Expected ERROR: &apos;TypeError&apos; because decorator impl does not accept keyword args

</system-out></testcase><testcase classname="decopatch.tests.test_main2" file="decopatch/tests/test_main2.py" line="391" name="test_all[case_hard_varpositional-@replace_by_foo(goo, &apos;hello&apos;)]" time="0.002580404281616211"><system-out>Generated decorator : replace_by_foo(*args)
Calling it as @replace_by_foo(goo, &apos;hello&apos;)
Expected SUCCESS

</system-out></testcase><testcase classname="decopatch.tests.test_main2" file="decopatch/tests/test_main2.py" line="391" name="test_all[case_hard_varpositional-@replace_by_foo(&apos;hello&apos;, goo)]" time="0.0024576187133789062"><system-out>Generated decorator : replace_by_foo(*args)
Calling it as @replace_by_foo(&apos;hello&apos;, goo)
Expected SUCCESS

</system-out></testcase><testcase classname="decopatch.tests.test_main2" file="decopatch/tests/test_main2.py" line="391" name="test_all[case_hard_varpositional-@replace_by_foo(goo, DEFAULT_DUMMY_VALUE)]" time="0.0023496150970458984"><system-out>Generated decorator : replace_by_foo(*args)
Calling it as @replace_by_foo(goo, DEFAULT_DUMMY_VALUE)
Expected SUCCESS

</system-out></testcase><testcase classname="decopatch.tests.test_main2" file="decopatch/tests/test_main2.py" line="391" name="test_all[case_hard_varpositional-@replace_by_foo(DEFAULT_DUMMY_VALUE, goo)]" time="0.0024175643920898438"><system-out>Generated decorator : replace_by_foo(*args)
Calling it as @replace_by_foo(DEFAULT_DUMMY_VALUE, goo)
Expected SUCCESS

</system-out></testcase><testcase classname="decopatch.tests.test_main2" file="decopatch/tests/test_main2.py" line="391" name="test_all[default_1m_arg(dummy)-@replace_by_foo]" time="0.0022165775299072266"><system-out>Generated decorator : replace_by_foo(dummy)
Calling it as @replace_by_foo
Expected ERROR: &apos;InvalidMandatoryArgError&apos; because a no-parenthesis usage will be declared by the default disambiguator or the stack introspecter as decorated target

</system-out></testcase><testcase classname="decopatch.tests.test_main2" file="decopatch/tests/test_main2.py" line="391" name="test_all[default_1m_arg(dummy)-@replace_by_foo()]" time="0.0022096633911132812"><system-out>Generated decorator : replace_by_foo(dummy)
Calling it as @replace_by_foo()
Expected ERROR: &apos;TypeError&apos; because python does not allow f() if f has 1 mandatory arg

</system-out></testcase><testcase classname="decopatch.tests.test_main2" file="decopatch/tests/test_main2.py" line="391" name="test_all[default_1m_arg(dummy)-@replace_by_foo(goo)]" time="0.0025467872619628906"><system-out>Generated decorator : replace_by_foo(dummy)
Calling it as @replace_by_foo(goo)
Expected ERROR: &apos;InvalidMandatoryArgError&apos; because calling with a single positional callablewill be declared by the default disambiguator or the stack introspecter as decorated target, andtherefore it will say that there is something missing

</system-out></testcase><testcase classname="decopatch.tests.test_main2" file="decopatch/tests/test_main2.py" line="391" name="test_all[default_1m_arg(dummy)-@replace_by_foo(&apos;hello&apos;)]" time="0.002095460891723633"><system-out>Generated decorator : replace_by_foo(dummy)
Calling it as @replace_by_foo(&apos;hello&apos;)
Expected SUCCESS

</system-out></testcase><testcase classname="decopatch.tests.test_main2" file="decopatch/tests/test_main2.py" line="391" name="test_all[default_1m_arg(dummy)-@replace_by_foo(DEFAULT_DUMMY_VALUE)]" time="0.0021820068359375"><system-out>Generated decorator : replace_by_foo(dummy)
Calling it as @replace_by_foo(DEFAULT_DUMMY_VALUE)
Expected SUCCESS

</system-out></testcase><testcase classname="decopatch.tests.test_main2" file="decopatch/tests/test_main2.py" line="391" name="test_all[default_1m_arg(dummy)-@replace_by_foo(replacement=goo)]" time="0.0021636486053466797"><skipped message="decorator impl does not have a &apos;replacement&apos; arg" type="pytest.skip">/home/travis/build/smarie/python-decopatch/decopatch/tests/test_main2.py:409: decorator impl does not have a &apos;replacement&apos; arg</skipped><system-out>Generated decorator : replace_by_foo(dummy)
Calling it as @replace_by_foo(replacement=goo)
</system-out><system-out>Generated decorator : replace_by_foo(dummy)
Calling it as @replace_by_foo(replacement=goo)
</system-out></testcase><testcase classname="decopatch.tests.test_main2" file="decopatch/tests/test_main2.py" line="391" name="test_all[default_1m_arg(dummy)-@replace_by_foo(dummy=&apos;hello&apos;)]" time="0.0020732879638671875"><system-out>Generated decorator : replace_by_foo(dummy)
Calling it as @replace_by_foo(dummy=&apos;hello&apos;)
Expected SUCCESS

</system-out></testcase><testcase classname="decopatch.tests.test_main2" file="decopatch/tests/test_main2.py" line="391" name="test_all[default_1m_arg(dummy)-@replace_by_foo(dummy=DEFAULT_DUMMY_VALUE)]" time="0.002105236053466797"><system-out>Generated decorator : replace_by_foo(dummy)
Calling it as @replace_by_foo(dummy=DEFAULT_DUMMY_VALUE)
Expected SUCCESS

</system-out></testcase><testcase classname="decopatch.tests.test_main2" file="decopatch/tests/test_main2.py" line="391" name="test_all[default_1m_arg(dummy)-@replace_by_foo(goo, &apos;hello&apos;)]" time="0.002397775650024414"><system-out>Generated decorator : replace_by_foo(dummy)
Calling it as @replace_by_foo(goo, &apos;hello&apos;)
Expected ERROR: &apos;TypeError&apos; because python does not allow 2 args if f has 1 arg

</system-out></testcase><testcase classname="decopatch.tests.test_main2" file="decopatch/tests/test_main2.py" line="391" name="test_all[default_1m_arg(dummy)-@replace_by_foo(&apos;hello&apos;, goo)]" time="0.0021491050720214844"><system-out>Generated decorator : replace_by_foo(dummy)
Calling it as @replace_by_foo(&apos;hello&apos;, goo)
Expected ERROR: &apos;TypeError&apos; because python does not allow 2 args if f has 1 arg

</system-out></testcase><testcase classname="decopatch.tests.test_main2" file="decopatch/tests/test_main2.py" line="391" name="test_all[default_1m_arg(dummy)-@replace_by_foo(goo, DEFAULT_DUMMY_VALUE)]" time="0.0022008419036865234"><system-out>Generated decorator : replace_by_foo(dummy)
Calling it as @replace_by_foo(goo, DEFAULT_DUMMY_VALUE)
Expected ERROR: &apos;TypeError&apos; because python does not allow 2 args if f has 1 arg

</system-out></testcase><testcase classname="decopatch.tests.test_main2" file="decopatch/tests/test_main2.py" line="391" name="test_all[default_1m_arg(dummy)-@replace_by_foo(DEFAULT_DUMMY_VALUE, goo)]" time="0.0021352767944335938"><system-out>Generated decorator : replace_by_foo(dummy)
Calling it as @replace_by_foo(DEFAULT_DUMMY_VALUE, goo)
Expected ERROR: &apos;TypeError&apos; because python does not allow 2 args if f has 1 arg

</system-out></testcase><testcase classname="decopatch.tests.test_main2" file="decopatch/tests/test_main2.py" line="391" name="test_all[introspection_1m_arg(dummy)-@replace_by_foo]" time="0.0023174285888671875"><system-out>Generated decorator : replace_by_foo(dummy)
Calling it as @replace_by_foo
Expected ERROR: &apos;InvalidMandatoryArgError&apos; because a no-parenthesis usage will be declared by the default disambiguator or the stack introspecter as decorated target

</system-out></testcase><testcase classname="decopatch.tests.test_main2" file="decopatch/tests/test_main2.py" line="391" name="test_all[introspection_1m_arg(dummy)-@replace_by_foo()]" time="0.002378225326538086"><system-out>Generated decorator : replace_by_foo(dummy)
Calling it as @replace_by_foo()
Expected ERROR: &apos;TypeError&apos; because python does not allow f() if f has 1 mandatory arg

</system-out></testcase><testcase classname="decopatch.tests.test_main2" file="decopatch/tests/test_main2.py" line="391" name="test_all[introspection_1m_arg(dummy)-@replace_by_foo(goo)]" time="0.002692699432373047"><system-out>Generated decorator : replace_by_foo(dummy)
Calling it as @replace_by_foo(goo)
Expected ERROR: &apos;AssertionError&apos; because The stack introspector will work correctly. So the decorated functionwill be replaced by foo. Which is not`goo`

</system-out></testcase><testcase classname="decopatch.tests.test_main2" file="decopatch/tests/test_main2.py" line="391" name="test_all[introspection_1m_arg(dummy)-@replace_by_foo(&apos;hello&apos;)]" time="0.002114534378051758"><system-out>Generated decorator : replace_by_foo(dummy)
Calling it as @replace_by_foo(&apos;hello&apos;)
Expected SUCCESS

</system-out></testcase><testcase classname="decopatch.tests.test_main2" file="decopatch/tests/test_main2.py" line="391" name="test_all[introspection_1m_arg(dummy)-@replace_by_foo(DEFAULT_DUMMY_VALUE)]" time="0.0021028518676757812"><system-out>Generated decorator : replace_by_foo(dummy)
Calling it as @replace_by_foo(DEFAULT_DUMMY_VALUE)
Expected SUCCESS

</system-out></testcase><testcase classname="decopatch.tests.test_main2" file="decopatch/tests/test_main2.py" line="391" name="test_all[introspection_1m_arg(dummy)-@replace_by_foo(replacement=goo)]" time="0.003788471221923828"><skipped message="decorator impl does not have a &apos;replacement&apos; arg" type="pytest.skip">/home/travis/build/smarie/python-decopatch/decopatch/tests/test_main2.py:409: decorator impl does not have a &apos;replacement&apos; arg</skipped><system-out>Generated decorator : replace_by_foo(dummy)
Calling it as @replace_by_foo(replacement=goo)
</system-out><system-out>Generated decorator : replace_by_foo(dummy)
Calling it as @replace_by_foo(replacement=goo)
</system-out></testcase><testcase classname="decopatch.tests.test_main2" file="decopatch/tests/test_main2.py" line="391" name="test_all[introspection_1m_arg(dummy)-@replace_by_foo(dummy=&apos;hello&apos;)]" time="0.00212860107421875"><system-out>Generated decorator : replace_by_foo(dummy)
Calling it as @replace_by_foo(dummy=&apos;hello&apos;)
Expected SUCCESS

</system-out></testcase><testcase classname="decopatch.tests.test_main2" file="decopatch/tests/test_main2.py" line="391" name="test_all[introspection_1m_arg(dummy)-@replace_by_foo(dummy=DEFAULT_DUMMY_VALUE)]" time="0.002150297164916992"><system-out>Generated decorator : replace_by_foo(dummy)
Calling it as @replace_by_foo(dummy=DEFAULT_DUMMY_VALUE)
Expected SUCCESS

</system-out></testcase><testcase classname="decopatch.tests.test_main2" file="decopatch/tests/test_main2.py" line="391" name="test_all[introspection_1m_arg(dummy)-@replace_by_foo(goo, &apos;hello&apos;)]" time="0.002202749252319336"><system-out>Generated decorator : replace_by_foo(dummy)
Calling it as @replace_by_foo(goo, &apos;hello&apos;)
Expected ERROR: &apos;TypeError&apos; because python does not allow 2 args if f has 1 arg

</system-out></testcase><testcase classname="decopatch.tests.test_main2" file="decopatch/tests/test_main2.py" line="391" name="test_all[introspection_1m_arg(dummy)-@replace_by_foo(&apos;hello&apos;, goo)]" time="0.0021457672119140625"><system-out>Generated decorator : replace_by_foo(dummy)
Calling it as @replace_by_foo(&apos;hello&apos;, goo)
Expected ERROR: &apos;TypeError&apos; because python does not allow 2 args if f has 1 arg

</system-out></testcase><testcase classname="decopatch.tests.test_main2" file="decopatch/tests/test_main2.py" line="391" name="test_all[introspection_1m_arg(dummy)-@replace_by_foo(goo, DEFAULT_DUMMY_VALUE)]" time="0.0020329952239990234"><system-out>Generated decorator : replace_by_foo(dummy)
Calling it as @replace_by_foo(goo, DEFAULT_DUMMY_VALUE)
Expected ERROR: &apos;TypeError&apos; because python does not allow 2 args if f has 1 arg

</system-out></testcase><testcase classname="decopatch.tests.test_main2" file="decopatch/tests/test_main2.py" line="391" name="test_all[introspection_1m_arg(dummy)-@replace_by_foo(DEFAULT_DUMMY_VALUE, goo)]" time="0.002347707748413086"><system-out>Generated decorator : replace_by_foo(dummy)
Calling it as @replace_by_foo(DEFAULT_DUMMY_VALUE, goo)
Expected ERROR: &apos;TypeError&apos; because python does not allow 2 args if f has 1 arg

</system-out></testcase><testcase classname="decopatch.tests.test_main2" file="decopatch/tests/test_main2.py" line="391" name="test_all[protected(default)_1m_arg(replacement)_kwonly=False-@replace_by_foo]" time="0.002070188522338867"><system-out>Generated decorator : replace_by_foo(replacement)
Calling it as @replace_by_foo
Expected ERROR: &apos;InvalidMandatoryArgError&apos; because using the decorator without parenthesis mimics usage with a single arg.

</system-out></testcase><testcase classname="decopatch.tests.test_main2" file="decopatch/tests/test_main2.py" line="391" name="test_all[protected(default)_1m_arg(replacement)_kwonly=False-@replace_by_foo()]" time="0.002084970474243164"><system-out>Generated decorator : replace_by_foo(replacement)
Calling it as @replace_by_foo()
Expected ERROR: &apos;TypeError&apos; because python does not allow f() if f has 1 mandatory arg

</system-out></testcase><testcase classname="decopatch.tests.test_main2" file="decopatch/tests/test_main2.py" line="391" name="test_all[protected(default)_1m_arg(replacement)_kwonly=False-@replace_by_foo(goo)]" time="0.002161741256713867"><system-out>Generated decorator : replace_by_foo(replacement)
Calling it as @replace_by_foo(goo)
Expected ERROR: &apos;InvalidMandatoryArgError&apos; because calling a decorator with a callable as first and only non-default argument leads by default to an error

</system-out></testcase><testcase classname="decopatch.tests.test_main2" file="decopatch/tests/test_main2.py" line="391" name="test_all[protected(default)_1m_arg(replacement)_kwonly=False-@replace_by_foo(&apos;hello&apos;)]" time="0.002167224884033203"><skipped message="This decorator does not access a noncallable positional arg" type="pytest.skip">/home/travis/build/smarie/python-decopatch/decopatch/tests/test_main2.py:409: This decorator does not access a noncallable positional arg</skipped><system-out>Generated decorator : replace_by_foo(replacement)
Calling it as @replace_by_foo(&apos;hello&apos;)
</system-out><system-out>Generated decorator : replace_by_foo(replacement)
Calling it as @replace_by_foo(&apos;hello&apos;)
</system-out></testcase><testcase classname="decopatch.tests.test_main2" file="decopatch/tests/test_main2.py" line="391" name="test_all[protected(default)_1m_arg(replacement)_kwonly=False-@replace_by_foo(DEFAULT_DUMMY_VALUE)]" time="0.002528667449951172"><skipped message="This decorator does not access a noncallable positional arg" type="pytest.skip">/home/travis/build/smarie/python-decopatch/decopatch/tests/test_main2.py:409: This decorator does not access a noncallable positional arg</skipped><system-out>Generated decorator : replace_by_foo(replacement)
Calling it as @replace_by_foo(DEFAULT_DUMMY_VALUE)
</system-out><system-out>Generated decorator : replace_by_foo(replacement)
Calling it as @replace_by_foo(DEFAULT_DUMMY_VALUE)
</system-out></testcase><testcase classname="decopatch.tests.test_main2" file="decopatch/tests/test_main2.py" line="391" name="test_all[protected(default)_1m_arg(replacement)_kwonly=False-@replace_by_foo(replacement=goo)]" time="0.0022215843200683594"><system-out>Generated decorator : replace_by_foo(replacement)
Calling it as @replace_by_foo(replacement=goo)
Expected SUCCESS

</system-out></testcase><testcase classname="decopatch.tests.test_main2" file="decopatch/tests/test_main2.py" line="391" name="test_all[protected(default)_1m_arg(replacement)_kwonly=False-@replace_by_foo(dummy=&apos;hello&apos;)]" time="0.0021209716796875"><skipped message="decorator impl does not have a &apos;dummy&apos; arg" type="pytest.skip">/home/travis/build/smarie/python-decopatch/decopatch/tests/test_main2.py:409: decorator impl does not have a &apos;dummy&apos; arg</skipped><system-out>Generated decorator : replace_by_foo(replacement)
Calling it as @replace_by_foo(dummy=&apos;hello&apos;)
</system-out><system-out>Generated decorator : replace_by_foo(replacement)
Calling it as @replace_by_foo(dummy=&apos;hello&apos;)
</system-out></testcase><testcase classname="decopatch.tests.test_main2" file="decopatch/tests/test_main2.py" line="391" name="test_all[protected(default)_1m_arg(replacement)_kwonly=False-@replace_by_foo(dummy=DEFAULT_DUMMY_VALUE)]" time="0.0020902156829833984"><skipped message="decorator impl does not have a &apos;dummy&apos; arg" type="pytest.skip">/home/travis/build/smarie/python-decopatch/decopatch/tests/test_main2.py:409: decorator impl does not have a &apos;dummy&apos; arg</skipped><system-out>Generated decorator : replace_by_foo(replacement)
Calling it as @replace_by_foo(dummy=DEFAULT_DUMMY_VALUE)
</system-out><system-out>Generated decorator : replace_by_foo(replacement)
Calling it as @replace_by_foo(dummy=DEFAULT_DUMMY_VALUE)
</system-out></testcase><testcase classname="decopatch.tests.test_main2" file="decopatch/tests/test_main2.py" line="391" name="test_all[protected(default)_1m_arg(replacement)_kwonly=False-@replace_by_foo(goo, &apos;hello&apos;)]" time="0.002293825149536133"><system-out>Generated decorator : replace_by_foo(replacement)
Calling it as @replace_by_foo(goo, &apos;hello&apos;)
Expected ERROR: &apos;TypeError&apos; because python does not allow 2 args if f has 1 arg

</system-out></testcase><testcase classname="decopatch.tests.test_main2" file="decopatch/tests/test_main2.py" line="391" name="test_all[protected(default)_1m_arg(replacement)_kwonly=False-@replace_by_foo(&apos;hello&apos;, goo)]" time="0.0019621849060058594"><system-out>Generated decorator : replace_by_foo(replacement)
Calling it as @replace_by_foo(&apos;hello&apos;, goo)
Expected ERROR: &apos;TypeError&apos; because python does not allow 2 args if f has 1 arg

</system-out></testcase><testcase classname="decopatch.tests.test_main2" file="decopatch/tests/test_main2.py" line="391" name="test_all[protected(default)_1m_arg(replacement)_kwonly=False-@replace_by_foo(goo, DEFAULT_DUMMY_VALUE)]" time="0.0021851062774658203"><system-out>Generated decorator : replace_by_foo(replacement)
Calling it as @replace_by_foo(goo, DEFAULT_DUMMY_VALUE)
Expected ERROR: &apos;TypeError&apos; because python does not allow 2 args if f has 1 arg

</system-out></testcase><testcase classname="decopatch.tests.test_main2" file="decopatch/tests/test_main2.py" line="391" name="test_all[protected(default)_1m_arg(replacement)_kwonly=False-@replace_by_foo(DEFAULT_DUMMY_VALUE, goo)]" time="0.0021135807037353516"><system-out>Generated decorator : replace_by_foo(replacement)
Calling it as @replace_by_foo(DEFAULT_DUMMY_VALUE, goo)
Expected ERROR: &apos;TypeError&apos; because python does not allow 2 args if f has 1 arg

</system-out></testcase><testcase classname="decopatch.tests.test_main2" file="decopatch/tests/test_main2.py" line="391" name="test_all[protected(default)_1m_arg(replacement)_kwonly=True-@replace_by_foo]" time="0.002237081527709961"><system-out>Generated decorator : replace_by_foo(replacement)
Calling it as @replace_by_foo
Expected ERROR: &apos;InvalidMandatoryArgError&apos; because using the decorator without parenthesis mimics usage with a single arg.

</system-out></testcase><testcase classname="decopatch.tests.test_main2" file="decopatch/tests/test_main2.py" line="391" name="test_all[protected(default)_1m_arg(replacement)_kwonly=True-@replace_by_foo()]" time="0.0022439956665039062"><system-out>Generated decorator : replace_by_foo(replacement)
Calling it as @replace_by_foo()
Expected ERROR: &apos;TypeError&apos; because python does not allow f() if f has 1 mandatory arg

</system-out></testcase><testcase classname="decopatch.tests.test_main2" file="decopatch/tests/test_main2.py" line="391" name="test_all[protected(default)_1m_arg(replacement)_kwonly=True-@replace_by_foo(goo)]" time="0.0021903514862060547"><system-out>Generated decorator : replace_by_foo(replacement)
Calling it as @replace_by_foo(goo)
Expected ERROR: &apos;InvalidMandatoryArgError&apos; because calling a decorator with a callable as first and only non-default argument leads by default to an error

</system-out></testcase><testcase classname="decopatch.tests.test_main2" file="decopatch/tests/test_main2.py" line="391" name="test_all[protected(default)_1m_arg(replacement)_kwonly=True-@replace_by_foo(&apos;hello&apos;)]" time="0.0020797252655029297"><skipped message="This decorator does not access a noncallable positional arg" type="pytest.skip">/home/travis/build/smarie/python-decopatch/decopatch/tests/test_main2.py:409: This decorator does not access a noncallable positional arg</skipped><system-out>Generated decorator : replace_by_foo(replacement)
Calling it as @replace_by_foo(&apos;hello&apos;)
</system-out><system-out>Generated decorator : replace_by_foo(replacement)
Calling it as @replace_by_foo(&apos;hello&apos;)
</system-out></testcase><testcase classname="decopatch.tests.test_main2" file="decopatch/tests/test_main2.py" line="391" name="test_all[protected(default)_1m_arg(replacement)_kwonly=True-@replace_by_foo(DEFAULT_DUMMY_VALUE)]" time="0.0023963451385498047"><skipped message="This decorator does not access a noncallable positional arg" type="pytest.skip">/home/travis/build/smarie/python-decopatch/decopatch/tests/test_main2.py:409: This decorator does not access a noncallable positional arg</skipped><system-out>Generated decorator : replace_by_foo(replacement)
Calling it as @replace_by_foo(DEFAULT_DUMMY_VALUE)
</system-out><system-out>Generated decorator : replace_by_foo(replacement)
Calling it as @replace_by_foo(DEFAULT_DUMMY_VALUE)
</system-out></testcase><testcase classname="decopatch.tests.test_main2" file="decopatch/tests/test_main2.py" line="391" name="test_all[protected(default)_1m_arg(replacement)_kwonly=True-@replace_by_foo(replacement=goo)]" time="0.0021088123321533203"><system-out>Generated decorator : replace_by_foo(replacement)
Calling it as @replace_by_foo(replacement=goo)
Expected SUCCESS

</system-out></testcase><testcase classname="decopatch.tests.test_main2" file="decopatch/tests/test_main2.py" line="391" name="test_all[protected(default)_1m_arg(replacement)_kwonly=True-@replace_by_foo(dummy=&apos;hello&apos;)]" time="0.0021147727966308594"><skipped message="decorator impl does not have a &apos;dummy&apos; arg" type="pytest.skip">/home/travis/build/smarie/python-decopatch/decopatch/tests/test_main2.py:409: decorator impl does not have a &apos;dummy&apos; arg</skipped><system-out>Generated decorator : replace_by_foo(replacement)
Calling it as @replace_by_foo(dummy=&apos;hello&apos;)
</system-out><system-out>Generated decorator : replace_by_foo(replacement)
Calling it as @replace_by_foo(dummy=&apos;hello&apos;)
</system-out></testcase><testcase classname="decopatch.tests.test_main2" file="decopatch/tests/test_main2.py" line="391" name="test_all[protected(default)_1m_arg(replacement)_kwonly=True-@replace_by_foo(dummy=DEFAULT_DUMMY_VALUE)]" time="0.002099752426147461"><skipped message="decorator impl does not have a &apos;dummy&apos; arg" type="pytest.skip">/home/travis/build/smarie/python-decopatch/decopatch/tests/test_main2.py:409: decorator impl does not have a &apos;dummy&apos; arg</skipped><system-out>Generated decorator : replace_by_foo(replacement)
Calling it as @replace_by_foo(dummy=DEFAULT_DUMMY_VALUE)
</system-out><system-out>Generated decorator : replace_by_foo(replacement)
Calling it as @replace_by_foo(dummy=DEFAULT_DUMMY_VALUE)
</system-out></testcase><testcase classname="decopatch.tests.test_main2" file="decopatch/tests/test_main2.py" line="391" name="test_all[protected(default)_1m_arg(replacement)_kwonly=True-@replace_by_foo(goo, &apos;hello&apos;)]" time="0.0025272369384765625"><system-out>Generated decorator : replace_by_foo(replacement)
Calling it as @replace_by_foo(goo, &apos;hello&apos;)
Expected ERROR: &apos;TypeError&apos; because python does not allow 2 args if f has 1 arg

</system-out></testcase><testcase classname="decopatch.tests.test_main2" file="decopatch/tests/test_main2.py" line="391" name="test_all[protected(default)_1m_arg(replacement)_kwonly=True-@replace_by_foo(&apos;hello&apos;, goo)]" time="0.0022153854370117188"><system-out>Generated decorator : replace_by_foo(replacement)
Calling it as @replace_by_foo(&apos;hello&apos;, goo)
Expected ERROR: &apos;TypeError&apos; because python does not allow 2 args if f has 1 arg

</system-out></testcase><testcase classname="decopatch.tests.test_main2" file="decopatch/tests/test_main2.py" line="391" name="test_all[protected(default)_1m_arg(replacement)_kwonly=True-@replace_by_foo(goo, DEFAULT_DUMMY_VALUE)]" time="0.0022356510162353516"><system-out>Generated decorator : replace_by_foo(replacement)
Calling it as @replace_by_foo(goo, DEFAULT_DUMMY_VALUE)
Expected ERROR: &apos;TypeError&apos; because python does not allow 2 args if f has 1 arg

</system-out></testcase><testcase classname="decopatch.tests.test_main2" file="decopatch/tests/test_main2.py" line="391" name="test_all[protected(default)_1m_arg(replacement)_kwonly=True-@replace_by_foo(DEFAULT_DUMMY_VALUE, goo)]" time="0.002266407012939453"><system-out>Generated decorator : replace_by_foo(replacement)
Calling it as @replace_by_foo(DEFAULT_DUMMY_VALUE, goo)
Expected ERROR: &apos;TypeError&apos; because python does not allow 2 args if f has 1 arg

</system-out></testcase><testcase classname="decopatch.tests.test_main2" file="decopatch/tests/test_main2.py" line="391" name="test_all[protected(explicit)_1m_arg(replacement)_kwonly=False-@replace_by_foo]" time="0.0023224353790283203"><system-out>Generated decorator : replace_by_foo(replacement)
Calling it as @replace_by_foo
Expected ERROR: &apos;InvalidMandatoryArgError&apos; because a no-parenthesis usage will be declared by the disambiguator as decorated target

</system-out></testcase><testcase classname="decopatch.tests.test_main2" file="decopatch/tests/test_main2.py" line="391" name="test_all[protected(explicit)_1m_arg(replacement)_kwonly=False-@replace_by_foo()]" time="0.002185344696044922"><system-out>Generated decorator : replace_by_foo(replacement)
Calling it as @replace_by_foo()
Expected ERROR: &apos;TypeError&apos; because python does not allow f() if f has 1 mandatory arg

</system-out></testcase><testcase classname="decopatch.tests.test_main2" file="decopatch/tests/test_main2.py" line="391" name="test_all[protected(explicit)_1m_arg(replacement)_kwonly=False-@replace_by_foo(goo)]" time="0.0021622180938720703"><system-out>Generated decorator : replace_by_foo(replacement)
Calling it as @replace_by_foo(goo)
Expected SUCCESS

</system-out></testcase><testcase classname="decopatch.tests.test_main2" file="decopatch/tests/test_main2.py" line="391" name="test_all[protected(explicit)_1m_arg(replacement)_kwonly=False-@replace_by_foo(&apos;hello&apos;)]" time="0.002141237258911133"><skipped message="This decorator does not access a noncallable positional arg" type="pytest.skip">/home/travis/build/smarie/python-decopatch/decopatch/tests/test_main2.py:409: This decorator does not access a noncallable positional arg</skipped><system-out>Generated decorator : replace_by_foo(replacement)
Calling it as @replace_by_foo(&apos;hello&apos;)
</system-out><system-out>Generated decorator : replace_by_foo(replacement)
Calling it as @replace_by_foo(&apos;hello&apos;)
</system-out></testcase><testcase classname="decopatch.tests.test_main2" file="decopatch/tests/test_main2.py" line="391" name="test_all[protected(explicit)_1m_arg(replacement)_kwonly=False-@replace_by_foo(DEFAULT_DUMMY_VALUE)]" time="0.0021522045135498047"><skipped message="This decorator does not access a noncallable positional arg" type="pytest.skip">/home/travis/build/smarie/python-decopatch/decopatch/tests/test_main2.py:409: This decorator does not access a noncallable positional arg</skipped><system-out>Generated decorator : replace_by_foo(replacement)
Calling it as @replace_by_foo(DEFAULT_DUMMY_VALUE)
</system-out><system-out>Generated decorator : replace_by_foo(replacement)
Calling it as @replace_by_foo(DEFAULT_DUMMY_VALUE)
</system-out></testcase><testcase classname="decopatch.tests.test_main2" file="decopatch/tests/test_main2.py" line="391" name="test_all[protected(explicit)_1m_arg(replacement)_kwonly=False-@replace_by_foo(replacement=goo)]" time="0.002302408218383789"><system-out>Generated decorator : replace_by_foo(replacement)
Calling it as @replace_by_foo(replacement=goo)
Expected SUCCESS

</system-out></testcase><testcase classname="decopatch.tests.test_main2" file="decopatch/tests/test_main2.py" line="391" name="test_all[protected(explicit)_1m_arg(replacement)_kwonly=False-@replace_by_foo(dummy=&apos;hello&apos;)]" time="0.0021169185638427734"><skipped message="decorator impl does not have a &apos;dummy&apos; arg" type="pytest.skip">/home/travis/build/smarie/python-decopatch/decopatch/tests/test_main2.py:409: decorator impl does not have a &apos;dummy&apos; arg</skipped><system-out>Generated decorator : replace_by_foo(replacement)
Calling it as @replace_by_foo(dummy=&apos;hello&apos;)
</system-out><system-out>Generated decorator : replace_by_foo(replacement)
Calling it as @replace_by_foo(dummy=&apos;hello&apos;)
</system-out></testcase><testcase classname="decopatch.tests.test_main2" file="decopatch/tests/test_main2.py" line="391" name="test_all[protected(explicit)_1m_arg(replacement)_kwonly=False-@replace_by_foo(dummy=DEFAULT_DUMMY_VALUE)]" time="0.0021409988403320312"><skipped message="decorator impl does not have a &apos;dummy&apos; arg" type="pytest.skip">/home/travis/build/smarie/python-decopatch/decopatch/tests/test_main2.py:409: decorator impl does not have a &apos;dummy&apos; arg</skipped><system-out>Generated decorator : replace_by_foo(replacement)
Calling it as @replace_by_foo(dummy=DEFAULT_DUMMY_VALUE)
</system-out><system-out>Generated decorator : replace_by_foo(replacement)
Calling it as @replace_by_foo(dummy=DEFAULT_DUMMY_VALUE)
</system-out></testcase><testcase classname="decopatch.tests.test_main2" file="decopatch/tests/test_main2.py" line="391" name="test_all[protected(explicit)_1m_arg(replacement)_kwonly=False-@replace_by_foo(goo, &apos;hello&apos;)]" time="0.0022933483123779297"><system-out>Generated decorator : replace_by_foo(replacement)
Calling it as @replace_by_foo(goo, &apos;hello&apos;)
Expected ERROR: &apos;TypeError&apos; because python does not allow 2 args if f has 1 arg

</system-out></testcase><testcase classname="decopatch.tests.test_main2" file="decopatch/tests/test_main2.py" line="391" name="test_all[protected(explicit)_1m_arg(replacement)_kwonly=False-@replace_by_foo(&apos;hello&apos;, goo)]" time="0.002286195755004883"><system-out>Generated decorator : replace_by_foo(replacement)
Calling it as @replace_by_foo(&apos;hello&apos;, goo)
Expected ERROR: &apos;TypeError&apos; because python does not allow 2 args if f has 1 arg

</system-out></testcase><testcase classname="decopatch.tests.test_main2" file="decopatch/tests/test_main2.py" line="391" name="test_all[protected(explicit)_1m_arg(replacement)_kwonly=False-@replace_by_foo(goo, DEFAULT_DUMMY_VALUE)]" time="0.0014345645904541016"><system-out>Generated decorator : replace_by_foo(replacement)
Calling it as @replace_by_foo(goo, DEFAULT_DUMMY_VALUE)
Expected ERROR: &apos;TypeError&apos; because python does not allow 2 args if f has 1 arg

</system-out></testcase><testcase classname="decopatch.tests.test_main2" file="decopatch/tests/test_main2.py" line="391" name="test_all[protected(explicit)_1m_arg(replacement)_kwonly=False-@replace_by_foo(DEFAULT_DUMMY_VALUE, goo)]" time="0.002189159393310547"><system-out>Generated decorator : replace_by_foo(replacement)
Calling it as @replace_by_foo(DEFAULT_DUMMY_VALUE, goo)
Expected ERROR: &apos;TypeError&apos; because python does not allow 2 args if f has 1 arg

</system-out></testcase><testcase classname="decopatch.tests.test_main2" file="decopatch/tests/test_main2.py" line="391" name="test_all[protected(explicit)_1m_arg(replacement)_kwonly=True-@replace_by_foo]" time="0.002288818359375"><system-out>Generated decorator : replace_by_foo(replacement)
Calling it as @replace_by_foo
Expected ERROR: &apos;InvalidMandatoryArgError&apos; because a no-parenthesis usage will be declared by the disambiguator as decorated target

</system-out></testcase><testcase classname="decopatch.tests.test_main2" file="decopatch/tests/test_main2.py" line="391" name="test_all[protected(explicit)_1m_arg(replacement)_kwonly=True-@replace_by_foo()]" time="0.0021867752075195312"><system-out>Generated decorator : replace_by_foo(replacement)
Calling it as @replace_by_foo()
Expected ERROR: &apos;TypeError&apos; because python does not allow f() if f has 1 mandatory arg

</system-out></testcase><testcase classname="decopatch.tests.test_main2" file="decopatch/tests/test_main2.py" line="391" name="test_all[protected(explicit)_1m_arg(replacement)_kwonly=True-@replace_by_foo(goo)]" time="0.002364635467529297"><system-out>Generated decorator : replace_by_foo(replacement)
Calling it as @replace_by_foo(goo)
Expected SUCCESS

</system-out></testcase><testcase classname="decopatch.tests.test_main2" file="decopatch/tests/test_main2.py" line="391" name="test_all[protected(explicit)_1m_arg(replacement)_kwonly=True-@replace_by_foo(&apos;hello&apos;)]" time="0.0024466514587402344"><skipped message="This decorator does not access a noncallable positional arg" type="pytest.skip">/home/travis/build/smarie/python-decopatch/decopatch/tests/test_main2.py:409: This decorator does not access a noncallable positional arg</skipped><system-out>Generated decorator : replace_by_foo(replacement)
Calling it as @replace_by_foo(&apos;hello&apos;)
</system-out><system-out>Generated decorator : replace_by_foo(replacement)
Calling it as @replace_by_foo(&apos;hello&apos;)
</system-out></testcase><testcase classname="decopatch.tests.test_main2" file="decopatch/tests/test_main2.py" line="391" name="test_all[protected(explicit)_1m_arg(replacement)_kwonly=True-@replace_by_foo(DEFAULT_DUMMY_VALUE)]" time="0.0021288394927978516"><skipped message="This decorator does not access a noncallable positional arg" type="pytest.skip">/home/travis/build/smarie/python-decopatch/decopatch/tests/test_main2.py:409: This decorator does not access a noncallable positional arg</skipped><system-out>Generated decorator : replace_by_foo(replacement)
Calling it as @replace_by_foo(DEFAULT_DUMMY_VALUE)
</system-out><system-out>Generated decorator : replace_by_foo(replacement)
Calling it as @replace_by_foo(DEFAULT_DUMMY_VALUE)
</system-out></testcase><testcase classname="decopatch.tests.test_main2" file="decopatch/tests/test_main2.py" line="391" name="test_all[protected(explicit)_1m_arg(replacement)_kwonly=True-@replace_by_foo(replacement=goo)]" time="0.00225830078125"><system-out>Generated decorator : replace_by_foo(replacement)
Calling it as @replace_by_foo(replacement=goo)
Expected SUCCESS

</system-out></testcase><testcase classname="decopatch.tests.test_main2" file="decopatch/tests/test_main2.py" line="391" name="test_all[protected(explicit)_1m_arg(replacement)_kwonly=True-@replace_by_foo(dummy=&apos;hello&apos;)]" time="0.0020875930786132812"><skipped message="decorator impl does not have a &apos;dummy&apos; arg" type="pytest.skip">/home/travis/build/smarie/python-decopatch/decopatch/tests/test_main2.py:409: decorator impl does not have a &apos;dummy&apos; arg</skipped><system-out>Generated decorator : replace_by_foo(replacement)
Calling it as @replace_by_foo(dummy=&apos;hello&apos;)
</system-out><system-out>Generated decorator : replace_by_foo(replacement)
Calling it as @replace_by_foo(dummy=&apos;hello&apos;)
</system-out></testcase><testcase classname="decopatch.tests.test_main2" file="decopatch/tests/test_main2.py" line="391" name="test_all[protected(explicit)_1m_arg(replacement)_kwonly=True-@replace_by_foo(dummy=DEFAULT_DUMMY_VALUE)]" time="0.0021545886993408203"><skipped message="decorator impl does not have a &apos;dummy&apos; arg" type="pytest.skip">/home/travis/build/smarie/python-decopatch/decopatch/tests/test_main2.py:409: decorator impl does not have a &apos;dummy&apos; arg</skipped><system-out>Generated decorator : replace_by_foo(replacement)
Calling it as @replace_by_foo(dummy=DEFAULT_DUMMY_VALUE)
</system-out><system-out>Generated decorator : replace_by_foo(replacement)
Calling it as @replace_by_foo(dummy=DEFAULT_DUMMY_VALUE)
</system-out></testcase><testcase classname="decopatch.tests.test_main2" file="decopatch/tests/test_main2.py" line="391" name="test_all[protected(explicit)_1m_arg(replacement)_kwonly=True-@replace_by_foo(goo, &apos;hello&apos;)]" time="0.002278566360473633"><system-out>Generated decorator : replace_by_foo(replacement)
Calling it as @replace_by_foo(goo, &apos;hello&apos;)
Expected ERROR: &apos;TypeError&apos; because python does not allow 2 args if f has 1 arg

</system-out></testcase><testcase classname="decopatch.tests.test_main2" file="decopatch/tests/test_main2.py" line="391" name="test_all[protected(explicit)_1m_arg(replacement)_kwonly=True-@replace_by_foo(&apos;hello&apos;, goo)]" time="0.0021855831146240234"><system-out>Generated decorator : replace_by_foo(replacement)
Calling it as @replace_by_foo(&apos;hello&apos;, goo)
Expected ERROR: &apos;TypeError&apos; because python does not allow 2 args if f has 1 arg

</system-out></testcase><testcase classname="decopatch.tests.test_main2" file="decopatch/tests/test_main2.py" line="391" name="test_all[protected(explicit)_1m_arg(replacement)_kwonly=True-@replace_by_foo(goo, DEFAULT_DUMMY_VALUE)]" time="0.002182483673095703"><system-out>Generated decorator : replace_by_foo(replacement)
Calling it as @replace_by_foo(goo, DEFAULT_DUMMY_VALUE)
Expected ERROR: &apos;TypeError&apos; because python does not allow 2 args if f has 1 arg

</system-out></testcase><testcase classname="decopatch.tests.test_main2" file="decopatch/tests/test_main2.py" line="391" name="test_all[protected(explicit)_1m_arg(replacement)_kwonly=True-@replace_by_foo(DEFAULT_DUMMY_VALUE, goo)]" time="0.002195596694946289"><system-out>Generated decorator : replace_by_foo(replacement)
Calling it as @replace_by_foo(DEFAULT_DUMMY_VALUE, goo)
Expected ERROR: &apos;TypeError&apos; because python does not allow 2 args if f has 1 arg

</system-out></testcase><testcase classname="decopatch.tests.test_main2" file="decopatch/tests/test_main2.py" line="391" name="test_all[easy_2m_args(replacement, dummy)-@replace_by_foo]" time="0.002331972122192383"><system-out>Generated decorator : replace_by_foo(replacement, dummy)
Calling it as @replace_by_foo
Expected ERROR: &apos;TypeError&apos; because python does not allow &lt; 2 args if f has 2 arg

</system-out></testcase><testcase classname="decopatch.tests.test_main2" file="decopatch/tests/test_main2.py" line="391" name="test_all[easy_2m_args(replacement, dummy)-@replace_by_foo()]" time="0.002473115921020508"><system-out>Generated decorator : replace_by_foo(replacement, dummy)
Calling it as @replace_by_foo()
Expected ERROR: &apos;TypeError&apos; because python does not allow &lt; 2 args if f has 2 arg

</system-out></testcase><testcase classname="decopatch.tests.test_main2" file="decopatch/tests/test_main2.py" line="391" name="test_all[easy_2m_args(replacement, dummy)-@replace_by_foo(goo)]" time="0.002298116683959961"><system-out>Generated decorator : replace_by_foo(replacement, dummy)
Calling it as @replace_by_foo(goo)
Expected ERROR: &apos;TypeError&apos; because python does not allow &lt; 2 args if f has 2 arg

</system-out></testcase><testcase classname="decopatch.tests.test_main2" file="decopatch/tests/test_main2.py" line="391" name="test_all[easy_2m_args(replacement, dummy)-@replace_by_foo(&apos;hello&apos;)]" time="0.002193927764892578"><system-out>Generated decorator : replace_by_foo(replacement, dummy)
Calling it as @replace_by_foo(&apos;hello&apos;)
Expected ERROR: &apos;TypeError&apos; because python does not allow &lt; 2 args if f has 2 arg

</system-out></testcase><testcase classname="decopatch.tests.test_main2" file="decopatch/tests/test_main2.py" line="391" name="test_all[easy_2m_args(replacement, dummy)-@replace_by_foo(DEFAULT_DUMMY_VALUE)]" time="0.0023055076599121094"><system-out>Generated decorator : replace_by_foo(replacement, dummy)
Calling it as @replace_by_foo(DEFAULT_DUMMY_VALUE)
Expected ERROR: &apos;TypeError&apos; because python does not allow &lt; 2 args if f has 2 arg

</system-out></testcase><testcase classname="decopatch.tests.test_main2" file="decopatch/tests/test_main2.py" line="391" name="test_all[easy_2m_args(replacement, dummy)-@replace_by_foo(replacement=goo)]" time="0.0022046566009521484"><system-out>Generated decorator : replace_by_foo(replacement, dummy)
Calling it as @replace_by_foo(replacement=goo)
Expected ERROR: &apos;TypeError&apos; because python does not allow &lt; 2 args if f has 2 arg

</system-out></testcase><testcase classname="decopatch.tests.test_main2" file="decopatch/tests/test_main2.py" line="391" name="test_all[easy_2m_args(replacement, dummy)-@replace_by_foo(dummy=&apos;hello&apos;)]" time="0.002176046371459961"><system-out>Generated decorator : replace_by_foo(replacement, dummy)
Calling it as @replace_by_foo(dummy=&apos;hello&apos;)
Expected ERROR: &apos;TypeError&apos; because python does not allow &lt; 2 args if f has 2 arg

</system-out></testcase><testcase classname="decopatch.tests.test_main2" file="decopatch/tests/test_main2.py" line="391" name="test_all[easy_2m_args(replacement, dummy)-@replace_by_foo(dummy=DEFAULT_DUMMY_VALUE)]" time="0.0016353130340576172"><system-out>Generated decorator : replace_by_foo(replacement, dummy)
Calling it as @replace_by_foo(dummy=DEFAULT_DUMMY_VALUE)
Expected ERROR: &apos;TypeError&apos; because python does not allow &lt; 2 args if f has 2 arg

</system-out></testcase><testcase classname="decopatch.tests.test_main2" file="decopatch/tests/test_main2.py" line="391" name="test_all[easy_2m_args(replacement, dummy)-@replace_by_foo(goo, &apos;hello&apos;)]" time="0.0022110939025878906"><system-out>Generated decorator : replace_by_foo(replacement, dummy)
Calling it as @replace_by_foo(goo, &apos;hello&apos;)
Expected SUCCESS

</system-out></testcase><testcase classname="decopatch.tests.test_main2" file="decopatch/tests/test_main2.py" line="391" name="test_all[easy_2m_args(replacement, dummy)-@replace_by_foo(&apos;hello&apos;, goo)]" time="0.0022058486938476562"><skipped message="the order of positional args in the test does not match" type="pytest.skip">/home/travis/build/smarie/python-decopatch/decopatch/tests/test_main2.py:409: the order of positional args in the test does not match</skipped><system-out>Generated decorator : replace_by_foo(replacement, dummy)
Calling it as @replace_by_foo(&apos;hello&apos;, goo)
</system-out><system-out>Generated decorator : replace_by_foo(replacement, dummy)
Calling it as @replace_by_foo(&apos;hello&apos;, goo)
</system-out></testcase><testcase classname="decopatch.tests.test_main2" file="decopatch/tests/test_main2.py" line="391" name="test_all[easy_2m_args(replacement, dummy)-@replace_by_foo(goo, DEFAULT_DUMMY_VALUE)]" time="0.002293109893798828"><system-out>Generated decorator : replace_by_foo(replacement, dummy)
Calling it as @replace_by_foo(goo, DEFAULT_DUMMY_VALUE)
Expected SUCCESS

</system-out></testcase><testcase classname="decopatch.tests.test_main2" file="decopatch/tests/test_main2.py" line="391" name="test_all[easy_2m_args(replacement, dummy)-@replace_by_foo(DEFAULT_DUMMY_VALUE, goo)]" time="0.0013875961303710938"><skipped message="the order of positional args in the test does not match" type="pytest.skip">/home/travis/build/smarie/python-decopatch/decopatch/tests/test_main2.py:409: the order of positional args in the test does not match</skipped><system-out>Generated decorator : replace_by_foo(replacement, dummy)
Calling it as @replace_by_foo(DEFAULT_DUMMY_VALUE, goo)
</system-out><system-out>Generated decorator : replace_by_foo(replacement, dummy)
Calling it as @replace_by_foo(DEFAULT_DUMMY_VALUE, goo)
</system-out></testcase><testcase classname="decopatch.tests.test_main2" file="decopatch/tests/test_main2.py" line="391" name="test_all[easy_2m_args(dummy, replacement)-@replace_by_foo]" time="0.002385854721069336"><system-out>Generated decorator : replace_by_foo(dummy, replacement)
Calling it as @replace_by_foo
Expected ERROR: &apos;TypeError&apos; because python does not allow &lt; 2 args if f has 2 arg

</system-out></testcase><testcase classname="decopatch.tests.test_main2" file="decopatch/tests/test_main2.py" line="391" name="test_all[easy_2m_args(dummy, replacement)-@replace_by_foo()]" time="0.00223541259765625"><system-out>Generated decorator : replace_by_foo(dummy, replacement)
Calling it as @replace_by_foo()
Expected ERROR: &apos;TypeError&apos; because python does not allow &lt; 2 args if f has 2 arg

</system-out></testcase><testcase classname="decopatch.tests.test_main2" file="decopatch/tests/test_main2.py" line="391" name="test_all[easy_2m_args(dummy, replacement)-@replace_by_foo(goo)]" time="0.0040280818939208984"><system-out>Generated decorator : replace_by_foo(dummy, replacement)
Calling it as @replace_by_foo(goo)
Expected ERROR: &apos;TypeError&apos; because python does not allow &lt; 2 args if f has 2 arg

</system-out></testcase><testcase classname="decopatch.tests.test_main2" file="decopatch/tests/test_main2.py" line="391" name="test_all[easy_2m_args(dummy, replacement)-@replace_by_foo(&apos;hello&apos;)]" time="0.002202749252319336"><system-out>Generated decorator : replace_by_foo(dummy, replacement)
Calling it as @replace_by_foo(&apos;hello&apos;)
Expected ERROR: &apos;TypeError&apos; because python does not allow &lt; 2 args if f has 2 arg

</system-out></testcase><testcase classname="decopatch.tests.test_main2" file="decopatch/tests/test_main2.py" line="391" name="test_all[easy_2m_args(dummy, replacement)-@replace_by_foo(DEFAULT_DUMMY_VALUE)]" time="0.002149820327758789"><system-out>Generated decorator : replace_by_foo(dummy, replacement)
Calling it as @replace_by_foo(DEFAULT_DUMMY_VALUE)
Expected ERROR: &apos;TypeError&apos; because python does not allow &lt; 2 args if f has 2 arg

</system-out></testcase><testcase classname="decopatch.tests.test_main2" file="decopatch/tests/test_main2.py" line="391" name="test_all[easy_2m_args(dummy, replacement)-@replace_by_foo(replacement=goo)]" time="0.0021419525146484375"><system-out>Generated decorator : replace_by_foo(dummy, replacement)
Calling it as @replace_by_foo(replacement=goo)
Expected ERROR: &apos;TypeError&apos; because python does not allow &lt; 2 args if f has 2 arg

</system-out></testcase><testcase classname="decopatch.tests.test_main2" file="decopatch/tests/test_main2.py" line="391" name="test_all[easy_2m_args(dummy, replacement)-@replace_by_foo(dummy=&apos;hello&apos;)]" time="0.002195119857788086"><system-out>Generated decorator : replace_by_foo(dummy, replacement)
Calling it as @replace_by_foo(dummy=&apos;hello&apos;)
Expected ERROR: &apos;TypeError&apos; because python does not allow &lt; 2 args if f has 2 arg

</system-out></testcase><testcase classname="decopatch.tests.test_main2" file="decopatch/tests/test_main2.py" line="391" name="test_all[easy_2m_args(dummy, replacement)-@replace_by_foo(dummy=DEFAULT_DUMMY_VALUE)]" time="0.0021588802337646484"><system-out>Generated decorator : replace_by_foo(dummy, replacement)
Calling it as @replace_by_foo(dummy=DEFAULT_DUMMY_VALUE)
Expected ERROR: &apos;TypeError&apos; because python does not allow &lt; 2 args if f has 2 arg

</system-out></testcase><testcase classname="decopatch.tests.test_main2" file="decopatch/tests/test_main2.py" line="391" name="test_all[easy_2m_args(dummy, replacement)-@replace_by_foo(goo, &apos;hello&apos;)]" time="0.002041339874267578"><skipped message="the order of positional args in the test does not match" type="pytest.skip">/home/travis/build/smarie/python-decopatch/decopatch/tests/test_main2.py:409: the order of positional args in the test does not match</skipped><system-out>Generated decorator : replace_by_foo(dummy, replacement)
Calling it as @replace_by_foo(goo, &apos;hello&apos;)
</system-out><system-out>Generated decorator : replace_by_foo(dummy, replacement)
Calling it as @replace_by_foo(goo, &apos;hello&apos;)
</system-out></testcase><testcase classname="decopatch.tests.test_main2" file="decopatch/tests/test_main2.py" line="391" name="test_all[easy_2m_args(dummy, replacement)-@replace_by_foo(&apos;hello&apos;, goo)]" time="0.0025146007537841797"><system-out>Generated decorator : replace_by_foo(dummy, replacement)
Calling it as @replace_by_foo(&apos;hello&apos;, goo)
Expected SUCCESS

</system-out></testcase><testcase classname="decopatch.tests.test_main2" file="decopatch/tests/test_main2.py" line="391" name="test_all[easy_2m_args(dummy, replacement)-@replace_by_foo(goo, DEFAULT_DUMMY_VALUE)]" time="0.002095460891723633"><skipped message="the order of positional args in the test does not match" type="pytest.skip">/home/travis/build/smarie/python-decopatch/decopatch/tests/test_main2.py:409: the order of positional args in the test does not match</skipped><system-out>Generated decorator : replace_by_foo(dummy, replacement)
Calling it as @replace_by_foo(goo, DEFAULT_DUMMY_VALUE)
</system-out><system-out>Generated decorator : replace_by_foo(dummy, replacement)
Calling it as @replace_by_foo(goo, DEFAULT_DUMMY_VALUE)
</system-out></testcase><testcase classname="decopatch.tests.test_main2" file="decopatch/tests/test_main2.py" line="391" name="test_all[easy_2m_args(dummy, replacement)-@replace_by_foo(DEFAULT_DUMMY_VALUE, goo)]" time="0.0022933483123779297"><system-out>Generated decorator : replace_by_foo(dummy, replacement)
Calling it as @replace_by_foo(DEFAULT_DUMMY_VALUE, goo)
Expected SUCCESS

</system-out></testcase><testcase classname="decopatch.tests.test_main2" file="decopatch/tests/test_main2.py" line="391" name="test_all[easy_2m_args(dummy, dummy2)-@replace_by_foo]" time="0.0023300647735595703"><system-out>Generated decorator : replace_by_foo(dummy, dummy2)
Calling it as @replace_by_foo
Expected ERROR: &apos;TypeError&apos; because python does not allow &lt; 2 args if f has 2 arg

</system-out></testcase><testcase classname="decopatch.tests.test_main2" file="decopatch/tests/test_main2.py" line="391" name="test_all[easy_2m_args(dummy, dummy2)-@replace_by_foo()]" time="0.002200603485107422"><system-out>Generated decorator : replace_by_foo(dummy, dummy2)
Calling it as @replace_by_foo()
Expected ERROR: &apos;TypeError&apos; because python does not allow &lt; 2 args if f has 2 arg

</system-out></testcase><testcase classname="decopatch.tests.test_main2" file="decopatch/tests/test_main2.py" line="391" name="test_all[easy_2m_args(dummy, dummy2)-@replace_by_foo(goo)]" time="0.0022478103637695312"><system-out>Generated decorator : replace_by_foo(dummy, dummy2)
Calling it as @replace_by_foo(goo)
Expected ERROR: &apos;TypeError&apos; because python does not allow &lt; 2 args if f has 2 arg

</system-out></testcase><testcase classname="decopatch.tests.test_main2" file="decopatch/tests/test_main2.py" line="391" name="test_all[easy_2m_args(dummy, dummy2)-@replace_by_foo(&apos;hello&apos;)]" time="0.002270221710205078"><system-out>Generated decorator : replace_by_foo(dummy, dummy2)
Calling it as @replace_by_foo(&apos;hello&apos;)
Expected ERROR: &apos;TypeError&apos; because python does not allow &lt; 2 args if f has 2 arg

</system-out></testcase><testcase classname="decopatch.tests.test_main2" file="decopatch/tests/test_main2.py" line="391" name="test_all[easy_2m_args(dummy, dummy2)-@replace_by_foo(DEFAULT_DUMMY_VALUE)]" time="0.0026564598083496094"><system-out>Generated decorator : replace_by_foo(dummy, dummy2)
Calling it as @replace_by_foo(DEFAULT_DUMMY_VALUE)
Expected ERROR: &apos;TypeError&apos; because python does not allow &lt; 2 args if f has 2 arg

</system-out></testcase><testcase classname="decopatch.tests.test_main2" file="decopatch/tests/test_main2.py" line="391" name="test_all[easy_2m_args(dummy, dummy2)-@replace_by_foo(replacement=goo)]" time="0.0022830963134765625"><system-out>Generated decorator : replace_by_foo(dummy, dummy2)
Calling it as @replace_by_foo(replacement=goo)
Expected ERROR: &apos;TypeError&apos; because python does not allow &lt; 2 args if f has 2 arg

</system-out></testcase><testcase classname="decopatch.tests.test_main2" file="decopatch/tests/test_main2.py" line="391" name="test_all[easy_2m_args(dummy, dummy2)-@replace_by_foo(dummy=&apos;hello&apos;)]" time="0.0022292137145996094"><system-out>Generated decorator : replace_by_foo(dummy, dummy2)
Calling it as @replace_by_foo(dummy=&apos;hello&apos;)
Expected ERROR: &apos;TypeError&apos; because python does not allow &lt; 2 args if f has 2 arg

</system-out></testcase><testcase classname="decopatch.tests.test_main2" file="decopatch/tests/test_main2.py" line="391" name="test_all[easy_2m_args(dummy, dummy2)-@replace_by_foo(dummy=DEFAULT_DUMMY_VALUE)]" time="0.0022962093353271484"><system-out>Generated decorator : replace_by_foo(dummy, dummy2)
Calling it as @replace_by_foo(dummy=DEFAULT_DUMMY_VALUE)
Expected ERROR: &apos;TypeError&apos; because python does not allow &lt; 2 args if f has 2 arg

</system-out></testcase><testcase classname="decopatch.tests.test_main2" file="decopatch/tests/test_main2.py" line="391" name="test_all[easy_2m_args(dummy, dummy2)-@replace_by_foo(goo, &apos;hello&apos;)]" time="0.0020842552185058594"><system-out>Generated decorator : replace_by_foo(dummy, dummy2)
Calling it as @replace_by_foo(goo, &apos;hello&apos;)
Expected SUCCESS

</system-out></testcase><testcase classname="decopatch.tests.test_main2" file="decopatch/tests/test_main2.py" line="391" name="test_all[easy_2m_args(dummy, dummy2)-@replace_by_foo(&apos;hello&apos;, goo)]" time="0.002269268035888672"><system-out>Generated decorator : replace_by_foo(dummy, dummy2)
Calling it as @replace_by_foo(&apos;hello&apos;, goo)
Expected SUCCESS

</system-out></testcase><testcase classname="decopatch.tests.test_main2" file="decopatch/tests/test_main2.py" line="391" name="test_all[easy_2m_args(dummy, dummy2)-@replace_by_foo(goo, DEFAULT_DUMMY_VALUE)]" time="0.00218963623046875"><system-out>Generated decorator : replace_by_foo(dummy, dummy2)
Calling it as @replace_by_foo(goo, DEFAULT_DUMMY_VALUE)
Expected SUCCESS

</system-out></testcase><testcase classname="decopatch.tests.test_main2" file="decopatch/tests/test_main2.py" line="391" name="test_all[easy_2m_args(dummy, dummy2)-@replace_by_foo(DEFAULT_DUMMY_VALUE, goo)]" time="0.0021843910217285156"><system-out>Generated decorator : replace_by_foo(dummy, dummy2)
Calling it as @replace_by_foo(DEFAULT_DUMMY_VALUE, goo)
Expected SUCCESS

</system-out></testcase><testcase classname="decopatch.tests.test_main2" file="decopatch/tests/test_main2.py" line="391" name="test_all[default_2opt(dummy=DEFAULT_DUMMY_VALUE, replacement=None)-@replace_by_foo]" time="0.0025556087493896484"><system-out>Generated decorator : replace_by_foo(dummy=12, replacement=None)
Calling it as @replace_by_foo
Expected SUCCESS

</system-out></testcase><testcase classname="decopatch.tests.test_main2" file="decopatch/tests/test_main2.py" line="391" name="test_all[default_2opt(dummy=DEFAULT_DUMMY_VALUE, replacement=None)-@replace_by_foo()]" time="0.002251148223876953"><system-out>Generated decorator : replace_by_foo(dummy=12, replacement=None)
Calling it as @replace_by_foo()
Expected SUCCESS

</system-out></testcase><testcase classname="decopatch.tests.test_main2" file="decopatch/tests/test_main2.py" line="391" name="test_all[default_2opt(dummy=DEFAULT_DUMMY_VALUE, replacement=None)-@replace_by_foo(goo)]" time="0.0022430419921875"><skipped message="the first positional arg is supposed not to be the callable here" type="pytest.skip">/home/travis/build/smarie/python-decopatch/decopatch/tests/test_main2.py:409: the first positional arg is supposed not to be the callable here</skipped><system-out>Generated decorator : replace_by_foo(dummy=12, replacement=None)
Calling it as @replace_by_foo(goo)
</system-out><system-out>Generated decorator : replace_by_foo(dummy=12, replacement=None)
Calling it as @replace_by_foo(goo)
</system-out></testcase><testcase classname="decopatch.tests.test_main2" file="decopatch/tests/test_main2.py" line="391" name="test_all[default_2opt(dummy=DEFAULT_DUMMY_VALUE, replacement=None)-@replace_by_foo(&apos;hello&apos;)]" time="0.002326488494873047"><system-out>Generated decorator : replace_by_foo(dummy=12, replacement=None)
Calling it as @replace_by_foo(&apos;hello&apos;)
Expected SUCCESS

</system-out></testcase><testcase classname="decopatch.tests.test_main2" file="decopatch/tests/test_main2.py" line="391" name="test_all[default_2opt(dummy=DEFAULT_DUMMY_VALUE, replacement=None)-@replace_by_foo(DEFAULT_DUMMY_VALUE)]" time="0.0022649765014648438"><system-out>Generated decorator : replace_by_foo(dummy=12, replacement=None)
Calling it as @replace_by_foo(DEFAULT_DUMMY_VALUE)
Expected SUCCESS

</system-out></testcase><testcase classname="decopatch.tests.test_main2" file="decopatch/tests/test_main2.py" line="391" name="test_all[default_2opt(dummy=DEFAULT_DUMMY_VALUE, replacement=None)-@replace_by_foo(replacement=goo)]" time="0.002188444137573242"><system-out>Generated decorator : replace_by_foo(dummy=12, replacement=None)
Calling it as @replace_by_foo(replacement=goo)
Expected SUCCESS

</system-out></testcase><testcase classname="decopatch.tests.test_main2" file="decopatch/tests/test_main2.py" line="391" name="test_all[default_2opt(dummy=DEFAULT_DUMMY_VALUE, replacement=None)-@replace_by_foo(dummy=&apos;hello&apos;)]" time="0.0021545886993408203"><system-out>Generated decorator : replace_by_foo(dummy=12, replacement=None)
Calling it as @replace_by_foo(dummy=&apos;hello&apos;)
Expected SUCCESS

</system-out></testcase><testcase classname="decopatch.tests.test_main2" file="decopatch/tests/test_main2.py" line="391" name="test_all[default_2opt(dummy=DEFAULT_DUMMY_VALUE, replacement=None)-@replace_by_foo(dummy=DEFAULT_DUMMY_VALUE)]" time="0.0025548934936523438"><system-out>Generated decorator : replace_by_foo(dummy=12, replacement=None)
Calling it as @replace_by_foo(dummy=DEFAULT_DUMMY_VALUE)
Expected SUCCESS

</system-out></testcase><testcase classname="decopatch.tests.test_main2" file="decopatch/tests/test_main2.py" line="391" name="test_all[default_2opt(dummy=DEFAULT_DUMMY_VALUE, replacement=None)-@replace_by_foo(goo, &apos;hello&apos;)]" time="0.002169370651245117"><skipped message="the order of positional args in the test does not match" type="pytest.skip">/home/travis/build/smarie/python-decopatch/decopatch/tests/test_main2.py:409: the order of positional args in the test does not match</skipped><system-out>Generated decorator : replace_by_foo(dummy=12, replacement=None)
Calling it as @replace_by_foo(goo, &apos;hello&apos;)
</system-out><system-out>Generated decorator : replace_by_foo(dummy=12, replacement=None)
Calling it as @replace_by_foo(goo, &apos;hello&apos;)
</system-out></testcase><testcase classname="decopatch.tests.test_main2" file="decopatch/tests/test_main2.py" line="391" name="test_all[default_2opt(dummy=DEFAULT_DUMMY_VALUE, replacement=None)-@replace_by_foo(&apos;hello&apos;, goo)]" time="0.002267599105834961"><system-out>Generated decorator : replace_by_foo(dummy=12, replacement=None)
Calling it as @replace_by_foo(&apos;hello&apos;, goo)
Expected SUCCESS

</system-out></testcase><testcase classname="decopatch.tests.test_main2" file="decopatch/tests/test_main2.py" line="391" name="test_all[default_2opt(dummy=DEFAULT_DUMMY_VALUE, replacement=None)-@replace_by_foo(goo, DEFAULT_DUMMY_VALUE)]" time="0.002254009246826172"><skipped message="the order of positional args in the test does not match" type="pytest.skip">/home/travis/build/smarie/python-decopatch/decopatch/tests/test_main2.py:409: the order of positional args in the test does not match</skipped><system-out>Generated decorator : replace_by_foo(dummy=12, replacement=None)
Calling it as @replace_by_foo(goo, DEFAULT_DUMMY_VALUE)
</system-out><system-out>Generated decorator : replace_by_foo(dummy=12, replacement=None)
Calling it as @replace_by_foo(goo, DEFAULT_DUMMY_VALUE)
</system-out></testcase><testcase classname="decopatch.tests.test_main2" file="decopatch/tests/test_main2.py" line="391" name="test_all[default_2opt(dummy=DEFAULT_DUMMY_VALUE, replacement=None)-@replace_by_foo(DEFAULT_DUMMY_VALUE, goo)]" time="0.002298116683959961"><system-out>Generated decorator : replace_by_foo(dummy=12, replacement=None)
Calling it as @replace_by_foo(DEFAULT_DUMMY_VALUE, goo)
Expected SUCCESS

</system-out></testcase><testcase classname="decopatch.tests.test_main2" file="decopatch/tests/test_main2.py" line="391" name="test_all[introspection_2opt(dummy=DEFAULT_DUMMY_VALUE, replacement=None)-@replace_by_foo]" time="0.0025784969329833984"><system-out>Generated decorator : replace_by_foo(dummy=12, replacement=None)
Calling it as @replace_by_foo
Expected SUCCESS

</system-out></testcase><testcase classname="decopatch.tests.test_main2" file="decopatch/tests/test_main2.py" line="391" name="test_all[introspection_2opt(dummy=DEFAULT_DUMMY_VALUE, replacement=None)-@replace_by_foo()]" time="0.0021827220916748047"><system-out>Generated decorator : replace_by_foo(dummy=12, replacement=None)
Calling it as @replace_by_foo()
Expected SUCCESS

</system-out></testcase><testcase classname="decopatch.tests.test_main2" file="decopatch/tests/test_main2.py" line="391" name="test_all[introspection_2opt(dummy=DEFAULT_DUMMY_VALUE, replacement=None)-@replace_by_foo(goo)]" time="0.00212860107421875"><skipped message="the first positional arg is supposed not to be the callable here" type="pytest.skip">/home/travis/build/smarie/python-decopatch/decopatch/tests/test_main2.py:409: the first positional arg is supposed not to be the callable here</skipped><system-out>Generated decorator : replace_by_foo(dummy=12, replacement=None)
Calling it as @replace_by_foo(goo)
</system-out><system-out>Generated decorator : replace_by_foo(dummy=12, replacement=None)
Calling it as @replace_by_foo(goo)
</system-out></testcase><testcase classname="decopatch.tests.test_main2" file="decopatch/tests/test_main2.py" line="391" name="test_all[introspection_2opt(dummy=DEFAULT_DUMMY_VALUE, replacement=None)-@replace_by_foo(&apos;hello&apos;)]" time="0.002216815948486328"><system-out>Generated decorator : replace_by_foo(dummy=12, replacement=None)
Calling it as @replace_by_foo(&apos;hello&apos;)
Expected SUCCESS

</system-out></testcase><testcase classname="decopatch.tests.test_main2" file="decopatch/tests/test_main2.py" line="391" name="test_all[introspection_2opt(dummy=DEFAULT_DUMMY_VALUE, replacement=None)-@replace_by_foo(DEFAULT_DUMMY_VALUE)]" time="0.0022401809692382812"><system-out>Generated decorator : replace_by_foo(dummy=12, replacement=None)
Calling it as @replace_by_foo(DEFAULT_DUMMY_VALUE)
Expected SUCCESS

</system-out></testcase><testcase classname="decopatch.tests.test_main2" file="decopatch/tests/test_main2.py" line="391" name="test_all[introspection_2opt(dummy=DEFAULT_DUMMY_VALUE, replacement=None)-@replace_by_foo(replacement=goo)]" time="0.002187013626098633"><system-out>Generated decorator : replace_by_foo(dummy=12, replacement=None)
Calling it as @replace_by_foo(replacement=goo)
Expected SUCCESS

</system-out></testcase><testcase classname="decopatch.tests.test_main2" file="decopatch/tests/test_main2.py" line="391" name="test_all[introspection_2opt(dummy=DEFAULT_DUMMY_VALUE, replacement=None)-@replace_by_foo(dummy=&apos;hello&apos;)]" time="0.002288818359375"><system-out>Generated decorator : replace_by_foo(dummy=12, replacement=None)
Calling it as @replace_by_foo(dummy=&apos;hello&apos;)
Expected SUCCESS

</system-out></testcase><testcase classname="decopatch.tests.test_main2" file="decopatch/tests/test_main2.py" line="391" name="test_all[introspection_2opt(dummy=DEFAULT_DUMMY_VALUE, replacement=None)-@replace_by_foo(dummy=DEFAULT_DUMMY_VALUE)]" time="0.002627849578857422"><system-out>Generated decorator : replace_by_foo(dummy=12, replacement=None)
Calling it as @replace_by_foo(dummy=DEFAULT_DUMMY_VALUE)
Expected SUCCESS

</system-out></testcase><testcase classname="decopatch.tests.test_main2" file="decopatch/tests/test_main2.py" line="391" name="test_all[introspection_2opt(dummy=DEFAULT_DUMMY_VALUE, replacement=None)-@replace_by_foo(goo, &apos;hello&apos;)]" time="0.0021810531616210938"><skipped message="the order of positional args in the test does not match" type="pytest.skip">/home/travis/build/smarie/python-decopatch/decopatch/tests/test_main2.py:409: the order of positional args in the test does not match</skipped><system-out>Generated decorator : replace_by_foo(dummy=12, replacement=None)
Calling it as @replace_by_foo(goo, &apos;hello&apos;)
</system-out><system-out>Generated decorator : replace_by_foo(dummy=12, replacement=None)
Calling it as @replace_by_foo(goo, &apos;hello&apos;)
</system-out></testcase><testcase classname="decopatch.tests.test_main2" file="decopatch/tests/test_main2.py" line="391" name="test_all[introspection_2opt(dummy=DEFAULT_DUMMY_VALUE, replacement=None)-@replace_by_foo(&apos;hello&apos;, goo)]" time="0.0022993087768554688"><system-out>Generated decorator : replace_by_foo(dummy=12, replacement=None)
Calling it as @replace_by_foo(&apos;hello&apos;, goo)
Expected SUCCESS

</system-out></testcase><testcase classname="decopatch.tests.test_main2" file="decopatch/tests/test_main2.py" line="391" name="test_all[introspection_2opt(dummy=DEFAULT_DUMMY_VALUE, replacement=None)-@replace_by_foo(goo, DEFAULT_DUMMY_VALUE)]" time="0.0022878646850585938"><skipped message="the order of positional args in the test does not match" type="pytest.skip">/home/travis/build/smarie/python-decopatch/decopatch/tests/test_main2.py:409: the order of positional args in the test does not match</skipped><system-out>Generated decorator : replace_by_foo(dummy=12, replacement=None)
Calling it as @replace_by_foo(goo, DEFAULT_DUMMY_VALUE)
</system-out><system-out>Generated decorator : replace_by_foo(dummy=12, replacement=None)
Calling it as @replace_by_foo(goo, DEFAULT_DUMMY_VALUE)
</system-out></testcase><testcase classname="decopatch.tests.test_main2" file="decopatch/tests/test_main2.py" line="391" name="test_all[introspection_2opt(dummy=DEFAULT_DUMMY_VALUE, replacement=None)-@replace_by_foo(DEFAULT_DUMMY_VALUE, goo)]" time="0.002199888229370117"><system-out>Generated decorator : replace_by_foo(dummy=12, replacement=None)
Calling it as @replace_by_foo(DEFAULT_DUMMY_VALUE, goo)
Expected SUCCESS

</system-out></testcase><testcase classname="decopatch.tests.test_main2" file="decopatch/tests/test_main2.py" line="391" name="test_all[unprotected (default)_2opt_callable_first(replacement=None, dummy=DEFAULT_DUMMY_VALUE)-@replace_by_foo]" time="0.0025954246520996094"><system-out>Generated decorator : replace_by_foo(replacement=None, dummy=12)
Calling it as @replace_by_foo
Expected SUCCESS

</system-out></testcase><testcase classname="decopatch.tests.test_main2" file="decopatch/tests/test_main2.py" line="391" name="test_all[unprotected (default)_2opt_callable_first(replacement=None, dummy=DEFAULT_DUMMY_VALUE)-@replace_by_foo()]" time="0.002226114273071289"><system-out>Generated decorator : replace_by_foo(replacement=None, dummy=12)
Calling it as @replace_by_foo()
Expected SUCCESS

</system-out></testcase><testcase classname="decopatch.tests.test_main2" file="decopatch/tests/test_main2.py" line="391" name="test_all[unprotected (default)_2opt_callable_first(replacement=None, dummy=DEFAULT_DUMMY_VALUE)-@replace_by_foo(goo)]" time="0.0022962093353271484"><system-out>Generated decorator : replace_by_foo(replacement=None, dummy=12)
Calling it as @replace_by_foo(goo)
Expected ERROR: &apos;NotADecoratorError&apos; because No explicit exception is raised but since a double-call is made, user will probably realize that something is wrong

</system-out></testcase><testcase classname="decopatch.tests.test_main2" file="decopatch/tests/test_main2.py" line="391" name="test_all[unprotected (default)_2opt_callable_first(replacement=None, dummy=DEFAULT_DUMMY_VALUE)-@replace_by_foo(&apos;hello&apos;)]" time="0.0023005008697509766"><skipped message="the first positional arg is supposed to be the callable here" type="pytest.skip">/home/travis/build/smarie/python-decopatch/decopatch/tests/test_main2.py:409: the first positional arg is supposed to be the callable here</skipped><system-out>Generated decorator : replace_by_foo(replacement=None, dummy=12)
Calling it as @replace_by_foo(&apos;hello&apos;)
</system-out><system-out>Generated decorator : replace_by_foo(replacement=None, dummy=12)
Calling it as @replace_by_foo(&apos;hello&apos;)
</system-out></testcase><testcase classname="decopatch.tests.test_main2" file="decopatch/tests/test_main2.py" line="391" name="test_all[unprotected (default)_2opt_callable_first(replacement=None, dummy=DEFAULT_DUMMY_VALUE)-@replace_by_foo(DEFAULT_DUMMY_VALUE)]" time="0.0023441314697265625"><skipped message="the first positional arg is supposed to be the callable here" type="pytest.skip">/home/travis/build/smarie/python-decopatch/decopatch/tests/test_main2.py:409: the first positional arg is supposed to be the callable here</skipped><system-out>Generated decorator : replace_by_foo(replacement=None, dummy=12)
Calling it as @replace_by_foo(DEFAULT_DUMMY_VALUE)
</system-out><system-out>Generated decorator : replace_by_foo(replacement=None, dummy=12)
Calling it as @replace_by_foo(DEFAULT_DUMMY_VALUE)
</system-out></testcase><testcase classname="decopatch.tests.test_main2" file="decopatch/tests/test_main2.py" line="391" name="test_all[unprotected (default)_2opt_callable_first(replacement=None, dummy=DEFAULT_DUMMY_VALUE)-@replace_by_foo(replacement=goo)]" time="0.0026099681854248047"><system-out>Generated decorator : replace_by_foo(replacement=None, dummy=12)
Calling it as @replace_by_foo(replacement=goo)
Expected SUCCESS

</system-out></testcase><testcase classname="decopatch.tests.test_main2" file="decopatch/tests/test_main2.py" line="391" name="test_all[unprotected (default)_2opt_callable_first(replacement=None, dummy=DEFAULT_DUMMY_VALUE)-@replace_by_foo(dummy=&apos;hello&apos;)]" time="0.0021677017211914062"><system-out>Generated decorator : replace_by_foo(replacement=None, dummy=12)
Calling it as @replace_by_foo(dummy=&apos;hello&apos;)
Expected SUCCESS

</system-out></testcase><testcase classname="decopatch.tests.test_main2" file="decopatch/tests/test_main2.py" line="391" name="test_all[unprotected (default)_2opt_callable_first(replacement=None, dummy=DEFAULT_DUMMY_VALUE)-@replace_by_foo(dummy=DEFAULT_DUMMY_VALUE)]" time="0.0022084712982177734"><system-out>Generated decorator : replace_by_foo(replacement=None, dummy=12)
Calling it as @replace_by_foo(dummy=DEFAULT_DUMMY_VALUE)
Expected SUCCESS

</system-out></testcase><testcase classname="decopatch.tests.test_main2" file="decopatch/tests/test_main2.py" line="391" name="test_all[unprotected (default)_2opt_callable_first(replacement=None, dummy=DEFAULT_DUMMY_VALUE)-@replace_by_foo(goo, &apos;hello&apos;)]" time="0.002215862274169922"><system-out>Generated decorator : replace_by_foo(replacement=None, dummy=12)
Calling it as @replace_by_foo(goo, &apos;hello&apos;)
Expected SUCCESS

</system-out></testcase><testcase classname="decopatch.tests.test_main2" file="decopatch/tests/test_main2.py" line="391" name="test_all[unprotected (default)_2opt_callable_first(replacement=None, dummy=DEFAULT_DUMMY_VALUE)-@replace_by_foo(&apos;hello&apos;, goo)]" time="0.0021805763244628906"><skipped message="the order of positional args in the test does not match" type="pytest.skip">/home/travis/build/smarie/python-decopatch/decopatch/tests/test_main2.py:409: the order of positional args in the test does not match</skipped><system-out>Generated decorator : replace_by_foo(replacement=None, dummy=12)
Calling it as @replace_by_foo(&apos;hello&apos;, goo)
</system-out><system-out>Generated decorator : replace_by_foo(replacement=None, dummy=12)
Calling it as @replace_by_foo(&apos;hello&apos;, goo)
</system-out></testcase><testcase classname="decopatch.tests.test_main2" file="decopatch/tests/test_main2.py" line="391" name="test_all[unprotected (default)_2opt_callable_first(replacement=None, dummy=DEFAULT_DUMMY_VALUE)-@replace_by_foo(goo, DEFAULT_DUMMY_VALUE)]" time="0.0022313594818115234"><system-out>Generated decorator : replace_by_foo(replacement=None, dummy=12)
Calling it as @replace_by_foo(goo, DEFAULT_DUMMY_VALUE)
Expected SUCCESS

</system-out></testcase><testcase classname="decopatch.tests.test_main2" file="decopatch/tests/test_main2.py" line="391" name="test_all[unprotected (default)_2opt_callable_first(replacement=None, dummy=DEFAULT_DUMMY_VALUE)-@replace_by_foo(DEFAULT_DUMMY_VALUE, goo)]" time="0.002238035202026367"><skipped message="the order of positional args in the test does not match" type="pytest.skip">/home/travis/build/smarie/python-decopatch/decopatch/tests/test_main2.py:409: the order of positional args in the test does not match</skipped><system-out>Generated decorator : replace_by_foo(replacement=None, dummy=12)
Calling it as @replace_by_foo(DEFAULT_DUMMY_VALUE, goo)
</system-out><system-out>Generated decorator : replace_by_foo(replacement=None, dummy=12)
Calling it as @replace_by_foo(DEFAULT_DUMMY_VALUE, goo)
</system-out></testcase><testcase classname="decopatch.tests.test_main2" file="decopatch/tests/test_main2.py" line="391" name="test_all[introspection_2opt_callable_first(replacement=None, dummy=DEFAULT_DUMMY_VALUE)-@replace_by_foo]" time="0.002130746841430664"><system-out>Generated decorator : replace_by_foo(replacement=None, dummy=12)
Calling it as @replace_by_foo
Expected SUCCESS

</system-out></testcase><testcase classname="decopatch.tests.test_main2" file="decopatch/tests/test_main2.py" line="391" name="test_all[introspection_2opt_callable_first(replacement=None, dummy=DEFAULT_DUMMY_VALUE)-@replace_by_foo()]" time="0.0021872520446777344"><system-out>Generated decorator : replace_by_foo(replacement=None, dummy=12)
Calling it as @replace_by_foo()
Expected SUCCESS

</system-out></testcase><testcase classname="decopatch.tests.test_main2" file="decopatch/tests/test_main2.py" line="391" name="test_all[introspection_2opt_callable_first(replacement=None, dummy=DEFAULT_DUMMY_VALUE)-@replace_by_foo(goo)]" time="0.0021772384643554688"><system-out>
Generated decorator : replace_by_foo(replacement=None, dummy=12)
Calling it as @replace_by_foo(goo)
Expected SUCCESS

</system-out></testcase><testcase classname="decopatch.tests.test_main2" file="decopatch/tests/test_main2.py" line="391" name="test_all[introspection_2opt_callable_first(replacement=None, dummy=DEFAULT_DUMMY_VALUE)-@replace_by_foo(&apos;hello&apos;)]" time="0.002181529998779297"><skipped message="the first positional arg is supposed to be the callable here" type="pytest.skip">/home/travis/build/smarie/python-decopatch/decopatch/tests/test_main2.py:409: the first positional arg is supposed to be the callable here</skipped><system-out>Generated decorator : replace_by_foo(replacement=None, dummy=12)
Calling it as @replace_by_foo(&apos;hello&apos;)
</system-out><system-out>Generated decorator : replace_by_foo(replacement=None, dummy=12)
Calling it as @replace_by_foo(&apos;hello&apos;)
</system-out></testcase><testcase classname="decopatch.tests.test_main2" file="decopatch/tests/test_main2.py" line="391" name="test_all[introspection_2opt_callable_first(replacement=None, dummy=DEFAULT_DUMMY_VALUE)-@replace_by_foo(DEFAULT_DUMMY_VALUE)]" time="0.002161741256713867"><skipped message="the first positional arg is supposed to be the callable here" type="pytest.skip">/home/travis/build/smarie/python-decopatch/decopatch/tests/test_main2.py:409: the first positional arg is supposed to be the callable here</skipped><system-out>Generated decorator : replace_by_foo(replacement=None, dummy=12)
Calling it as @replace_by_foo(DEFAULT_DUMMY_VALUE)
</system-out><system-out>Generated decorator : replace_by_foo(replacement=None, dummy=12)
Calling it as @replace_by_foo(DEFAULT_DUMMY_VALUE)
</system-out></testcase><testcase classname="decopatch.tests.test_main2" file="decopatch/tests/test_main2.py" line="391" name="test_all[introspection_2opt_callable_first(replacement=None, dummy=DEFAULT_DUMMY_VALUE)-@replace_by_foo(replacement=goo)]" time="0.002156972885131836"><system-out>Generated decorator : replace_by_foo(replacement=None, dummy=12)
Calling it as @replace_by_foo(replacement=goo)
Expected SUCCESS

</system-out></testcase><testcase classname="decopatch.tests.test_main2" file="decopatch/tests/test_main2.py" line="391" name="test_all[introspection_2opt_callable_first(replacement=None, dummy=DEFAULT_DUMMY_VALUE)-@replace_by_foo(dummy=&apos;hello&apos;)]" time="0.0021851062774658203"><system-out>Generated decorator : replace_by_foo(replacement=None, dummy=12)
Calling it as @replace_by_foo(dummy=&apos;hello&apos;)
Expected SUCCESS

</system-out></testcase><testcase classname="decopatch.tests.test_main2" file="decopatch/tests/test_main2.py" line="391" name="test_all[introspection_2opt_callable_first(replacement=None, dummy=DEFAULT_DUMMY_VALUE)-@replace_by_foo(dummy=DEFAULT_DUMMY_VALUE)]" time="0.0022115707397460938"><system-out>Generated decorator : replace_by_foo(replacement=None, dummy=12)
Calling it as @replace_by_foo(dummy=DEFAULT_DUMMY_VALUE)
Expected SUCCESS

</system-out></testcase><testcase classname="decopatch.tests.test_main2" file="decopatch/tests/test_main2.py" line="391" name="test_all[introspection_2opt_callable_first(replacement=None, dummy=DEFAULT_DUMMY_VALUE)-@replace_by_foo(goo, &apos;hello&apos;)]" time="0.0022776126861572266"><system-out>Generated decorator : replace_by_foo(replacement=None, dummy=12)
Calling it as @replace_by_foo(goo, &apos;hello&apos;)
Expected SUCCESS

</system-out></testcase><testcase classname="decopatch.tests.test_main2" file="decopatch/tests/test_main2.py" line="391" name="test_all[introspection_2opt_callable_first(replacement=None, dummy=DEFAULT_DUMMY_VALUE)-@replace_by_foo(&apos;hello&apos;, goo)]" time="0.0021686553955078125"><skipped message="the order of positional args in the test does not match" type="pytest.skip">/home/travis/build/smarie/python-decopatch/decopatch/tests/test_main2.py:409: the order of positional args in the test does not match</skipped><system-out>Generated decorator : replace_by_foo(replacement=None, dummy=12)
Calling it as @replace_by_foo(&apos;hello&apos;, goo)
</system-out><system-out>Generated decorator : replace_by_foo(replacement=None, dummy=12)
Calling it as @replace_by_foo(&apos;hello&apos;, goo)
</system-out></testcase><testcase classname="decopatch.tests.test_main2" file="decopatch/tests/test_main2.py" line="391" name="test_all[introspection_2opt_callable_first(replacement=None, dummy=DEFAULT_DUMMY_VALUE)-@replace_by_foo(goo, DEFAULT_DUMMY_VALUE)]" time="0.002121448516845703"><system-out>Generated decorator : replace_by_foo(replacement=None, dummy=12)
Calling it as @replace_by_foo(goo, DEFAULT_DUMMY_VALUE)
Expected SUCCESS

</system-out></testcase><testcase classname="decopatch.tests.test_main2" file="decopatch/tests/test_main2.py" line="391" name="test_all[introspection_2opt_callable_first(replacement=None, dummy=DEFAULT_DUMMY_VALUE)-@replace_by_foo(DEFAULT_DUMMY_VALUE, goo)]" time="0.0024437904357910156"><skipped message="the order of positional args in the test does not match" type="pytest.skip">/home/travis/build/smarie/python-decopatch/decopatch/tests/test_main2.py:409: the order of positional args in the test does not match</skipped><system-out>Generated decorator : replace_by_foo(replacement=None, dummy=12)
Calling it as @replace_by_foo(DEFAULT_DUMMY_VALUE, goo)
</system-out><system-out>Generated decorator : replace_by_foo(replacement=None, dummy=12)
Calling it as @replace_by_foo(DEFAULT_DUMMY_VALUE, goo)
</system-out></testcase><testcase classname="decopatch.tests.test_main2" file="decopatch/tests/test_main2.py" line="391" name="test_all[custom_disambiguator_2opt_callable_first(replacement=None, dummy=DEFAULT_DUMMY_VALUE)-@replace_by_foo]" time="0.002210855484008789"><system-out>Generated decorator : replace_by_foo(replacement=None, dummy=12)
Calling it as @replace_by_foo
Expected SUCCESS

</system-out></testcase><testcase classname="decopatch.tests.test_main2" file="decopatch/tests/test_main2.py" line="391" name="test_all[custom_disambiguator_2opt_callable_first(replacement=None, dummy=DEFAULT_DUMMY_VALUE)-@replace_by_foo()]" time="0.002176046371459961"><system-out>Generated decorator : replace_by_foo(replacement=None, dummy=12)
Calling it as @replace_by_foo()
Expected SUCCESS

</system-out></testcase><testcase classname="decopatch.tests.test_main2" file="decopatch/tests/test_main2.py" line="391" name="test_all[custom_disambiguator_2opt_callable_first(replacement=None, dummy=DEFAULT_DUMMY_VALUE)-@replace_by_foo(goo)]" time="0.0023314952850341797"><system-out>Generated decorator : replace_by_foo(replacement=None, dummy=12)
Calling it as @replace_by_foo(goo)
Expected SUCCESS

</system-out></testcase><testcase classname="decopatch.tests.test_main2" file="decopatch/tests/test_main2.py" line="391" name="test_all[custom_disambiguator_2opt_callable_first(replacement=None, dummy=DEFAULT_DUMMY_VALUE)-@replace_by_foo(&apos;hello&apos;)]" time="0.0021746158599853516"><skipped message="the first positional arg is supposed to be the callable here" type="pytest.skip">/home/travis/build/smarie/python-decopatch/decopatch/tests/test_main2.py:409: the first positional arg is supposed to be the callable here</skipped><system-out>Generated decorator : replace_by_foo(replacement=None, dummy=12)
Calling it as @replace_by_foo(&apos;hello&apos;)
</system-out><system-out>Generated decorator : replace_by_foo(replacement=None, dummy=12)
Calling it as @replace_by_foo(&apos;hello&apos;)
</system-out></testcase><testcase classname="decopatch.tests.test_main2" file="decopatch/tests/test_main2.py" line="391" name="test_all[custom_disambiguator_2opt_callable_first(replacement=None, dummy=DEFAULT_DUMMY_VALUE)-@replace_by_foo(DEFAULT_DUMMY_VALUE)]" time="0.00408935546875"><skipped message="the first positional arg is supposed to be the callable here" type="pytest.skip">/home/travis/build/smarie/python-decopatch/decopatch/tests/test_main2.py:409: the first positional arg is supposed to be the callable here</skipped><system-out>Generated decorator : replace_by_foo(replacement=None, dummy=12)
Calling it as @replace_by_foo(DEFAULT_DUMMY_VALUE)
</system-out><system-out>Generated decorator : replace_by_foo(replacement=None, dummy=12)
Calling it as @replace_by_foo(DEFAULT_DUMMY_VALUE)
</system-out></testcase><testcase classname="decopatch.tests.test_main2" file="decopatch/tests/test_main2.py" line="391" name="test_all[custom_disambiguator_2opt_callable_first(replacement=None, dummy=DEFAULT_DUMMY_VALUE)-@replace_by_foo(replacement=goo)]" time="0.002252340316772461"><system-out>Generated decorator : replace_by_foo(replacement=None, dummy=12)
Calling it as @replace_by_foo(replacement=goo)
Expected SUCCESS

</system-out></testcase><testcase classname="decopatch.tests.test_main2" file="decopatch/tests/test_main2.py" line="391" name="test_all[custom_disambiguator_2opt_callable_first(replacement=None, dummy=DEFAULT_DUMMY_VALUE)-@replace_by_foo(dummy=&apos;hello&apos;)]" time="0.0022203922271728516"><system-out>Generated decorator : replace_by_foo(replacement=None, dummy=12)
Calling it as @replace_by_foo(dummy=&apos;hello&apos;)
Expected SUCCESS

</system-out></testcase><testcase classname="decopatch.tests.test_main2" file="decopatch/tests/test_main2.py" line="391" name="test_all[custom_disambiguator_2opt_callable_first(replacement=None, dummy=DEFAULT_DUMMY_VALUE)-@replace_by_foo(dummy=DEFAULT_DUMMY_VALUE)]" time="0.0022516250610351562"><system-out>Generated decorator : replace_by_foo(replacement=None, dummy=12)
Calling it as @replace_by_foo(dummy=DEFAULT_DUMMY_VALUE)
Expected SUCCESS

</system-out></testcase><testcase classname="decopatch.tests.test_main2" file="decopatch/tests/test_main2.py" line="391" name="test_all[custom_disambiguator_2opt_callable_first(replacement=None, dummy=DEFAULT_DUMMY_VALUE)-@replace_by_foo(goo, &apos;hello&apos;)]" time="0.0023360252380371094"><system-out>Generated decorator : replace_by_foo(replacement=None, dummy=12)
Calling it as @replace_by_foo(goo, &apos;hello&apos;)
Expected SUCCESS

</system-out></testcase><testcase classname="decopatch.tests.test_main2" file="decopatch/tests/test_main2.py" line="391" name="test_all[custom_disambiguator_2opt_callable_first(replacement=None, dummy=DEFAULT_DUMMY_VALUE)-@replace_by_foo(&apos;hello&apos;, goo)]" time="0.002550363540649414"><skipped message="the order of positional args in the test does not match" type="pytest.skip">/home/travis/build/smarie/python-decopatch/decopatch/tests/test_main2.py:409: the order of positional args in the test does not match</skipped><system-out>Generated decorator : replace_by_foo(replacement=None, dummy=12)
Calling it as @replace_by_foo(&apos;hello&apos;, goo)
</system-out><system-out>Generated decorator : replace_by_foo(replacement=None, dummy=12)
Calling it as @replace_by_foo(&apos;hello&apos;, goo)
</system-out></testcase><testcase classname="decopatch.tests.test_main2" file="decopatch/tests/test_main2.py" line="391" name="test_all[custom_disambiguator_2opt_callable_first(replacement=None, dummy=DEFAULT_DUMMY_VALUE)-@replace_by_foo(goo, DEFAULT_DUMMY_VALUE)]" time="0.0020973682403564453"><system-out>Generated decorator : replace_by_foo(replacement=None, dummy=12)
Calling it as @replace_by_foo(goo, DEFAULT_DUMMY_VALUE)
Expected SUCCESS

</system-out></testcase><testcase classname="decopatch.tests.test_main2" file="decopatch/tests/test_main2.py" line="391" name="test_all[custom_disambiguator_2opt_callable_first(replacement=None, dummy=DEFAULT_DUMMY_VALUE)-@replace_by_foo(DEFAULT_DUMMY_VALUE, goo)]" time="0.002106904983520508"><skipped message="the order of positional args in the test does not match" type="pytest.skip">/home/travis/build/smarie/python-decopatch/decopatch/tests/test_main2.py:409: the order of positional args in the test does not match</skipped><system-out>Generated decorator : replace_by_foo(replacement=None, dummy=12)
Calling it as @replace_by_foo(DEFAULT_DUMMY_VALUE, goo)
</system-out><system-out>Generated decorator : replace_by_foo(replacement=None, dummy=12)
Calling it as @replace_by_foo(DEFAULT_DUMMY_VALUE, goo)
</system-out></testcase><testcase classname="decopatch.tests.test_so" file="decopatch/tests/test_so.py" line="15" name="test_so_flat" time="0.0024530887603759766"><system-out>hello from before run
a -1 b 2
hello from before run
a 100 b 2
</system-out></testcase><testcase classname="decopatch.tests.test_so" file="decopatch/tests/test_so.py" line="40" name="test_so_double_flat" time="0.002287149429321289"><system-out>hello from before run
a -1 b 2
hello from before run
a 100 b 2
</system-out></testcase><testcase classname="decopatch.tests.test_so" file="decopatch/tests/test_so.py" line="62" name="test_so_wrap[style=flat]" time="0.0028243064880371094"></testcase><testcase classname="decopatch.tests.test_so" file="decopatch/tests/test_so.py" line="62" name="test_so_wrap[style=double-flat]" time="0.0038700103759765625"></testcase><testcase classname="decopatch.tests.test_so" file="decopatch/tests/test_so.py" line="100" name="test_so_2[mode=flat]" time="0.0029129981994628906"></testcase><testcase classname="decopatch.tests.test_so" file="decopatch/tests/test_so.py" line="100" name="test_so_2[mode=double-flat]" time="0.0029747486114501953"></testcase><testcase classname="decopatch.tests.test_so" file="decopatch/tests/test_so.py" line="144" name="test_so_3[mode=flat]" time="0.002470254898071289"></testcase><testcase classname="decopatch.tests.test_so" file="decopatch/tests/test_so.py" line="144" name="test_so_3[mode=double-flat]" time="0.0022644996643066406"></testcase><testcase classname="decopatch.tests.test_so" file="decopatch/tests/test_so.py" line="189" name="test_so_4[mode=None]" time="0.002994537353515625"></testcase><testcase classname="decopatch.tests.test_so" file="decopatch/tests/test_so.py" line="189" name="test_so_4[mode=flat]" time="0.003971576690673828"></testcase><testcase classname="decopatch.tests.test_so" file="decopatch/tests/test_so.py" line="309" name="test_so_5[mode=no-deco]" time="0.003576993942260742"></testcase><testcase classname="decopatch.tests.test_so" file="decopatch/tests/test_so.py" line="309" name="test_so_5[mode=None]" time="0.0033278465270996094"></testcase><testcase classname="decopatch.tests.test_so" file="decopatch/tests/test_so.py" line="309" name="test_so_5[mode=flat]" time="0.00410914421081543"></testcase><testcase classname="decopatch.tests.test_so" file="decopatch/tests/test_so.py" line="387" name="test_so_6" time="0.00334930419921875"></testcase></testsuite>